 60.0000 
 59.0001 
 58.0206 
 57.0615 
 56.1228 
 55.2046 
 54.3067 
 53.4292 
 52.5722 
 51.7355 
 50.9193 
 50.1235 
 49.3480 
 48.5930 
 47.8584 
 47.1442 
 46.4504 
 45.7770 
 45.1240 
 44.4914 
 43.8792 
 43.2874 
 42.7160 
 42.1651 
 41.6345 
 41.1244 
 40.6346 
 40.1653 
 39.7164 
 39.2878 
 38.8797 
 38.4920 
 38.1247 
 37.7778 
 37.4513 
 37.1452 
 36.8595 
 36.5942 
 36.3494 
 36.1249 
 35.9208 
 35.7372 
 35.5739 
 35.4311 
 35.3086 
 35.2066 
 35.1250 
 35.0638 
 35.0230 
 35.0026 
 35.0026 
 35.0230 
 35.0638 
 35.1250 
 35.2066 
 35.3086 
 35.4311 
 35.5739 
 35.7372 
 35.9208 
 36.1249 
 36.3494 
 36.5942 
 36.8595 
 37.1452 
 37.4513 
 37.7778 
 38.1247 
 38.4920 
 38.8797 
 39.2878 
 39.7164 
 40.1653 
 40.6346 
 41.1244 
 41.6345 
 42.1651 
 42.7160 
 43.2874 
 43.8792 
 44.4914 
 45.1240 
 45.7770 
 46.4504 
 47.1442 
 47.8584 
 48.5930 
 49.3480 
 50.1235 
 50.9193 
 51.7355 
 52.5722 
 53.4292 
 54.3067 
 55.2046 
 56.1228 
 57.0615 
 58.0206 
 59.0001 
 60.0000 
 59.0001 
 58.0002 
 57.0207 
 56.0616 
 55.1229 
 54.2047 
 53.3068 
 52.4293 
 51.5723 
 50.7356 
 49.9194 
 49.1236 
 48.3481 
 47.5931 
 46.8585 
 46.1443 
 45.4505 
 44.7771 
 44.1241 
 43.4915 
 42.8793 
 42.2875 
 41.7162 
 41.1652 
 40.6346 
 40.1245 
 39.6347 
 39.1654 
 38.7165 
 38.2879 
 37.8798 
 37.4921 
 37.1248 
 36.7779 
 36.4514 
 36.1453 
 35.8596 
 35.5943 
 35.3495 
 35.1250 
 34.9209 
 34.7373 
 34.5740 
 34.4312 
 34.3087 
 34.2067 
 34.1251 
 34.0639 
 34.0231 
 34.0027 
 34.0027 
 34.0231 
 34.0639 
 34.1251 
 34.2067 
 34.3087 
 34.4312 
 34.5740 
 34.7373 
 34.9209 
 35.1250 
 35.3495 
 35.5943 
 35.8596 
 36.1453 
 36.4514 
 36.7779 
 37.1248 
 37.4921 
 37.8798 
 38.2879 
 38.7165 
 39.1654 
 39.6347 
 40.1245 
 40.6346 
 41.1652 
 41.7162 
 42.2875 
 42.8793 
 43.4915 
 44.1241 
 44.7771 
 45.4505 
 46.1443 
 46.8585 
 47.5931 
 48.3481 
 49.1236 
 49.9194 
 50.7356 
 51.5723 
 52.4293 
 53.3068 
 54.2047 
 55.1229 
 56.0616 
 57.0207 
 58.0002 
 59.0001 
 58.0206 
 57.0207 
 56.0412 
 55.0821 
 54.1435 
 53.2252 
 52.3273 
 51.4499 
 50.5928 
 49.7561 
 48.9399 
 48.1441 
 47.3686 
 46.6136 
 45.8790 
 45.1648 
 44.4710 
 43.7976 
 43.1446 
 42.5120 
 41.8998 
 41.3080 
 40.7367 
 40.1857 
 39.6551 
 39.1450 
 38.6552 
 38.1859 
 37.7370 
 37.3084 
 36.9003 
 36.5126 
 36.1453 
 35.7984 
 35.4719 
 35.1658 
 34.8801 
 34.6148 
 34.3700 
 34.1455 
 33.9414 
 33.7578 
 33.5945 
 33.4517 
 33.3293 
 33.2272 
 33.1456 
 33.0844 
 33.0436 
 33.0232 
 33.0232 
 33.0436 
 33.0844 
 33.1456 
 33.2272 
 33.3293 
 33.4517 
 33.5945 
 33.7578 
 33.9414 
 34.1455 
 34.3700 
 34.6148 
 34.8801 
 35.1658 
 35.4719 
 35.7984 
 36.1453 
 36.5126 
 36.9003 
 37.3084 
 37.7370 
 38.1859 
 38.6552 
 39.1450 
 39.6551 
 40.1857 
 40.7367 
 41.3080 
 41.8998 
 42.5120 
 43.1446 
 43.7976 
 44.4710 
 45.1648 
 45.8790 
 46.6136 
 47.3686 
 48.1441 
 48.9399 
 49.7561 
 50.5928 
 51.4499 
 52.3273 
 53.2252 
 54.1435 
 55.0821 
 56.0412 
 57.0207 
 58.0206 
 57.0615 
 56.0616 
 55.0821 
 54.1230 
 53.1844 
 52.2661 
 51.3682 
 50.4908 
 49.6337 
 48.7971 
 47.9808 
 47.1850 
 46.4096 
 45.6545 
 44.9199 
 44.2057 
 43.5119 
 42.8385 
 42.1855 
 41.5529 
 40.9407 
 40.3489 
 39.7776 
 39.2266 
 38.6961 
 38.1859 
 37.6962 
 37.2268 
 36.7779 
 36.3494 
 35.9412 
 35.5535 
 35.1862 
 34.8393 
 34.5128 
 34.2067 
 33.9210 
 33.6557 
 33.4109 
 33.1864 
 32.9823 
 32.7987 
 32.6354 
 32.4926 
 32.3702 
 32.2681 
 32.1865 
 32.1253 
 32.0845 
 32.0641 
 32.0641 
 32.0845 
 32.1253 
 32.1865 
 32.2681 
 32.3702 
 32.4926 
 32.6354 
 32.7987 
 32.9823 
 33.1864 
 33.4109 
 33.6557 
 33.9210 
 34.2067 
 34.5128 
 34.8393 
 35.1862 
 35.5535 
 35.9412 
 36.3494 
 36.7779 
 37.2268 
 37.6962 
 38.1859 
 38.6961 
 39.2266 
 39.7776 
 40.3489 
 40.9407 
 41.5529 
 42.1855 
 42.8385 
 43.5119 
 44.2057 
 44.9199 
 45.6545 
 46.4096 
 47.1850 
 47.9808 
 48.7971 
 49.6337 
 50.4908 
 51.3682 
 52.2661 
 53.1844 
 54.1230 
 55.0821 
 56.0616 
 57.0615 
 56.1228 
 55.1229 
 54.1435 
 53.1844 
 52.2457 
 51.3274 
 50.4295 
 49.5521 
 48.6950 
 47.8584 
 47.0421 
 46.2463 
 45.4709 
 44.7158 
 43.9812 
 43.2670 
 42.5732 
 41.8998 
 41.2468 
 40.6142 
 40.0020 
 39.4103 
 38.8389 
 38.2879 
 37.7574 
 37.2472 
 36.7575 
 36.2881 
 35.8392 
 35.4107 
 35.0026 
 34.6148 
 34.2475 
 33.9006 
 33.5741 
 33.2680 
 32.9823 
 32.7171 
 32.4722 
 32.2477 
 32.0437 
 31.8600 
 31.6968 
 31.5539 
 31.4315 
 31.3295 
 31.2478 
 31.1866 
 31.1458 
 31.1254 
 31.1254 
 31.1458 
 31.1866 
 31.2478 
 31.3295 
 31.4315 
 31.5539 
 31.6968 
 31.8600 
 32.0437 
 32.2477 
 32.4722 
 32.7171 
 32.9823 
 33.2680 
 33.5741 
 33.9006 
 34.2475 
 34.6148 
 35.0026 
 35.4107 
 35.8392 
 36.2881 
 36.7575 
 37.2472 
 37.7574 
 38.2879 
 38.8389 
 39.4103 
 40.0020 
 40.6142 
 41.2468 
 41.8998 
 42.5732 
 43.2670 
 43.9812 
 44.7158 
 45.4709 
 46.2463 
 47.0421 
 47.8584 
 48.6950 
 49.5521 
 50.4295 
 51.3274 
 52.2457 
 53.1844 
 54.1435 
 55.1229 
 56.1228 
 55.2046 
 54.2047 
 53.2252 
 52.2661 
 51.3274 
 50.4091 
 49.5113 
 48.6338 
 47.7768 
 46.9401 
 46.1239 
 45.3280 
 44.5526 
 43.7976 
 43.0630 
 42.3487 
 41.6549 
 40.9815 
 40.3285 
 39.6959 
 39.0838 
 38.4920 
 37.9206 
 37.3697 
 36.8391 
 36.3289 
 35.8392 
 35.3699 
 34.9209 
 34.4924 
 34.0843 
 33.6966 
 33.3293 
 32.9823 
 32.6559 
 32.3498 
 32.0641 
 31.7988 
 31.5539 
 31.3295 
 31.1254 
 30.9417 
 30.7785 
 30.6356 
 30.5132 
 30.4112 
 30.3296 
 30.2683 
 30.2275 
 30.2071 
 30.2071 
 30.2275 
 30.2683 
 30.3296 
 30.4112 
 30.5132 
 30.6356 
 30.7785 
 30.9417 
 31.1254 
 31.3295 
 31.5539 
 31.7988 
 32.0641 
 32.3498 
 32.6559 
 32.9823 
 33.3293 
 33.6966 
 34.0843 
 34.4924 
 34.9209 
 35.3699 
 35.8392 
 36.3289 
 36.8391 
 37.3697 
 37.9206 
 38.4920 
 39.0838 
 39.6959 
 40.3285 
 40.9815 
 41.6549 
 42.3487 
 43.0630 
 43.7976 
 44.5526 
 45.3280 
 46.1239 
 46.9401 
 47.7768 
 48.6338 
 49.5113 
 50.4091 
 51.3274 
 52.2661 
 53.2252 
 54.2047 
 55.2046 
 54.3067 
 53.3068 
 52.3273 
 51.3682 
 50.4295 
 49.5113 
 48.6134 
 47.7359 
 46.8789 
 46.0422 
 45.2260 
 44.4302 
 43.6547 
 42.8997 
 42.1651 
 41.4509 
 40.7571 
 40.0837 
 39.4307 
 38.7981 
 38.1859 
 37.5941 
 37.0228 
 36.4718 
 35.9412 
 35.4311 
 34.9413 
 34.4720 
 34.0231 
 33.5945 
 33.1864 
 32.7987 
 32.4314 
 32.0845 
 31.7580 
 31.4519 
 31.1662 
 30.9009 
 30.6561 
 30.4316 
 30.2275 
 30.0439 
 29.8806 
 29.7378 
 29.6153 
 29.5133 
 29.4317 
 29.3705 
 29.3297 
 29.3093 
 29.3093 
 29.3297 
 29.3705 
 29.4317 
 29.5133 
 29.6153 
 29.7378 
 29.8806 
 30.0439 
 30.2275 
 30.4316 
 30.6561 
 30.9009 
 31.1662 
 31.4519 
 31.7580 
 32.0845 
 32.4314 
 32.7987 
 33.1864 
 33.5945 
 34.0231 
 34.4720 
 34.9413 
 35.4311 
 35.9412 
 36.4718 
 37.0228 
 37.5941 
 38.1859 
 38.7981 
 39.4307 
 40.0837 
 40.7571 
 41.4509 
 42.1651 
 42.8997 
 43.6547 
 44.4302 
 45.2260 
 46.0422 
 46.8789 
 47.7359 
 48.6134 
 49.5113 
 50.4295 
 51.3682 
 52.3273 
 53.3068 
 54.3067 
 53.4292 
 52.4293 
 51.4499 
 50.4908 
 49.5521 
 48.6338 
 47.7359 
 46.8585 
 46.0014 
 45.1648 
 44.3485 
 43.5527 
 42.7773 
 42.0222 
 41.2876 
 40.5734 
 39.8796 
 39.2062 
 38.5532 
 37.9206 
 37.3084 
 36.7167 
 36.1453 
 35.5943 
 35.0638 
 34.5536 
 34.0639 
 33.5945 
 33.1456 
 32.7171 
 32.3089 
 31.9212 
 31.5539 
 31.2070 
 30.8805 
 30.5744 
 30.2887 
 30.0235 
 29.7786 
 29.5541 
 29.3501 
 29.1664 
 29.0032 
 28.8603 
 28.7379 
 28.6359 
 28.5542 
 28.4930 
 28.4522 
 28.4318 
 28.4318 
 28.4522 
 28.4930 
 28.5542 
 28.6359 
 28.7379 
 28.8603 
 29.0032 
 29.1664 
 29.3501 
 29.5541 
 29.7786 
 30.0235 
 30.2887 
 30.5744 
 30.8805 
 31.2070 
 31.5539 
 31.9212 
 32.3089 
 32.7171 
 33.1456 
 33.5945 
 34.0639 
 34.5536 
 35.0638 
 35.5943 
 36.1453 
 36.7167 
 37.3084 
 37.9206 
 38.5532 
 39.2062 
 39.8796 
 40.5734 
 41.2876 
 42.0222 
 42.7773 
 43.5527 
 44.3485 
 45.1648 
 46.0014 
 46.8585 
 47.7359 
 48.6338 
 49.5521 
 50.4908 
 51.4499 
 52.4293 
 53.4292 
 52.5722 
 51.5723 
 50.5928 
 49.6337 
 48.6950 
 47.7768 
 46.8789 
 46.0014 
 45.1444 
 44.3077 
 43.4915 
 42.6956 
 41.9202 
 41.1652 
 40.4306 
 39.7164 
 39.0225 
 38.3491 
 37.6962 
 37.0636 
 36.4514 
 35.8596 
 35.2882 
 34.7373 
 34.2067 
 33.6966 
 33.2068 
 32.7375 
 32.2885 
 31.8600 
 31.4519 
 31.0642 
 30.6969 
 30.3500 
 30.0235 
 29.7174 
 29.4317 
 29.1664 
 28.9215 
 28.6971 
 28.4930 
 28.3094 
 28.1461 
 28.0033 
 27.8808 
 27.7788 
 27.6972 
 27.6360 
 27.5951 
 27.5747 
 27.5747 
 27.5951 
 27.6360 
 27.6972 
 27.7788 
 27.8808 
 28.0033 
 28.1461 
 28.3094 
 28.4930 
 28.6971 
 28.9215 
 29.1664 
 29.4317 
 29.7174 
 30.0235 
 30.3500 
 30.6969 
 31.0642 
 31.4519 
 31.8600 
 32.2885 
 32.7375 
 33.2068 
 33.6966 
 34.2067 
 34.7373 
 35.2882 
 35.8596 
 36.4514 
 37.0636 
 37.6962 
 38.3491 
 39.0225 
 39.7164 
 40.4306 
 41.1652 
 41.9202 
 42.6956 
 43.4915 
 44.3077 
 45.1444 
 46.0014 
 46.8789 
 47.7768 
 48.6950 
 49.6337 
 50.5928 
 51.5723 
 52.5722 
 51.7355 
 50.7356 
 49.7561 
 48.7971 
 47.8584 
 46.9401 
 46.0422 
 45.1648 
 44.3077 
 43.4711 
 42.6548 
 41.8590 
 41.0836 
 40.3285 
 39.5939 
 38.8797 
 38.1859 
 37.5125 
 36.8595 
 36.2269 
 35.6147 
 35.0230 
 34.4516 
 33.9006 
 33.3701 
 32.8599 
 32.3702 
 31.9008 
 31.4519 
 31.0234 
 30.6152 
 30.2275 
 29.8602 
 29.5133 
 29.1868 
 28.8807 
 28.5950 
 28.3298 
 28.0849 
 27.8604 
 27.6564 
 27.4727 
 27.3095 
 27.1666 
 27.0442 
 26.9421 
 26.8605 
 26.7993 
 26.7585 
 26.7381 
 26.7381 
 26.7585 
 26.7993 
 26.8605 
 26.9421 
 27.0442 
 27.1666 
 27.3095 
 27.4727 
 27.6564 
 27.8604 
 28.0849 
 28.3298 
 28.5950 
 28.8807 
 29.1868 
 29.5133 
 29.8602 
 30.2275 
 30.6152 
 31.0234 
 31.4519 
 31.9008 
 32.3702 
 32.8599 
 33.3701 
 33.9006 
 34.4516 
 35.0230 
 35.6147 
 36.2269 
 36.8595 
 37.5125 
 38.1859 
 38.8797 
 39.5939 
 40.3285 
 41.0836 
 41.8590 
 42.6548 
 43.4711 
 44.3077 
 45.1648 
 46.0422 
 46.9401 
 47.8584 
 48.7971 
 49.7561 
 50.7356 
 51.7355 
 50.9193 
 49.9194 
 48.9399 
 47.9808 
 47.0421 
 46.1239 
 45.2260 
 44.3485 
 43.4915 
 42.6548 
 41.8386 
 41.0428 
 40.2673 
 39.5123 
 38.7777 
 38.0635 
 37.3697 
 36.6963 
 36.0433 
 35.4107 
 34.7985 
 34.2067 
 33.6353 
 33.0844 
 32.5538 
 32.0437 
 31.5539 
 31.0846 
 30.6356 
 30.2071 
 29.7990 
 29.4113 
 29.0440 
 28.6971 
 28.3706 
 28.0645 
 27.7788 
 27.5135 
 27.2686 
 27.0442 
 26.8401 
 26.6565 
 26.4932 
 26.3504 
 26.2279 
 26.1259 
 26.0443 
 25.9831 
 25.9423 
 25.9218 
 25.9218 
 25.9423 
 25.9831 
 26.0443 
 26.1259 
 26.2279 
 26.3504 
 26.4932 
 26.6565 
 26.8401 
 27.0442 
 27.2686 
 27.5135 
 27.7788 
 28.0645 
 28.3706 
 28.6971 
 29.0440 
 29.4113 
 29.7990 
 30.2071 
 30.6356 
 31.0846 
 31.5539 
 32.0437 
 32.5538 
 33.0844 
 33.6353 
 34.2067 
 34.7985 
 35.4107 
 36.0433 
 36.6963 
 37.3697 
 38.0635 
 38.7777 
 39.5123 
 40.2673 
 41.0428 
 41.8386 
 42.6548 
 43.4915 
 44.3485 
 45.2260 
 46.1239 
 47.0421 
 47.9808 
 48.9399 
 49.9194 
 50.9193 
 50.1235 
 49.1236 
 48.1441 
 47.1850 
 46.2463 
 45.3280 
 44.4302 
 43.5527 
 42.6956 
 41.8590 
 41.0428 
 40.2469 
 39.4715 
 38.7165 
 37.9818 
 37.2676 
 36.5738 
 35.9004 
 35.2474 
 34.6148 
 34.0027 
 33.4109 
 32.8395 
 32.2885 
 31.7580 
 31.2478 
 30.7581 
 30.2887 
 29.8398 
 29.4113 
 29.0032 
 28.6154 
 28.2481 
 27.9012 
 27.5747 
 27.2686 
 26.9830 
 26.7177 
 26.4728 
 26.2483 
 26.0443 
 25.8606 
 25.6974 
 25.5545 
 25.4321 
 25.3301 
 25.2484 
 25.1872 
 25.1464 
 25.1260 
 25.1260 
 25.1464 
 25.1872 
 25.2484 
 25.3301 
 25.4321 
 25.5545 
 25.6974 
 25.8606 
 26.0443 
 26.2483 
 26.4728 
 26.7177 
 26.9830 
 27.2686 
 27.5747 
 27.9012 
 28.2481 
 28.6154 
 29.0032 
 29.4113 
 29.8398 
 30.2887 
 30.7581 
 31.2478 
 31.7580 
 32.2885 
 32.8395 
 33.4109 
 34.0027 
 34.6148 
 35.2474 
 35.9004 
 36.5738 
 37.2676 
 37.9818 
 38.7165 
 39.4715 
 40.2469 
 41.0428 
 41.8590 
 42.6956 
 43.5527 
 44.4302 
 45.3280 
 46.2463 
 47.1850 
 48.1441 
 49.1236 
 50.1235 
 49.3480 
 48.3481 
 47.3686 
 46.4096 
 45.4709 
 44.5526 
 43.6547 
 42.7773 
 41.9202 
 41.0836 
 40.2673 
 39.4715 
 38.6961 
 37.9410 
 37.2064 
 36.4922 
 35.7984 
 35.1250 
 34.4720 
 33.8394 
 33.2272 
 32.6354 
 32.0641 
 31.5131 
 30.9826 
 30.4724 
 29.9827 
 29.5133 
 29.0644 
 28.6359 
 28.2277 
 27.8400 
 27.4727 
 27.1258 
 26.7993 
 26.4932 
 26.2075 
 25.9423 
 25.6974 
 25.4729 
 25.2689 
 25.0852 
 24.9219 
 24.7791 
 24.6567 
 24.5546 
 24.4730 
 24.4118 
 24.3710 
 24.3506 
 24.3506 
 24.3710 
 24.4118 
 24.4730 
 24.5546 
 24.6567 
 24.7791 
 24.9219 
 25.0852 
 25.2689 
 25.4729 
 25.6974 
 25.9423 
 26.2075 
 26.4932 
 26.7993 
 27.1258 
 27.4727 
 27.8400 
 28.2277 
 28.6359 
 29.0644 
 29.5133 
 29.9827 
 30.4724 
 30.9826 
 31.5131 
 32.0641 
 32.6354 
 33.2272 
 33.8394 
 34.4720 
 35.1250 
 35.7984 
 36.4922 
 37.2064 
 37.9410 
 38.6961 
 39.4715 
 40.2673 
 41.0836 
 41.9202 
 42.7773 
 43.6547 
 44.5526 
 45.4709 
 46.4096 
 47.3686 
 48.3481 
 49.3480 
 48.5930 
 47.5931 
 46.6136 
 45.6545 
 44.7158 
 43.7976 
 42.8997 
 42.0222 
 41.1652 
 40.3285 
 39.5123 
 38.7165 
 37.9410 
 37.1860 
 36.4514 
 35.7372 
 35.0434 
 34.3700 
 33.7170 
 33.0844 
 32.4722 
 31.8804 
 31.3091 
 30.7581 
 30.2275 
 29.7174 
 29.2276 
 28.7583 
 28.3094 
 27.8808 
 27.4727 
 27.0850 
 26.7177 
 26.3708 
 26.0443 
 25.7382 
 25.4525 
 25.1872 
 24.9424 
 24.7179 
 24.5138 
 24.3302 
 24.1669 
 24.0241 
 23.9016 
 23.7996 
 23.7180 
 23.6568 
 23.6160 
 23.5956 
 23.5956 
 23.6160 
 23.6568 
 23.7180 
 23.7996 
 23.9016 
 24.0241 
 24.1669 
 24.3302 
 24.5138 
 24.7179 
 24.9424 
 25.1872 
 25.4525 
 25.7382 
 26.0443 
 26.3708 
 26.7177 
 27.0850 
 27.4727 
 27.8808 
 28.3094 
 28.7583 
 29.2276 
 29.7174 
 30.2275 
 30.7581 
 31.3091 
 31.8804 
 32.4722 
 33.0844 
 33.7170 
 34.3700 
 35.0434 
 35.7372 
 36.4514 
 37.1860 
 37.9410 
 38.7165 
 39.5123 
 40.3285 
 41.1652 
 42.0222 
 42.8997 
 43.7976 
 44.7158 
 45.6545 
 46.6136 
 47.5931 
 48.5930 
 47.8584 
 46.8585 
 45.8790 
 44.9199 
 43.9812 
 43.0630 
 42.1651 
 41.2876 
 40.4306 
 39.5939 
 38.7777 
 37.9818 
 37.2064 
 36.4514 
 35.7168 
 35.0026 
 34.3087 
 33.6353 
 32.9823 
 32.3498 
 31.7376 
 31.1458 
 30.5744 
 30.0235 
 29.4929 
 28.9828 
 28.4930 
 28.0237 
 27.5747 
 27.1462 
 26.7381 
 26.3504 
 25.9831 
 25.6362 
 25.3097 
 25.0036 
 24.7179 
 24.4526 
 24.2077 
 23.9833 
 23.7792 
 23.5956 
 23.4323 
 23.2895 
 23.1670 
 23.0650 
 22.9834 
 22.9222 
 22.8813 
 22.8609 
 22.8609 
 22.8813 
 22.9222 
 22.9834 
 23.0650 
 23.1670 
 23.2895 
 23.4323 
 23.5956 
 23.7792 
 23.9833 
 24.2077 
 24.4526 
 24.7179 
 25.0036 
 25.3097 
 25.6362 
 25.9831 
 26.3504 
 26.7381 
 27.1462 
 27.5747 
 28.0237 
 28.4930 
 28.9828 
 29.4929 
 30.0235 
 30.5744 
 31.1458 
 31.7376 
 32.3498 
 32.9823 
 33.6353 
 34.3087 
 35.0026 
 35.7168 
 36.4514 
 37.2064 
 37.9818 
 38.7777 
 39.5939 
 40.4306 
 41.2876 
 42.1651 
 43.0630 
 43.9812 
 44.9199 
 45.8790 
 46.8585 
 47.8584 
 47.1442 
 46.1443 
 45.1648 
 44.2057 
 43.2670 
 42.3487 
 41.4509 
 40.5734 
 39.7164 
 38.8797 
 38.0635 
 37.2676 
 36.4922 
 35.7372 
 35.0026 
 34.2883 
 33.5945 
 32.9211 
 32.2681 
 31.6355 
 31.0234 
 30.4316 
 29.8602 
 29.3093 
 28.7787 
 28.2685 
 27.7788 
 27.3095 
 26.8605 
 26.4320 
 26.0239 
 25.6362 
 25.2689 
 24.9219 
 24.5954 
 24.2894 
 24.0037 
 23.7384 
 23.4935 
 23.2691 
 23.0650 
 22.8813 
 22.7181 
 22.5752 
 22.4528 
 22.3508 
 22.2692 
 22.2079 
 22.1671 
 22.1467 
 22.1467 
 22.1671 
 22.2079 
 22.2692 
 22.3508 
 22.4528 
 22.5752 
 22.7181 
 22.8813 
 23.0650 
 23.2691 
 23.4935 
 23.7384 
 24.0037 
 24.2894 
 24.5954 
 24.9219 
 25.2689 
 25.6362 
 26.0239 
 26.4320 
 26.8605 
 27.3095 
 27.7788 
 28.2685 
 28.7787 
 29.3093 
 29.8602 
 30.4316 
 31.0234 
 31.6355 
 32.2681 
 32.9211 
 33.5945 
 34.2883 
 35.0026 
 35.7372 
 36.4922 
 37.2676 
 38.0635 
 38.8797 
 39.7164 
 40.5734 
 41.4509 
 42.3487 
 43.2670 
 44.2057 
 45.1648 
 46.1443 
 47.1442 
 46.4504 
 45.4505 
 44.4710 
 43.5119 
 42.5732 
 41.6549 
 40.7571 
 39.8796 
 39.0225 
 38.1859 
 37.3697 
 36.5738 
 35.7984 
 35.0434 
 34.3087 
 33.5945 
 32.9007 
 32.2273 
 31.5743 
 30.9417 
 30.3296 
 29.7378 
 29.1664 
 28.6154 
 28.0849 
 27.5747 
 27.0850 
 26.6157 
 26.1667 
 25.7382 
 25.3301 
 24.9424 
 24.5750 
 24.2281 
 23.9016 
 23.5956 
 23.3099 
 23.0446 
 22.7997 
 22.5752 
 22.3712 
 22.1875 
 22.0243 
 21.8814 
 21.7590 
 21.6570 
 21.5753 
 21.5141 
 21.4733 
 21.4529 
 21.4529 
 21.4733 
 21.5141 
 21.5753 
 21.6570 
 21.7590 
 21.8814 
 22.0243 
 22.1875 
 22.3712 
 22.5752 
 22.7997 
 23.0446 
 23.3099 
 23.5956 
 23.9016 
 24.2281 
 24.5750 
 24.9424 
 25.3301 
 25.7382 
 26.1667 
 26.6157 
 27.0850 
 27.5747 
 28.0849 
 28.6154 
 29.1664 
 29.7378 
 30.3296 
 30.9417 
 31.5743 
 32.2273 
 32.9007 
 33.5945 
 34.3087 
 35.0434 
 35.7984 
 36.5738 
 37.3697 
 38.1859 
 39.0225 
 39.8796 
 40.7571 
 41.6549 
 42.5732 
 43.5119 
 44.4710 
 45.4505 
 46.4504 
 45.7770 
 44.7771 
 43.7976 
 42.8385 
 41.8998 
 40.9815 
 40.0837 
 39.2062 
 38.3491 
 37.5125 
 36.6963 
 35.9004 
 35.1250 
 34.3700 
 33.6353 
 32.9211 
 32.2273 
 31.5539 
 30.9009 
 30.2683 
 29.6562 
 29.0644 
 28.4930 
 27.9420 
 27.4115 
 26.9013 
 26.4116 
 25.9423 
 25.4933 
 25.0648 
 24.6567 
 24.2690 
 23.9016 
 23.5547 
 23.2282 
 22.9222 
 22.6365 
 22.3712 
 22.1263 
 21.9018 
 21.6978 
 21.5141 
 21.3509 
 21.2080 
 21.0856 
 20.9836 
 20.9019 
 20.8407 
 20.7999 
 20.7795 
 20.7795 
 20.7999 
 20.8407 
 20.9019 
 20.9836 
 21.0856 
 21.2080 
 21.3509 
 21.5141 
 21.6978 
 21.9018 
 22.1263 
 22.3712 
 22.6365 
 22.9222 
 23.2282 
 23.5547 
 23.9016 
 24.2690 
 24.6567 
 25.0648 
 25.4933 
 25.9423 
 26.4116 
 26.9013 
 27.4115 
 27.9420 
 28.4930 
 29.0644 
 29.6562 
 30.2683 
 30.9009 
 31.5539 
 32.2273 
 32.9211 
 33.6353 
 34.3700 
 35.1250 
 35.9004 
 36.6963 
 37.5125 
 38.3491 
 39.2062 
 40.0837 
 40.9815 
 41.8998 
 42.8385 
 43.7976 
 44.7771 
 45.7770 
 45.1240 
 44.1241 
 43.1446 
 42.1855 
 41.2468 
 40.3285 
 39.4307 
 38.5532 
 37.6962 
 36.8595 
 36.0433 
 35.2474 
 34.4720 
 33.7170 
 32.9823 
 32.2681 
 31.5743 
 30.9009 
 30.2479 
 29.6153 
 29.0032 
 28.4114 
 27.8400 
 27.2891 
 26.7585 
 26.2483 
 25.7586 
 25.2893 
 24.8403 
 24.4118 
 24.0037 
 23.6160 
 23.2486 
 22.9017 
 22.5752 
 22.2692 
 21.9835 
 21.7182 
 21.4733 
 21.2489 
 21.0448 
 20.8611 
 20.6979 
 20.5550 
 20.4326 
 20.3306 
 20.2490 
 20.1877 
 20.1469 
 20.1265 
 20.1265 
 20.1469 
 20.1877 
 20.2490 
 20.3306 
 20.4326 
 20.5550 
 20.6979 
 20.8611 
 21.0448 
 21.2489 
 21.4733 
 21.7182 
 21.9835 
 22.2692 
 22.5752 
 22.9017 
 23.2486 
 23.6160 
 24.0037 
 24.4118 
 24.8403 
 25.2893 
 25.7586 
 26.2483 
 26.7585 
 27.2891 
 27.8400 
 28.4114 
 29.0032 
 29.6153 
 30.2479 
 30.9009 
 31.5743 
 32.2681 
 32.9823 
 33.7170 
 34.4720 
 35.2474 
 36.0433 
 36.8595 
 37.6962 
 38.5532 
 39.4307 
 40.3285 
 41.2468 
 42.1855 
 43.1446 
 44.1241 
 45.1240 
 44.4914 
 43.4915 
 42.5120 
 41.5529 
 40.6142 
 39.6959 
 38.7981 
 37.9206 
 37.0636 
 36.2269 
 35.4107 
 34.6148 
 33.8394 
 33.0844 
 32.3498 
 31.6355 
 30.9417 
 30.2683 
 29.6153 
 28.9828 
 28.3706 
 27.7788 
 27.2074 
 26.6565 
 26.1259 
 25.6158 
 25.1260 
 24.6567 
 24.2077 
 23.7792 
 23.3711 
 22.9834 
 22.6161 
 22.2692 
 21.9427 
 21.6366 
 21.3509 
 21.0856 
 20.8407 
 20.6163 
 20.4122 
 20.2285 
 20.0653 
 19.9225 
 19.8000 
 19.6980 
 19.6164 
 19.5551 
 19.5143 
 19.4939 
 19.4939 
 19.5143 
 19.5551 
 19.6164 
 19.6980 
 19.8000 
 19.9225 
 20.0653 
 20.2285 
 20.4122 
 20.6163 
 20.8407 
 21.0856 
 21.3509 
 21.6366 
 21.9427 
 22.2692 
 22.6161 
 22.9834 
 23.3711 
 23.7792 
 24.2077 
 24.6567 
 25.1260 
 25.6158 
 26.1259 
 26.6565 
 27.2074 
 27.7788 
 28.3706 
 28.9828 
 29.6153 
 30.2683 
 30.9417 
 31.6355 
 32.3498 
 33.0844 
 33.8394 
 34.6148 
 35.4107 
 36.2269 
 37.0636 
 37.9206 
 38.7981 
 39.6959 
 40.6142 
 41.5529 
 42.5120 
 43.4915 
 44.4914 
 43.8792 
 42.8793 
 41.8998 
 40.9407 
 40.0020 
 39.0838 
 38.1859 
 37.3084 
 36.4514 
 35.6147 
 34.7985 
 34.0027 
 33.2272 
 32.4722 
 31.7376 
 31.0234 
 30.3296 
 29.6562 
 29.0032 
 28.3706 
 27.7584 
 27.1666 
 26.5952 
 26.0443 
 25.5137 
 25.0036 
 24.5138 
 24.0445 
 23.5956 
 23.1670 
 22.7589 
 22.3712 
 22.0039 
 21.6570 
 21.3305 
 21.0244 
 20.7387 
 20.4734 
 20.2285 
 20.0041 
 19.8000 
 19.6164 
 19.4531 
 19.3103 
 19.1878 
 19.0858 
 19.0042 
 18.9430 
 18.9022 
 18.8817 
 18.8817 
 18.9022 
 18.9430 
 19.0042 
 19.0858 
 19.1878 
 19.3103 
 19.4531 
 19.6164 
 19.8000 
 20.0041 
 20.2285 
 20.4734 
 20.7387 
 21.0244 
 21.3305 
 21.6570 
 22.0039 
 22.3712 
 22.7589 
 23.1670 
 23.5956 
 24.0445 
 24.5138 
 25.0036 
 25.5137 
 26.0443 
 26.5952 
 27.1666 
 27.7584 
 28.3706 
 29.0032 
 29.6562 
 30.3296 
 31.0234 
 31.7376 
 32.4722 
 33.2272 
 34.0027 
 34.7985 
 35.6147 
 36.4514 
 37.3084 
 38.1859 
 39.0838 
 40.0020 
 40.9407 
 41.8998 
 42.8793 
 43.8792 
 43.2874 
 42.2875 
 41.3080 
 40.3489 
 39.4103 
 38.4920 
 37.5941 
 36.7167 
 35.8596 
 35.0230 
 34.2067 
 33.4109 
 32.6354 
 31.8804 
 31.1458 
 30.4316 
 29.7378 
 29.0644 
 28.4114 
 27.7788 
 27.1666 
 26.5748 
 26.0035 
 25.4525 
 24.9219 
 24.4118 
 23.9220 
 23.4527 
 23.0038 
 22.5752 
 22.1671 
 21.7794 
 21.4121 
 21.0652 
 20.7387 
 20.4326 
 20.1469 
 19.8816 
 19.6368 
 19.4123 
 19.2082 
 19.0246 
 18.8613 
 18.7185 
 18.5961 
 18.4940 
 18.4124 
 18.3512 
 18.3104 
 18.2900 
 18.2900 
 18.3104 
 18.3512 
 18.4124 
 18.4940 
 18.5961 
 18.7185 
 18.8613 
 19.0246 
 19.2082 
 19.4123 
 19.6368 
 19.8816 
 20.1469 
 20.4326 
 20.7387 
 21.0652 
 21.4121 
 21.7794 
 22.1671 
 22.5752 
 23.0038 
 23.4527 
 23.9220 
 24.4118 
 24.9219 
 25.4525 
 26.0035 
 26.5748 
 27.1666 
 27.7788 
 28.4114 
 29.0644 
 29.7378 
 30.4316 
 31.1458 
 31.8804 
 32.6354 
 33.4109 
 34.2067 
 35.0230 
 35.8596 
 36.7167 
 37.5941 
 38.4920 
 39.4103 
 40.3489 
 41.3080 
 42.2875 
 43.2874 
 42.7160 
 41.7162 
 40.7367 
 39.7776 
 38.8389 
 37.9206 
 37.0228 
 36.1453 
 35.2882 
 34.4516 
 33.6353 
 32.8395 
 32.0641 
 31.3091 
 30.5744 
 29.8602 
 29.1664 
 28.4930 
 27.8400 
 27.2074 
 26.5952 
 26.0035 
 25.4321 
 24.8811 
 24.3506 
 23.8404 
 23.3507 
 22.8813 
 22.4324 
 22.0039 
 21.5958 
 21.2080 
 20.8407 
 20.4938 
 20.1673 
 19.8612 
 19.5756 
 19.3103 
 19.0654 
 18.8409 
 18.6369 
 18.4532 
 18.2900 
 18.1471 
 18.0247 
 17.9227 
 17.8410 
 17.7798 
 17.7390 
 17.7186 
 17.7186 
 17.7390 
 17.7798 
 17.8410 
 17.9227 
 18.0247 
 18.1471 
 18.2900 
 18.4532 
 18.6369 
 18.8409 
 19.0654 
 19.3103 
 19.5756 
 19.8612 
 20.1673 
 20.4938 
 20.8407 
 21.2080 
 21.5958 
 22.0039 
 22.4324 
 22.8813 
 23.3507 
 23.8404 
 24.3506 
 24.8811 
 25.4321 
 26.0035 
 26.5952 
 27.2074 
 27.8400 
 28.4930 
 29.1664 
 29.8602 
 30.5744 
 31.3091 
 32.0641 
 32.8395 
 33.6353 
 34.4516 
 35.2882 
 36.1453 
 37.0228 
 37.9206 
 38.8389 
 39.7776 
 40.7367 
 41.7162 
 42.7160 
 42.1651 
 41.1652 
 40.1857 
 39.2266 
 38.2879 
 37.3697 
 36.4718 
 35.5943 
 34.7373 
 33.9006 
 33.0844 
 32.2885 
 31.5131 
 30.7581 
 30.0235 
 29.3093 
 28.6154 
 27.9420 
 27.2891 
 26.6565 
 26.0443 
 25.4525 
 24.8811 
 24.3302 
 23.7996 
 23.2895 
 22.7997 
 22.3304 
 21.8814 
 21.4529 
 21.0448 
 20.6571 
 20.2898 
 19.9429 
 19.6164 
 19.3103 
 19.0246 
 18.7593 
 18.5144 
 18.2900 
 18.0859 
 17.9023 
 17.7390 
 17.5962 
 17.4737 
 17.3717 
 17.2901 
 17.2289 
 17.1880 
 17.1676 
 17.1676 
 17.1880 
 17.2289 
 17.2901 
 17.3717 
 17.4737 
 17.5962 
 17.7390 
 17.9023 
 18.0859 
 18.2900 
 18.5144 
 18.7593 
 19.0246 
 19.3103 
 19.6164 
 19.9429 
 20.2898 
 20.6571 
 21.0448 
 21.4529 
 21.8814 
 22.3304 
 22.7997 
 23.2895 
 23.7996 
 24.3302 
 24.8811 
 25.4525 
 26.0443 
 26.6565 
 27.2891 
 27.9420 
 28.6154 
 29.3093 
 30.0235 
 30.7581 
 31.5131 
 32.2885 
 33.0844 
 33.9006 
 34.7373 
 35.5943 
 36.4718 
 37.3697 
 38.2879 
 39.2266 
 40.1857 
 41.1652 
 42.1651 
 41.6345 
 40.6346 
 39.6551 
 38.6961 
 37.7574 
 36.8391 
 35.9412 
 35.0638 
 34.2067 
 33.3701 
 32.5538 
 31.7580 
 30.9826 
 30.2275 
 29.4929 
 28.7787 
 28.0849 
 27.4115 
 26.7585 
 26.1259 
 25.5137 
 24.9219 
 24.3506 
 23.7996 
 23.2691 
 22.7589 
 22.2692 
 21.7998 
 21.3509 
 20.9224 
 20.5142 
 20.1265 
 19.7592 
 19.4123 
 19.0858 
 18.7797 
 18.4940 
 18.2288 
 17.9839 
 17.7594 
 17.5554 
 17.3717 
 17.2084 
 17.0656 
 16.9432 
 16.8411 
 16.7595 
 16.6983 
 16.6575 
 16.6371 
 16.6371 
 16.6575 
 16.6983 
 16.7595 
 16.8411 
 16.9432 
 17.0656 
 17.2084 
 17.3717 
 17.5554 
 17.7594 
 17.9839 
 18.2288 
 18.4940 
 18.7797 
 19.0858 
 19.4123 
 19.7592 
 20.1265 
 20.5142 
 20.9224 
 21.3509 
 21.7998 
 22.2692 
 22.7589 
 23.2691 
 23.7996 
 24.3506 
 24.9219 
 25.5137 
 26.1259 
 26.7585 
 27.4115 
 28.0849 
 28.7787 
 29.4929 
 30.2275 
 30.9826 
 31.7580 
 32.5538 
 33.3701 
 34.2067 
 35.0638 
 35.9412 
 36.8391 
 37.7574 
 38.6961 
 39.6551 
 40.6346 
 41.6345 
 41.1244 
 40.1245 
 39.1450 
 38.1859 
 37.2472 
 36.3289 
 35.4311 
 34.5536 
 33.6966 
 32.8599 
 32.0437 
 31.2478 
 30.4724 
 29.7174 
 28.9828 
 28.2685 
 27.5747 
 26.9013 
 26.2483 
 25.6158 
 25.0036 
 24.4118 
 23.8404 
 23.2895 
 22.7589 
 22.2488 
 21.7590 
 21.2897 
 20.8407 
 20.4122 
 20.0041 
 19.6164 
 19.2491 
 18.9022 
 18.5757 
 18.2696 
 17.9839 
 17.7186 
 17.4737 
 17.2493 
 17.0452 
 16.8615 
 16.6983 
 16.5555 
 16.4330 
 16.3310 
 16.2494 
 16.1881 
 16.1473 
 16.1269 
 16.1269 
 16.1473 
 16.1881 
 16.2494 
 16.3310 
 16.4330 
 16.5555 
 16.6983 
 16.8615 
 17.0452 
 17.2493 
 17.4737 
 17.7186 
 17.9839 
 18.2696 
 18.5757 
 18.9022 
 19.2491 
 19.6164 
 20.0041 
 20.4122 
 20.8407 
 21.2897 
 21.7590 
 22.2488 
 22.7589 
 23.2895 
 23.8404 
 24.4118 
 25.0036 
 25.6158 
 26.2483 
 26.9013 
 27.5747 
 28.2685 
 28.9828 
 29.7174 
 30.4724 
 31.2478 
 32.0437 
 32.8599 
 33.6966 
 34.5536 
 35.4311 
 36.3289 
 37.2472 
 38.1859 
 39.1450 
 40.1245 
 41.1244 
 40.6346 
 39.6347 
 38.6552 
 37.6962 
 36.7575 
 35.8392 
 34.9413 
 34.0639 
 33.2068 
 32.3702 
 31.5539 
 30.7581 
 29.9827 
 29.2276 
 28.4930 
 27.7788 
 27.0850 
 26.4116 
 25.7586 
 25.1260 
 24.5138 
 23.9220 
 23.3507 
 22.7997 
 22.2692 
 21.7590 
 21.2693 
 20.7999 
 20.3510 
 19.9225 
 19.5143 
 19.1266 
 18.7593 
 18.4124 
 18.0859 
 17.7798 
 17.4941 
 17.2289 
 16.9840 
 16.7595 
 16.5555 
 16.3718 
 16.2086 
 16.0657 
 15.9433 
 15.8412 
 15.7596 
 15.6984 
 15.6576 
 15.6372 
 15.6372 
 15.6576 
 15.6984 
 15.7596 
 15.8412 
 15.9433 
 16.0657 
 16.2086 
 16.3718 
 16.5555 
 16.7595 
 16.9840 
 17.2289 
 17.4941 
 17.7798 
 18.0859 
 18.4124 
 18.7593 
 19.1266 
 19.5143 
 19.9225 
 20.3510 
 20.7999 
 21.2693 
 21.7590 
 22.2692 
 22.7997 
 23.3507 
 23.9220 
 24.5138 
 25.1260 
 25.7586 
 26.4116 
 27.0850 
 27.7788 
 28.4930 
 29.2276 
 29.9827 
 30.7581 
 31.5539 
 32.3702 
 33.2068 
 34.0639 
 34.9413 
 35.8392 
 36.7575 
 37.6962 
 38.6552 
 39.6347 
 40.6346 
 40.1653 
 39.1654 
 38.1859 
 37.2268 
 36.2881 
 35.3699 
 34.4720 
 33.5945 
 32.7375 
 31.9008 
 31.0846 
 30.2887 
 29.5133 
 28.7583 
 28.0237 
 27.3095 
 26.6157 
 25.9423 
 25.2893 
 24.6567 
 24.0445 
 23.4527 
 22.8813 
 22.3304 
 21.7998 
 21.2897 
 20.7999 
 20.3306 
 19.8816 
 19.4531 
 19.0450 
 18.6573 
 18.2900 
 17.9431 
 17.6166 
 17.3105 
 17.0248 
 16.7595 
 16.5146 
 16.2902 
 16.0861 
 15.9025 
 15.7392 
 15.5964 
 15.4739 
 15.3719 
 15.2903 
 15.2291 
 15.1882 
 15.1678 
 15.1678 
 15.1882 
 15.2291 
 15.2903 
 15.3719 
 15.4739 
 15.5964 
 15.7392 
 15.9025 
 16.0861 
 16.2902 
 16.5146 
 16.7595 
 17.0248 
 17.3105 
 17.6166 
 17.9431 
 18.2900 
 18.6573 
 19.0450 
 19.4531 
 19.8816 
 20.3306 
 20.7999 
 21.2897 
 21.7998 
 22.3304 
 22.8813 
 23.4527 
 24.0445 
 24.6567 
 25.2893 
 25.9423 
 26.6157 
 27.3095 
 28.0237 
 28.7583 
 29.5133 
 30.2887 
 31.0846 
 31.9008 
 32.7375 
 33.5945 
 34.4720 
 35.3699 
 36.2881 
 37.2268 
 38.1859 
 39.1654 
 40.1653 
 39.7164 
 38.7165 
 37.7370 
 36.7779 
 35.8392 
 34.9209 
 34.0231 
 33.1456 
 32.2885 
 31.4519 
 30.6356 
 29.8398 
 29.0644 
 28.3094 
 27.5747 
 26.8605 
 26.1667 
 25.4933 
 24.8403 
 24.2077 
 23.5956 
 23.0038 
 22.4324 
 21.8814 
 21.3509 
 20.8407 
 20.3510 
 19.8816 
 19.4327 
 19.0042 
 18.5961 
 18.2083 
 17.8410 
 17.4941 
 17.1676 
 16.8615 
 16.5759 
 16.3106 
 16.0657 
 15.8412 
 15.6372 
 15.4535 
 15.2903 
 15.1474 
 15.0250 
 14.9230 
 14.8413 
 14.7801 
 14.7393 
 14.7189 
 14.7189 
 14.7393 
 14.7801 
 14.8413 
 14.9230 
 15.0250 
 15.1474 
 15.2903 
 15.4535 
 15.6372 
 15.8412 
 16.0657 
 16.3106 
 16.5759 
 16.8615 
 17.1676 
 17.4941 
 17.8410 
 18.2083 
 18.5961 
 19.0042 
 19.4327 
 19.8816 
 20.3510 
 20.8407 
 21.3509 
 21.8814 
 22.4324 
 23.0038 
 23.5956 
 24.2077 
 24.8403 
 25.4933 
 26.1667 
 26.8605 
 27.5747 
 28.3094 
 29.0644 
 29.8398 
 30.6356 
 31.4519 
 32.2885 
 33.1456 
 34.0231 
 34.9209 
 35.8392 
 36.7779 
 37.7370 
 38.7165 
 39.7164 
 39.2878 
 38.2879 
 37.3084 
 36.3494 
 35.4107 
 34.4924 
 33.5945 
 32.7171 
 31.8600 
 31.0234 
 30.2071 
 29.4113 
 28.6359 
 27.8808 
 27.1462 
 26.4320 
 25.7382 
 25.0648 
 24.4118 
 23.7792 
 23.1670 
 22.5752 
 22.0039 
 21.4529 
 20.9224 
 20.4122 
 19.9225 
 19.4531 
 19.0042 
 18.5757 
 18.1675 
 17.7798 
 17.4125 
 17.0656 
 16.7391 
 16.4330 
 16.1473 
 15.8821 
 15.6372 
 15.4127 
 15.2087 
 15.0250 
 14.8617 
 14.7189 
 14.5965 
 14.4944 
 14.4128 
 14.3516 
 14.3108 
 14.2904 
 14.2904 
 14.3108 
 14.3516 
 14.4128 
 14.4944 
 14.5965 
 14.7189 
 14.8617 
 15.0250 
 15.2087 
 15.4127 
 15.6372 
 15.8821 
 16.1473 
 16.4330 
 16.7391 
 17.0656 
 17.4125 
 17.7798 
 18.1675 
 18.5757 
 19.0042 
 19.4531 
 19.9225 
 20.4122 
 20.9224 
 21.4529 
 22.0039 
 22.5752 
 23.1670 
 23.7792 
 24.4118 
 25.0648 
 25.7382 
 26.4320 
 27.1462 
 27.8808 
 28.6359 
 29.4113 
 30.2071 
 31.0234 
 31.8600 
 32.7171 
 33.5945 
 34.4924 
 35.4107 
 36.3494 
 37.3084 
 38.2879 
 39.2878 
 38.8797 
 37.8798 
 36.9003 
 35.9412 
 35.0026 
 34.0843 
 33.1864 
 32.3089 
 31.4519 
 30.6152 
 29.7990 
 29.0032 
 28.2277 
 27.4727 
 26.7381 
 26.0239 
 25.3301 
 24.6567 
 24.0037 
 23.3711 
 22.7589 
 22.1671 
 21.5958 
 21.0448 
 20.5142 
 20.0041 
 19.5143 
 19.0450 
 18.5961 
 18.1675 
 17.7594 
 17.3717 
 17.0044 
 16.6575 
 16.3310 
 16.0249 
 15.7392 
 15.4739 
 15.2291 
 15.0046 
 14.8005 
 14.6169 
 14.4536 
 14.3108 
 14.1883 
 14.0863 
 14.0047 
 13.9435 
 13.9027 
 13.8823 
 13.8823 
 13.9027 
 13.9435 
 14.0047 
 14.0863 
 14.1883 
 14.3108 
 14.4536 
 14.6169 
 14.8005 
 15.0046 
 15.2291 
 15.4739 
 15.7392 
 16.0249 
 16.3310 
 16.6575 
 17.0044 
 17.3717 
 17.7594 
 18.1675 
 18.5961 
 19.0450 
 19.5143 
 20.0041 
 20.5142 
 21.0448 
 21.5958 
 22.1671 
 22.7589 
 23.3711 
 24.0037 
 24.6567 
 25.3301 
 26.0239 
 26.7381 
 27.4727 
 28.2277 
 29.0032 
 29.7990 
 30.6152 
 31.4519 
 32.3089 
 33.1864 
 34.0843 
 35.0026 
 35.9412 
 36.9003 
 37.8798 
 38.8797 
 38.4920 
 37.4921 
 36.5126 
 35.5535 
 34.6148 
 33.6966 
 32.7987 
 31.9212 
 31.0642 
 30.2275 
 29.4113 
 28.6154 
 27.8400 
 27.0850 
 26.3504 
 25.6362 
 24.9424 
 24.2690 
 23.6160 
 22.9834 
 22.3712 
 21.7794 
 21.2080 
 20.6571 
 20.1265 
 19.6164 
 19.1266 
 18.6573 
 18.2083 
 17.7798 
 17.3717 
 16.9840 
 16.6167 
 16.2698 
 15.9433 
 15.6372 
 15.3515 
 15.0862 
 14.8413 
 14.6169 
 14.4128 
 14.2292 
 14.0659 
 13.9231 
 13.8006 
 13.6986 
 13.6170 
 13.5558 
 13.5149 
 13.4945 
 13.4945 
 13.5149 
 13.5558 
 13.6170 
 13.6986 
 13.8006 
 13.9231 
 14.0659 
 14.2292 
 14.4128 
 14.6169 
 14.8413 
 15.0862 
 15.3515 
 15.6372 
 15.9433 
 16.2698 
 16.6167 
 16.9840 
 17.3717 
 17.7798 
 18.2083 
 18.6573 
 19.1266 
 19.6164 
 20.1265 
 20.6571 
 21.2080 
 21.7794 
 22.3712 
 22.9834 
 23.6160 
 24.2690 
 24.9424 
 25.6362 
 26.3504 
 27.0850 
 27.8400 
 28.6154 
 29.4113 
 30.2275 
 31.0642 
 31.9212 
 32.7987 
 33.6966 
 34.6148 
 35.5535 
 36.5126 
 37.4921 
 38.4920 
 38.1247 
 37.1248 
 36.1453 
 35.1862 
 34.2475 
 33.3293 
 32.4314 
 31.5539 
 30.6969 
 29.8602 
 29.0440 
 28.2481 
 27.4727 
 26.7177 
 25.9831 
 25.2689 
 24.5750 
 23.9016 
 23.2486 
 22.6161 
 22.0039 
 21.4121 
 20.8407 
 20.2898 
 19.7592 
 19.2491 
 18.7593 
 18.2900 
 17.8410 
 17.4125 
 17.0044 
 16.6167 
 16.2494 
 15.9025 
 15.5760 
 15.2699 
 14.9842 
 14.7189 
 14.4740 
 14.2496 
 14.0455 
 13.8619 
 13.6986 
 13.5558 
 13.4333 
 13.3313 
 13.2497 
 13.1885 
 13.1476 
 13.1272 
 13.1272 
 13.1476 
 13.1885 
 13.2497 
 13.3313 
 13.4333 
 13.5558 
 13.6986 
 13.8619 
 14.0455 
 14.2496 
 14.4740 
 14.7189 
 14.9842 
 15.2699 
 15.5760 
 15.9025 
 16.2494 
 16.6167 
 17.0044 
 17.4125 
 17.8410 
 18.2900 
 18.7593 
 19.2491 
 19.7592 
 20.2898 
 20.8407 
 21.4121 
 22.0039 
 22.6161 
 23.2486 
 23.9016 
 24.5750 
 25.2689 
 25.9831 
 26.7177 
 27.4727 
 28.2481 
 29.0440 
 29.8602 
 30.6969 
 31.5539 
 32.4314 
 33.3293 
 34.2475 
 35.1862 
 36.1453 
 37.1248 
 38.1247 
 17.7778 
 16.7779 
 15.7984 
 14.8393 
 33.9006 
 32.9823 
 32.0845 
 31.2070 
 30.3500 
 29.5133 
 28.6971 
 27.9012 
 27.1258 
 26.3708 
 25.6362 
 24.9219 
 24.2281 
 23.5547 
 22.9017 
 22.2692 
 21.6570 
 21.0652 
 20.4938 
 19.9429 
 19.4123 
 18.9022 
 18.4124 
 17.9431 
 17.4941 
 17.0656 
 16.6575 
 16.2698 
 15.9025 
 15.5556 
 15.2291 
 14.9230 
 14.6373 
 14.3720 
 14.1271 
 13.9027 
 13.6986 
 13.5149 
 13.3517 
 13.2089 
 13.0864 
 12.9844 
 12.9028 
 12.8415 
 12.8007 
 12.7803 
 12.7803 
 12.8007 
 12.8415 
 12.9028 
 12.9844 
 13.0864 
 13.2089 
 13.3517 
 13.5149 
 13.6986 
 13.9027 
 14.1271 
 14.3720 
 14.6373 
 14.9230 
 15.2291 
 15.5556 
 15.9025 
 16.2698 
 16.6575 
 17.0656 
 17.4941 
 17.9431 
 18.4124 
 18.9022 
 19.4123 
 19.9429 
 20.4938 
 21.0652 
 21.6570 
 22.2692 
 22.9017 
 23.5547 
 24.2281 
 24.9219 
 25.6362 
 26.3708 
 27.1258 
 27.9012 
 28.6971 
 29.5133 
 30.3500 
 31.2070 
 32.0845 
 32.9823 
 33.9006 
 34.8393 
 35.7984 
 36.7779 
 37.7778 
 17.4513 
 16.4514 
 15.4719 
 14.5128 
 13.5741 
 12.6559 
 11.7580 
 10.8805 
 10.0235 
 9.1868 
 8.3706 
 7.5747 
 26.7993 
 26.0443 
 25.3097 
 24.5954 
 23.9016 
 23.2282 
 22.5752 
 21.9427 
 21.3305 
 20.7387 
 20.1673 
 19.6164 
 19.0858 
 18.5757 
 18.0859 
 17.6166 
 17.1676 
 16.7391 
 16.3310 
 15.9433 
 15.5760 
 15.2291 
 14.9026 
 14.5965 
 14.3108 
 14.0455 
 13.8006 
 13.5762 
 13.3721 
 13.1885 
 13.0252 
 12.8824 
 12.7599 
 12.6579 
 12.5763 
 12.5150 
 12.4742 
 12.4538 
 12.4538 
 12.4742 
 12.5150 
 12.5763 
 12.6579 
 12.7599 
 12.8824 
 13.0252 
 13.1885 
 13.3721 
 13.5762 
 13.8006 
 14.0455 
 14.3108 
 14.5965 
 14.9026 
 15.2291 
 15.5760 
 15.9433 
 16.3310 
 16.7391 
 17.1676 
 17.6166 
 18.0859 
 18.5757 
 19.0858 
 19.6164 
 20.1673 
 20.7387 
 21.3305 
 21.9427 
 22.5752 
 23.2282 
 23.9016 
 24.5954 
 25.3097 
 26.0443 
 26.7993 
 27.5747 
 28.3706 
 29.1868 
 30.0235 
 30.8805 
 31.7580 
 32.6559 
 33.5741 
 34.5128 
 35.4719 
 36.4514 
 37.4513 
 17.1452 
 16.1453 
 15.1658 
 14.2067 
 13.2680 
 12.3498 
 11.4519 
 10.5744 
 9.7174 
 8.8807 
 8.0645 
 7.2686 
 6.4932 
 5.7382 
 5.0036 
 4.2894 
 3.5956 
 2.9222 
 2.2692 
 21.6366 
 21.0244 
 20.4326 
 19.8612 
 19.3103 
 18.7797 
 18.2696 
 17.7798 
 17.3105 
 16.8615 
 16.4330 
 16.0249 
 15.6372 
 15.2699 
 14.9230 
 14.5965 
 14.2904 
 14.0047 
 13.7394 
 13.4945 
 13.2701 
 13.0660 
 12.8824 
 12.7191 
 12.5763 
 12.4538 
 12.3518 
 12.2702 
 12.2090 
 12.1681 
 12.1477 
 12.1477 
 12.1681 
 12.2090 
 12.2702 
 12.3518 
 12.4538 
 12.5763 
 12.7191 
 12.8824 
 13.0660 
 13.2701 
 13.4945 
 13.7394 
 14.0047 
 14.2904 
 14.5965 
 14.9230 
 15.2699 
 15.6372 
 16.0249 
 16.4330 
 16.8615 
 17.3105 
 17.7798 
 18.2696 
 18.7797 
 19.3103 
 19.8612 
 20.4326 
 21.0244 
 21.6366 
 22.2692 
 22.9222 
 23.5956 
 24.2894 
 25.0036 
 25.7382 
 26.4932 
 27.2686 
 28.0645 
 28.8807 
 29.7174 
 30.5744 
 31.4519 
 32.3498 
 33.2680 
 34.2067 
 35.1658 
 36.1453 
 37.1452 
 16.8595 
 15.8596 
 14.8801 
 13.9210 
 12.9823 
 12.0641 
 11.1662 
 10.2887 
 9.4317 
 8.5950 
 7.7788 
 6.9830 
 6.2075 
 5.4525 
 4.7179 
 4.0037 
 3.3099 
 2.6365 
 1.9835 
 1.3509 
 0.7387 
 0.1469 
 -0.4244 
 -0.9754 
 -1.5060 
 17.9839 
 17.4941 
 17.0248 
 16.5759 
 16.1473 
 15.7392 
 15.3515 
 14.9842 
 14.6373 
 14.3108 
 14.0047 
 13.7190 
 13.4537 
 13.2089 
 12.9844 
 12.7803 
 12.5967 
 12.4334 
 12.2906 
 12.1681 
 12.0661 
 11.9845 
 11.9233 
 11.8825 
 11.8621 
 11.8621 
 11.8825 
 11.9233 
 11.9845 
 12.0661 
 12.1681 
 12.2906 
 12.4334 
 12.5967 
 12.7803 
 12.9844 
 13.2089 
 13.4537 
 13.7190 
 14.0047 
 14.3108 
 14.6373 
 14.9842 
 15.3515 
 15.7392 
 16.1473 
 16.5759 
 17.0248 
 17.4941 
 17.9839 
 18.4940 
 19.0246 
 19.5756 
 20.1469 
 20.7387 
 21.3509 
 21.9835 
 22.6365 
 23.3099 
 24.0037 
 24.7179 
 25.4525 
 26.2075 
 26.9830 
 27.7788 
 28.5950 
 29.4317 
 30.2887 
 31.1662 
 32.0641 
 32.9823 
 33.9210 
 34.8801 
 35.8596 
 36.8595 
 16.5942 
 15.5943 
 14.6148 
 13.6557 
 12.7171 
 11.7988 
 10.9009 
 10.0235 
 9.1664 
 8.3298 
 7.5135 
 6.7177 
 5.9423 
 5.1872 
 4.4526 
 3.7384 
 3.0446 
 2.3712 
 1.7182 
 1.0856 
 0.4734 
 -0.1184 
 -0.6897 
 -1.2407 
 -1.7712 
 -2.2814 
 -2.7711 
 -3.2405 
 -3.6894 
 -4.1179 
 15.4739 
 15.0862 
 14.7189 
 14.3720 
 14.0455 
 13.7394 
 13.4537 
 13.1885 
 12.9436 
 12.7191 
 12.5150 
 12.3314 
 12.1681 
 12.0253 
 11.9029 
 11.8008 
 11.7192 
 11.6580 
 11.6172 
 11.5968 
 11.5968 
 11.6172 
 11.6580 
 11.7192 
 11.8008 
 11.9029 
 12.0253 
 12.1681 
 12.3314 
 12.5150 
 12.7191 
 12.9436 
 13.1885 
 13.4537 
 13.7394 
 14.0455 
 14.3720 
 14.7189 
 15.0862 
 15.4739 
 15.8821 
 16.3106 
 16.7595 
 17.2289 
 17.7186 
 18.2288 
 18.7593 
 19.3103 
 19.8816 
 20.4734 
 21.0856 
 21.7182 
 22.3712 
 23.0446 
 23.7384 
 24.4526 
 25.1872 
 25.9423 
 26.7177 
 27.5135 
 28.3298 
 29.1664 
 30.0235 
 30.9009 
 31.7988 
 32.7171 
 33.6557 
 34.6148 
 35.5943 
 36.5942 
 16.3494 
 15.3495 
 14.3700 
 13.4109 
 12.4722 
 11.5539 
 10.6561 
 9.7786 
 8.9215 
 8.0849 
 7.2686 
 6.4728 
 5.6974 
 4.9424 
 4.2077 
 3.4935 
 2.7997 
 2.1263 
 1.4733 
 0.8407 
 0.2285 
 -0.3632 
 -0.9346 
 -1.4856 
 -2.0161 
 -2.5263 
 -3.0160 
 -3.4854 
 -3.9343 
 -4.3628 
 -4.7709 
 -5.1587 
 -5.5260 
 -5.8729 
 13.8006 
 13.4945 
 13.2089 
 12.9436 
 12.6987 
 12.4742 
 12.2702 
 12.0865 
 11.9233 
 11.7804 
 11.6580 
 11.5560 
 11.4743 
 11.4131 
 11.3723 
 11.3519 
 11.3519 
 11.3723 
 11.4131 
 11.4743 
 11.5560 
 11.6580 
 11.7804 
 11.9233 
 12.0865 
 12.2702 
 12.4742 
 12.6987 
 12.9436 
 13.2089 
 13.4945 
 13.8006 
 14.1271 
 14.4740 
 14.8413 
 15.2291 
 15.6372 
 16.0657 
 16.5146 
 16.9840 
 17.4737 
 17.9839 
 18.5144 
 19.0654 
 19.6368 
 20.2285 
 20.8407 
 21.4733 
 22.1263 
 22.7997 
 23.4935 
 24.2077 
 24.9424 
 25.6974 
 26.4728 
 27.2686 
 28.0849 
 28.9215 
 29.7786 
 30.6561 
 31.5539 
 32.4722 
 33.4109 
 34.3700 
 35.3495 
 36.3494 
 16.1249 
 15.1250 
 14.1455 
 13.1864 
 12.2477 
 11.3295 
 10.4316 
 9.5541 
 8.6971 
 7.8604 
 7.0442 
 6.2483 
 5.4729 
 4.7179 
 3.9833 
 3.2691 
 2.5752 
 1.9018 
 1.2489 
 0.6163 
 0.0041 
 -0.5877 
 -1.1591 
 -1.7100 
 -2.2406 
 -2.7507 
 -3.2405 
 -3.7098 
 -4.1588 
 -4.5873 
 -4.9954 
 -5.3831 
 -5.7504 
 -6.0973 
 -6.4238 
 -6.7299 
 -7.0156 
 -7.2809 
 12.4742 
 12.2498 
 12.0457 
 11.8621 
 11.6988 
 11.5560 
 11.4335 
 11.3315 
 11.2499 
 11.1887 
 11.1478 
 11.1274 
 11.1274 
 11.1478 
 11.1887 
 11.2499 
 11.3315 
 11.4335 
 11.5560 
 11.6988 
 11.8621 
 12.0457 
 12.2498 
 12.4742 
 12.7191 
 12.9844 
 13.2701 
 13.5762 
 13.9027 
 14.2496 
 14.6169 
 15.0046 
 15.4127 
 15.8412 
 16.2902 
 16.7595 
 17.2493 
 17.7594 
 18.2900 
 18.8409 
 19.4123 
 20.0041 
 20.6163 
 21.2489 
 21.9018 
 22.5752 
 23.2691 
 23.9833 
 24.7179 
 25.4729 
 26.2483 
 27.0442 
 27.8604 
 28.6971 
 29.5541 
 30.4316 
 31.3295 
 32.2477 
 33.1864 
 34.1455 
 35.1250 
 36.1249 
 15.9208 
 14.9209 
 13.9414 
 12.9823 
 12.0437 
 11.1254 
 10.2275 
 9.3501 
 8.4930 
 7.6564 
 6.8401 
 6.0443 
 5.2689 
 4.5138 
 3.7792 
 3.0650 
 2.3712 
 1.6978 
 1.0448 
 0.4122 
 -0.2000 
 -0.7918 
 -1.3631 
 -1.9141 
 -2.4446 
 -2.9548 
 -3.4445 
 -3.9139 
 -4.3628 
 -4.7913 
 -5.1995 
 -5.5872 
 -5.9545 
 -6.3014 
 -6.6279 
 -6.9340 
 -7.2197 
 -7.4850 
 -7.7298 
 -7.9543 
 -8.1584 
 11.6580 
 11.4947 
 11.3519 
 11.2295 
 11.1274 
 11.0458 
 10.9846 
 10.9438 
 10.9234 
 10.9234 
 10.9438 
 10.9846 
 11.0458 
 11.1274 
 11.2295 
 11.3519 
 11.4947 
 11.6580 
 11.8416 
 12.0457 
 12.2702 
 12.5150 
 12.7803 
 13.0660 
 13.3721 
 13.6986 
 14.0455 
 14.4128 
 14.8005 
 15.2087 
 15.6372 
 16.0861 
 16.5555 
 17.0452 
 17.5554 
 18.0859 
 18.6369 
 19.2082 
 19.8000 
 20.4122 
 21.0448 
 21.6978 
 22.3712 
 23.0650 
 23.7792 
 24.5138 
 25.2689 
 26.0443 
 26.8401 
 27.6564 
 28.4930 
 29.3501 
 30.2275 
 31.1254 
 32.0437 
 32.9823 
 33.9414 
 34.9209 
 35.9208 
 15.7372 
 14.7373 
 13.7578 
 12.7987 
 11.8600 
 10.9417 
 10.0439 
 9.1664 
 8.3094 
 7.4727 
 6.6565 
 5.8606 
 5.0852 
 4.3302 
 3.5956 
 2.8813 
 2.1875 
 1.5141 
 0.8611 
 0.2285 
 -0.3836 
 -0.9754 
 -1.5468 
 -2.0977 
 -2.6283 
 -3.1385 
 -3.6282 
 -4.0975 
 -4.5465 
 -4.9750 
 -5.3831 
 -5.7708 
 -6.1381 
 -6.4851 
 -6.8115 
 -7.1176 
 -7.4033 
 -7.6686 
 -7.9135 
 -8.1379 
 -8.3420 
 -8.5257 
 -8.6889 
 -8.8318 
 11.0458 
 10.9438 
 10.8622 
 10.8009 
 10.7601 
 10.7397 
 10.7397 
 10.7601 
 10.8009 
 10.8622 
 10.9438 
 11.0458 
 11.1682 
 11.3111 
 11.4743 
 11.6580 
 11.8621 
 12.0865 
 12.3314 
 12.5967 
 12.8824 
 13.1885 
 13.5149 
 13.8619 
 14.2292 
 14.6169 
 15.0250 
 15.4535 
 15.9025 
 16.3718 
 16.8615 
 17.3717 
 17.9023 
 18.4532 
 19.0246 
 19.6164 
 20.2285 
 20.8611 
 21.5141 
 22.1875 
 22.8813 
 23.5956 
 24.3302 
 25.0852 
 25.8606 
 26.6565 
 27.4727 
 28.3094 
 29.1664 
 30.0439 
 30.9417 
 31.8600 
 32.7987 
 33.7578 
 34.7373 
 35.7372 
 15.5739 
 14.5740 
 13.5945 
 12.6354 
 11.6968 
 10.7785 
 9.8806 
 9.0032 
 8.1461 
 7.3095 
 6.4932 
 5.6974 
 4.9219 
 4.1669 
 3.4323 
 2.7181 
 2.0243 
 1.3509 
 0.6979 
 0.0653 
 -0.5469 
 -1.1387 
 -1.7100 
 -2.2610 
 -2.7916 
 -3.3017 
 -3.7914 
 -4.2608 
 -4.7097 
 -5.1383 
 -5.5464 
 -5.9341 
 -6.3014 
 -6.6483 
 -6.9748 
 -7.2809 
 -7.5666 
 -7.8319 
 -8.0767 
 -8.3012 
 -8.5053 
 -8.6889 
 -8.8522 
 -8.9950 
 -9.1174 
 -9.2195 
 10.6989 
 10.6377 
 10.5969 
 10.5765 
 10.5765 
 10.5969 
 10.6377 
 10.6989 
 10.7805 
 10.8826 
 11.0050 
 11.1478 
 11.3111 
 11.4947 
 11.6988 
 11.9233 
 12.1681 
 12.4334 
 12.7191 
 13.0252 
 13.3517 
 13.6986 
 14.0659 
 14.4536 
 14.8617 
 15.2903 
 15.7392 
 16.2086 
 16.6983 
 17.2084 
 17.7390 
 18.2900 
 18.8613 
 19.4531 
 20.0653 
 20.6979 
 21.3509 
 22.0243 
 22.7181 
 23.4323 
 24.1669 
 24.9219 
 25.6974 
 26.4932 
 27.3095 
 28.1461 
 29.0032 
 29.8806 
 30.7785 
 31.6968 
 32.6354 
 33.5945 
 34.5740 
 35.5739 
 15.4311 
 14.4312 
 13.4517 
 12.4926 
 11.5539 
 10.6356 
 9.7378 
 8.8603 
 8.0033 
 7.1666 
 6.3504 
 5.5545 
 4.7791 
 4.0241 
 3.2895 
 2.5752 
 1.8814 
 1.2080 
 0.5550 
 -0.0775 
 -0.6897 
 -1.2815 
 -1.8529 
 -2.4038 
 -2.9344 
 -3.4445 
 -3.9343 
 -4.4036 
 -4.8526 
 -5.2811 
 -5.6892 
 -6.0769 
 -6.4442 
 -6.7911 
 -7.1176 
 -7.4237 
 -7.7094 
 -7.9747 
 -8.2196 
 -8.4440 
 -8.6481 
 -8.8318 
 -8.9950 
 -9.1378 
 -9.2603 
 -9.3623 
 -9.4439 
 10.4948 
 10.4540 
 10.4336 
 10.4336 
 10.4540 
 10.4948 
 10.5561 
 10.6377 
 10.7397 
 10.8622 
 11.0050 
 11.1682 
 11.3519 
 11.5560 
 11.7804 
 12.0253 
 12.2906 
 12.5763 
 12.8824 
 13.2089 
 13.5558 
 13.9231 
 14.3108 
 14.7189 
 15.1474 
 15.5964 
 16.0657 
 16.5555 
 17.0656 
 17.5962 
 18.1471 
 18.7185 
 19.3103 
 19.9225 
 20.5550 
 21.2080 
 21.8814 
 22.5752 
 23.2895 
 24.0241 
 24.7791 
 25.5545 
 26.3504 
 27.1666 
 28.0033 
 28.8603 
 29.7378 
 30.6356 
 31.5539 
 32.4926 
 33.4517 
 34.4312 
 35.4311 
 15.3086 
 14.3087 
 13.3293 
 12.3702 
 11.4315 
 10.5132 
 9.6153 
 8.7379 
 7.8808 
 7.0442 
 6.2279 
 5.4321 
 4.6567 
 3.9016 
 3.1670 
 2.4528 
 1.7590 
 1.0856 
 0.4326 
 -0.2000 
 -0.8122 
 -1.4039 
 -1.9753 
 -2.5263 
 -3.0568 
 -3.5670 
 -4.0567 
 -4.5261 
 -4.9750 
 -5.4035 
 -5.8117 
 -6.1994 
 -6.5667 
 -6.9136 
 -7.2401 
 -7.5462 
 -7.8319 
 -8.0971 
 -8.3420 
 -8.5665 
 -8.7705 
 -8.9542 
 -9.1174 
 -9.2603 
 -9.3827 
 -9.4847 
 -9.5664 
 -9.6276 
 10.3316 
 10.3112 
 10.3112 
 10.3316 
 10.3724 
 10.4336 
 10.5153 
 10.6173 
 10.7397 
 10.8826 
 11.0458 
 11.2295 
 11.4335 
 11.6580 
 11.9029 
 12.1681 
 12.4538 
 12.7599 
 13.0864 
 13.4333 
 13.8006 
 14.1883 
 14.5965 
 15.0250 
 15.4739 
 15.9433 
 16.4330 
 16.9432 
 17.4737 
 18.0247 
 18.5961 
 19.1878 
 19.8000 
 20.4326 
 21.0856 
 21.7590 
 22.4528 
 23.1670 
 23.9016 
 24.6567 
 25.4321 
 26.2279 
 27.0442 
 27.8808 
 28.7379 
 29.6153 
 30.5132 
 31.4315 
 32.3702 
 33.3293 
 34.3087 
 35.3086 
 15.2066 
 14.2067 
 13.2272 
 12.2681 
 11.3295 
 10.4112 
 9.5133 
 8.6359 
 7.7788 
 6.9421 
 6.1259 
 5.3301 
 4.5546 
 3.7996 
 3.0650 
 2.3508 
 1.6570 
 0.9836 
 0.3306 
 -0.3020 
 -0.9142 
 -1.5060 
 -2.0773 
 -2.6283 
 -3.1589 
 -3.6690 
 -4.1588 
 -4.6281 
 -5.0770 
 -5.5056 
 -5.9137 
 -6.3014 
 -6.6687 
 -7.0156 
 -7.3421 
 -7.6482 
 -7.9339 
 -8.1992 
 -8.4440 
 -8.6685 
 -8.8726 
 -9.0562 
 -9.2195 
 -9.3623 
 -9.4847 
 -9.5868 
 -9.6684 
 -9.7296 
 -9.7704 
 10.2092 
 10.2092 
 10.2296 
 10.2704 
 10.3316 
 10.4132 
 10.5153 
 10.6377 
 10.7805 
 10.9438 
 11.1274 
 11.3315 
 11.5560 
 11.8008 
 12.0661 
 12.3518 
 12.6579 
 12.9844 
 13.3313 
 13.6986 
 14.0863 
 14.4944 
 14.9230 
 15.3719 
 15.8412 
 16.3310 
 16.8411 
 17.3717 
 17.9227 
 18.4940 
 19.0858 
 19.6980 
 20.3306 
 20.9836 
 21.6570 
 22.3508 
 23.0650 
 23.7996 
 24.5546 
 25.3301 
 26.1259 
 26.9421 
 27.7788 
 28.6359 
 29.5133 
 30.4112 
 31.3295 
 32.2681 
 33.2272 
 34.2067 
 35.2066 
 15.1250 
 14.1251 
 13.1456 
 12.1865 
 11.2478 
 10.3296 
 9.4317 
 8.5542 
 7.6972 
 6.8605 
 6.0443 
 5.2484 
 4.4730 
 3.7180 
 2.9834 
 2.2692 
 1.5753 
 0.9019 
 0.2490 
 -0.3836 
 -0.9958 
 -1.5876 
 -2.1590 
 -2.7099 
 -3.2405 
 -3.7506 
 -4.2404 
 -4.7097 
 -5.1587 
 -5.5872 
 -5.9953 
 -6.3830 
 -6.7503 
 -7.0972 
 -7.4237 
 -7.7298 
 -8.0155 
 -8.2808 
 -8.5257 
 -8.7501 
 -8.9542 
 -9.1378 
 -9.3011 
 -9.4439 
 -9.5664 
 -9.6684 
 -9.7500 
 -9.8112 
 -9.8521 
 -9.8725 
 10.1275 
 10.1479 
 10.1888 
 10.2500 
 10.3316 
 10.4336 
 10.5561 
 10.6989 
 10.8622 
 11.0458 
 11.2499 
 11.4743 
 11.7192 
 11.9845 
 12.2702 
 12.5763 
 12.9028 
 13.2497 
 13.6170 
 14.0047 
 14.4128 
 14.8413 
 15.2903 
 15.7596 
 16.2494 
 16.7595 
 17.2901 
 17.8410 
 18.4124 
 19.0042 
 19.6164 
 20.2490 
 20.9019 
 21.5753 
 22.2692 
 22.9834 
 23.7180 
 24.4730 
 25.2484 
 26.0443 
 26.8605 
 27.6972 
 28.5542 
 29.4317 
 30.3296 
 31.2478 
 32.1865 
 33.1456 
 34.1251 
 35.1250 
 15.0638 
 14.0639 
 13.0844 
 12.1253 
 11.1866 
 10.2683 
 9.3705 
 8.4930 
 7.6360 
 6.7993 
 5.9831 
 5.1872 
 4.4118 
 3.6568 
 2.9222 
 2.2079 
 1.5141 
 0.8407 
 0.1877 
 -0.4449 
 -1.0570 
 -1.6488 
 -2.2202 
 -2.7711 
 -3.3017 
 -3.8119 
 -4.3016 
 -4.7709 
 -5.2199 
 -5.6484 
 -6.0565 
 -6.4442 
 -6.8115 
 -7.1585 
 -7.4850 
 -7.7910 
 -8.0767 
 -8.3420 
 -8.5869 
 -8.8113 
 -9.0154 
 -9.1991 
 -9.3623 
 -9.5052 
 -9.6276 
 -9.7296 
 -9.8112 
 -9.8725 
 -9.9133 
 -9.9337 
 10.0663 
 10.0867 
 10.1275 
 10.1888 
 10.2704 
 10.3724 
 10.4948 
 10.6377 
 10.8009 
 10.9846 
 11.1887 
 11.4131 
 11.6580 
 11.9233 
 12.2090 
 12.5150 
 12.8415 
 13.1885 
 13.5558 
 13.9435 
 14.3516 
 14.7801 
 15.2291 
 15.6984 
 16.1881 
 16.6983 
 17.2289 
 17.7798 
 18.3512 
 18.9430 
 19.5551 
 20.1877 
 20.8407 
 21.5141 
 22.2079 
 22.9222 
 23.6568 
 24.4118 
 25.1872 
 25.9831 
 26.7993 
 27.6360 
 28.4930 
 29.3705 
 30.2683 
 31.1866 
 32.1253 
 33.0844 
 34.0639 
 35.0638 
 15.0230 
 14.0231 
 13.0436 
 12.0845 
 11.1458 
 10.2275 
 9.3297 
 8.4522 
 7.5951 
 6.7585 
 5.9423 
 5.1464 
 4.3710 
 3.6160 
 2.8813 
 2.1671 
 1.4733 
 0.7999 
 0.1469 
 -0.4857 
 -1.0978 
 -1.6896 
 -2.2610 
 -2.8120 
 -3.3425 
 -3.8527 
 -4.3424 
 -4.8118 
 -5.2607 
 -5.6892 
 -6.0973 
 -6.4851 
 -6.8524 
 -7.1993 
 -7.5258 
 -7.8319 
 -8.1175 
 -8.3828 
 -8.6277 
 -8.8522 
 -9.0562 
 -9.2399 
 -9.4031 
 -9.5460 
 -9.6684 
 -9.7704 
 -9.8521 
 -9.9133 
 -9.9541 
 -9.9745 
 10.0255 
 10.0459 
 10.0867 
 10.1479 
 10.2296 
 10.3316 
 10.4540 
 10.5969 
 10.7601 
 10.9438 
 11.1478 
 11.3723 
 11.6172 
 11.8825 
 12.1681 
 12.4742 
 12.8007 
 13.1476 
 13.5149 
 13.9027 
 14.3108 
 14.7393 
 15.1882 
 15.6576 
 16.1473 
 16.6575 
 17.1880 
 17.7390 
 18.3104 
 18.9022 
 19.5143 
 20.1469 
 20.7999 
 21.4733 
 22.1671 
 22.8813 
 23.6160 
 24.3710 
 25.1464 
 25.9423 
 26.7585 
 27.5951 
 28.4522 
 29.3297 
 30.2275 
 31.1458 
 32.0845 
 33.0436 
 34.0231 
 35.0230 
 15.0026 
 14.0027 
 13.0232 
 12.0641 
 11.1254 
 10.2071 
 9.3093 
 8.4318 
 7.5747 
 6.7381 
 5.9218 
 5.1260 
 4.3506 
 3.5956 
 2.8609 
 2.1467 
 1.4529 
 0.7795 
 0.1265 
 -0.5061 
 -1.1183 
 -1.7100 
 -2.2814 
 -2.8324 
 -3.3629 
 -3.8731 
 -4.3628 
 -4.8322 
 -5.2811 
 -5.7096 
 -6.1177 
 -6.5055 
 -6.8728 
 -7.2197 
 -7.5462 
 -7.8523 
 -8.1379 
 -8.4032 
 -8.6481 
 -8.8726 
 -9.0766 
 -9.2603 
 -9.4235 
 -9.5664 
 -9.6888 
 -9.7908 
 -9.8725 
 -9.9337 
 -9.9745 
 -9.9949 
 10.0051 
 10.0255 
 10.0663 
 10.1275 
 10.2092 
 10.3112 
 10.4336 
 10.5765 
 10.7397 
 10.9234 
 11.1274 
 11.3519 
 11.5968 
 11.8621 
 12.1477 
 12.4538 
 12.7803 
 13.1272 
 13.4945 
 13.8823 
 14.2904 
 14.7189 
 15.1678 
 15.6372 
 16.1269 
 16.6371 
 17.1676 
 17.7186 
 18.2900 
 18.8817 
 19.4939 
 20.1265 
 20.7795 
 21.4529 
 22.1467 
 22.8609 
 23.5956 
 24.3506 
 25.1260 
 25.9218 
 26.7381 
 27.5747 
 28.4318 
 29.3093 
 30.2071 
 31.1254 
 32.0641 
 33.0232 
 34.0027 
 35.0026 
 15.0026 
 14.0027 
 13.0232 
 12.0641 
 11.1254 
 10.2071 
 9.3093 
 8.4318 
 7.5747 
 6.7381 
 5.9218 
 5.1260 
 4.3506 
 3.5956 
 2.8609 
 2.1467 
 1.4529 
 0.7795 
 0.1265 
 -0.5061 
 -1.1183 
 -1.7100 
 -2.2814 
 -2.8324 
 -3.3629 
 -3.8731 
 -4.3628 
 -4.8322 
 -5.2811 
 -5.7096 
 -6.1177 
 -6.5055 
 -6.8728 
 -7.2197 
 -7.5462 
 -7.8523 
 -8.1379 
 -8.4032 
 -8.6481 
 -8.8726 
 -9.0766 
 -9.2603 
 -9.4235 
 -9.5664 
 -9.6888 
 -9.7908 
 -9.8725 
 -9.9337 
 -9.9745 
 -9.9949 
 10.0051 
 10.0255 
 10.0663 
 10.1275 
 10.2092 
 10.3112 
 10.4336 
 10.5765 
 10.7397 
 10.9234 
 11.1274 
 11.3519 
 11.5968 
 11.8621 
 12.1477 
 12.4538 
 12.7803 
 13.1272 
 13.4945 
 13.8823 
 14.2904 
 14.7189 
 15.1678 
 15.6372 
 16.1269 
 16.6371 
 17.1676 
 17.7186 
 18.2900 
 18.8817 
 19.4939 
 20.1265 
 20.7795 
 21.4529 
 22.1467 
 22.8609 
 23.5956 
 24.3506 
 25.1260 
 25.9218 
 26.7381 
 27.5747 
 28.4318 
 29.3093 
 30.2071 
 31.1254 
 32.0641 
 33.0232 
 34.0027 
 35.0026 
 15.0230 
 14.0231 
 13.0436 
 12.0845 
 11.1458 
 10.2275 
 9.3297 
 8.4522 
 7.5951 
 6.7585 
 5.9423 
 5.1464 
 4.3710 
 3.6160 
 2.8813 
 2.1671 
 1.4733 
 0.7999 
 0.1469 
 -0.4857 
 -1.0978 
 -1.6896 
 -2.2610 
 -2.8120 
 -3.3425 
 -3.8527 
 -4.3424 
 -4.8118 
 -5.2607 
 -5.6892 
 -6.0973 
 -6.4851 
 -6.8524 
 -7.1993 
 -7.5258 
 -7.8319 
 -8.1175 
 -8.3828 
 -8.6277 
 -8.8522 
 -9.0562 
 -9.2399 
 -9.4031 
 -9.5460 
 -9.6684 
 -9.7704 
 -9.8521 
 -9.9133 
 -9.9541 
 -9.9745 
 10.0255 
 10.0459 
 10.0867 
 10.1479 
 10.2296 
 10.3316 
 10.4540 
 10.5969 
 10.7601 
 10.9438 
 11.1478 
 11.3723 
 11.6172 
 11.8825 
 12.1681 
 12.4742 
 12.8007 
 13.1476 
 13.5149 
 13.9027 
 14.3108 
 14.7393 
 15.1882 
 15.6576 
 16.1473 
 16.6575 
 17.1880 
 17.7390 
 18.3104 
 18.9022 
 19.5143 
 20.1469 
 20.7999 
 21.4733 
 22.1671 
 22.8813 
 23.6160 
 24.3710 
 25.1464 
 25.9423 
 26.7585 
 27.5951 
 28.4522 
 29.3297 
 30.2275 
 31.1458 
 32.0845 
 33.0436 
 34.0231 
 35.0230 
 15.0638 
 14.0639 
 13.0844 
 12.1253 
 11.1866 
 10.2683 
 9.3705 
 8.4930 
 7.6360 
 6.7993 
 5.9831 
 5.1872 
 4.4118 
 3.6568 
 2.9222 
 2.2079 
 1.5141 
 0.8407 
 0.1877 
 -0.4449 
 -1.0570 
 -1.6488 
 -2.2202 
 -2.7711 
 -3.3017 
 -3.8119 
 -4.3016 
 -4.7709 
 -5.2199 
 -5.6484 
 -6.0565 
 -6.4442 
 -6.8115 
 -7.1585 
 -7.4850 
 -7.7910 
 -8.0767 
 -8.3420 
 -8.5869 
 -8.8113 
 -9.0154 
 -9.1991 
 -9.3623 
 -9.5052 
 -9.6276 
 -9.7296 
 -9.8112 
 -9.8725 
 -9.9133 
 -9.9337 
 10.0663 
 10.0867 
 10.1275 
 10.1888 
 10.2704 
 10.3724 
 10.4948 
 10.6377 
 10.8009 
 10.9846 
 11.1887 
 11.4131 
 11.6580 
 11.9233 
 12.2090 
 12.5150 
 12.8415 
 13.1885 
 13.5558 
 13.9435 
 14.3516 
 14.7801 
 15.2291 
 15.6984 
 16.1881 
 16.6983 
 17.2289 
 17.7798 
 18.3512 
 18.9430 
 19.5551 
 20.1877 
 20.8407 
 21.5141 
 22.2079 
 22.9222 
 23.6568 
 24.4118 
 25.1872 
 25.9831 
 26.7993 
 27.6360 
 28.4930 
 29.3705 
 30.2683 
 31.1866 
 32.1253 
 33.0844 
 34.0639 
 35.0638 
 15.1250 
 14.1251 
 13.1456 
 12.1865 
 11.2478 
 10.3296 
 9.4317 
 8.5542 
 7.6972 
 6.8605 
 6.0443 
 5.2484 
 4.4730 
 3.7180 
 2.9834 
 2.2692 
 1.5753 
 0.9019 
 0.2490 
 -0.3836 
 -0.9958 
 -1.5876 
 -2.1590 
 -2.7099 
 -3.2405 
 -3.7506 
 -4.2404 
 -4.7097 
 -5.1587 
 -5.5872 
 -5.9953 
 -6.3830 
 -6.7503 
 -7.0972 
 -7.4237 
 -7.7298 
 -8.0155 
 -8.2808 
 -8.5257 
 -8.7501 
 -8.9542 
 -9.1378 
 -9.3011 
 -9.4439 
 -9.5664 
 -9.6684 
 -9.7500 
 -9.8112 
 -9.8521 
 -9.8725 
 10.1275 
 10.1479 
 10.1888 
 10.2500 
 10.3316 
 10.4336 
 10.5561 
 10.6989 
 10.8622 
 11.0458 
 11.2499 
 11.4743 
 11.7192 
 11.9845 
 12.2702 
 12.5763 
 12.9028 
 13.2497 
 13.6170 
 14.0047 
 14.4128 
 14.8413 
 15.2903 
 15.7596 
 16.2494 
 16.7595 
 17.2901 
 17.8410 
 18.4124 
 19.0042 
 19.6164 
 20.2490 
 20.9019 
 21.5753 
 22.2692 
 22.9834 
 23.7180 
 24.4730 
 25.2484 
 26.0443 
 26.8605 
 27.6972 
 28.5542 
 29.4317 
 30.3296 
 31.2478 
 32.1865 
 33.1456 
 34.1251 
 35.1250 
 15.2066 
 14.2067 
 13.2272 
 12.2681 
 11.3295 
 10.4112 
 9.5133 
 8.6359 
 7.7788 
 6.9421 
 6.1259 
 5.3301 
 4.5546 
 3.7996 
 3.0650 
 2.3508 
 1.6570 
 0.9836 
 0.3306 
 -0.3020 
 -0.9142 
 -1.5060 
 -2.0773 
 -2.6283 
 -3.1589 
 -3.6690 
 -4.1588 
 -4.6281 
 -5.0770 
 -5.5056 
 -5.9137 
 -6.3014 
 -6.6687 
 -7.0156 
 -7.3421 
 -7.6482 
 -7.9339 
 -8.1992 
 -8.4440 
 -8.6685 
 -8.8726 
 -9.0562 
 -9.2195 
 -9.3623 
 -9.4847 
 -9.5868 
 -9.6684 
 -9.7296 
 -9.7704 
 -9.7908 
 -9.7908 
 10.2296 
 10.2704 
 10.3316 
 10.4132 
 10.5153 
 10.6377 
 10.7805 
 10.9438 
 11.1274 
 11.3315 
 11.5560 
 11.8008 
 12.0661 
 12.3518 
 12.6579 
 12.9844 
 13.3313 
 13.6986 
 14.0863 
 14.4944 
 14.9230 
 15.3719 
 15.8412 
 16.3310 
 16.8411 
 17.3717 
 17.9227 
 18.4940 
 19.0858 
 19.6980 
 20.3306 
 20.9836 
 21.6570 
 22.3508 
 23.0650 
 23.7996 
 24.5546 
 25.3301 
 26.1259 
 26.9421 
 27.7788 
 28.6359 
 29.5133 
 30.4112 
 31.3295 
 32.2681 
 33.2272 
 34.2067 
 35.2066 
 15.3086 
 14.3087 
 13.3293 
 12.3702 
 11.4315 
 10.5132 
 9.6153 
 8.7379 
 7.8808 
 7.0442 
 6.2279 
 5.4321 
 4.6567 
 3.9016 
 3.1670 
 2.4528 
 1.7590 
 1.0856 
 0.4326 
 -0.2000 
 -0.8122 
 -1.4039 
 -1.9753 
 -2.5263 
 -3.0568 
 -3.5670 
 -4.0567 
 -4.5261 
 -4.9750 
 -5.4035 
 -5.8117 
 -6.1994 
 -6.5667 
 -6.9136 
 -7.2401 
 -7.5462 
 -7.8319 
 -8.0971 
 -8.3420 
 -8.5665 
 -8.7705 
 -8.9542 
 -9.1174 
 -9.2603 
 -9.3827 
 -9.4847 
 -9.5664 
 -9.6276 
 -9.6684 
 -9.6888 
 -9.6888 
 -9.6684 
 10.3724 
 10.4336 
 10.5153 
 10.6173 
 10.7397 
 10.8826 
 11.0458 
 11.2295 
 11.4335 
 11.6580 
 11.9029 
 12.1681 
 12.4538 
 12.7599 
 13.0864 
 13.4333 
 13.8006 
 14.1883 
 14.5965 
 15.0250 
 15.4739 
 15.9433 
 16.4330 
 16.9432 
 17.4737 
 18.0247 
 18.5961 
 19.1878 
 19.8000 
 20.4326 
 21.0856 
 21.7590 
 22.4528 
 23.1670 
 23.9016 
 24.6567 
 25.4321 
 26.2279 
 27.0442 
 27.8808 
 28.7379 
 29.6153 
 30.5132 
 31.4315 
 32.3702 
 33.3293 
 34.3087 
 35.3086 
 15.4311 
 14.4312 
 13.4517 
 12.4926 
 11.5539 
 10.6356 
 9.7378 
 8.8603 
 8.0033 
 7.1666 
 6.3504 
 5.5545 
 4.7791 
 4.0241 
 3.2895 
 2.5752 
 1.8814 
 1.2080 
 0.5550 
 -0.0775 
 -0.6897 
 -1.2815 
 -1.8529 
 -2.4038 
 -2.9344 
 -3.4445 
 -3.9343 
 -4.4036 
 -4.8526 
 -5.2811 
 -5.6892 
 -6.0769 
 -6.4442 
 -6.7911 
 -7.1176 
 -7.4237 
 -7.7094 
 -7.9747 
 -8.2196 
 -8.4440 
 -8.6481 
 -8.8318 
 -8.9950 
 -9.1378 
 -9.2603 
 -9.3623 
 -9.4439 
 -9.5052 
 -9.5460 
 -9.5664 
 -9.5664 
 -9.5460 
 -9.5052 
 10.5561 
 10.6377 
 10.7397 
 10.8622 
 11.0050 
 11.1682 
 11.3519 
 11.5560 
 11.7804 
 12.0253 
 12.2906 
 12.5763 
 12.8824 
 13.2089 
 13.5558 
 13.9231 
 14.3108 
 14.7189 
 15.1474 
 15.5964 
 16.0657 
 16.5555 
 17.0656 
 17.5962 
 18.1471 
 18.7185 
 19.3103 
 19.9225 
 20.5550 
 21.2080 
 21.8814 
 22.5752 
 23.2895 
 24.0241 
 24.7791 
 25.5545 
 26.3504 
 27.1666 
 28.0033 
 28.8603 
 29.7378 
 30.6356 
 31.5539 
 32.4926 
 33.4517 
 34.4312 
 35.4311 
 15.5739 
 14.5740 
 13.5945 
 12.6354 
 11.6968 
 10.7785 
 9.8806 
 9.0032 
 8.1461 
 7.3095 
 6.4932 
 5.6974 
 4.9219 
 4.1669 
 3.4323 
 2.7181 
 2.0243 
 1.3509 
 0.6979 
 0.0653 
 -0.5469 
 -1.1387 
 -1.7100 
 -2.2610 
 -2.7916 
 -3.3017 
 -3.7914 
 -4.2608 
 -4.7097 
 -5.1383 
 -5.5464 
 -5.9341 
 -6.3014 
 -6.6483 
 -6.9748 
 -7.2809 
 -7.5666 
 -7.8319 
 -8.0767 
 -8.3012 
 -8.5053 
 -8.6889 
 -8.8522 
 -8.9950 
 -9.1174 
 -9.2195 
 -9.3011 
 -9.3623 
 -9.4031 
 -9.4235 
 -9.4235 
 -9.4031 
 -9.3623 
 -9.3011 
 10.7805 
 10.8826 
 11.0050 
 11.1478 
 11.3111 
 11.4947 
 11.6988 
 11.9233 
 12.1681 
 12.4334 
 12.7191 
 13.0252 
 13.3517 
 13.6986 
 14.0659 
 14.4536 
 14.8617 
 15.2903 
 15.7392 
 16.2086 
 16.6983 
 17.2084 
 17.7390 
 18.2900 
 18.8613 
 19.4531 
 20.0653 
 20.6979 
 21.3509 
 22.0243 
 22.7181 
 23.4323 
 24.1669 
 24.9219 
 25.6974 
 26.4932 
 27.3095 
 28.1461 
 29.0032 
 29.8806 
 30.7785 
 31.6968 
 32.6354 
 33.5945 
 34.5740 
 35.5739 
 15.7372 
 14.7373 
 13.7578 
 12.7987 
 11.8600 
 10.9417 
 10.0439 
 9.1664 
 8.3094 
 7.4727 
 6.6565 
 5.8606 
 5.0852 
 4.3302 
 3.5956 
 2.8813 
 2.1875 
 1.5141 
 0.8611 
 0.2285 
 -0.3836 
 -0.9754 
 -1.5468 
 -2.0977 
 -2.6283 
 -3.1385 
 -3.6282 
 -4.0975 
 -4.5465 
 -4.9750 
 -5.3831 
 -5.7708 
 -6.1381 
 -6.4851 
 -6.8115 
 -7.1176 
 -7.4033 
 -7.6686 
 -7.9135 
 -8.1379 
 -8.3420 
 -8.5257 
 -8.6889 
 -8.8318 
 -8.9542 
 -9.0562 
 -9.1378 
 -9.1991 
 -9.2399 
 -9.2603 
 -9.2603 
 -9.2399 
 -9.1991 
 -9.1378 
 -9.0562 
 -8.9542 
 11.1682 
 11.3111 
 11.4743 
 11.6580 
 11.8621 
 12.0865 
 12.3314 
 12.5967 
 12.8824 
 13.1885 
 13.5149 
 13.8619 
 14.2292 
 14.6169 
 15.0250 
 15.4535 
 15.9025 
 16.3718 
 16.8615 
 17.3717 
 17.9023 
 18.4532 
 19.0246 
 19.6164 
 20.2285 
 20.8611 
 21.5141 
 22.1875 
 22.8813 
 23.5956 
 24.3302 
 25.0852 
 25.8606 
 26.6565 
 27.4727 
 28.3094 
 29.1664 
 30.0439 
 30.9417 
 31.8600 
 32.7987 
 33.7578 
 34.7373 
 35.7372 
 15.9208 
 14.9209 
 13.9414 
 12.9823 
 12.0437 
 11.1254 
 10.2275 
 9.3501 
 8.4930 
 7.6564 
 6.8401 
 6.0443 
 5.2689 
 4.5138 
 3.7792 
 3.0650 
 2.3712 
 1.6978 
 1.0448 
 0.4122 
 -0.2000 
 -0.7918 
 -1.3631 
 -1.9141 
 -2.4446 
 -2.9548 
 -3.4445 
 -3.9139 
 -4.3628 
 -4.7913 
 -5.1995 
 -5.5872 
 -5.9545 
 -6.3014 
 -6.6279 
 -6.9340 
 -7.2197 
 -7.4850 
 -7.7298 
 -7.9543 
 -8.1584 
 -8.3420 
 -8.5053 
 -8.6481 
 -8.7705 
 -8.8726 
 -8.9542 
 -9.0154 
 -9.0562 
 -9.0766 
 -9.0766 
 -9.0562 
 -9.0154 
 -8.9542 
 -8.8726 
 -8.7705 
 -8.6481 
 -8.5053 
 -8.3420 
 11.8416 
 12.0457 
 12.2702 
 12.5150 
 12.7803 
 13.0660 
 13.3721 
 13.6986 
 14.0455 
 14.4128 
 14.8005 
 15.2087 
 15.6372 
 16.0861 
 16.5555 
 17.0452 
 17.5554 
 18.0859 
 18.6369 
 19.2082 
 19.8000 
 20.4122 
 21.0448 
 21.6978 
 22.3712 
 23.0650 
 23.7792 
 24.5138 
 25.2689 
 26.0443 
 26.8401 
 27.6564 
 28.4930 
 29.3501 
 30.2275 
 31.1254 
 32.0437 
 32.9823 
 33.9414 
 34.9209 
 35.9208 
 16.1249 
 15.1250 
 14.1455 
 13.1864 
 12.2477 
 11.3295 
 10.4316 
 9.5541 
 8.6971 
 7.8604 
 7.0442 
 6.2483 
 5.4729 
 4.7179 
 3.9833 
 3.2691 
 2.5752 
 1.9018 
 1.2489 
 0.6163 
 0.0041 
 -0.5877 
 -1.1591 
 -1.7100 
 -2.2406 
 -2.7507 
 -3.2405 
 -3.7098 
 -4.1588 
 -4.5873 
 -4.9954 
 -5.3831 
 -5.7504 
 -6.0973 
 -6.4238 
 -6.7299 
 -7.0156 
 -7.2809 
 -7.5258 
 -7.7502 
 -7.9543 
 -8.1379 
 -8.3012 
 -8.4440 
 -8.5665 
 -8.6685 
 -8.7501 
 -8.8113 
 -8.8522 
 -8.8726 
 -8.8726 
 -8.8522 
 -8.8113 
 -8.7501 
 -8.6685 
 -8.5665 
 -8.4440 
 -8.3012 
 -8.1379 
 -7.9543 
 -7.7502 
 -7.5258 
 12.7191 
 12.9844 
 13.2701 
 13.5762 
 13.9027 
 14.2496 
 14.6169 
 15.0046 
 15.4127 
 15.8412 
 16.2902 
 16.7595 
 17.2493 
 17.7594 
 18.2900 
 18.8409 
 19.4123 
 20.0041 
 20.6163 
 21.2489 
 21.9018 
 22.5752 
 23.2691 
 23.9833 
 24.7179 
 25.4729 
 26.2483 
 27.0442 
 27.8604 
 28.6971 
 29.5541 
 30.4316 
 31.3295 
 32.2477 
 33.1864 
 34.1455 
 35.1250 
 36.1249 
 16.3494 
 15.3495 
 14.3700 
 13.4109 
 12.4722 
 11.5539 
 10.6561 
 9.7786 
 8.9215 
 8.0849 
 7.2686 
 6.4728 
 5.6974 
 4.9424 
 4.2077 
 3.4935 
 2.7997 
 2.1263 
 1.4733 
 0.8407 
 0.2285 
 -0.3632 
 -0.9346 
 -1.4856 
 -2.0161 
 -2.5263 
 -3.0160 
 -3.4854 
 -3.9343 
 -4.3628 
 -4.7709 
 -5.1587 
 -5.5260 
 -5.8729 
 -6.1994 
 -6.5055 
 -6.7911 
 -7.0564 
 -7.3013 
 -7.5258 
 -7.7298 
 -7.9135 
 -8.0767 
 -8.2196 
 -8.3420 
 -8.4440 
 -8.5257 
 -8.5869 
 -8.6277 
 -8.6481 
 -8.6481 
 -8.6277 
 -8.5869 
 -8.5257 
 -8.4440 
 -8.3420 
 -8.2196 
 -8.0767 
 -7.9135 
 -7.7298 
 -7.5258 
 -7.3013 
 -7.0564 
 -6.7911 
 -6.5055 
 -6.1994 
 14.1271 
 14.4740 
 14.8413 
 15.2291 
 15.6372 
 16.0657 
 16.5146 
 16.9840 
 17.4737 
 17.9839 
 18.5144 
 19.0654 
 19.6368 
 20.2285 
 20.8407 
 21.4733 
 22.1263 
 22.7997 
 23.4935 
 24.2077 
 24.9424 
 25.6974 
 26.4728 
 27.2686 
 28.0849 
 28.9215 
 29.7786 
 30.6561 
 31.5539 
 32.4722 
 33.4109 
 34.3700 
 35.3495 
 36.3494 
 16.5942 
 15.5943 
 14.6148 
 13.6557 
 12.7171 
 11.7988 
 10.9009 
 10.0235 
 9.1664 
 8.3298 
 7.5135 
 6.7177 
 5.9423 
 5.1872 
 4.4526 
 3.7384 
 3.0446 
 2.3712 
 1.7182 
 1.0856 
 0.4734 
 -0.1184 
 -0.6897 
 -1.2407 
 -1.7712 
 -2.2814 
 -2.7711 
 -3.2405 
 -3.6894 
 -4.1179 
 -4.5261 
 -4.9138 
 -5.2811 
 -5.6280 
 -5.9545 
 -6.2606 
 -6.5463 
 -6.8115 
 -7.0564 
 -7.2809 
 -7.4850 
 -7.6686 
 -7.8319 
 -7.9747 
 -8.0971 
 -8.1992 
 -8.2808 
 -8.3420 
 -8.3828 
 -8.4032 
 -8.4032 
 -8.3828 
 -8.3420 
 -8.2808 
 -8.1992 
 -8.0971 
 -7.9747 
 -7.8319 
 -7.6686 
 -7.4850 
 -7.2809 
 -7.0564 
 -6.8115 
 -6.5463 
 -6.2606 
 -5.9545 
 -5.6280 
 -5.2811 
 -4.9138 
 -4.5261 
 15.8821 
 16.3106 
 16.7595 
 17.2289 
 17.7186 
 18.2288 
 18.7593 
 19.3103 
 19.8816 
 20.4734 
 21.0856 
 21.7182 
 22.3712 
 23.0446 
 23.7384 
 24.4526 
 25.1872 
 25.9423 
 26.7177 
 27.5135 
 28.3298 
 29.1664 
 30.0235 
 30.9009 
 31.7988 
 32.7171 
 33.6557 
 34.6148 
 35.5943 
 36.5942 
 16.8595 
 15.8596 
 14.8801 
 13.9210 
 12.9823 
 12.0641 
 11.1662 
 10.2887 
 9.4317 
 8.5950 
 7.7788 
 6.9830 
 6.2075 
 5.4525 
 4.7179 
 4.0037 
 3.3099 
 2.6365 
 1.9835 
 1.3509 
 0.7387 
 0.1469 
 -0.4244 
 -0.9754 
 -1.5060 
 -2.0161 
 -2.5059 
 -2.9752 
 -3.4241 
 -3.8527 
 -4.2608 
 -4.6485 
 -5.0158 
 -5.3627 
 -5.6892 
 -5.9953 
 -6.2810 
 -6.5463 
 -6.7911 
 -7.0156 
 -7.2197 
 -7.4033 
 -7.5666 
 -7.7094 
 -7.8319 
 -7.9339 
 -8.0155 
 -8.0767 
 -8.1175 
 -8.1379 
 -8.1379 
 -8.1175 
 -8.0767 
 -8.0155 
 -7.9339 
 -7.8319 
 -7.7094 
 -7.5666 
 -7.4033 
 -7.2197 
 -7.0156 
 -6.7911 
 -6.5463 
 -6.2810 
 -5.9953 
 -5.6892 
 -5.3627 
 -5.0158 
 -4.6485 
 -4.2608 
 -3.8527 
 -3.4241 
 -2.9752 
 -2.5059 
 -2.0161 
 18.4940 
 19.0246 
 19.5756 
 20.1469 
 20.7387 
 21.3509 
 21.9835 
 22.6365 
 23.3099 
 24.0037 
 24.7179 
 25.4525 
 26.2075 
 26.9830 
 27.7788 
 28.5950 
 29.4317 
 30.2887 
 31.1662 
 32.0641 
 32.9823 
 33.9210 
 34.8801 
 35.8596 
 36.8595 
 17.1452 
 16.1453 
 15.1658 
 14.2067 
 13.2680 
 12.3498 
 11.4519 
 10.5744 
 9.7174 
 8.8807 
 8.0645 
 7.2686 
 6.4932 
 5.7382 
 5.0036 
 4.2894 
 3.5956 
 2.9222 
 2.2692 
 1.6366 
 1.0244 
 0.4326 
 -0.1388 
 -0.6897 
 -1.2203 
 -1.7304 
 -2.2202 
 -2.6895 
 -3.1385 
 -3.5670 
 -3.9751 
 -4.3628 
 -4.7301 
 -5.0770 
 -5.4035 
 -5.7096 
 -5.9953 
 -6.2606 
 -6.5055 
 -6.7299 
 -6.9340 
 -7.1176 
 -7.2809 
 -7.4237 
 -7.5462 
 -7.6482 
 -7.7298 
 -7.7910 
 -7.8319 
 -7.8523 
 -7.8523 
 -7.8319 
 -7.7910 
 -7.7298 
 -7.6482 
 -7.5462 
 -7.4237 
 -7.2809 
 -7.1176 
 -6.9340 
 -6.7299 
 -6.5055 
 -6.2606 
 -5.9953 
 -5.7096 
 -5.4035 
 -5.0770 
 -4.7301 
 -4.3628 
 -3.9751 
 -3.5670 
 -3.1385 
 -2.6895 
 -2.2202 
 -1.7304 
 -1.2203 
 -0.6897 
 -0.1388 
 0.4326 
 1.0244 
 1.6366 
 22.2692 
 22.9222 
 23.5956 
 24.2894 
 25.0036 
 25.7382 
 26.4932 
 27.2686 
 28.0645 
 28.8807 
 29.7174 
 30.5744 
 31.4519 
 32.3498 
 33.2680 
 34.2067 
 35.1658 
 36.1453 
 37.1452 
 17.4513 
 16.4514 
 15.4719 
 14.5128 
 13.5741 
 12.6559 
 11.7580 
 10.8805 
 10.0235 
 9.1868 
 8.3706 
 7.5747 
 6.7993 
 6.0443 
 5.3097 
 4.5954 
 3.9016 
 3.2282 
 2.5752 
 1.9427 
 1.3305 
 0.7387 
 0.1673 
 -0.3836 
 -0.9142 
 -1.4243 
 -1.9141 
 -2.3834 
 -2.8324 
 -3.2609 
 -3.6690 
 -4.0567 
 -4.4240 
 -4.7709 
 -5.0974 
 -5.4035 
 -5.6892 
 -5.9545 
 -6.1994 
 -6.4238 
 -6.6279 
 -6.8115 
 -6.9748 
 -7.1176 
 -7.2401 
 -7.3421 
 -7.4237 
 -7.4850 
 -7.5258 
 -7.5462 
 -7.5462 
 -7.5258 
 -7.4850 
 -7.4237 
 -7.3421 
 -7.2401 
 -7.1176 
 -6.9748 
 -6.8115 
 -6.6279 
 -6.4238 
 -6.1994 
 -5.9545 
 -5.6892 
 -5.4035 
 -5.0974 
 -4.7709 
 -4.4240 
 -4.0567 
 -3.6690 
 -3.2609 
 -2.8324 
 -2.3834 
 -1.9141 
 -1.4243 
 -0.9142 
 -0.3836 
 0.1673 
 0.7387 
 1.3305 
 1.9427 
 2.5752 
 3.2282 
 3.9016 
 4.5954 
 5.3097 
 6.0443 
 6.7993 
 27.5747 
 28.3706 
 29.1868 
 30.0235 
 30.8805 
 31.7580 
 32.6559 
 33.5741 
 34.5128 
 35.4719 
 36.4514 
 37.4513 
 17.7778 
 16.7779 
 15.7984 
 14.8393 
 13.9006 
 12.9823 
 12.0845 
 11.2070 
 10.3500 
 9.5133 
 8.6971 
 7.9012 
 7.1258 
 6.3708 
 5.6362 
 4.9219 
 4.2281 
 3.5547 
 2.9017 
 2.2692 
 1.6570 
 1.0652 
 0.4938 
 -0.0571 
 -0.5877 
 -1.0978 
 -1.5876 
 -2.0569 
 -2.5059 
 -2.9344 
 -3.3425 
 -3.7302 
 -4.0975 
 -4.4444 
 -4.7709 
 -5.0770 
 -5.3627 
 -5.6280 
 -5.8729 
 -6.0973 
 -6.3014 
 -6.4851 
 -6.6483 
 -6.7911 
 -6.9136 
 -7.0156 
 -7.0972 
 -7.1585 
 -7.1993 
 -7.2197 
 -7.2197 
 -7.1993 
 -7.1585 
 -7.0972 
 -7.0156 
 -6.9136 
 -6.7911 
 -6.6483 
 -6.4851 
 -6.3014 
 -6.0973 
 -5.8729 
 -5.6280 
 -5.3627 
 -5.0770 
 -4.7709 
 -4.4444 
 -4.0975 
 -3.7302 
 -3.3425 
 -2.9344 
 -2.5059 
 -2.0569 
 -1.5876 
 -1.0978 
 -0.5877 
 -0.0571 
 0.4938 
 1.0652 
 1.6570 
 2.2692 
 2.9017 
 3.5547 
 4.2281 
 4.9219 
 5.6362 
 6.3708 
 7.1258 
 7.9012 
 8.6971 
 9.5133 
 10.3500 
 11.2070 
 12.0845 
 12.9823 
 13.9006 
 34.8393 
 35.7984 
 36.7779 
 37.7778 
 18.1247 
 17.1248 
 16.1453 
 15.1862 
 14.2475 
 13.3293 
 12.4314 
 11.5539 
 10.6969 
 9.8602 
 9.0440 
 8.2481 
 7.4727 
 6.7177 
 5.9831 
 5.2689 
 4.5750 
 3.9016 
 3.2486 
 2.6161 
 2.0039 
 1.4121 
 0.8407 
 0.2898 
 -0.2408 
 -0.7509 
 -1.2407 
 -1.7100 
 -2.1590 
 -2.5875 
 -2.9956 
 -3.3833 
 -3.7506 
 -4.0975 
 -4.4240 
 -4.7301 
 -5.0158 
 -5.2811 
 -5.5260 
 -5.7504 
 -5.9545 
 -6.1381 
 -6.3014 
 -6.4442 
 -6.5667 
 -6.6687 
 -6.7503 
 -6.8115 
 -6.8524 
 -6.8728 
 -6.8728 
 -6.8524 
 -6.8115 
 -6.7503 
 -6.6687 
 -6.5667 
 -6.4442 
 -6.3014 
 -6.1381 
 -5.9545 
 -5.7504 
 -5.5260 
 -5.2811 
 -5.0158 
 -4.7301 
 -4.4240 
 -4.0975 
 -3.7506 
 -3.3833 
 -2.9956 
 -2.5875 
 -2.1590 
 -1.7100 
 -1.2407 
 -0.7509 
 -0.2408 
 0.2898 
 0.8407 
 1.4121 
 2.0039 
 2.6161 
 3.2486 
 3.9016 
 4.5750 
 5.2689 
 5.9831 
 6.7177 
 7.4727 
 8.2481 
 9.0440 
 9.8602 
 10.6969 
 11.5539 
 12.4314 
 13.3293 
 14.2475 
 15.1862 
 16.1453 
 17.1248 
 18.1247 
 18.4920 
 17.4921 
 16.5126 
 15.5535 
 14.6148 
 13.6966 
 12.7987 
 11.9212 
 11.0642 
 10.2275 
 9.4113 
 8.6154 
 7.8400 
 7.0850 
 6.3504 
 5.6362 
 4.9424 
 4.2690 
 3.6160 
 2.9834 
 2.3712 
 1.7794 
 1.2080 
 0.6571 
 0.1265 
 -0.3836 
 -0.8734 
 -1.3427 
 -1.7917 
 -2.2202 
 -2.6283 
 -3.0160 
 -3.3833 
 -3.7302 
 -4.0567 
 -4.3628 
 -4.6485 
 -4.9138 
 -5.1587 
 -5.3831 
 -5.5872 
 -5.7708 
 -5.9341 
 -6.0769 
 -6.1994 
 -6.3014 
 -6.3830 
 -6.4442 
 -6.4851 
 -6.5055 
 -6.5055 
 -6.4851 
 -6.4442 
 -6.3830 
 -6.3014 
 -6.1994 
 -6.0769 
 -5.9341 
 -5.7708 
 -5.5872 
 -5.3831 
 -5.1587 
 -4.9138 
 -4.6485 
 -4.3628 
 -4.0567 
 -3.7302 
 -3.3833 
 -3.0160 
 -2.6283 
 -2.2202 
 -1.7917 
 -1.3427 
 -0.8734 
 -0.3836 
 0.1265 
 0.6571 
 1.2080 
 1.7794 
 2.3712 
 2.9834 
 3.6160 
 4.2690 
 4.9424 
 5.6362 
 6.3504 
 7.0850 
 7.8400 
 8.6154 
 9.4113 
 10.2275 
 11.0642 
 11.9212 
 12.7987 
 13.6966 
 14.6148 
 15.5535 
 16.5126 
 17.4921 
 18.4920 
 18.8797 
 17.8798 
 16.9003 
 15.9412 
 15.0026 
 14.0843 
 13.1864 
 12.3089 
 11.4519 
 10.6152 
 9.7990 
 9.0032 
 8.2277 
 7.4727 
 6.7381 
 6.0239 
 5.3301 
 4.6567 
 4.0037 
 3.3711 
 2.7589 
 2.1671 
 1.5958 
 1.0448 
 0.5142 
 0.0041 
 -0.4857 
 -0.9550 
 -1.4039 
 -1.8325 
 -2.2406 
 -2.6283 
 -2.9956 
 -3.3425 
 -3.6690 
 -3.9751 
 -4.2608 
 -4.5261 
 -4.7709 
 -4.9954 
 -5.1995 
 -5.3831 
 -5.5464 
 -5.6892 
 -5.8117 
 -5.9137 
 -5.9953 
 -6.0565 
 -6.0973 
 -6.1177 
 -6.1177 
 -6.0973 
 -6.0565 
 -5.9953 
 -5.9137 
 -5.8117 
 -5.6892 
 -5.5464 
 -5.3831 
 -5.1995 
 -4.9954 
 -4.7709 
 -4.5261 
 -4.2608 
 -3.9751 
 -3.6690 
 -3.3425 
 -2.9956 
 -2.6283 
 -2.2406 
 -1.8325 
 -1.4039 
 -0.9550 
 -0.4857 
 0.0041 
 0.5142 
 1.0448 
 1.5958 
 2.1671 
 2.7589 
 3.3711 
 4.0037 
 4.6567 
 5.3301 
 6.0239 
 6.7381 
 7.4727 
 8.2277 
 9.0032 
 9.7990 
 10.6152 
 11.4519 
 12.3089 
 13.1864 
 14.0843 
 15.0026 
 15.9412 
 16.9003 
 17.8798 
 18.8797 
 19.2878 
 18.2879 
 17.3084 
 16.3494 
 15.4107 
 14.4924 
 13.5945 
 12.7171 
 11.8600 
 11.0234 
 10.2071 
 9.4113 
 8.6359 
 7.8808 
 7.1462 
 6.4320 
 5.7382 
 5.0648 
 4.4118 
 3.7792 
 3.1670 
 2.5752 
 2.0039 
 1.4529 
 0.9224 
 0.4122 
 -0.0775 
 -0.5469 
 -0.9958 
 -1.4243 
 -1.8325 
 -2.2202 
 -2.5875 
 -2.9344 
 -3.2609 
 -3.5670 
 -3.8527 
 -4.1179 
 -4.3628 
 -4.5873 
 -4.7913 
 -4.9750 
 -5.1383 
 -5.2811 
 -5.4035 
 -5.5056 
 -5.5872 
 -5.6484 
 -5.6892 
 -5.7096 
 -5.7096 
 -5.6892 
 -5.6484 
 -5.5872 
 -5.5056 
 -5.4035 
 -5.2811 
 -5.1383 
 -4.9750 
 -4.7913 
 -4.5873 
 -4.3628 
 -4.1179 
 -3.8527 
 -3.5670 
 -3.2609 
 -2.9344 
 -2.5875 
 -2.2202 
 -1.8325 
 -1.4243 
 -0.9958 
 -0.5469 
 -0.0775 
 0.4122 
 0.9224 
 1.4529 
 2.0039 
 2.5752 
 3.1670 
 3.7792 
 4.4118 
 5.0648 
 5.7382 
 6.4320 
 7.1462 
 7.8808 
 8.6359 
 9.4113 
 10.2071 
 11.0234 
 11.8600 
 12.7171 
 13.5945 
 14.4924 
 15.4107 
 16.3494 
 17.3084 
 18.2879 
 19.2878 
 19.7164 
 18.7165 
 17.7370 
 16.7779 
 15.8392 
 14.9209 
 14.0231 
 13.1456 
 12.2885 
 11.4519 
 10.6356 
 9.8398 
 9.0644 
 8.3094 
 7.5747 
 6.8605 
 6.1667 
 5.4933 
 4.8403 
 4.2077 
 3.5956 
 3.0038 
 2.4324 
 1.8814 
 1.3509 
 0.8407 
 0.3510 
 -0.1184 
 -0.5673 
 -0.9958 
 -1.4039 
 -1.7917 
 -2.1590 
 -2.5059 
 -2.8324 
 -3.1385 
 -3.4241 
 -3.6894 
 -3.9343 
 -4.1588 
 -4.3628 
 -4.5465 
 -4.7097 
 -4.8526 
 -4.9750 
 -5.0770 
 -5.1587 
 -5.2199 
 -5.2607 
 -5.2811 
 -5.2811 
 -5.2607 
 -5.2199 
 -5.1587 
 -5.0770 
 -4.9750 
 -4.8526 
 -4.7097 
 -4.5465 
 -4.3628 
 -4.1588 
 -3.9343 
 -3.6894 
 -3.4241 
 -3.1385 
 -2.8324 
 -2.5059 
 -2.1590 
 -1.7917 
 -1.4039 
 -0.9958 
 -0.5673 
 -0.1184 
 0.3510 
 0.8407 
 1.3509 
 1.8814 
 2.4324 
 3.0038 
 3.5956 
 4.2077 
 4.8403 
 5.4933 
 6.1667 
 6.8605 
 7.5747 
 8.3094 
 9.0644 
 9.8398 
 10.6356 
 11.4519 
 12.2885 
 13.1456 
 14.0231 
 14.9209 
 15.8392 
 16.7779 
 17.7370 
 18.7165 
 19.7164 
 20.1653 
 19.1654 
 18.1859 
 17.2268 
 16.2881 
 15.3699 
 14.4720 
 13.5945 
 12.7375 
 11.9008 
 11.0846 
 10.2887 
 9.5133 
 8.7583 
 8.0237 
 7.3095 
 6.6157 
 5.9423 
 5.2893 
 4.6567 
 4.0445 
 3.4527 
 2.8813 
 2.3304 
 1.7998 
 1.2897 
 0.7999 
 0.3306 
 -0.1184 
 -0.5469 
 -0.9550 
 -1.3427 
 -1.7100 
 -2.0569 
 -2.3834 
 -2.6895 
 -2.9752 
 -3.2405 
 -3.4854 
 -3.7098 
 -3.9139 
 -4.0975 
 -4.2608 
 -4.4036 
 -4.5261 
 -4.6281 
 -4.7097 
 -4.7709 
 -4.8118 
 -4.8322 
 -4.8322 
 -4.8118 
 -4.7709 
 -4.7097 
 -4.6281 
 -4.5261 
 -4.4036 
 -4.2608 
 -4.0975 
 -3.9139 
 -3.7098 
 -3.4854 
 -3.2405 
 -2.9752 
 -2.6895 
 -2.3834 
 -2.0569 
 -1.7100 
 -1.3427 
 -0.9550 
 -0.5469 
 -0.1184 
 0.3306 
 0.7999 
 1.2897 
 1.7998 
 2.3304 
 2.8813 
 3.4527 
 4.0445 
 4.6567 
 5.2893 
 5.9423 
 6.6157 
 7.3095 
 8.0237 
 8.7583 
 9.5133 
 10.2887 
 11.0846 
 11.9008 
 12.7375 
 13.5945 
 14.4720 
 15.3699 
 16.2881 
 17.2268 
 18.1859 
 19.1654 
 20.1653 
 20.6346 
 19.6347 
 18.6552 
 17.6962 
 16.7575 
 15.8392 
 14.9413 
 14.0639 
 13.2068 
 12.3702 
 11.5539 
 10.7581 
 9.9827 
 9.2276 
 8.4930 
 7.7788 
 7.0850 
 6.4116 
 5.7586 
 5.1260 
 4.5138 
 3.9220 
 3.3507 
 2.7997 
 2.2692 
 1.7590 
 1.2693 
 0.7999 
 0.3510 
 -0.0775 
 -0.4857 
 -0.8734 
 -1.2407 
 -1.5876 
 -1.9141 
 -2.2202 
 -2.5059 
 -2.7711 
 -3.0160 
 -3.2405 
 -3.4445 
 -3.6282 
 -3.7914 
 -3.9343 
 -4.0567 
 -4.1588 
 -4.2404 
 -4.3016 
 -4.3424 
 -4.3628 
 -4.3628 
 -4.3424 
 -4.3016 
 -4.2404 
 -4.1588 
 -4.0567 
 -3.9343 
 -3.7914 
 -3.6282 
 -3.4445 
 -3.2405 
 -3.0160 
 -2.7711 
 -2.5059 
 -2.2202 
 -1.9141 
 -1.5876 
 -1.2407 
 -0.8734 
 -0.4857 
 -0.0775 
 0.3510 
 0.7999 
 1.2693 
 1.7590 
 2.2692 
 2.7997 
 3.3507 
 3.9220 
 4.5138 
 5.1260 
 5.7586 
 6.4116 
 7.0850 
 7.7788 
 8.4930 
 9.2276 
 9.9827 
 10.7581 
 11.5539 
 12.3702 
 13.2068 
 14.0639 
 14.9413 
 15.8392 
 16.7575 
 17.6962 
 18.6552 
 19.6347 
 20.6346 
 21.1244 
 20.1245 
 19.1450 
 18.1859 
 17.2472 
 16.3289 
 15.4311 
 14.5536 
 13.6966 
 12.8599 
 12.0437 
 11.2478 
 10.4724 
 9.7174 
 8.9828 
 8.2685 
 7.5747 
 6.9013 
 6.2483 
 5.6158 
 5.0036 
 4.4118 
 3.8404 
 3.2895 
 2.7589 
 2.2488 
 1.7590 
 1.2897 
 0.8407 
 0.4122 
 0.0041 
 -0.3836 
 -0.7509 
 -1.0978 
 -1.4243 
 -1.7304 
 -2.0161 
 -2.2814 
 -2.5263 
 -2.7507 
 -2.9548 
 -3.1385 
 -3.3017 
 -3.4445 
 -3.5670 
 -3.6690 
 -3.7506 
 -3.8119 
 -3.8527 
 -3.8731 
 -3.8731 
 -3.8527 
 -3.8119 
 -3.7506 
 -3.6690 
 -3.5670 
 -3.4445 
 -3.3017 
 -3.1385 
 -2.9548 
 -2.7507 
 -2.5263 
 -2.2814 
 -2.0161 
 -1.7304 
 -1.4243 
 -1.0978 
 -0.7509 
 -0.3836 
 0.0041 
 0.4122 
 0.8407 
 1.2897 
 1.7590 
 2.2488 
 2.7589 
 3.2895 
 3.8404 
 4.4118 
 5.0036 
 5.6158 
 6.2483 
 6.9013 
 7.5747 
 8.2685 
 8.9828 
 9.7174 
 10.4724 
 11.2478 
 12.0437 
 12.8599 
 13.6966 
 14.5536 
 15.4311 
 16.3289 
 17.2472 
 18.1859 
 19.1450 
 20.1245 
 21.1244 
 21.6345 
 20.6346 
 19.6551 
 18.6961 
 17.7574 
 16.8391 
 15.9412 
 15.0638 
 14.2067 
 13.3701 
 12.5538 
 11.7580 
 10.9826 
 10.2275 
 9.4929 
 8.7787 
 8.0849 
 7.4115 
 6.7585 
 6.1259 
 5.5137 
 4.9219 
 4.3506 
 3.7996 
 3.2691 
 2.7589 
 2.2692 
 1.7998 
 1.3509 
 0.9224 
 0.5142 
 0.1265 
 -0.2408 
 -0.5877 
 -0.9142 
 -1.2203 
 -1.5060 
 -1.7712 
 -2.0161 
 -2.2406 
 -2.4446 
 -2.6283 
 -2.7916 
 -2.9344 
 -3.0568 
 -3.1589 
 -3.2405 
 -3.3017 
 -3.3425 
 -3.3629 
 -3.3629 
 -3.3425 
 -3.3017 
 -3.2405 
 -3.1589 
 -3.0568 
 -2.9344 
 -2.7916 
 -2.6283 
 -2.4446 
 -2.2406 
 -2.0161 
 -1.7712 
 -1.5060 
 -1.2203 
 -0.9142 
 -0.5877 
 -0.2408 
 0.1265 
 0.5142 
 0.9224 
 1.3509 
 1.7998 
 2.2692 
 2.7589 
 3.2691 
 3.7996 
 4.3506 
 4.9219 
 5.5137 
 6.1259 
 6.7585 
 7.4115 
 8.0849 
 8.7787 
 9.4929 
 10.2275 
 10.9826 
 11.7580 
 12.5538 
 13.3701 
 14.2067 
 15.0638 
 15.9412 
 16.8391 
 17.7574 
 18.6961 
 19.6551 
 20.6346 
 21.6345 
 22.1651 
 21.1652 
 20.1857 
 19.2266 
 18.2879 
 17.3697 
 16.4718 
 15.5943 
 14.7373 
 13.9006 
 13.0844 
 12.2885 
 11.5131 
 10.7581 
 10.0235 
 9.3093 
 8.6154 
 7.9420 
 7.2891 
 6.6565 
 6.0443 
 5.4525 
 4.8811 
 4.3302 
 3.7996 
 3.2895 
 2.7997 
 2.3304 
 1.8814 
 1.4529 
 1.0448 
 0.6571 
 0.2898 
 -0.0571 
 -0.3836 
 -0.6897 
 -0.9754 
 -1.2407 
 -1.4856 
 -1.7100 
 -1.9141 
 -2.0977 
 -2.2610 
 -2.4038 
 -2.5263 
 -2.6283 
 -2.7099 
 -2.7711 
 -2.8120 
 -2.8324 
 -2.8324 
 -2.8120 
 -2.7711 
 -2.7099 
 -2.6283 
 -2.5263 
 -2.4038 
 -2.2610 
 -2.0977 
 -1.9141 
 -1.7100 
 -1.4856 
 -1.2407 
 -0.9754 
 -0.6897 
 -0.3836 
 -0.0571 
 0.2898 
 0.6571 
 1.0448 
 1.4529 
 1.8814 
 2.3304 
 2.7997 
 3.2895 
 3.7996 
 4.3302 
 4.8811 
 5.4525 
 6.0443 
 6.6565 
 7.2891 
 7.9420 
 8.6154 
 9.3093 
 10.0235 
 10.7581 
 11.5131 
 12.2885 
 13.0844 
 13.9006 
 14.7373 
 15.5943 
 16.4718 
 17.3697 
 18.2879 
 19.2266 
 20.1857 
 21.1652 
 22.1651 
 22.7160 
 21.7162 
 20.7367 
 19.7776 
 18.8389 
 17.9206 
 17.0228 
 16.1453 
 15.2882 
 14.4516 
 13.6353 
 12.8395 
 12.0641 
 11.3091 
 10.5744 
 9.8602 
 9.1664 
 8.4930 
 7.8400 
 7.2074 
 6.5952 
 6.0035 
 5.4321 
 4.8811 
 4.3506 
 3.8404 
 3.3507 
 2.8813 
 2.4324 
 2.0039 
 1.5958 
 1.2080 
 0.8407 
 0.4938 
 0.1673 
 -0.1388 
 -0.4244 
 -0.6897 
 -0.9346 
 -1.1591 
 -1.3631 
 -1.5468 
 -1.7100 
 -1.8529 
 -1.9753 
 -2.0773 
 -2.1590 
 -2.2202 
 -2.2610 
 -2.2814 
 -2.2814 
 -2.2610 
 -2.2202 
 -2.1590 
 -2.0773 
 -1.9753 
 -1.8529 
 -1.7100 
 -1.5468 
 -1.3631 
 -1.1591 
 -0.9346 
 -0.6897 
 -0.4244 
 -0.1388 
 0.1673 
 0.4938 
 0.8407 
 1.2080 
 1.5958 
 2.0039 
 2.4324 
 2.8813 
 3.3507 
 3.8404 
 4.3506 
 4.8811 
 5.4321 
 6.0035 
 6.5952 
 7.2074 
 7.8400 
 8.4930 
 9.1664 
 9.8602 
 10.5744 
 11.3091 
 12.0641 
 12.8395 
 13.6353 
 14.4516 
 15.2882 
 16.1453 
 17.0228 
 17.9206 
 18.8389 
 19.7776 
 20.7367 
 21.7162 
 22.7160 
 23.2874 
 22.2875 
 21.3080 
 20.3489 
 19.4103 
 18.4920 
 17.5941 
 16.7167 
 15.8596 
 15.0230 
 14.2067 
 13.4109 
 12.6354 
 11.8804 
 11.1458 
 10.4316 
 9.7378 
 9.0644 
 8.4114 
 7.7788 
 7.1666 
 6.5748 
 6.0035 
 5.4525 
 4.9219 
 4.4118 
 3.9220 
 3.4527 
 3.0038 
 2.5752 
 2.1671 
 1.7794 
 1.4121 
 1.0652 
 0.7387 
 0.4326 
 0.1469 
 -0.1184 
 -0.3632 
 -0.5877 
 -0.7918 
 -0.9754 
 -1.1387 
 -1.2815 
 -1.4039 
 -1.5060 
 -1.5876 
 -1.6488 
 -1.6896 
 -1.7100 
 -1.7100 
 -1.6896 
 -1.6488 
 -1.5876 
 -1.5060 
 -1.4039 
 -1.2815 
 -1.1387 
 -0.9754 
 -0.7918 
 -0.5877 
 -0.3632 
 -0.1184 
 0.1469 
 0.4326 
 0.7387 
 1.0652 
 1.4121 
 1.7794 
 2.1671 
 2.5752 
 3.0038 
 3.4527 
 3.9220 
 4.4118 
 4.9219 
 5.4525 
 6.0035 
 6.5748 
 7.1666 
 7.7788 
 8.4114 
 9.0644 
 9.7378 
 10.4316 
 11.1458 
 11.8804 
 12.6354 
 13.4109 
 14.2067 
 15.0230 
 15.8596 
 16.7167 
 17.5941 
 18.4920 
 19.4103 
 20.3489 
 21.3080 
 22.2875 
 23.2874 
 23.8792 
 22.8793 
 21.8998 
 20.9407 
 20.0020 
 19.0838 
 18.1859 
 17.3084 
 16.4514 
 15.6147 
 14.7985 
 14.0027 
 13.2272 
 12.4722 
 11.7376 
 11.0234 
 10.3296 
 9.6562 
 9.0032 
 8.3706 
 7.7584 
 7.1666 
 6.5952 
 6.0443 
 5.5137 
 5.0036 
 4.5138 
 4.0445 
 3.5956 
 3.1670 
 2.7589 
 2.3712 
 2.0039 
 1.6570 
 1.3305 
 1.0244 
 0.7387 
 0.4734 
 0.2285 
 0.0041 
 -0.2000 
 -0.3836 
 -0.5469 
 -0.6897 
 -0.8122 
 -0.9142 
 -0.9958 
 -1.0570 
 -1.0978 
 -1.1183 
 -1.1183 
 -1.0978 
 -1.0570 
 -0.9958 
 -0.9142 
 -0.8122 
 -0.6897 
 -0.5469 
 -0.3836 
 -0.2000 
 0.0041 
 0.2285 
 0.4734 
 0.7387 
 1.0244 
 1.3305 
 1.6570 
 2.0039 
 2.3712 
 2.7589 
 3.1670 
 3.5956 
 4.0445 
 4.5138 
 5.0036 
 5.5137 
 6.0443 
 6.5952 
 7.1666 
 7.7584 
 8.3706 
 9.0032 
 9.6562 
 10.3296 
 11.0234 
 11.7376 
 12.4722 
 13.2272 
 14.0027 
 14.7985 
 15.6147 
 16.4514 
 17.3084 
 18.1859 
 19.0838 
 20.0020 
 20.9407 
 21.8998 
 22.8793 
 23.8792 
 24.4914 
 23.4915 
 22.5120 
 21.5529 
 20.6142 
 19.6959 
 18.7981 
 17.9206 
 17.0636 
 16.2269 
 15.4107 
 14.6148 
 13.8394 
 13.0844 
 12.3498 
 11.6355 
 10.9417 
 10.2683 
 9.6153 
 8.9828 
 8.3706 
 7.7788 
 7.2074 
 6.6565 
 6.1259 
 5.6158 
 5.1260 
 4.6567 
 4.2077 
 3.7792 
 3.3711 
 2.9834 
 2.6161 
 2.2692 
 1.9427 
 1.6366 
 1.3509 
 1.0856 
 0.8407 
 0.6163 
 0.4122 
 0.2285 
 0.0653 
 -0.0775 
 -0.2000 
 -0.3020 
 -0.3836 
 -0.4449 
 -0.4857 
 -0.5061 
 -0.5061 
 -0.4857 
 -0.4449 
 -0.3836 
 -0.3020 
 -0.2000 
 -0.0775 
 0.0653 
 0.2285 
 0.4122 
 0.6163 
 0.8407 
 1.0856 
 1.3509 
 1.6366 
 1.9427 
 2.2692 
 2.6161 
 2.9834 
 3.3711 
 3.7792 
 4.2077 
 4.6567 
 5.1260 
 5.6158 
 6.1259 
 6.6565 
 7.2074 
 7.7788 
 8.3706 
 8.9828 
 9.6153 
 10.2683 
 10.9417 
 11.6355 
 12.3498 
 13.0844 
 13.8394 
 14.6148 
 15.4107 
 16.2269 
 17.0636 
 17.9206 
 18.7981 
 19.6959 
 20.6142 
 21.5529 
 22.5120 
 23.4915 
 24.4914 
 25.1240 
 24.1241 
 23.1446 
 22.1855 
 21.2468 
 20.3285 
 19.4307 
 18.5532 
 17.6962 
 16.8595 
 16.0433 
 15.2474 
 14.4720 
 13.7170 
 12.9823 
 12.2681 
 11.5743 
 10.9009 
 10.2479 
 9.6153 
 9.0032 
 8.4114 
 7.8400 
 7.2891 
 6.7585 
 6.2483 
 5.7586 
 5.2893 
 4.8403 
 4.4118 
 4.0037 
 3.6160 
 3.2486 
 2.9017 
 2.5752 
 2.2692 
 1.9835 
 1.7182 
 1.4733 
 1.2489 
 1.0448 
 0.8611 
 0.6979 
 0.5550 
 0.4326 
 0.3306 
 0.2490 
 0.1877 
 0.1469 
 0.1265 
 0.1265 
 0.1469 
 0.1877 
 0.2490 
 0.3306 
 0.4326 
 0.5550 
 0.6979 
 0.8611 
 1.0448 
 1.2489 
 1.4733 
 1.7182 
 1.9835 
 2.2692 
 2.5752 
 2.9017 
 3.2486 
 3.6160 
 4.0037 
 4.4118 
 4.8403 
 5.2893 
 5.7586 
 6.2483 
 6.7585 
 7.2891 
 7.8400 
 8.4114 
 9.0032 
 9.6153 
 10.2479 
 10.9009 
 11.5743 
 12.2681 
 12.9823 
 13.7170 
 14.4720 
 15.2474 
 16.0433 
 16.8595 
 17.6962 
 18.5532 
 19.4307 
 20.3285 
 21.2468 
 22.1855 
 23.1446 
 24.1241 
 25.1240 
 25.7770 
 24.7771 
 23.7976 
 22.8385 
 21.8998 
 20.9815 
 20.0837 
 19.2062 
 18.3491 
 17.5125 
 16.6963 
 15.9004 
 15.1250 
 14.3700 
 13.6353 
 12.9211 
 12.2273 
 11.5539 
 10.9009 
 10.2683 
 9.6562 
 9.0644 
 8.4930 
 7.9420 
 7.4115 
 6.9013 
 6.4116 
 5.9423 
 5.4933 
 5.0648 
 4.6567 
 4.2690 
 3.9016 
 3.5547 
 3.2282 
 2.9222 
 2.6365 
 2.3712 
 2.1263 
 1.9018 
 1.6978 
 1.5141 
 1.3509 
 1.2080 
 1.0856 
 0.9836 
 0.9019 
 0.8407 
 0.7999 
 0.7795 
 0.7795 
 0.7999 
 0.8407 
 0.9019 
 0.9836 
 1.0856 
 1.2080 
 1.3509 
 1.5141 
 1.6978 
 1.9018 
 2.1263 
 2.3712 
 2.6365 
 2.9222 
 3.2282 
 3.5547 
 3.9016 
 4.2690 
 4.6567 
 5.0648 
 5.4933 
 5.9423 
 6.4116 
 6.9013 
 7.4115 
 7.9420 
 8.4930 
 9.0644 
 9.6562 
 10.2683 
 10.9009 
 11.5539 
 12.2273 
 12.9211 
 13.6353 
 14.3700 
 15.1250 
 15.9004 
 16.6963 
 17.5125 
 18.3491 
 19.2062 
 20.0837 
 20.9815 
 21.8998 
 22.8385 
 23.7976 
 24.7771 
 25.7770 
 26.4504 
 25.4505 
 24.4710 
 23.5119 
 22.5732 
 21.6549 
 20.7571 
 19.8796 
 19.0225 
 18.1859 
 17.3697 
 16.5738 
 15.7984 
 15.0434 
 14.3087 
 13.5945 
 12.9007 
 12.2273 
 11.5743 
 10.9417 
 10.3296 
 9.7378 
 9.1664 
 8.6154 
 8.0849 
 7.5747 
 7.0850 
 6.6157 
 6.1667 
 5.7382 
 5.3301 
 4.9424 
 4.5750 
 4.2281 
 3.9016 
 3.5956 
 3.3099 
 3.0446 
 2.7997 
 2.5752 
 2.3712 
 2.1875 
 2.0243 
 1.8814 
 1.7590 
 1.6570 
 1.5753 
 1.5141 
 1.4733 
 1.4529 
 1.4529 
 1.4733 
 1.5141 
 1.5753 
 1.6570 
 1.7590 
 1.8814 
 2.0243 
 2.1875 
 2.3712 
 2.5752 
 2.7997 
 3.0446 
 3.3099 
 3.5956 
 3.9016 
 4.2281 
 4.5750 
 4.9424 
 5.3301 
 5.7382 
 6.1667 
 6.6157 
 7.0850 
 7.5747 
 8.0849 
 8.6154 
 9.1664 
 9.7378 
 10.3296 
 10.9417 
 11.5743 
 12.2273 
 12.9007 
 13.5945 
 14.3087 
 15.0434 
 15.7984 
 16.5738 
 17.3697 
 18.1859 
 19.0225 
 19.8796 
 20.7571 
 21.6549 
 22.5732 
 23.5119 
 24.4710 
 25.4505 
 26.4504 
 27.1442 
 26.1443 
 25.1648 
 24.2057 
 23.2670 
 22.3487 
 21.4509 
 20.5734 
 19.7164 
 18.8797 
 18.0635 
 17.2676 
 16.4922 
 15.7372 
 15.0026 
 14.2883 
 13.5945 
 12.9211 
 12.2681 
 11.6355 
 11.0234 
 10.4316 
 9.8602 
 9.3093 
 8.7787 
 8.2685 
 7.7788 
 7.3095 
 6.8605 
 6.4320 
 6.0239 
 5.6362 
 5.2689 
 4.9219 
 4.5954 
 4.2894 
 4.0037 
 3.7384 
 3.4935 
 3.2691 
 3.0650 
 2.8813 
 2.7181 
 2.5752 
 2.4528 
 2.3508 
 2.2692 
 2.2079 
 2.1671 
 2.1467 
 2.1467 
 2.1671 
 2.2079 
 2.2692 
 2.3508 
 2.4528 
 2.5752 
 2.7181 
 2.8813 
 3.0650 
 3.2691 
 3.4935 
 3.7384 
 4.0037 
 4.2894 
 4.5954 
 4.9219 
 5.2689 
 5.6362 
 6.0239 
 6.4320 
 6.8605 
 7.3095 
 7.7788 
 8.2685 
 8.7787 
 9.3093 
 9.8602 
 10.4316 
 11.0234 
 11.6355 
 12.2681 
 12.9211 
 13.5945 
 14.2883 
 15.0026 
 15.7372 
 16.4922 
 17.2676 
 18.0635 
 18.8797 
 19.7164 
 20.5734 
 21.4509 
 22.3487 
 23.2670 
 24.2057 
 25.1648 
 26.1443 
 27.1442 
 27.8584 
 26.8585 
 25.8790 
 24.9199 
 23.9812 
 23.0630 
 22.1651 
 21.2876 
 20.4306 
 19.5939 
 18.7777 
 17.9818 
 17.2064 
 16.4514 
 15.7168 
 15.0026 
 14.3087 
 13.6353 
 12.9823 
 12.3498 
 11.7376 
 11.1458 
 10.5744 
 10.0235 
 9.4929 
 8.9828 
 8.4930 
 8.0237 
 7.5747 
 7.1462 
 6.7381 
 6.3504 
 5.9831 
 5.6362 
 5.3097 
 5.0036 
 4.7179 
 4.4526 
 4.2077 
 3.9833 
 3.7792 
 3.5956 
 3.4323 
 3.2895 
 3.1670 
 3.0650 
 2.9834 
 2.9222 
 2.8813 
 2.8609 
 2.8609 
 2.8813 
 2.9222 
 2.9834 
 3.0650 
 3.1670 
 3.2895 
 3.4323 
 3.5956 
 3.7792 
 3.9833 
 4.2077 
 4.4526 
 4.7179 
 5.0036 
 5.3097 
 5.6362 
 5.9831 
 6.3504 
 6.7381 
 7.1462 
 7.5747 
 8.0237 
 8.4930 
 8.9828 
 9.4929 
 10.0235 
 10.5744 
 11.1458 
 11.7376 
 12.3498 
 12.9823 
 13.6353 
 14.3087 
 15.0026 
 15.7168 
 16.4514 
 17.2064 
 17.9818 
 18.7777 
 19.5939 
 20.4306 
 21.2876 
 22.1651 
 23.0630 
 23.9812 
 24.9199 
 25.8790 
 26.8585 
 27.8584 
 28.5930 
 27.5931 
 26.6136 
 25.6545 
 24.7158 
 23.7976 
 22.8997 
 22.0222 
 21.1652 
 20.3285 
 19.5123 
 18.7165 
 17.9410 
 17.1860 
 16.4514 
 15.7372 
 15.0434 
 14.3700 
 13.7170 
 13.0844 
 12.4722 
 11.8804 
 11.3091 
 10.7581 
 10.2275 
 9.7174 
 9.2276 
 8.7583 
 8.3094 
 7.8808 
 7.4727 
 7.0850 
 6.7177 
 6.3708 
 6.0443 
 5.7382 
 5.4525 
 5.1872 
 4.9424 
 4.7179 
 4.5138 
 4.3302 
 4.1669 
 4.0241 
 3.9016 
 3.7996 
 3.7180 
 3.6568 
 3.6160 
 3.5956 
 3.5956 
 3.6160 
 3.6568 
 3.7180 
 3.7996 
 3.9016 
 4.0241 
 4.1669 
 4.3302 
 4.5138 
 4.7179 
 4.9424 
 5.1872 
 5.4525 
 5.7382 
 6.0443 
 6.3708 
 6.7177 
 7.0850 
 7.4727 
 7.8808 
 8.3094 
 8.7583 
 9.2276 
 9.7174 
 10.2275 
 10.7581 
 11.3091 
 11.8804 
 12.4722 
 13.0844 
 13.7170 
 14.3700 
 15.0434 
 15.7372 
 16.4514 
 17.1860 
 17.9410 
 18.7165 
 19.5123 
 20.3285 
 21.1652 
 22.0222 
 22.8997 
 23.7976 
 24.7158 
 25.6545 
 26.6136 
 27.5931 
 28.5930 
 29.3480 
 28.3481 
 27.3686 
 26.4096 
 25.4709 
 24.5526 
 23.6547 
 22.7773 
 21.9202 
 21.0836 
 20.2673 
 19.4715 
 18.6961 
 17.9410 
 17.2064 
 16.4922 
 15.7984 
 15.1250 
 14.4720 
 13.8394 
 13.2272 
 12.6354 
 12.0641 
 11.5131 
 10.9826 
 10.4724 
 9.9827 
 9.5133 
 9.0644 
 8.6359 
 8.2277 
 7.8400 
 7.4727 
 7.1258 
 6.7993 
 6.4932 
 6.2075 
 5.9423 
 5.6974 
 5.4729 
 5.2689 
 5.0852 
 4.9219 
 4.7791 
 4.6567 
 4.5546 
 4.4730 
 4.4118 
 4.3710 
 4.3506 
 4.3506 
 4.3710 
 4.4118 
 4.4730 
 4.5546 
 4.6567 
 4.7791 
 4.9219 
 5.0852 
 5.2689 
 5.4729 
 5.6974 
 5.9423 
 6.2075 
 6.4932 
 6.7993 
 7.1258 
 7.4727 
 7.8400 
 8.2277 
 8.6359 
 9.0644 
 9.5133 
 9.9827 
 10.4724 
 10.9826 
 11.5131 
 12.0641 
 12.6354 
 13.2272 
 13.8394 
 14.4720 
 15.1250 
 15.7984 
 16.4922 
 17.2064 
 17.9410 
 18.6961 
 19.4715 
 20.2673 
 21.0836 
 21.9202 
 22.7773 
 23.6547 
 24.5526 
 25.4709 
 26.4096 
 27.3686 
 28.3481 
 29.3480 
 30.1235 
 29.1236 
 28.1441 
 27.1850 
 26.2463 
 25.3280 
 24.4302 
 23.5527 
 22.6956 
 21.8590 
 21.0428 
 20.2469 
 19.4715 
 18.7165 
 17.9818 
 17.2676 
 16.5738 
 15.9004 
 15.2474 
 14.6148 
 14.0027 
 13.4109 
 12.8395 
 12.2885 
 11.7580 
 11.2478 
 10.7581 
 10.2887 
 9.8398 
 9.4113 
 9.0032 
 8.6154 
 8.2481 
 7.9012 
 7.5747 
 7.2686 
 6.9830 
 6.7177 
 6.4728 
 6.2483 
 6.0443 
 5.8606 
 5.6974 
 5.5545 
 5.4321 
 5.3301 
 5.2484 
 5.1872 
 5.1464 
 5.1260 
 5.1260 
 5.1464 
 5.1872 
 5.2484 
 5.3301 
 5.4321 
 5.5545 
 5.6974 
 5.8606 
 6.0443 
 6.2483 
 6.4728 
 6.7177 
 6.9830 
 7.2686 
 7.5747 
 7.9012 
 8.2481 
 8.6154 
 9.0032 
 9.4113 
 9.8398 
 10.2887 
 10.7581 
 11.2478 
 11.7580 
 12.2885 
 12.8395 
 13.4109 
 14.0027 
 14.6148 
 15.2474 
 15.9004 
 16.5738 
 17.2676 
 17.9818 
 18.7165 
 19.4715 
 20.2469 
 21.0428 
 21.8590 
 22.6956 
 23.5527 
 24.4302 
 25.3280 
 26.2463 
 27.1850 
 28.1441 
 29.1236 
 30.1235 
 30.9193 
 29.9194 
 28.9399 
 27.9808 
 27.0421 
 26.1239 
 25.2260 
 24.3485 
 23.4915 
 22.6548 
 21.8386 
 21.0428 
 20.2673 
 19.5123 
 18.7777 
 18.0635 
 17.3697 
 16.6963 
 16.0433 
 15.4107 
 14.7985 
 14.2067 
 13.6353 
 13.0844 
 12.5538 
 12.0437 
 11.5539 
 11.0846 
 10.6356 
 10.2071 
 9.7990 
 9.4113 
 9.0440 
 8.6971 
 8.3706 
 8.0645 
 7.7788 
 7.5135 
 7.2686 
 7.0442 
 6.8401 
 6.6565 
 6.4932 
 6.3504 
 6.2279 
 6.1259 
 6.0443 
 5.9831 
 5.9423 
 5.9218 
 5.9218 
 5.9423 
 5.9831 
 6.0443 
 6.1259 
 6.2279 
 6.3504 
 6.4932 
 6.6565 
 6.8401 
 7.0442 
 7.2686 
 7.5135 
 7.7788 
 8.0645 
 8.3706 
 8.6971 
 9.0440 
 9.4113 
 9.7990 
 10.2071 
 10.6356 
 11.0846 
 11.5539 
 12.0437 
 12.5538 
 13.0844 
 13.6353 
 14.2067 
 14.7985 
 15.4107 
 16.0433 
 16.6963 
 17.3697 
 18.0635 
 18.7777 
 19.5123 
 20.2673 
 21.0428 
 21.8386 
 22.6548 
 23.4915 
 24.3485 
 25.2260 
 26.1239 
 27.0421 
 27.9808 
 28.9399 
 29.9194 
 30.9193 
 31.7355 
 30.7356 
 29.7561 
 28.7971 
 27.8584 
 26.9401 
 26.0422 
 25.1648 
 24.3077 
 23.4711 
 22.6548 
 21.8590 
 21.0836 
 20.3285 
 19.5939 
 18.8797 
 18.1859 
 17.5125 
 16.8595 
 16.2269 
 15.6147 
 15.0230 
 14.4516 
 13.9006 
 13.3701 
 12.8599 
 12.3702 
 11.9008 
 11.4519 
 11.0234 
 10.6152 
 10.2275 
 9.8602 
 9.5133 
 9.1868 
 8.8807 
 8.5950 
 8.3298 
 8.0849 
 7.8604 
 7.6564 
 7.4727 
 7.3095 
 7.1666 
 7.0442 
 6.9421 
 6.8605 
 6.7993 
 6.7585 
 6.7381 
 6.7381 
 6.7585 
 6.7993 
 6.8605 
 6.9421 
 7.0442 
 7.1666 
 7.3095 
 7.4727 
 7.6564 
 7.8604 
 8.0849 
 8.3298 
 8.5950 
 8.8807 
 9.1868 
 9.5133 
 9.8602 
 10.2275 
 10.6152 
 11.0234 
 11.4519 
 11.9008 
 12.3702 
 12.8599 
 13.3701 
 13.9006 
 14.4516 
 15.0230 
 15.6147 
 16.2269 
 16.8595 
 17.5125 
 18.1859 
 18.8797 
 19.5939 
 20.3285 
 21.0836 
 21.8590 
 22.6548 
 23.4711 
 24.3077 
 25.1648 
 26.0422 
 26.9401 
 27.8584 
 28.7971 
 29.7561 
 30.7356 
 31.7355 
 32.5722 
 31.5723 
 30.5928 
 29.6337 
 28.6950 
 27.7768 
 26.8789 
 26.0014 
 25.1444 
 24.3077 
 23.4915 
 22.6956 
 21.9202 
 21.1652 
 20.4306 
 19.7164 
 19.0225 
 18.3491 
 17.6962 
 17.0636 
 16.4514 
 15.8596 
 15.2882 
 14.7373 
 14.2067 
 13.6966 
 13.2068 
 12.7375 
 12.2885 
 11.8600 
 11.4519 
 11.0642 
 10.6969 
 10.3500 
 10.0235 
 9.7174 
 9.4317 
 9.1664 
 8.9215 
 8.6971 
 8.4930 
 8.3094 
 8.1461 
 8.0033 
 7.8808 
 7.7788 
 7.6972 
 7.6360 
 7.5951 
 7.5747 
 7.5747 
 7.5951 
 7.6360 
 7.6972 
 7.7788 
 7.8808 
 8.0033 
 8.1461 
 8.3094 
 8.4930 
 8.6971 
 8.9215 
 9.1664 
 9.4317 
 9.7174 
 10.0235 
 10.3500 
 10.6969 
 11.0642 
 11.4519 
 11.8600 
 12.2885 
 12.7375 
 13.2068 
 13.6966 
 14.2067 
 14.7373 
 15.2882 
 15.8596 
 16.4514 
 17.0636 
 17.6962 
 18.3491 
 19.0225 
 19.7164 
 20.4306 
 21.1652 
 21.9202 
 22.6956 
 23.4915 
 24.3077 
 25.1444 
 26.0014 
 26.8789 
 27.7768 
 28.6950 
 29.6337 
 30.5928 
 31.5723 
 32.5722 
 33.4292 
 32.4293 
 31.4499 
 30.4908 
 29.5521 
 28.6338 
 27.7359 
 26.8585 
 26.0014 
 25.1648 
 24.3485 
 23.5527 
 22.7773 
 22.0222 
 21.2876 
 20.5734 
 19.8796 
 19.2062 
 18.5532 
 17.9206 
 17.3084 
 16.7167 
 16.1453 
 15.5943 
 15.0638 
 14.5536 
 14.0639 
 13.5945 
 13.1456 
 12.7171 
 12.3089 
 11.9212 
 11.5539 
 11.2070 
 10.8805 
 10.5744 
 10.2887 
 10.0235 
 9.7786 
 9.5541 
 9.3501 
 9.1664 
 9.0032 
 8.8603 
 8.7379 
 8.6359 
 8.5542 
 8.4930 
 8.4522 
 8.4318 
 8.4318 
 8.4522 
 8.4930 
 8.5542 
 8.6359 
 8.7379 
 8.8603 
 9.0032 
 9.1664 
 9.3501 
 9.5541 
 9.7786 
 10.0235 
 10.2887 
 10.5744 
 10.8805 
 11.2070 
 11.5539 
 11.9212 
 12.3089 
 12.7171 
 13.1456 
 13.5945 
 14.0639 
 14.5536 
 15.0638 
 15.5943 
 16.1453 
 16.7167 
 17.3084 
 17.9206 
 18.5532 
 19.2062 
 19.8796 
 20.5734 
 21.2876 
 22.0222 
 22.7773 
 23.5527 
 24.3485 
 25.1648 
 26.0014 
 26.8585 
 27.7359 
 28.6338 
 29.5521 
 30.4908 
 31.4499 
 32.4293 
 33.4292 
 34.3067 
 33.3068 
 32.3273 
 31.3682 
 30.4295 
 29.5113 
 28.6134 
 27.7359 
 26.8789 
 26.0422 
 25.2260 
 24.4302 
 23.6547 
 22.8997 
 22.1651 
 21.4509 
 20.7571 
 20.0837 
 19.4307 
 18.7981 
 18.1859 
 17.5941 
 17.0228 
 16.4718 
 15.9412 
 15.4311 
 14.9413 
 14.4720 
 14.0231 
 13.5945 
 13.1864 
 12.7987 
 12.4314 
 12.0845 
 11.7580 
 11.4519 
 11.1662 
 10.9009 
 10.6561 
 10.4316 
 10.2275 
 10.0439 
 9.8806 
 9.7378 
 9.6153 
 9.5133 
 9.4317 
 9.3705 
 9.3297 
 9.3093 
 9.3093 
 9.3297 
 9.3705 
 9.4317 
 9.5133 
 9.6153 
 9.7378 
 9.8806 
 10.0439 
 10.2275 
 10.4316 
 10.6561 
 10.9009 
 11.1662 
 11.4519 
 11.7580 
 12.0845 
 12.4314 
 12.7987 
 13.1864 
 13.5945 
 14.0231 
 14.4720 
 14.9413 
 15.4311 
 15.9412 
 16.4718 
 17.0228 
 17.5941 
 18.1859 
 18.7981 
 19.4307 
 20.0837 
 20.7571 
 21.4509 
 22.1651 
 22.8997 
 23.6547 
 24.4302 
 25.2260 
 26.0422 
 26.8789 
 27.7359 
 28.6134 
 29.5113 
 30.4295 
 31.3682 
 32.3273 
 33.3068 
 34.3067 
 35.2046 
 34.2047 
 33.2252 
 32.2661 
 31.3274 
 30.4091 
 29.5113 
 28.6338 
 27.7768 
 26.9401 
 26.1239 
 25.3280 
 24.5526 
 23.7976 
 23.0630 
 22.3487 
 21.6549 
 20.9815 
 20.3285 
 19.6959 
 19.0838 
 18.4920 
 17.9206 
 17.3697 
 16.8391 
 16.3289 
 15.8392 
 15.3699 
 14.9209 
 14.4924 
 14.0843 
 13.6966 
 13.3293 
 12.9823 
 12.6559 
 12.3498 
 12.0641 
 11.7988 
 11.5539 
 11.3295 
 11.1254 
 10.9417 
 10.7785 
 10.6356 
 10.5132 
 10.4112 
 10.3296 
 10.2683 
 10.2275 
 10.2071 
 10.2071 
 10.2275 
 10.2683 
 10.3296 
 10.4112 
 10.5132 
 10.6356 
 10.7785 
 10.9417 
 11.1254 
 11.3295 
 11.5539 
 11.7988 
 12.0641 
 12.3498 
 12.6559 
 12.9823 
 13.3293 
 13.6966 
 14.0843 
 14.4924 
 14.9209 
 15.3699 
 15.8392 
 16.3289 
 16.8391 
 17.3697 
 17.9206 
 18.4920 
 19.0838 
 19.6959 
 20.3285 
 20.9815 
 21.6549 
 22.3487 
 23.0630 
 23.7976 
 24.5526 
 25.3280 
 26.1239 
 26.9401 
 27.7768 
 28.6338 
 29.5113 
 30.4091 
 31.3274 
 32.2661 
 33.2252 
 34.2047 
 35.2046 
 36.1228 
 35.1229 
 34.1435 
 33.1844 
 32.2457 
 31.3274 
 30.4295 
 29.5521 
 28.6950 
 27.8584 
 27.0421 
 26.2463 
 25.4709 
 24.7158 
 23.9812 
 23.2670 
 22.5732 
 21.8998 
 21.2468 
 20.6142 
 20.0020 
 19.4103 
 18.8389 
 18.2879 
 17.7574 
 17.2472 
 16.7575 
 16.2881 
 15.8392 
 15.4107 
 15.0026 
 14.6148 
 14.2475 
 13.9006 
 13.5741 
 13.2680 
 12.9823 
 12.7171 
 12.4722 
 12.2477 
 12.0437 
 11.8600 
 11.6968 
 11.5539 
 11.4315 
 11.3295 
 11.2478 
 11.1866 
 11.1458 
 11.1254 
 11.1254 
 11.1458 
 11.1866 
 11.2478 
 11.3295 
 11.4315 
 11.5539 
 11.6968 
 11.8600 
 12.0437 
 12.2477 
 12.4722 
 12.7171 
 12.9823 
 13.2680 
 13.5741 
 13.9006 
 14.2475 
 14.6148 
 15.0026 
 15.4107 
 15.8392 
 16.2881 
 16.7575 
 17.2472 
 17.7574 
 18.2879 
 18.8389 
 19.4103 
 20.0020 
 20.6142 
 21.2468 
 21.8998 
 22.5732 
 23.2670 
 23.9812 
 24.7158 
 25.4709 
 26.2463 
 27.0421 
 27.8584 
 28.6950 
 29.5521 
 30.4295 
 31.3274 
 32.2457 
 33.1844 
 34.1435 
 35.1229 
 36.1228 
 37.0615 
 36.0616 
 35.0821 
 34.1230 
 33.1844 
 32.2661 
 31.3682 
 30.4908 
 29.6337 
 28.7971 
 27.9808 
 27.1850 
 26.4096 
 25.6545 
 24.9199 
 24.2057 
 23.5119 
 22.8385 
 22.1855 
 21.5529 
 20.9407 
 20.3489 
 19.7776 
 19.2266 
 18.6961 
 18.1859 
 17.6962 
 17.2268 
 16.7779 
 16.3494 
 15.9412 
 15.5535 
 15.1862 
 14.8393 
 14.5128 
 14.2067 
 13.9210 
 13.6557 
 13.4109 
 13.1864 
 12.9823 
 12.7987 
 12.6354 
 12.4926 
 12.3702 
 12.2681 
 12.1865 
 12.1253 
 12.0845 
 12.0641 
 12.0641 
 12.0845 
 12.1253 
 12.1865 
 12.2681 
 12.3702 
 12.4926 
 12.6354 
 12.7987 
 12.9823 
 13.1864 
 13.4109 
 13.6557 
 13.9210 
 14.2067 
 14.5128 
 14.8393 
 15.1862 
 15.5535 
 15.9412 
 16.3494 
 16.7779 
 17.2268 
 17.6962 
 18.1859 
 18.6961 
 19.2266 
 19.7776 
 20.3489 
 20.9407 
 21.5529 
 22.1855 
 22.8385 
 23.5119 
 24.2057 
 24.9199 
 25.6545 
 26.4096 
 27.1850 
 27.9808 
 28.7971 
 29.6337 
 30.4908 
 31.3682 
 32.2661 
 33.1844 
 34.1230 
 35.0821 
 36.0616 
 37.0615 
 38.0206 
 37.0207 
 36.0412 
 35.0821 
 34.1435 
 33.2252 
 32.3273 
 31.4499 
 30.5928 
 29.7561 
 28.9399 
 28.1441 
 27.3686 
 26.6136 
 25.8790 
 25.1648 
 24.4710 
 23.7976 
 23.1446 
 22.5120 
 21.8998 
 21.3080 
 20.7367 
 20.1857 
 19.6551 
 19.1450 
 18.6552 
 18.1859 
 17.7370 
 17.3084 
 16.9003 
 16.5126 
 16.1453 
 15.7984 
 15.4719 
 15.1658 
 14.8801 
 14.6148 
 14.3700 
 14.1455 
 13.9414 
 13.7578 
 13.5945 
 13.4517 
 13.3293 
 13.2272 
 13.1456 
 13.0844 
 13.0436 
 13.0232 
 13.0232 
 13.0436 
 13.0844 
 13.1456 
 13.2272 
 13.3293 
 13.4517 
 13.5945 
 13.7578 
 13.9414 
 14.1455 
 14.3700 
 14.6148 
 14.8801 
 15.1658 
 15.4719 
 15.7984 
 16.1453 
 16.5126 
 16.9003 
 17.3084 
 17.7370 
 18.1859 
 18.6552 
 19.1450 
 19.6551 
 20.1857 
 20.7367 
 21.3080 
 21.8998 
 22.5120 
 23.1446 
 23.7976 
 24.4710 
 25.1648 
 25.8790 
 26.6136 
 27.3686 
 28.1441 
 28.9399 
 29.7561 
 30.5928 
 31.4499 
 32.3273 
 33.2252 
 34.1435 
 35.0821 
 36.0412 
 37.0207 
 38.0206 
 39.0001 
 38.0002 
 37.0207 
 36.0616 
 35.1229 
 34.2047 
 33.3068 
 32.4293 
 31.5723 
 30.7356 
 29.9194 
 29.1236 
 28.3481 
 27.5931 
 26.8585 
 26.1443 
 25.4505 
 24.7771 
 24.1241 
 23.4915 
 22.8793 
 22.2875 
 21.7162 
 21.1652 
 20.6346 
 20.1245 
 19.6347 
 19.1654 
 18.7165 
 18.2879 
 17.8798 
 17.4921 
 17.1248 
 16.7779 
 16.4514 
 16.1453 
 15.8596 
 15.5943 
 15.3495 
 15.1250 
 14.9209 
 14.7373 
 14.5740 
 14.4312 
 14.3087 
 14.2067 
 14.1251 
 14.0639 
 14.0231 
 14.0027 
 14.0027 
 14.0231 
 14.0639 
 14.1251 
 14.2067 
 14.3087 
 14.4312 
 14.5740 
 14.7373 
 14.9209 
 15.1250 
 15.3495 
 15.5943 
 15.8596 
 16.1453 
 16.4514 
 16.7779 
 17.1248 
 17.4921 
 17.8798 
 18.2879 
 18.7165 
 19.1654 
 19.6347 
 20.1245 
 20.6346 
 21.1652 
 21.7162 
 22.2875 
 22.8793 
 23.4915 
 24.1241 
 24.7771 
 25.4505 
 26.1443 
 26.8585 
 27.5931 
 28.3481 
 29.1236 
 29.9194 
 30.7356 
 31.5723 
 32.4293 
 33.3068 
 34.2047 
 35.1229 
 36.0616 
 37.0207 
 38.0002 
 39.0001 
 40.0000 
 39.0001 
 38.0206 
 37.0615 
 36.1228 
 35.2046 
 34.3067 
 33.4292 
 32.5722 
 31.7355 
 30.9193 
 30.1235 
 29.3480 
 28.5930 
 27.8584 
 27.1442 
 26.4504 
 25.7770 
 25.1240 
 24.4914 
 23.8792 
 23.2874 
 22.7160 
 22.1651 
 21.6345 
 21.1244 
 20.6346 
 20.1653 
 19.7164 
 19.2878 
 18.8797 
 18.4920 
 18.1247 
 17.7778 
 17.4513 
 17.1452 
 16.8595 
 16.5942 
 16.3494 
 16.1249 
 15.9208 
 15.7372 
 15.5739 
 15.4311 
 15.3086 
 15.2066 
 15.1250 
 15.0638 
 15.0230 
 15.0026 
 15.0026 
 15.0230 
 15.0638 
 15.1250 
 15.2066 
 15.3086 
 15.4311 
 15.5739 
 15.7372 
 15.9208 
 16.1249 
 16.3494 
 16.5942 
 16.8595 
 17.1452 
 17.4513 
 17.7778 
 18.1247 
 18.4920 
 18.8797 
 19.2878 
 19.7164 
 20.1653 
 20.6346 
 21.1244 
 21.6345 
 22.1651 
 22.7160 
 23.2874 
 23.8792 
 24.4914 
 25.1240 
 25.7770 
 26.4504 
 27.1442 
 27.8584 
 28.5930 
 29.3480 
 30.1235 
 30.9193 
 31.7355 
 32.5722 
 33.4292 
 34.3067 
 35.2046 
 36.1228 
 37.0615 
 38.0206 
 39.0001 
 40.0000 
