 0.00000000 
 0.00200200 
 0.00400400 
 0.00600601 
 0.00800801 
 0.01001001 
 0.01201201 
 0.01401401 
 0.01601602 
 0.01801802 
 0.02002002 
 0.02202202 
 0.02402402 
 0.02602603 
 0.02802803 
 0.03003003 
 0.03203203 
 0.03403403 
 0.03603604 
 0.03803804 
 0.04004004 
 0.04204204 
 0.04404404 
 0.04604605 
 0.04804805 
 0.05005005 
 0.05205205 
 0.05405405 
 0.05605606 
 0.05805806 
 0.06006006 
 0.06206206 
 0.06406406 
 0.06606607 
 0.06806807 
 0.07007007 
 0.07207207 
 0.07407407 
 0.07607608 
 0.07807808 
 0.08008008 
 0.08208208 
 0.08408408 
 0.08608609 
 0.08808809 
 0.09009009 
 0.09209209 
 0.09409409 
 0.09609610 
 0.09809810 
 0.10010010 
 0.10210210 
 0.10410410 
 0.10610611 
 0.10810811 
 0.11011011 
 0.11211211 
 0.11411411 
 0.11611612 
 0.11811812 
 0.12012012 
 0.12212212 
 0.12412412 
 0.12612613 
 0.12812813 
 0.13013013 
 0.13213213 
 0.13413413 
 0.13613614 
 0.13813814 
 0.14014014 
 0.14214214 
 0.14414414 
 0.14614615 
 0.14814815 
 0.15015015 
 0.15215215 
 0.15415415 
 0.15615616 
 0.15815816 
 0.16016016 
 0.16216216 
 0.16416416 
 0.16616617 
 0.16816817 
 0.17017017 
 0.17217217 
 0.17417417 
 0.17617618 
 0.17817818 
 0.18018018 
 0.18218218 
 0.18418418 
 0.18618619 
 0.18818819 
 0.19019019 
 0.19219219 
 0.19419419 
 0.19619620 
 0.19819820 
 0.20020020 
 0.20220220 
 0.20420420 
 0.20620621 
 0.20820821 
 0.21021021 
 0.21221221 
 0.21421421 
 0.21621622 
 0.21821822 
 0.22022022 
 0.22222222 
 0.22422422 
 0.22622623 
 0.22822823 
 0.23023023 
 0.23223223 
 0.23423423 
 0.23623624 
 0.23823824 
 0.24024024 
 0.24224224 
 0.24424424 
 0.24624625 
 0.24824825 
 0.25025025 
 0.25225225 
 0.25425425 
 0.25625626 
 0.25825826 
 0.26026026 
 0.26226226 
 0.26426426 
 0.26626627 
 0.26826827 
 0.27027027 
 0.27227227 
 0.27427427 
 0.27627628 
 0.27827828 
 0.28028028 
 0.28228228 
 0.28428428 
 0.28628629 
 0.28828829 
 0.29029029 
 0.29229229 
 0.29429429 
 0.29629630 
 0.29829830 
 0.30030030 
 0.30230230 
 0.30430430 
 0.30630631 
 0.30830831 
 0.31031031 
 0.31231231 
 0.31431431 
 0.31631632 
 0.31831832 
 0.32032032 
 0.32232232 
 0.32432432 
 0.32632633 
 0.32832833 
 0.33033033 
 0.33233233 
 0.33433433 
 0.33633634 
 0.33833834 
 0.34034034 
 0.34234234 
 0.34434434 
 0.34634635 
 0.34834835 
 0.35035035 
 0.35235235 
 0.35435435 
 0.35635636 
 0.35835836 
 0.36036036 
 0.36236236 
 0.36436436 
 0.36636637 
 0.36836837 
 0.37037037 
 0.37237237 
 0.37437437 
 0.37637638 
 0.37837838 
 0.38038038 
 0.38238238 
 0.38438438 
 0.38638639 
 0.38838839 
 0.39039039 
 0.39239239 
 0.39439439 
 0.39639640 
 0.39839840 
 0.40040040 
 0.40240240 
 0.40440440 
 0.40640641 
 0.40840841 
 0.41041041 
 0.41241241 
 0.41441441 
 0.41641642 
 0.41841842 
 0.42042042 
 0.42242242 
 0.42442442 
 0.42642643 
 0.42842843 
 0.43043043 
 0.43243243 
 0.43443443 
 0.43643644 
 0.43843844 
 0.44044044 
 0.44244244 
 0.44444444 
 0.44644645 
 0.44844845 
 0.45045045 
 0.45245245 
 0.45445445 
 0.45645646 
 0.45845846 
 0.46046046 
 0.46246246 
 0.46446446 
 0.46646647 
 0.46846847 
 0.47047047 
 0.47247247 
 0.47447447 
 0.47647648 
 0.47847848 
 0.48048048 
 0.48248248 
 0.48448448 
 0.48648649 
 0.48848849 
 0.49049049 
 0.49249249 
 0.49449449 
 0.49649650 
 0.49849850 
 0.50050050 
 0.50250250 
 0.50450450 
 0.50650651 
 0.50850851 
 0.51051051 
 0.51251251 
 0.51451451 
 0.51651652 
 0.51851852 
 0.52052052 
 0.52252252 
 0.52452452 
 0.52652653 
 0.52852853 
 0.53053053 
 0.53253253 
 0.53453453 
 0.53653654 
 0.53853854 
 0.54054054 
 0.54254254 
 0.54454454 
 0.54654655 
 0.54854855 
 0.55055055 
 0.55255255 
 0.55455455 
 0.55655656 
 0.55855856 
 0.56056056 
 0.56256256 
 0.56456456 
 0.56656657 
 0.56856857 
 0.57057057 
 0.57257257 
 0.57457457 
 0.57657658 
 0.57857858 
 0.58058058 
 0.58258258 
 0.58458458 
 0.58658659 
 0.58858859 
 0.59059059 
 0.59259259 
 0.59459459 
 0.59659660 
 0.59859860 
 0.60060060 
 0.60260260 
 0.60460460 
 0.60660661 
 0.60860861 
 0.61061061 
 0.61261261 
 0.61461461 
 0.61661662 
 0.61861862 
 0.62062062 
 0.62262262 
 0.62462462 
 0.62662663 
 0.62862863 
 0.63063063 
 0.63263263 
 0.63463463 
 0.63663664 
 0.63863864 
 0.64064064 
 0.64264264 
 0.64464464 
 0.64664665 
 0.64864865 
 0.65065065 
 0.65265265 
 0.65465465 
 0.65665666 
 0.65865866 
 0.66066066 
 0.66266266 
 0.66466466 
 0.66666667 
 0.66866867 
 0.67067067 
 0.67267267 
 0.67467467 
 0.67667668 
 0.67867868 
 0.68068068 
 0.68268268 
 0.68468468 
 0.68668669 
 0.68868869 
 0.69069069 
 0.69269269 
 0.69469469 
 0.69669670 
 0.69869870 
 0.70070070 
 0.70270270 
 0.70470470 
 0.70670671 
 0.70870871 
 0.71071071 
 0.71271271 
 0.71471471 
 0.71671672 
 0.71871872 
 0.72072072 
 0.72272272 
 0.72472472 
 0.72672673 
 0.72872873 
 0.73073073 
 0.73273273 
 0.73473473 
 0.73673674 
 0.73873874 
 0.74074074 
 0.74274274 
 0.74474474 
 0.74674675 
 0.74874875 
 0.75075075 
 0.75275275 
 0.75475475 
 0.75675676 
 0.75875876 
 0.76076076 
 0.76276276 
 0.76476476 
 0.76676677 
 0.76876877 
 0.77077077 
 0.77277277 
 0.77477477 
 0.77677678 
 0.77877878 
 0.78078078 
 0.78278278 
 0.78478478 
 0.78678679 
 0.78878879 
 0.79079079 
 0.79279279 
 0.79479479 
 0.79679680 
 0.79879880 
 0.80080080 
 0.80280280 
 0.80480480 
 0.80680681 
 0.80880881 
 0.81081081 
 0.81281281 
 0.81481481 
 0.81681682 
 0.81881882 
 0.82082082 
 0.82282282 
 0.82482482 
 0.82682683 
 0.82882883 
 0.83083083 
 0.83283283 
 0.83483483 
 0.83683684 
 0.83883884 
 0.84084084 
 0.84284284 
 0.84484484 
 0.84684685 
 0.84884885 
 0.85085085 
 0.85285285 
 0.85485485 
 0.85685686 
 0.85885886 
 0.86086086 
 0.86286286 
 0.86486486 
 0.86686687 
 0.86886887 
 0.87087087 
 0.87287287 
 0.87487487 
 0.87687688 
 0.87887888 
 0.88088088 
 0.88288288 
 0.88488488 
 0.88688689 
 0.88888889 
 0.89089089 
 0.89289289 
 0.89489489 
 0.89689690 
 0.89889890 
 0.90090090 
 0.90290290 
 0.90490490 
 0.90690691 
 0.90890891 
 0.91091091 
 0.91291291 
 0.91491491 
 0.91691692 
 0.91891892 
 0.92092092 
 0.92292292 
 0.92492492 
 0.92692693 
 0.92892893 
 0.93093093 
 0.93293293 
 0.93493493 
 0.93693694 
 0.93893894 
 0.94094094 
 0.94294294 
 0.94494494 
 0.94694695 
 0.94894895 
 0.95095095 
 0.95295295 
 0.95495495 
 0.95695696 
 0.95895896 
 0.96096096 
 0.96296296 
 0.96496496 
 0.96696697 
 0.96896897 
 0.97097097 
 0.97297297 
 0.97497497 
 0.97697698 
 0.97897898 
 0.98098098 
 0.98298298 
 0.98498498 
 0.98698699 
 0.98898899 
 0.99099099 
 0.99299299 
 0.99499499 
 0.99699700 
 0.99899900 
 1.00100100 
 1.00300300 
 1.00500501 
 1.00700701 
 1.00900901 
 1.01101101 
 1.01301301 
 1.01501502 
 1.01701702 
 1.01901902 
 1.02102102 
 1.02302302 
 1.02502503 
 1.02702703 
 1.02902903 
 1.03103103 
 1.03303303 
 1.03503504 
 1.03703704 
 1.03903904 
 1.04104104 
 1.04304304 
 1.04504505 
 1.04704705 
 1.04904905 
 1.05105105 
 1.05305305 
 1.05505506 
 1.05705706 
 1.05905906 
 1.06106106 
 1.06306306 
 1.06506507 
 1.06706707 
 1.06906907 
 1.07107107 
 1.07307307 
 1.07507508 
 1.07707708 
 1.07907908 
 1.08108108 
 1.08308308 
 1.08508509 
 1.08708709 
 1.08908909 
 1.09109109 
 1.09309309 
 1.09509510 
 1.09709710 
 1.09909910 
 1.10110110 
 1.10310310 
 1.10510511 
 1.10710711 
 1.10910911 
 1.11111111 
 1.11311311 
 1.11511512 
 1.11711712 
 1.11911912 
 1.12112112 
 1.12312312 
 1.12512513 
 1.12712713 
 1.12912913 
 1.13113113 
 1.13313313 
 1.13513514 
 1.13713714 
 1.13913914 
 1.14114114 
 1.14314314 
 1.14514515 
 1.14714715 
 1.14914915 
 1.15115115 
 1.15315315 
 1.15515516 
 1.15715716 
 1.15915916 
 1.16116116 
 1.16316316 
 1.16516517 
 1.16716717 
 1.16916917 
 1.17117117 
 1.17317317 
 1.17517518 
 1.17717718 
 1.17917918 
 1.18118118 
 1.18318318 
 1.18518519 
 1.18718719 
 1.18918919 
 1.19119119 
 1.19319319 
 1.19519520 
 1.19719720 
 1.19919920 
 1.20120120 
 1.20320320 
 1.20520521 
 1.20720721 
 1.20920921 
 1.21121121 
 1.21321321 
 1.21521522 
 1.21721722 
 1.21921922 
 1.22122122 
 1.22322322 
 1.22522523 
 1.22722723 
 1.22922923 
 1.23123123 
 1.23323323 
 1.23523524 
 1.23723724 
 1.23923924 
 1.24124124 
 1.24324324 
 1.24524525 
 1.24724725 
 1.24924925 
 1.25125125 
 1.25325325 
 1.25525526 
 1.25725726 
 1.25925926 
 1.26126126 
 1.26326326 
 1.26526527 
 1.26726727 
 1.26926927 
 1.27127127 
 1.27327327 
 1.27527528 
 1.27727728 
 1.27927928 
 1.28128128 
 1.28328328 
 1.28528529 
 1.28728729 
 1.28928929 
 1.29129129 
 1.29329329 
 1.29529530 
 1.29729730 
 1.29929930 
 1.30130130 
 1.30330330 
 1.30530531 
 1.30730731 
 1.30930931 
 1.31131131 
 1.31331331 
 1.31531532 
 1.31731732 
 1.31931932 
 1.32132132 
 1.32332332 
 1.32532533 
 1.32732733 
 1.32932933 
 1.33133133 
 1.33333333 
 1.33533534 
 1.33733734 
 1.33933934 
 1.34134134 
 1.34334334 
 1.34534535 
 1.34734735 
 1.34934935 
 1.35135135 
 1.35335335 
 1.35535536 
 1.35735736 
 1.35935936 
 1.36136136 
 1.36336336 
 1.36536537 
 1.36736737 
 1.36936937 
 1.37137137 
 1.37337337 
 1.37537538 
 1.37737738 
 1.37937938 
 1.38138138 
 1.38338338 
 1.38538539 
 1.38738739 
 1.38938939 
 1.39139139 
 1.39339339 
 1.39539540 
 1.39739740 
 1.39939940 
 1.40140140 
 1.40340340 
 1.40540541 
 1.40740741 
 1.40940941 
 1.41141141 
 1.41341341 
 1.41541542 
 1.41741742 
 1.41941942 
 1.42142142 
 1.42342342 
 1.42542543 
 1.42742743 
 1.42942943 
 1.43143143 
 1.43343343 
 1.43543544 
 1.43743744 
 1.43943944 
 1.44144144 
 1.44344344 
 1.44544545 
 1.44744745 
 1.44944945 
 1.45145145 
 1.45345345 
 1.45545546 
 1.45745746 
 1.45945946 
 1.46146146 
 1.46346346 
 1.46546547 
 1.46746747 
 1.46946947 
 1.47147147 
 1.47347347 
 1.47547548 
 1.47747748 
 1.47947948 
 1.48148148 
 1.48348348 
 1.48548549 
 1.48748749 
 1.48948949 
 1.49149149 
 1.49349349 
 1.49549550 
 1.49749750 
 1.49949950 
 1.50150150 
 1.50350350 
 1.50550551 
 1.50750751 
 1.50950951 
 1.51151151 
 1.51351351 
 1.51551552 
 1.51751752 
 1.51951952 
 1.52152152 
 1.52352352 
 1.52552553 
 1.52752753 
 1.52952953 
 1.53153153 
 1.53353353 
 1.53553554 
 1.53753754 
 1.53953954 
 1.54154154 
 1.54354354 
 1.54554555 
 1.54754755 
 1.54954955 
 1.55155155 
 1.55355355 
 1.55555556 
 1.55755756 
 1.55955956 
 1.56156156 
 1.56356356 
 1.56556557 
 1.56756757 
 1.56956957 
 1.57157157 
 1.57357357 
 1.57557558 
 1.57757758 
 1.57957958 
 1.58158158 
 1.58358358 
 1.58558559 
 1.58758759 
 1.58958959 
 1.59159159 
 1.59359359 
 1.59559560 
 1.59759760 
 1.59959960 
 1.60160160 
 1.60360360 
 1.60560561 
 1.60760761 
 1.60960961 
 1.61161161 
 1.61361361 
 1.61561562 
 1.61761762 
 1.61961962 
 1.62162162 
 1.62362362 
 1.62562563 
 1.62762763 
 1.62962963 
 1.63163163 
 1.63363363 
 1.63563564 
 1.63763764 
 1.63963964 
 1.64164164 
 1.64364364 
 1.64564565 
 1.64764765 
 1.64964965 
 1.65165165 
 1.65365365 
 1.65565566 
 1.65765766 
 1.65965966 
 1.66166166 
 1.66366366 
 1.66566567 
 1.66766767 
 1.66966967 
 1.67167167 
 1.67367367 
 1.67567568 
 1.67767768 
 1.67967968 
 1.68168168 
 1.68368368 
 1.68568569 
 1.68768769 
 1.68968969 
 1.69169169 
 1.69369369 
 1.69569570 
 1.69769770 
 1.69969970 
 1.70170170 
 1.70370370 
 1.70570571 
 1.70770771 
 1.70970971 
 1.71171171 
 1.71371371 
 1.71571572 
 1.71771772 
 1.71971972 
 1.72172172 
 1.72372372 
 1.72572573 
 1.72772773 
 1.72972973 
 1.73173173 
 1.73373373 
 1.73573574 
 1.73773774 
 1.73973974 
 1.74174174 
 1.74374374 
 1.74574575 
 1.74774775 
 1.74974975 
 1.75175175 
 1.75375375 
 1.75575576 
 1.75775776 
 1.75975976 
 1.76176176 
 1.76376376 
 1.76576577 
 1.76776777 
 1.76976977 
 1.77177177 
 1.77377377 
 1.77577578 
 1.77777778 
 1.77977978 
 1.78178178 
 1.78378378 
 1.78578579 
 1.78778779 
 1.78978979 
 1.79179179 
 1.79379379 
 1.79579580 
 1.79779780 
 1.79979980 
 1.80180180 
 1.80380380 
 1.80580581 
 1.80780781 
 1.80980981 
 1.81181181 
 1.81381381 
 1.81581582 
 1.81781782 
 1.81981982 
 1.82182182 
 1.82382382 
 1.82582583 
 1.82782783 
 1.82982983 
 1.83183183 
 1.83383383 
 1.83583584 
 1.83783784 
 1.83983984 
 1.84184184 
 1.84384384 
 1.84584585 
 1.84784785 
 1.84984985 
 1.85185185 
 1.85385385 
 1.85585586 
 1.85785786 
 1.85985986 
 1.86186186 
 1.86386386 
 1.86586587 
 1.86786787 
 1.86986987 
 1.87187187 
 1.87387387 
 1.87587588 
 1.87787788 
 1.87987988 
 1.88188188 
 1.88388388 
 1.88588589 
 1.88788789 
 1.88988989 
 1.89189189 
 1.89389389 
 1.89589590 
 1.89789790 
 1.89989990 
 1.90190190 
 1.90390390 
 1.90590591 
 1.90790791 
 1.90990991 
 1.91191191 
 1.91391391 
 1.91591592 
 1.91791792 
 1.91991992 
 1.92192192 
 1.92392392 
 1.92592593 
 1.92792793 
 1.92992993 
 1.93193193 
 1.93393393 
 1.93593594 
 1.93793794 
 1.93993994 
 1.94194194 
 1.94394394 
 1.94594595 
 1.94794795 
 1.94994995 
 1.95195195 
 1.95395395 
 1.95595596 
 1.95795796 
 1.95995996 
 1.96196196 
 1.96396396 
 1.96596597 
 1.96796797 
 1.96996997 
 1.97197197 
 1.97397397 
 1.97597598 
 1.97797798 
 1.97997998 
 1.98198198 
 1.98398398 
 1.98598599 
 1.98798799 
 1.98998999 
 1.99199199 
 1.99399399 
 1.99599600 
 1.99799800 
 2.00000000 
