 0.000000 
 0.000000 
 0.000000 
 0.000000 
 0.000000 
 0.000000 
 0.000000 
 0.000000 
 0.000000 
 0.000000 
 0.000000 
 0.000000 
 0.000000 
 0.000000 
 0.000000 
 0.000000 
 0.000000 
 0.000000 
 0.000000 
 0.000000 
 0.000000 
 0.000000 
 0.000000 
 0.000000 
 0.000000 
 0.000000 
 0.000000 
 0.000000 
 0.000000 
 0.000000 
 0.000000 
 0.000000 
 0.000000 
 0.000000 
 0.000000 
 0.000000 
 0.000000 
 0.000000 
 0.000000 
 0.000000 
 0.000000 
 0.000000 
 0.000000 
 0.000000 
 0.000000 
 0.000000 
 0.000000 
 0.000000 
 0.000000 
 0.000000 
 0.000000 
 0.000000 
 0.000000 
 0.000000 
 0.000000 
 0.000000 
 0.000000 
 0.000000 
 0.000000 
 0.000000 
 0.000000 
 0.000000 
 0.000000 
 0.000000 
 0.000000 
 0.000000 
 0.000000 
 0.000000 
 0.000000 
 0.000000 
 0.000000 
 0.000000 
 0.000000 
 0.000000 
 0.000000 
 0.000000 
 0.000000 
 0.000000 
 0.000000 
 0.000000 
 0.000000 
 0.000000 
 0.000000 
 0.000000 
 0.000000 
 0.000000 
 0.000000 
 0.000000 
 0.000000 
 0.000000 
 0.000000 
 0.000000 
 0.000000 
 0.000000 
 0.000000 
 0.000000 
 0.000000 
 0.000000 
 0.000000 
 0.000000 
 0.000000 
 0.000000 
 0.000000 
 0.000000 
 0.000000 
 0.000000 
 0.000000 
 0.000000 
 0.000000 
 0.000000 
 0.000000 
 0.000000 
 0.000000 
 0.000000 
 0.000000 
 0.000000 
 0.000000 
 0.000000 
 0.000000 
 0.000000 
 0.000000 
 0.000000 
 0.000000 
 0.000000 
 0.000000 
 0.000000 
 0.000000 
 0.000000 
 0.000000 
 0.000000 
 0.000000 
 0.000000 
 0.000000 
 0.000000 
 0.000000 
 0.000000 
 0.000000 
 0.000000 
 0.000000 
 0.000000 
 0.000000 
 0.000000 
 0.000000 
 0.000000 
 0.000000 
 0.000000 
 0.000000 
 0.000000 
 0.000000 
 0.000000 
 0.000000 
 0.000000 
 0.000000 
 0.000000 
 0.000000 
 0.000000 
 0.000000 
 0.000000 
 0.000000 
 0.000000 
 0.000000 
 0.000000 
 0.000000 
 0.000000 
 0.000000 
 0.000000 
 0.000000 
 0.000000 
 0.000000 
 0.000000 
 0.000000 
 0.000000 
 0.000000 
 0.000000 
 0.000000 
 0.000000 
 0.000000 
 0.000000 
 0.000000 
 0.000000 
 0.000000 
 0.000000 
 0.000000 
 0.000000 
 0.000000 
 0.000000 
 0.000000 
 0.000000 
 0.000000 
 0.000000 
 0.000000 
 0.000000 
 0.000000 
 0.000000 
 0.000000 
 0.000000 
 0.000000 
 0.000000 
 0.000000 
 0.000000 
 0.000000 
 0.000000 
 0.000000 
 0.000000 
 0.000000 
 0.000000 
 0.000000 
 0.000000 
 0.000000 
 0.000000 
 0.000000 
 0.000000 
 0.000000 
 0.000000 
 0.000000 
 0.000000 
 0.000000 
 0.000000 
 0.000000 
 0.000000 
 0.000000 
 0.000000 
 0.000000 
 0.000000 
 0.000000 
 0.000000 
 0.000000 
 0.000000 
 0.000000 
 0.000000 
 0.000000 
 0.000000 
 0.000000 
 0.000000 
 0.000000 
 0.000000 
 0.000000 
 0.000000 
 0.000000 
 0.000000 
 0.000000 
 0.000000 
 0.000000 
 0.000000 
 0.000000 
 0.000000 
 0.000000 
 0.000000 
 0.000000 
 0.000000 
 0.000000 
 0.000000 
 0.000000 
 0.000000 
 0.000000 
 0.000000 
 0.000000 
 0.000000 
 0.000000 
 0.000000 
 0.000000 
 0.000000 
 0.000000 
 0.000000 
 0.000000 
 0.000000 
 0.000000 
 0.000000 
 0.000000 
 0.000000 
 0.000000 
 0.000000 
 0.000000 
 0.000000 
 0.000000 
 0.000000 
 0.000000 
 0.000000 
 0.000000 
 0.000000 
 0.000000 
 0.000000 
 0.000000 
 0.000000 
 0.000000 
 0.000000 
 0.000000 
 0.000000 
 0.000000 
 0.000000 
 0.000000 
 0.000000 
 0.000000 
 0.000000 
 0.000000 
 0.000000 
 0.000000 
 0.000000 
 0.000000 
 0.000000 
 0.000000 
 0.000000 
 0.000000 
 0.000000 
 0.000000 
 0.000000 
 0.000000 
 0.000000 
 0.000000 
 0.000000 
 0.000000 
 0.000000 
 0.000000 
 0.000000 
 0.000000 
 0.000000 
 0.000000 
 0.000000 
 0.000000 
 0.000000 
 0.000000 
 0.000000 
 0.000000 
 0.000000 
 0.000000 
 0.000000 
 0.000000 
 0.000000 
 0.000000 
 0.000000 
 0.000000 
 0.000000 
 0.000000 
 0.000000 
 0.000000 
 0.000000 
 0.000000 
 0.000000 
 0.000000 
 0.000000 
 0.000000 
 0.000000 
 0.000000 
 0.000000 
 0.000000 
 0.000000 
 0.000000 
 0.000000 
 0.000000 
 0.000000 
 0.000000 
 0.000000 
 0.000000 
 0.000000 
 0.000000 
 0.000000 
 0.000000 
 0.000000 
 0.000000 
 0.000000 
 0.000000 
 0.000000 
 0.000000 
 0.000000 
 0.000000 
 0.000000 
 0.000000 
 0.000000 
 0.000000 
 0.000000 
 0.000000 
 0.000000 
 0.000000 
 0.000000 
 0.000000 
 0.000000 
 0.000000 
 0.000000 
 0.000000 
 0.000000 
 0.000000 
 0.000000 
 0.000000 
 0.000000 
 0.000000 
 0.000000 
 0.000000 
 0.000000 
 0.000000 
 0.000000 
 0.000000 
 0.000000 
 0.000000 
 0.000000 
 0.000000 
 0.000000 
 0.000000 
 0.000000 
 0.000000 
 0.000000 
 0.000000 
 0.000000 
 0.000000 
 0.000000 
 0.000000 
 0.000000 
 0.000000 
 0.000000 
 0.000000 
 0.000000 
 0.000000 
 0.000000 
 0.000000 
 0.000000 
 0.000000 
 0.000000 
 0.000000 
 0.000000 
 0.000000 
 0.000000 
 0.000000 
 0.000000 
 0.000000 
 0.000000 
 0.000000 
 0.000000 
 0.000000 
 0.000000 
 0.000000 
 0.000000 
 0.000000 
 0.000000 
 0.000000 
 0.000000 
 0.000000 
 0.000000 
 0.000000 
 0.000000 
 0.000000 
 0.000000 
 0.000000 
 0.000000 
 0.000000 
 0.000000 
 0.000000 
 0.000000 
 0.000000 
 0.000000 
 0.000000 
 0.000000 
 0.000000 
 0.000000 
 0.000000 
 0.000000 
 0.000000 
 0.000000 
 0.000000 
 0.000000 
 0.000000 
 0.000000 
 0.000000 
 0.000000 
 0.000000 
 0.000000 
 0.000000 
 0.000000 
 0.000000 
 0.000000 
 0.000000 
 0.000000 
 0.000000 
 0.000000 
 0.000000 
 0.000000 
 0.000000 
 0.000000 
 0.000000 
 0.000000 
 0.000000 
 0.000000 
 0.000000 
 0.000000 
 0.000000 
 0.000000 
 0.000000 
 0.000000 
 0.000000 
 0.000000 
 0.000000 
 0.000000 
 0.000000 
 0.000000 
 0.000000 
 0.000000 
 0.000000 
 0.000000 
 0.000000 
 0.000000 
 0.000000 
 0.000000 
 1.001001 
 1.003003 
 1.005005 
 1.007007 
 1.009009 
 1.011011 
 1.013013 
 1.015015 
 1.017017 
 1.019019 
 1.021021 
 1.023023 
 1.025025 
 1.027027 
 1.029029 
 1.031031 
 1.033033 
 1.035035 
 1.037037 
 1.039039 
 1.041041 
 1.043043 
 1.045045 
 1.047047 
 1.049049 
 1.051051 
 1.053053 
 1.055055 
 1.057057 
 1.059059 
 1.061061 
 1.063063 
 1.065065 
 1.067067 
 1.069069 
 1.071071 
 1.073073 
 1.075075 
 1.077077 
 1.079079 
 1.081081 
 1.083083 
 1.085085 
 1.087087 
 1.089089 
 1.091091 
 1.093093 
 1.095095 
 1.097097 
 1.099099 
 1.101101 
 1.103103 
 1.105105 
 1.107107 
 1.109109 
 1.111111 
 1.113113 
 1.115115 
 1.117117 
 1.119119 
 1.121121 
 1.123123 
 1.125125 
 1.127127 
 1.129129 
 1.131131 
 1.133133 
 1.135135 
 1.137137 
 1.139139 
 1.141141 
 1.143143 
 1.145145 
 1.147147 
 1.149149 
 1.151151 
 1.153153 
 1.155155 
 1.157157 
 1.159159 
 1.161161 
 1.163163 
 1.165165 
 1.167167 
 1.169169 
 1.171171 
 1.173173 
 1.175175 
 1.177177 
 1.179179 
 1.181181 
 1.183183 
 1.185185 
 1.187187 
 1.189189 
 1.191191 
 1.193193 
 1.195195 
 1.197197 
 1.199199 
 1.201201 
 1.203203 
 1.205205 
 1.207207 
 1.209209 
 1.211211 
 1.213213 
 1.215215 
 1.217217 
 1.219219 
 1.221221 
 1.223223 
 1.225225 
 1.227227 
 1.229229 
 1.231231 
 1.233233 
 1.235235 
 1.237237 
 1.239239 
 1.241241 
 1.243243 
 1.245245 
 1.247247 
 1.249249 
 1.251251 
 1.253253 
 1.255255 
 1.257257 
 1.259259 
 1.261261 
 1.263263 
 1.265265 
 1.267267 
 1.269269 
 1.271271 
 1.273273 
 1.275275 
 1.277277 
 1.279279 
 1.281281 
 1.283283 
 1.285285 
 1.287287 
 1.289289 
 1.291291 
 1.293293 
 1.295295 
 1.297297 
 1.299299 
 1.301301 
 1.303303 
 1.305305 
 1.307307 
 1.309309 
 1.311311 
 1.313313 
 1.315315 
 1.317317 
 1.319319 
 1.321321 
 1.323323 
 1.325325 
 1.327327 
 1.329329 
 1.331331 
 1.333333 
 1.335335 
 1.337337 
 1.339339 
 1.341341 
 1.343343 
 1.345345 
 1.347347 
 1.349349 
 1.351351 
 1.353353 
 1.355355 
 1.357357 
 1.359359 
 1.361361 
 1.363363 
 1.365365 
 1.367367 
 1.369369 
 1.371371 
 1.373373 
 1.375375 
 1.377377 
 1.379379 
 1.381381 
 1.383383 
 1.385385 
 1.387387 
 1.389389 
 1.391391 
 1.393393 
 1.395395 
 1.397397 
 1.399399 
 1.401401 
 1.403403 
 1.405405 
 1.407407 
 1.409409 
 1.411411 
 1.413413 
 1.415415 
 1.417417 
 1.419419 
 1.421421 
 1.423423 
 1.425425 
 1.427427 
 1.429429 
 1.431431 
 1.433433 
 1.435435 
 1.437437 
 1.439439 
 1.441441 
 1.443443 
 1.445445 
 1.447447 
 1.449449 
 1.451451 
 1.453453 
 1.455455 
 1.457457 
 1.459459 
 1.461461 
 1.463463 
 1.465465 
 1.467467 
 1.469469 
 1.471471 
 1.473473 
 1.475475 
 1.477477 
 1.479479 
 1.481481 
 1.483483 
 1.485485 
 1.487487 
 1.489489 
 1.491491 
 1.493493 
 1.495495 
 1.497497 
 1.499499 
 1.501502 
 1.503504 
 1.505506 
 1.507508 
 1.509510 
 1.511512 
 1.513514 
 1.515516 
 1.517518 
 1.519520 
 1.521522 
 1.523524 
 1.525526 
 1.527528 
 1.529530 
 1.531532 
 1.533534 
 1.535536 
 1.537538 
 1.539540 
 1.541542 
 1.543544 
 1.545546 
 1.547548 
 1.549550 
 1.551552 
 1.553554 
 1.555556 
 1.557558 
 1.559560 
 1.561562 
 1.563564 
 1.565566 
 1.567568 
 1.569570 
 1.571572 
 1.573574 
 1.575576 
 1.577578 
 1.579580 
 1.581582 
 1.583584 
 1.585586 
 1.587588 
 1.589590 
 1.591592 
 1.593594 
 1.595596 
 1.597598 
 1.599600 
 1.601602 
 1.603604 
 1.605606 
 1.607608 
 1.609610 
 1.611612 
 1.613614 
 1.615616 
 1.617618 
 1.619620 
 1.621622 
 1.623624 
 1.625626 
 1.627628 
 1.629630 
 1.631632 
 1.633634 
 1.635636 
 1.637638 
 1.639640 
 1.641642 
 1.643644 
 1.645646 
 1.647648 
 1.649650 
 1.651652 
 1.653654 
 1.655656 
 1.657658 
 1.659660 
 1.661662 
 1.663664 
 1.665666 
 1.667668 
 1.669670 
 1.671672 
 1.673674 
 1.675676 
 1.677678 
 1.679680 
 1.681682 
 1.683684 
 1.685686 
 1.687688 
 1.689690 
 1.691692 
 1.693694 
 1.695696 
 1.697698 
 1.699700 
 1.701702 
 1.703704 
 1.705706 
 1.707708 
 1.709710 
 1.711712 
 1.713714 
 1.715716 
 1.717718 
 1.719720 
 1.721722 
 1.723724 
 1.725726 
 1.727728 
 1.729730 
 1.731732 
 1.733734 
 1.735736 
 1.737738 
 1.739740 
 1.741742 
 1.743744 
 1.745746 
 1.747748 
 1.749750 
 1.751752 
 1.753754 
 1.755756 
 1.757758 
 1.759760 
 1.761762 
 1.763764 
 1.765766 
 1.767768 
 1.769770 
 1.771772 
 1.773774 
 1.775776 
 1.777778 
 1.779780 
 1.781782 
 1.783784 
 1.785786 
 1.787788 
 1.789790 
 1.791792 
 1.793794 
 1.795796 
 1.797798 
 1.799800 
 1.801802 
 1.803804 
 1.805806 
 1.807808 
 1.809810 
 1.811812 
 1.813814 
 1.815816 
 1.817818 
 1.819820 
 1.821822 
 1.823824 
 1.825826 
 1.827828 
 1.829830 
 1.831832 
 1.833834 
 1.835836 
 1.837838 
 1.839840 
 1.841842 
 1.843844 
 1.845846 
 1.847848 
 1.849850 
 1.851852 
 1.853854 
 1.855856 
 1.857858 
 1.859860 
 1.861862 
 1.863864 
 1.865866 
 1.867868 
 1.869870 
 1.871872 
 1.873874 
 1.875876 
 1.877878 
 1.879880 
 1.881882 
 1.883884 
 1.885886 
 1.887888 
 1.889890 
 1.891892 
 1.893894 
 1.895896 
 1.897898 
 1.899900 
 1.901902 
 1.903904 
 1.905906 
 1.907908 
 1.909910 
 1.911912 
 1.913914 
 1.915916 
 1.917918 
 1.919920 
 1.921922 
 1.923924 
 1.925926 
 1.927928 
 1.929930 
 1.931932 
 1.933934 
 1.935936 
 1.937938 
 1.939940 
 1.941942 
 1.943944 
 1.945946 
 1.947948 
 1.949950 
 1.951952 
 1.953954 
 1.955956 
 1.957958 
 1.959960 
 1.961962 
 1.963964 
 1.965966 
 1.967968 
 1.969970 
 1.971972 
 1.973974 
 1.975976 
 1.977978 
 1.979980 
 1.981982 
 1.983984 
 1.985986 
 1.987988 
 1.989990 
 1.991992 
 1.993994 
 1.995996 
 1.997998 
 2.000000 
