  -1.0000000e+00   6.9314718e-01
  -9.9799800e-01   6.9114518e-01
  -9.9599600e-01   6.8914319e-01
  -9.9399399e-01   6.8714121e-01
  -9.9199199e-01   6.8513926e-01
  -9.8998999e-01   6.8313734e-01
  -9.8798799e-01   6.8113546e-01
  -9.8598599e-01   6.7913363e-01
  -9.8398398e-01   6.7713186e-01
  -9.8198198e-01   6.7513015e-01
  -9.7997998e-01   6.7312852e-01
  -9.7797798e-01   6.7112697e-01
  -9.7597598e-01   6.6912551e-01
  -9.7397397e-01   6.6712415e-01
  -9.7197197e-01   6.6512290e-01
  -9.6996997e-01   6.6312177e-01
  -9.6796797e-01   6.6112076e-01
  -9.6596597e-01   6.5911989e-01
  -9.6396396e-01   6.5711916e-01
  -9.6196196e-01   6.5511858e-01
  -9.5995996e-01   6.5311817e-01
  -9.5795796e-01   6.5111792e-01
  -9.5595596e-01   6.4911786e-01
  -9.5395395e-01   6.4711798e-01
  -9.5195195e-01   6.4511830e-01
  -9.4994995e-01   6.4311883e-01
  -9.4794795e-01   6.4111957e-01
  -9.4594595e-01   6.3912054e-01
  -9.4394394e-01   6.3712174e-01
  -9.4194194e-01   6.3512319e-01
  -9.3993994e-01   6.3312489e-01
  -9.3793794e-01   6.3112686e-01
  -9.3593594e-01   6.2912910e-01
  -9.3393393e-01   6.2713162e-01
  -9.3193193e-01   6.2513443e-01
  -9.2992993e-01   6.2313755e-01
  -9.2792793e-01   6.2114097e-01
  -9.2592593e-01   6.1914472e-01
  -9.2392392e-01   6.1714880e-01
  -9.2192192e-01   6.1515322e-01
  -9.1991992e-01   6.1315800e-01
  -9.1791792e-01   6.1116313e-01
  -9.1591592e-01   6.0916864e-01
  -9.1391391e-01   6.0717452e-01
  -9.1191191e-01   6.0518080e-01
  -9.0990991e-01   6.0318749e-01
  -9.0790791e-01   6.0119458e-01
  -9.0590591e-01   5.9920210e-01
  -9.0390390e-01   5.9721005e-01
  -9.0190190e-01   5.9521845e-01
  -8.9989990e-01   5.9322730e-01
  -8.9789790e-01   5.9123662e-01
  -8.9589590e-01   5.8924641e-01
  -8.9389389e-01   5.8725669e-01
  -8.9189189e-01   5.8526746e-01
  -8.8988989e-01   5.8327875e-01
  -8.8788789e-01   5.8129056e-01
  -8.8588589e-01   5.7930289e-01
  -8.8388388e-01   5.7731577e-01
  -8.8188188e-01   5.7532920e-01
  -8.7987988e-01   5.7334319e-01
  -8.7787788e-01   5.7135776e-01
  -8.7587588e-01   5.6937292e-01
  -8.7387387e-01   5.6738867e-01
  -8.7187187e-01   5.6540503e-01
  -8.6986987e-01   5.6342202e-01
  -8.6786787e-01   5.6143963e-01
  -8.6586587e-01   5.5945789e-01
  -8.6386386e-01   5.5747680e-01
  -8.6186186e-01   5.5549638e-01
  -8.5985986e-01   5.5351664e-01
  -8.5785786e-01   5.5153759e-01
  -8.5585586e-01   5.4955924e-01
  -8.5385385e-01   5.4758161e-01
  -8.5185185e-01   5.4560471e-01
  -8.4984985e-01   5.4362854e-01
  -8.4784785e-01   5.4165312e-01
  -8.4584585e-01   5.3967847e-01
  -8.4384384e-01   5.3770459e-01
  -8.4184184e-01   5.3573149e-01
  -8.3983984e-01   5.3375920e-01
  -8.3783784e-01   5.3178772e-01
  -8.3583584e-01   5.2981707e-01
  -8.3383383e-01   5.2784725e-01
  -8.3183183e-01   5.2587828e-01
  -8.2982983e-01   5.2391017e-01
  -8.2782783e-01   5.2194294e-01
  -8.2582583e-01   5.1997660e-01
  -8.2382382e-01   5.1801116e-01
  -8.2182182e-01   5.1604663e-01
  -8.1981982e-01   5.1408303e-01
  -8.1781782e-01   5.1212038e-01
  -8.1581582e-01   5.1015867e-01
  -8.1381381e-01   5.0819793e-01
  -8.1181181e-01   5.0623817e-01
  -8.0980981e-01   5.0427940e-01
  -8.0780781e-01   5.0232164e-01
  -8.0580581e-01   5.0036490e-01
  -8.0380380e-01   4.9840919e-01
  -8.0180180e-01   4.9645453e-01
  -7.9979980e-01   4.9450093e-01
  -7.9779780e-01   4.9254840e-01
  -7.9579580e-01   4.9059697e-01
  -7.9379379e-01   4.8864663e-01
  -7.9179179e-01   4.8669741e-01
  -7.8978979e-01   4.8474932e-01
  -7.8778779e-01   4.8280237e-01
  -7.8578579e-01   4.8085659e-01
  -7.8378378e-01   4.7891197e-01
  -7.8178178e-01   4.7696854e-01
  -7.7977978e-01   4.7502631e-01
  -7.7777778e-01   4.7308530e-01
  -7.7577578e-01   4.7114551e-01
  -7.7377377e-01   4.6920697e-01
  -7.7177177e-01   4.6726969e-01
  -7.6976977e-01   4.6533368e-01
  -7.6776777e-01   4.6339896e-01
  -7.6576577e-01   4.6146554e-01
  -7.6376376e-01   4.5953344e-01
  -7.6176176e-01   4.5760267e-01
  -7.5975976e-01   4.5567325e-01
  -7.5775776e-01   4.5374519e-01
  -7.5575576e-01   4.5181850e-01
  -7.5375375e-01   4.4989321e-01
  -7.5175175e-01   4.4796933e-01
  -7.4974975e-01   4.4604687e-01
  -7.4774775e-01   4.4412585e-01
  -7.4574575e-01   4.4220629e-01
  -7.4374374e-01   4.4028819e-01
  -7.4174174e-01   4.3837158e-01
  -7.3973974e-01   4.3645646e-01
  -7.3773774e-01   4.3454287e-01
  -7.3573574e-01   4.3263081e-01
  -7.3373373e-01   4.3072029e-01
  -7.3173173e-01   4.2881134e-01
  -7.2972973e-01   4.2690396e-01
  -7.2772773e-01   4.2499819e-01
  -7.2572573e-01   4.2309402e-01
  -7.2372372e-01   4.2119148e-01
  -7.2172172e-01   4.1929059e-01
  -7.1971972e-01   4.1739136e-01
  -7.1771772e-01   4.1549380e-01
  -7.1571572e-01   4.1359794e-01
  -7.1371371e-01   4.1170378e-01
  -7.1171171e-01   4.0981136e-01
  -7.0970971e-01   4.0792067e-01
  -7.0770771e-01   4.0603175e-01
  -7.0570571e-01   4.0414460e-01
  -7.0370370e-01   4.0225924e-01
  -7.0170170e-01   4.0037570e-01
  -6.9969970e-01   3.9849398e-01
  -6.9769770e-01   3.9661410e-01
  -6.9569570e-01   3.9473609e-01
  -6.9369369e-01   3.9285996e-01
  -6.9169169e-01   3.9098572e-01
  -6.8968969e-01   3.8911339e-01
  -6.8768769e-01   3.8724299e-01
  -6.8568569e-01   3.8537454e-01
  -6.8368368e-01   3.8350806e-01
  -6.8168168e-01   3.8164356e-01
  -6.7967968e-01   3.7978106e-01
  -6.7767768e-01   3.7792057e-01
  -6.7567568e-01   3.7606213e-01
  -6.7367367e-01   3.7420573e-01
  -6.7167167e-01   3.7235141e-01
  -6.6966967e-01   3.7049917e-01
  -6.6766767e-01   3.6864905e-01
  -6.6566567e-01   3.6680105e-01
  -6.6366366e-01   3.6495519e-01
  -6.6166166e-01   3.6311149e-01
  -6.5965966e-01   3.6126998e-01
  -6.5765766e-01   3.5943066e-01
  -6.5565566e-01   3.5759356e-01
  -6.5365365e-01   3.5575869e-01
  -6.5165165e-01   3.5392608e-01
  -6.4964965e-01   3.5209574e-01
  -6.4764765e-01   3.5026769e-01
  -6.4564565e-01   3.4844196e-01
  -6.4364364e-01   3.4661855e-01
  -6.4164164e-01   3.4479748e-01
  -6.3963964e-01   3.4297879e-01
  -6.3763764e-01   3.4116248e-01
  -6.3563564e-01   3.3934857e-01
  -6.3363363e-01   3.3753708e-01
  -6.3163163e-01   3.3572804e-01
  -6.2962963e-01   3.3392147e-01
  -6.2762763e-01   3.3211737e-01
  -6.2562563e-01   3.3031577e-01
  -6.2362362e-01   3.2851669e-01
  -6.2162162e-01   3.2672015e-01
  -6.1961962e-01   3.2492617e-01
  -6.1761762e-01   3.2313477e-01
  -6.1561562e-01   3.2134597e-01
  -6.1361361e-01   3.1955979e-01
  -6.1161161e-01   3.1777624e-01
  -6.0960961e-01   3.1599535e-01
  -6.0760761e-01   3.1421714e-01
  -6.0560561e-01   3.1244162e-01
  -6.0360360e-01   3.1066882e-01
  -6.0160160e-01   3.0889876e-01
  -5.9959960e-01   3.0713146e-01
  -5.9759760e-01   3.0536694e-01
  -5.9559560e-01   3.0360521e-01
  -5.9359359e-01   3.0184630e-01
  -5.9159159e-01   3.0009023e-01
  -5.8958959e-01   2.9833702e-01
  -5.8758759e-01   2.9658669e-01
  -5.8558559e-01   2.9483926e-01
  -5.8358358e-01   2.9309475e-01
  -5.8158158e-01   2.9135318e-01
  -5.7957958e-01   2.8961457e-01
  -5.7757758e-01   2.8787895e-01
  -5.7557558e-01   2.8614633e-01
  -5.7357357e-01   2.8441673e-01
  -5.7157157e-01   2.8269018e-01
  -5.6956957e-01   2.8096670e-01
  -5.6756757e-01   2.7924630e-01
  -5.6556557e-01   2.7752901e-01
  -5.6356356e-01   2.7581485e-01
  -5.6156156e-01   2.7410384e-01
  -5.5955956e-01   2.7239601e-01
  -5.5755756e-01   2.7069137e-01
  -5.5555556e-01   2.6898994e-01
  -5.5355355e-01   2.6729175e-01
  -5.5155155e-01   2.6559681e-01
  -5.4954955e-01   2.6390516e-01
  -5.4754755e-01   2.6221680e-01
  -5.4554555e-01   2.6053177e-01
  -5.4354354e-01   2.5885008e-01
  -5.4154154e-01   2.5717176e-01
  -5.3953954e-01   2.5549683e-01
  -5.3753754e-01   2.5382530e-01
  -5.3553554e-01   2.5215720e-01
  -5.3353353e-01   2.5049256e-01
  -5.3153153e-01   2.4883139e-01
  -5.2952953e-01   2.4717372e-01
  -5.2752753e-01   2.4551956e-01
  -5.2552553e-01   2.4386895e-01
  -5.2352352e-01   2.4222190e-01
  -5.2152152e-01   2.4057843e-01
  -5.1951952e-01   2.3893858e-01
  -5.1751752e-01   2.3730235e-01
  -5.1551552e-01   2.3566977e-01
  -5.1351351e-01   2.3404086e-01
  -5.1151151e-01   2.3241565e-01
  -5.0950951e-01   2.3079416e-01
  -5.0750751e-01   2.2917641e-01
  -5.0550551e-01   2.2756243e-01
  -5.0350350e-01   2.2595223e-01
  -5.0150150e-01   2.2434583e-01
  -4.9949950e-01   2.2274327e-01
  -4.9749750e-01   2.2114456e-01
  -4.9549550e-01   2.1954973e-01
  -4.9349349e-01   2.1795880e-01
  -4.9149149e-01   2.1637178e-01
  -4.8948949e-01   2.1478871e-01
  -4.8748749e-01   2.1320961e-01
  -4.8548549e-01   2.1163450e-01
  -4.8348348e-01   2.1006340e-01
  -4.8148148e-01   2.0849634e-01
  -4.7947948e-01   2.0693333e-01
  -4.7747748e-01   2.0537440e-01
  -4.7547548e-01   2.0381958e-01
  -4.7347347e-01   2.0226889e-01
  -4.7147147e-01   2.0072234e-01
  -4.6946947e-01   1.9917997e-01
  -4.6746747e-01   1.9764179e-01
  -4.6546547e-01   1.9610784e-01
  -4.6346346e-01   1.9457812e-01
  -4.6146146e-01   1.9305267e-01
  -4.5945946e-01   1.9153151e-01
  -4.5745746e-01   1.9001466e-01
  -4.5545546e-01   1.8850214e-01
  -4.5345345e-01   1.8699399e-01
  -4.5145145e-01   1.8549021e-01
  -4.4944945e-01   1.8399084e-01
  -4.4744745e-01   1.8249589e-01
  -4.4544545e-01   1.8100540e-01
  -4.4344344e-01   1.7951937e-01
  -4.4144144e-01   1.7803785e-01
  -4.3943944e-01   1.7656085e-01
  -4.3743744e-01   1.7508839e-01
  -4.3543544e-01   1.7362049e-01
  -4.3343343e-01   1.7215719e-01
  -4.3143143e-01   1.7069850e-01
  -4.2942943e-01   1.6924445e-01
  -4.2742743e-01   1.6779506e-01
  -4.2542543e-01   1.6635035e-01
  -4.2342342e-01   1.6491035e-01
  -4.2142142e-01   1.6347508e-01
  -4.1941942e-01   1.6204457e-01
  -4.1741742e-01   1.6061883e-01
  -4.1541542e-01   1.5919789e-01
  -4.1341341e-01   1.5778178e-01
  -4.1141141e-01   1.5637051e-01
  -4.0940941e-01   1.5496412e-01
  -4.0740741e-01   1.5356262e-01
  -4.0540541e-01   1.5216603e-01
  -4.0340340e-01   1.5077439e-01
  -4.0140140e-01   1.4938771e-01
  -3.9939940e-01   1.4800602e-01
  -3.9739740e-01   1.4662934e-01
  -3.9539540e-01   1.4525770e-01
  -3.9339339e-01   1.4389111e-01
  -3.9139139e-01   1.4252961e-01
  -3.8938939e-01   1.4117320e-01
  -3.8738739e-01   1.3982193e-01
  -3.8538539e-01   1.3847581e-01
  -3.8338338e-01   1.3713486e-01
  -3.8138138e-01   1.3579911e-01
  -3.7937938e-01   1.3446858e-01
  -3.7737738e-01   1.3314329e-01
  -3.7537538e-01   1.3182327e-01
  -3.7337337e-01   1.3050854e-01
  -3.7137137e-01   1.2919913e-01
  -3.6936937e-01   1.2789505e-01
  -3.6736737e-01   1.2659634e-01
  -3.6536537e-01   1.2530300e-01
  -3.6336336e-01   1.2401507e-01
  -3.6136136e-01   1.2273257e-01
  -3.5935936e-01   1.2145553e-01
  -3.5735736e-01   1.2018396e-01
  -3.5535536e-01   1.1891788e-01
  -3.5335335e-01   1.1765733e-01
  -3.5135135e-01   1.1640232e-01
  -3.4934935e-01   1.1515288e-01
  -3.4734735e-01   1.1390903e-01
  -3.4534535e-01   1.1267080e-01
  -3.4334334e-01   1.1143820e-01
  -3.4134134e-01   1.1021125e-01
  -3.3933934e-01   1.0898999e-01
  -3.3733734e-01   1.0777443e-01
  -3.3533534e-01   1.0656460e-01
  -3.3333333e-01   1.0536052e-01
  -3.3133133e-01   1.0416220e-01
  -3.2932933e-01   1.0296969e-01
  -3.2732733e-01   1.0178299e-01
  -3.2532533e-01   1.0060212e-01
  -3.2332332e-01   9.9427122e-02
  -3.2132132e-01   9.8258005e-02
  -3.1931932e-01   9.7094793e-02
  -3.1731732e-01   9.5937510e-02
  -3.1531532e-01   9.4786177e-02
  -3.1331331e-01   9.3640817e-02
  -3.1131131e-01   9.2501450e-02
  -3.0930931e-01   9.1368101e-02
  -3.0730731e-01   9.0240790e-02
  -3.0530531e-01   8.9119539e-02
  -3.0330330e-01   8.8004370e-02
  -3.0130130e-01   8.6895305e-02
  -2.9929930e-01  -1.2873063e+00
  -2.9729730e-01  -1.1941018e+00
  -2.9529530e-01  -1.1029618e+00
  -2.9329329e-01  -1.0142319e+00
  -2.9129129e-01  -9.2824246e-01
  -2.8928929e-01  -8.4530792e-01
  -2.8728729e-01  -7.6572538e-01
  -2.8528529e-01  -6.8977390e-01
  -2.8328328e-01  -6.1771362e-01
  -2.8128128e-01  -5.4978503e-01
  -2.7927928e-01  -4.8620835e-01
  -2.7727728e-01  -4.2718293e-01
  -2.7527528e-01  -3.7288682e-01
  -2.7327327e-01  -3.2347638e-01
  -2.7127127e-01  -2.7908602e-01
  -2.6926927e-01  -2.3982800e-01
  -2.6726727e-01  -2.0579233e-01
  -2.6526527e-01  -1.7704676e-01
  -2.6326326e-01  -1.5363690e-01
  -2.6126126e-01  -1.3558635e-01
  -2.5925926e-01  -1.2289698e-01
  -2.5725726e-01  -1.1554923e-01
  -2.5525526e-01  -1.1350258e-01
  -2.5325325e-01  -1.1669603e-01
  -2.5125125e-01  -1.2504864e-01
  -2.4924925e-01  -1.3846019e-01
  -2.4724725e-01  -1.5681190e-01
  -2.4524525e-01  -1.7996716e-01
  -2.4324324e-01  -2.0777241e-01
  -2.4124124e-01  -2.4005796e-01
  -2.3923924e-01  -2.7663898e-01
  -2.3723724e-01  -3.1731644e-01
  -2.3523524e-01  -3.6187815e-01
  -2.3323323e-01  -4.1009981e-01
  -2.3123123e-01  -4.6174608e-01
  -2.2922923e-01  -5.1657170e-01
  -2.2722723e-01  -5.7432267e-01
  -2.2522523e-01  -6.3473732e-01
  -2.2322322e-01  -6.9754755e-01
  -2.2122122e-01  -7.6247995e-01
  -2.1921922e-01  -8.2925701e-01
  -2.1721722e-01  -8.9759825e-01
  -2.1521522e-01  -9.6722145e-01
  -2.1321321e-01  -1.0378437e+00
  -2.1121121e-01  -1.1091827e+00
  -2.0920921e-01  -1.1809577e+00
  -2.0720721e-01  -1.2528907e+00
  -2.0520521e-01  -1.3247074e+00
  -2.0320320e-01  -1.3961386e+00
  -2.0120120e-01  -1.4669205e+00
  -1.9919920e-01  -1.5367964e+00
  -1.9719720e-01  -1.6055172e+00
  -1.9519520e-01  -1.6728423e+00
  -1.9319319e-01  -1.7385405e+00
  -1.9119119e-01  -1.8023909e+00
  -1.8918919e-01  -1.8641834e+00
  -1.8718719e-01  -1.9237192e+00
  -1.8518519e-01  -1.9808121e+00
  -1.8318318e-01  -2.0352883e+00
  -1.8118118e-01  -2.0869872e+00
  -1.7917918e-01  -2.1357619e+00
  -1.7717718e-01  -2.1814795e+00
  -1.7517518e-01  -2.2240213e+00
  -1.7317317e-01  -2.2632834e+00
  -1.7117117e-01  -2.2991762e+00
  -1.6916917e-01  -2.3316254e+00
  -1.6716717e-01  -2.3605713e+00
  -1.6516517e-01  -2.3859693e+00
  -1.6316316e-01  -2.4077895e+00
  -1.6116116e-01  -2.4260168e+00
  -1.5915916e-01  -2.4406508e+00
  -1.5715716e-01  -2.4517052e+00
  -1.5515516e-01  -2.4592078e+00
  -1.5315315e-01  -2.4632004e+00
  -1.5115115e-01  -2.4637377e+00
  -1.4914915e-01  -2.4608875e+00
  -1.4714715e-01  -2.4547302e+00
  -1.4514515e-01  -2.4453579e+00
  -1.4314314e-01  -2.4328740e+00
  -1.4114114e-01  -2.4173928e+00
  -1.3913914e-01  -2.3990387e+00
  -1.3713714e-01  -2.3779456e+00
  -1.3513514e-01  -2.3542562e+00
  -1.3313313e-01  -2.3281211e+00
  -1.3113113e-01  -2.2996986e+00
  -1.2912913e-01  -2.2691532e+00
  -1.2712713e-01  -2.2366555e+00
  -1.2512513e-01  -2.2023813e+00
  -1.2312312e-01  -2.1665103e+00
  -1.2112112e-01  -2.1292260e+00
  -1.1911912e-01  -2.0907145e+00
  -1.1711712e-01  -2.0511640e+00
  -1.1511512e-01  -2.0107637e+00
  -1.1311311e-01  -1.9697031e+00
  -1.1111111e-01  -1.9281716e+00
  -1.0910911e-01  -1.8863571e+00
  -1.0710711e-01  -1.8444460e+00
  -1.0510511e-01  -1.8026219e+00
  -1.0310310e-01  -1.7610653e+00
  -1.0110110e-01  -1.7199525e+00
  -9.9099099e-02  -1.6794556e+00
  -9.7097097e-02  -1.6397411e+00
  -9.5095095e-02  -1.6009702e+00
  -9.3093093e-02  -1.5632972e+00
  -9.1091091e-02  -1.5268702e+00
  -8.9089089e-02  -1.4918295e+00
  -8.7087087e-02  -1.4583078e+00
  -8.5085085e-02  -1.4264298e+00
  -8.3083083e-02  -1.3963114e+00
  -8.1081081e-02  -1.3680598e+00
  -7.9079079e-02  -1.3417730e+00
  -7.7077077e-02  -1.3175397e+00
  -7.5075075e-02  -1.2954389e+00
  -7.3073073e-02  -1.2755398e+00
  -7.1071071e-02  -1.2579019e+00
  -6.9069069e-02  -1.2425746e+00
  -6.7067067e-02  -1.2295973e+00
  -6.5065065e-02  -1.2189995e+00
  -6.3063063e-02  -1.2108007e+00
  -6.1061061e-02  -1.2050105e+00
  -5.9059059e-02  -1.2016289e+00
  -5.7057057e-02  -1.2006459e+00
  -5.5055055e-02  -1.2020426e+00
  -5.3053053e-02  -1.2057905e+00
  -5.1051051e-02  -1.2118525e+00
  -4.9049049e-02  -1.2201827e+00
  -4.7047047e-02  -1.2307268e+00
  -4.5045045e-02  -1.2434227e+00
  -4.3043043e-02  -1.2582008e+00
  -4.1041041e-02  -1.2749839e+00
  -3.9039039e-02  -1.2936884e+00
  -3.7037037e-02  -1.3142244e+00
  -3.5035035e-02  -1.3364957e+00
  -3.3033033e-02  -1.3604013e+00
  -3.1031031e-02  -1.3858348e+00
  -2.9029029e-02  -1.4126856e+00
  -2.7027027e-02  -1.4408393e+00
  -2.5025025e-02  -1.4701779e+00
  -2.3023023e-02  -1.5005807e+00
  -2.1021021e-02  -1.5319247e+00
  -1.9019019e-02  -1.5640850e+00
  -1.7017017e-02  -1.5969354e+00
  -1.5015015e-02  -1.6303492e+00
  -1.3013013e-02  -1.6641992e+00
  -1.1011011e-02  -1.6983586e+00
  -9.0090090e-03  -1.7327013e+00
  -7.0070070e-03  -1.7671026e+00
  -5.0050050e-03  -1.8014395e+00
  -3.0030030e-03  -1.8355911e+00
  -1.0010010e-03  -1.8694393e+00
   1.0010010e-03  -1.9028691e+00
   3.0030030e-03  -1.9357689e+00
   5.0050050e-03  -1.9680309e+00
   7.0070070e-03  -1.9995519e+00
   9.0090090e-03  -2.0302329e+00
   1.1011011e-02  -2.0599800e+00
   1.3013013e-02  -2.0887045e+00
   1.5015015e-02  -2.1163233e+00
   1.7017017e-02  -2.1427588e+00
   1.9019019e-02  -2.1679395e+00
   2.1021021e-02  -2.1918001e+00
   2.3023023e-02  -2.2142814e+00
   2.5025025e-02  -2.2353307e+00
   2.7027027e-02  -2.2549021e+00
   2.9029029e-02  -2.2729559e+00
   3.1031031e-02  -2.2894594e+00
   3.3033033e-02  -2.3043864e+00
   3.5035035e-02  -2.3177176e+00
   3.7037037e-02  -2.3294403e+00
   3.9039039e-02  -2.3395483e+00
   4.1041041e-02  -2.3480419e+00
   4.3043043e-02  -2.3549282e+00
   4.5045045e-02  -2.3602201e+00
   4.7047047e-02  -2.3639371e+00
   4.9049049e-02  -2.3661043e+00
   5.1051051e-02  -2.3667527e+00
   5.3053053e-02  -2.3659191e+00
   5.5055055e-02  -2.3636453e+00
   5.7057057e-02  -2.3599783e+00
   5.9059059e-02  -2.3549699e+00
   6.1061061e-02  -2.3486765e+00
   6.3063063e-02  -2.3411586e+00
   6.5065065e-02  -2.3324807e+00
   6.7067067e-02  -2.3227109e+00
   6.9069069e-02  -2.3119205e+00
   7.1071071e-02  -2.3001838e+00
   7.3073073e-02  -2.2875777e+00
   7.5075075e-02  -2.2741813e+00
   7.7077077e-02  -2.2600757e+00
   7.9079079e-02  -2.2453433e+00
   8.1081081e-02  -2.2300679e+00
   8.3083083e-02  -2.2143342e+00
   8.5085085e-02  -2.1982271e+00
   8.7087087e-02  -2.1818318e+00
   8.9089089e-02  -2.1652334e+00
   9.1091091e-02  -2.1485163e+00
   9.3093093e-02  -2.1317641e+00
   9.5095095e-02  -2.1150592e+00
   9.7097097e-02  -2.0984825e+00
   9.9099099e-02  -2.0821130e+00
   1.0110110e-01  -2.0660278e+00
   1.0310310e-01  -2.0503016e+00
   1.0510511e-01  -2.0350064e+00
   1.0710711e-01  -2.0202113e+00
   1.0910911e-01  -2.0059825e+00
   1.1111111e-01  -1.9923828e+00
   1.1311311e-01  -1.9794714e+00
   1.1511512e-01  -1.9673039e+00
   1.1711712e-01  -1.9559321e+00
   1.1911912e-01  -1.9454036e+00
   1.2112112e-01  -1.9357622e+00
   1.2312312e-01  -1.9270472e+00
   1.2512513e-01  -1.9192937e+00
   1.2712713e-01  -1.9125324e+00
   1.2912913e-01  -1.9067895e+00
   1.3113113e-01  -1.9020868e+00
   1.3313313e-01  -1.8984416e+00
   1.3513514e-01  -1.8958666e+00
   1.3713714e-01  -1.8943702e+00
   1.3913914e-01  -1.8939563e+00
   1.4114114e-01  -1.8946243e+00
   1.4314314e-01  -1.8963695e+00
   1.4514515e-01  -1.8991827e+00
   1.4714715e-01  -1.9030511e+00
   1.4914915e-01  -1.9079572e+00
   1.5115115e-01  -1.9138803e+00
   1.5315315e-01  -1.9207955e+00
   1.5515516e-01  -1.9286746e+00
   1.5715716e-01  -1.9374860e+00
   1.5915916e-01  -1.9471946e+00
   1.6116116e-01  -1.9577627e+00
   1.6316316e-01  -1.9691495e+00
   1.6516517e-01  -1.9813117e+00
   1.6716717e-01  -1.9942034e+00
   1.6916917e-01  -2.0077768e+00
   1.7117117e-01  -2.0219820e+00
   1.7317317e-01  -2.0367673e+00
   1.7517518e-01  -2.0520798e+00
   1.7717718e-01  -2.0678649e+00
   1.7917918e-01  -2.0840673e+00
   1.8118118e-01  -2.1006308e+00
   1.8318318e-01  -2.1174988e+00
   1.8518519e-01  -2.1346142e+00
   1.8718719e-01  -2.1519199e+00
   1.8918919e-01  -2.1693589e+00
   1.9119119e-01  -2.1868747e+00
   1.9319319e-01  -2.2044112e+00
   1.9519520e-01  -2.2219133e+00
   1.9719720e-01  -2.2393268e+00
   1.9919920e-01  -2.2565988e+00
   2.0120120e-01  -2.2736776e+00
   2.0320320e-01  -2.2905134e+00
   2.0520521e-01  -2.3070578e+00
   2.0720721e-01  -2.3232648e+00
   2.0920921e-01  -2.3390900e+00
   2.1121121e-01  -2.3544915e+00
   2.1321321e-01  -2.3694296e+00
   2.1521522e-01  -2.3838674e+00
   2.1721722e-01  -2.3977701e+00
   2.1921922e-01  -2.4111059e+00
   2.2122122e-01  -2.4238458e+00
   2.2322322e-01  -2.4359634e+00
   2.2522523e-01  -2.4474354e+00
   2.2722723e-01  -2.4582413e+00
   2.2922923e-01  -2.4683638e+00
   2.3123123e-01  -2.4777884e+00
   2.3323323e-01  -2.4865037e+00
   2.3523524e-01  -2.4945011e+00
   2.3723724e-01  -2.5017754e+00
   2.3923924e-01  -2.5083241e+00
   2.4124124e-01  -2.5141476e+00
   2.4324324e-01  -2.5192493e+00
   2.4524525e-01  -2.5236353e+00
   2.4724725e-01  -2.5273147e+00
   2.4924925e-01  -2.5302990e+00
   2.5125125e-01  -2.5326025e+00
   2.5325325e-01  -2.5342418e+00
   2.5525526e-01  -2.5352359e+00
   2.5725726e-01  -2.5356064e+00
   2.5925926e-01  -2.5353765e+00
   2.6126126e-01  -2.5345718e+00
   2.6326326e-01  -2.5332198e+00
   2.6526527e-01  -2.5313496e+00
   2.6726727e-01  -2.5289918e+00
   2.6926927e-01  -2.5261788e+00
   2.7127127e-01  -2.5229440e+00
   2.7327327e-01  -2.5193220e+00
   2.7527528e-01  -2.5153485e+00
   2.7727728e-01  -2.5110601e+00
   2.7927928e-01  -2.5064937e+00
   2.8128128e-01  -2.5016872e+00
   2.8328328e-01  -2.4966785e+00
   2.8528529e-01  -2.4915059e+00
   2.8728729e-01  -2.4862076e+00
   2.8928929e-01  -2.4808219e+00
   2.9129129e-01  -2.4753866e+00
   2.9329329e-01  -2.4699393e+00
   2.9529530e-01  -2.4645169e+00
   2.9729730e-01  -2.4591556e+00
   2.9929930e-01  -2.4538910e+00
   3.0130130e-01  -2.4487576e+00
   3.0330330e-01  -2.4437887e+00
   3.0530531e-01  -2.4390167e+00
   3.0730731e-01  -2.4344724e+00
   3.0930931e-01  -2.4301855e+00
   3.1131131e-01  -2.4261839e+00
   3.1331331e-01  -2.4224942e+00
   3.1531532e-01  -2.4191412e+00
   3.1731732e-01  -2.4161479e+00
   3.1931932e-01  -2.4135356e+00
   3.2132132e-01  -2.4113238e+00
   3.2332332e-01  -2.4095298e+00
   3.2532533e-01  -2.4081694e+00
   3.2732733e-01  -2.4072561e+00
   3.2932933e-01  -2.4068014e+00
   3.3133133e-01  -2.4068150e+00
   3.3333333e-01  -2.4073044e+00
   3.3533534e-01  -2.4082752e+00
   3.3733734e-01  -2.4097308e+00
   3.3933934e-01  -2.4116729e+00
   3.4134134e-01  -2.4141010e+00
   3.4334334e-01  -2.4170128e+00
   3.4534535e-01  -2.4204041e+00
   3.4734735e-01  -2.4242687e+00
   3.4934935e-01  -2.4285988e+00
   3.5135135e-01  -2.4333847e+00
   3.5335335e-01  -2.4386153e+00
   3.5535536e-01  -2.4442776e+00
   3.5735736e-01  -2.4503573e+00
   3.5935936e-01  -2.4568385e+00
   3.6136136e-01  -2.4637041e+00
   3.6336336e-01  -2.4709357e+00
   3.6536537e-01  -2.4785137e+00
   3.6736737e-01  -2.4864174e+00
   3.6936937e-01  -2.4946252e+00
   3.7137137e-01  -2.5031146e+00
   3.7337337e-01  -2.5118623e+00
   3.7537538e-01  -2.5208444e+00
   3.7737738e-01  -2.5300364e+00
   3.7937938e-01  -2.5394134e+00
   3.8138138e-01  -2.5489502e+00
   3.8338338e-01  -2.5586212e+00
   3.8538539e-01  -2.5684008e+00
   3.8738739e-01  -2.5782633e+00
   3.8938939e-01  -2.5881832e+00
   3.9139139e-01  -2.5981350e+00
   3.9339339e-01  -2.6080937e+00
   3.9539540e-01  -2.6180345e+00
   3.9739740e-01  -2.6279330e+00
   3.9939940e-01  -2.6377656e+00
   4.0140140e-01  -2.6475091e+00
   4.0340340e-01  -2.6571412e+00
   4.0540541e-01  -2.6666403e+00
   4.0740741e-01  -2.6759858e+00
   4.0940941e-01  -2.6851577e+00
   4.1141141e-01  -2.6941375e+00
   4.1341341e-01  -2.7029073e+00
   4.1541542e-01  -2.7114507e+00
   4.1741742e-01  -2.7197522e+00
   4.1941942e-01  -2.7277976e+00
   4.2142142e-01  -2.7355740e+00
   4.2342342e-01  -2.7430696e+00
   4.2542543e-01  -2.7502743e+00
   4.2742743e-01  -2.7571788e+00
   4.2942943e-01  -2.7637754e+00
   4.3143143e-01  -2.7700580e+00
   4.3343343e-01  -2.7760213e+00
   4.3543544e-01  -2.7816619e+00
   4.3743744e-01  -2.7869773e+00
   4.3943944e-01  -2.7919666e+00
   4.4144144e-01  -2.7966302e+00
   4.4344344e-01  -2.8009697e+00
   4.4544545e-01  -2.8049880e+00
   4.4744745e-01  -2.8086892e+00
   4.4944945e-01  -2.8120787e+00
   4.5145145e-01  -2.8151629e+00
   4.5345345e-01  -2.8179495e+00
   4.5545546e-01  -2.8204472e+00
   4.5745746e-01  -2.8226656e+00
   4.5945946e-01  -2.8246154e+00
   4.6146146e-01  -2.8263082e+00
   4.6346346e-01  -2.8277562e+00
   4.6546547e-01  -2.8289728e+00
   4.6746747e-01  -2.8299717e+00
   4.6946947e-01  -2.8307675e+00
   4.7147147e-01  -2.8313754e+00
   4.7347347e-01  -2.8318109e+00
   4.7547548e-01  -2.8320900e+00
   4.7747748e-01  -2.8322293e+00
   4.7947948e-01  -2.8322454e+00
   4.8148148e-01  -2.8321553e+00
   4.8348348e-01  -2.8319760e+00
   4.8548549e-01  -2.8317248e+00
   4.8748749e-01  -2.8314189e+00
   4.8948949e-01  -2.8310754e+00
   4.9149149e-01  -2.8307113e+00
   4.9349349e-01  -2.8303435e+00
   4.9549550e-01  -2.8299885e+00
   4.9749750e-01  -2.8296626e+00
   4.9949950e-01  -2.8293818e+00
   5.0150150e-01  -2.8291613e+00
   5.0350350e-01  -2.8290163e+00
   5.0550551e-01  -2.8289612e+00
   5.0750751e-01  -2.8290097e+00
   5.0950951e-01  -2.8291752e+00
   5.1151151e-01  -2.8294701e+00
   5.1351351e-01  -2.8299063e+00
   5.1551552e-01  -2.8304948e+00
   5.1751752e-01  -2.8312460e+00
   5.1951952e-01  -2.8321693e+00
   5.2152152e-01  -2.8332733e+00
   5.2352352e-01  -2.8345659e+00
   5.2552553e-01  -2.8360539e+00
   5.2752753e-01  -2.8377433e+00
   5.2952953e-01  -2.8396393e+00
   5.3153153e-01  -2.8417461e+00
   5.3353353e-01  -2.8440670e+00
   5.3553554e-01  -2.8466044e+00
   5.3753754e-01  -2.8493597e+00
   5.3953954e-01  -2.8523337e+00
   5.4154154e-01  -2.8555260e+00
   5.4354354e-01  -2.8589354e+00
   5.4554555e-01  -2.8625600e+00
   5.4754755e-01  -2.8663971e+00
   5.4954955e-01  -2.8704428e+00
   5.5155155e-01  -2.8746930e+00
   5.5355355e-01  -2.8791423e+00
   5.5555556e-01  -2.8837851e+00
   5.5755756e-01  -2.8886147e+00
   5.5955956e-01  -2.8936239e+00
   5.6156156e-01  -2.8988051e+00
   5.6356356e-01  -2.9041499e+00
   5.6556557e-01  -2.9096494e+00
   5.6756757e-01  -2.9152943e+00
   5.6956957e-01  -2.9210749e+00
   5.7157157e-01  -2.9269809e+00
   5.7357357e-01  -2.9330020e+00
   5.7557558e-01  -2.9391273e+00
   5.7757758e-01  -2.9453458e+00
   5.7957958e-01  -2.9516463e+00
   5.8158158e-01  -2.9580174e+00
   5.8358358e-01  -2.9644477e+00
   5.8558559e-01  -2.9709257e+00
   5.8758759e-01  -2.9774398e+00
   5.8958959e-01  -2.9839784e+00
   5.9159159e-01  -2.9905304e+00
   5.9359359e-01  -2.9970842e+00
   5.9559560e-01  -3.0036289e+00
   5.9759760e-01  -3.0101536e+00
   5.9959960e-01  -3.0166475e+00
   6.0160160e-01  -3.6854958e+00
   6.0360360e-01  -3.6865985e+00
   6.0560561e-01  -3.6876938e+00
   6.0760761e-01  -3.6887819e+00
   6.0960961e-01  -3.6898629e+00
   6.1161161e-01  -3.6909368e+00
   6.1361361e-01  -3.6920037e+00
   6.1561562e-01  -3.6930637e+00
   6.1761762e-01  -3.6941168e+00
   6.1961962e-01  -3.6951631e+00
   6.2162162e-01  -3.6962026e+00
   6.2362362e-01  -3.6972355e+00
   6.2562563e-01  -3.6982617e+00
   6.2762763e-01  -3.6992815e+00
   6.2962963e-01  -3.7002947e+00
   6.3163163e-01  -3.7013015e+00
   6.3363363e-01  -3.7023019e+00
   6.3563564e-01  -3.7032961e+00
   6.3763764e-01  -3.7042840e+00
   6.3963964e-01  -3.7052657e+00
   6.4164164e-01  -3.7062413e+00
   6.4364364e-01  -3.7072108e+00
   6.4564565e-01  -3.7081743e+00
   6.4764765e-01  -3.7091319e+00
   6.4964965e-01  -3.7100835e+00
   6.5165165e-01  -3.7110293e+00
   6.5365365e-01  -3.7119693e+00
   6.5565566e-01  -3.7129036e+00
   6.5765766e-01  -3.7138322e+00
   6.5965966e-01  -3.7147551e+00
   6.6166166e-01  -3.7156725e+00
   6.6366366e-01  -3.7165843e+00
   6.6566567e-01  -3.7174906e+00
   6.6766767e-01  -3.7183915e+00
   6.6966967e-01  -3.7192870e+00
   6.7167167e-01  -3.7201772e+00
   6.7367367e-01  -3.7210621e+00
   6.7567568e-01  -3.7219417e+00
   6.7767768e-01  -3.7228162e+00
   6.7967968e-01  -3.7236855e+00
   6.8168168e-01  -3.7245497e+00
   6.8368368e-01  -3.7254088e+00
   6.8568569e-01  -3.7262629e+00
   6.8768769e-01  -3.7271120e+00
   6.8968969e-01  -3.7279563e+00
   6.9169169e-01  -3.7287956e+00
   6.9369369e-01  -3.7296301e+00
   6.9569570e-01  -3.7304597e+00
   6.9769770e-01  -3.7312846e+00
   6.9969970e-01  -3.7321048e+00
   7.0170170e-01  -3.7329203e+00
   7.0370370e-01  -3.7337312e+00
   7.0570571e-01  -3.7345375e+00
   7.0770771e-01  -3.7353392e+00
   7.0970971e-01  -3.7361364e+00
   7.1171171e-01  -3.7369291e+00
   7.1371371e-01  -3.7377173e+00
   7.1571572e-01  -3.7385012e+00
   7.1771772e-01  -3.7392807e+00
   7.1971972e-01  -3.7400558e+00
   7.2172172e-01  -3.7408266e+00
   7.2372372e-01  -3.7415932e+00
   7.2572573e-01  -3.7423555e+00
   7.2772773e-01  -3.7431137e+00
   7.2972973e-01  -3.7438677e+00
   7.3173173e-01  -3.7446175e+00
   7.3373373e-01  -3.7453633e+00
   7.3573574e-01  -3.7461050e+00
   7.3773774e-01  -3.7468427e+00
   7.3973974e-01  -3.7475764e+00
   7.4174174e-01  -3.7483061e+00
   7.4374374e-01  -3.7490319e+00
   7.4574575e-01  -3.7497538e+00
   7.4774775e-01  -3.7504719e+00
   7.4974975e-01  -3.7511861e+00
   7.5175175e-01  -3.7518965e+00
   7.5375375e-01  -3.7526031e+00
   7.5575576e-01  -3.7533060e+00
   7.5775776e-01  -3.7540052e+00
   7.5975976e-01  -3.7547006e+00
   7.6176176e-01  -3.7553925e+00
   7.6376376e-01  -3.7560807e+00
   7.6576577e-01  -3.7567653e+00
   7.6776777e-01  -3.7574463e+00
   7.6976977e-01  -3.7581238e+00
   7.7177177e-01  -3.7587978e+00
   7.7377377e-01  -3.7594683e+00
   7.7577578e-01  -3.7601353e+00
   7.7777778e-01  -3.7607989e+00
   7.7977978e-01  -3.7614591e+00
   7.8178178e-01  -3.7621159e+00
   7.8378378e-01  -3.7627693e+00
   7.8578579e-01  -3.7634195e+00
   7.8778779e-01  -3.7640663e+00
   7.8978979e-01  -3.7647098e+00
   7.9179179e-01  -3.7653501e+00
   7.9379379e-01  -3.7659871e+00
   7.9579580e-01  -3.7666210e+00
   7.9779780e-01  -3.7672517e+00
   7.9979980e-01  -3.7678792e+00
   8.0180180e-01  -3.7685035e+00
   8.0380380e-01  -3.7691248e+00
   8.0580581e-01  -3.7697430e+00
   8.0780781e-01  -3.7703581e+00
   8.0980981e-01  -3.7709702e+00
   8.1181181e-01  -3.7715792e+00
   8.1381381e-01  -3.7721853e+00
   8.1581582e-01  -3.7727884e+00
   8.1781782e-01  -3.7733885e+00
   8.1981982e-01  -3.7739857e+00
   8.2182182e-01  -3.7745800e+00
   8.2382382e-01  -3.7751714e+00
   8.2582583e-01  -3.7757599e+00
   8.2782783e-01  -3.7763456e+00
   8.2982983e-01  -3.7769285e+00
   8.3183183e-01  -3.7775085e+00
   8.3383383e-01  -3.7780858e+00
   8.3583584e-01  -3.7786603e+00
   8.3783784e-01  -3.7792321e+00
   8.3983984e-01  -3.7798011e+00
   8.4184184e-01  -3.7803674e+00
   8.4384384e-01  -3.7809311e+00
   8.4584585e-01  -3.7814920e+00
   8.4784785e-01  -3.7820504e+00
   8.4984985e-01  -3.7826061e+00
   8.5185185e-01  -3.7831591e+00
   8.5385385e-01  -3.7837096e+00
   8.5585586e-01  -3.7842575e+00
   8.5785786e-01  -3.7848029e+00
   8.5985986e-01  -3.7853457e+00
   8.6186186e-01  -3.7858860e+00
   8.6386386e-01  -3.7864238e+00
   8.6586587e-01  -3.7869591e+00
   8.6786787e-01  -3.7874919e+00
   8.6986987e-01  -3.7880223e+00
   8.7187187e-01  -3.7885502e+00
   8.7387387e-01  -3.7890758e+00
   8.7587588e-01  -3.7895989e+00
   8.7787788e-01  -3.7901196e+00
   8.7987988e-01  -3.7906380e+00
   8.8188188e-01  -3.7911540e+00
   8.8388388e-01  -3.7916677e+00
   8.8588589e-01  -3.7921790e+00
   8.8788789e-01  -3.7926881e+00
   8.8988989e-01  -3.7931948e+00
   8.9189189e-01  -3.7936993e+00
   8.9389389e-01  -3.7942015e+00
   8.9589590e-01  -3.7947015e+00
   8.9789790e-01  -3.7951993e+00
   8.9989990e-01  -3.7956948e+00
   9.0190190e-01  -3.7961881e+00
   9.0390390e-01  -3.7966793e+00
   9.0590591e-01  -3.7971683e+00
   9.0790791e-01  -3.7976551e+00
   9.0990991e-01  -3.7981398e+00
   9.1191191e-01  -3.7986223e+00
   9.1391391e-01  -3.7991028e+00
   9.1591592e-01  -3.7995811e+00
   9.1791792e-01  -3.8000573e+00
   9.1991992e-01  -3.8005315e+00
   9.2192192e-01  -3.8010036e+00
   9.2392392e-01  -3.8014737e+00
   9.2592593e-01  -3.8019417e+00
   9.2792793e-01  -3.8024078e+00
   9.2992993e-01  -3.8028718e+00
   9.3193193e-01  -3.8033338e+00
   9.3393393e-01  -3.8037938e+00
   9.3593594e-01  -3.8042519e+00
   9.3793794e-01  -3.8047080e+00
   9.3993994e-01  -3.8051622e+00
   9.4194194e-01  -3.8056144e+00
   9.4394394e-01  -3.8060648e+00
   9.4594595e-01  -3.8065132e+00
   9.4794795e-01  -3.8069597e+00
   9.4994995e-01  -3.8074043e+00
   9.5195195e-01  -3.8078471e+00
   9.5395395e-01  -3.8082880e+00
   9.5595596e-01  -3.8087271e+00
   9.5795796e-01  -3.8091643e+00
   9.5995996e-01  -3.8095997e+00
   9.6196196e-01  -3.8100333e+00
   9.6396396e-01  -3.8104651e+00
   9.6596597e-01  -3.8108951e+00
   9.6796797e-01  -3.8113233e+00
   9.6996997e-01  -3.8117498e+00
   9.7197197e-01  -3.8121745e+00
   9.7397397e-01  -3.8125974e+00
   9.7597598e-01  -3.8130187e+00
   9.7797798e-01  -3.8134382e+00
   9.7997998e-01  -3.8138559e+00
   9.8198198e-01  -3.8142720e+00
   9.8398398e-01  -3.8146864e+00
   9.8598599e-01  -3.8150991e+00
   9.8798799e-01  -3.8155101e+00
   9.8998999e-01  -3.8159195e+00
   9.9199199e-01  -3.8163272e+00
   9.9399399e-01  -3.8167333e+00
   9.9599600e-01  -3.8171377e+00
   9.9799800e-01  -3.8175405e+00
   1.0000000e+00  -3.8179417e+00
