0.000000
0.006671
0.013342
0.020013
0.026684
0.033356
0.040027
0.046698
0.053369
0.060040
0.066711
0.073382
0.080053
0.086724
0.093396
0.100067
0.106738
0.113409
0.120080
0.126751
0.133422
0.140093
0.146765
0.153436
0.160107
0.166778
0.173449
0.180120
0.186791
0.193462
0.200133
0.206805
0.213476
0.220147
0.226818
0.233489
0.240160
0.246831
0.253502
0.260173
0.266845
0.273516
0.280187
0.286858
0.293529
0.300200
0.306871
0.313542
0.320213
0.326885
0.333556
0.340227
0.346898
0.353569
0.360240
0.366911
0.373582
0.380254
0.386925
0.393596
0.400267
0.406938
0.413609
0.420280
0.426951
0.433622
0.440294
0.446965
0.453636
0.460307
0.466978
0.473649
0.480320
0.486991
0.493662
0.500334
0.507005
0.513676
0.520347
0.527018
0.533689
0.540360
0.547031
0.553702
0.560374
0.567045
0.573716
0.580387
0.587058
0.593729
0.600400
0.607071
0.613742
0.620414
0.627085
0.633756
0.640427
0.647098
0.653769
0.660440
0.667111
0.673783
0.680454
0.687125
0.693796
0.700467
0.707138
0.713809
0.720480
0.727151
0.733823
0.740494
0.747165
0.753836
0.760507
0.767178
0.773849
0.780520
0.787191
0.793863
0.800534
0.807205
0.813876
0.820547
0.827218
0.833889
0.840560
0.847231
0.853903
0.860574
0.867245
0.873916
0.880587
0.887258
0.893929
0.900600
0.907272
0.913943
0.920614
0.927285
0.933956
0.940627
0.947298
0.953969
0.960640
0.967312
0.973983
0.980654
0.987325
0.993996
1.000667
1.007338
1.014009
1.020680
1.027352
1.034023
1.040694
1.047365
1.054036
1.060707
1.067378
1.074049
1.080720
1.087392
1.094063
1.100734
1.107405
1.114076
1.120747
1.127418
1.134089
1.140761
1.147432
1.154103
1.160774
1.167445
1.174116
1.180787
1.187458
1.194129
1.200801
1.207472
1.214143
1.220814
1.227485
1.234156
1.240827
1.247498
1.254169
1.260841
1.267512
1.274183
1.280854
1.287525
1.294196
1.300867
1.307538
1.314209
1.320881
1.327552
1.334223
1.340894
1.347565
1.354236
1.360907
1.367578
1.374249
1.380921
1.387592
1.394263
1.400934
1.407605
1.414276
1.420947
1.427618
1.434290
1.440961
1.447632
1.454303
1.460974
1.467645
1.474316
1.480987
1.487658
1.494330
1.501001
1.507672
1.514343
1.521014
1.527685
1.534356
1.541027
1.547698
1.554370
1.561041
1.567712
1.574383
1.581054
1.587725
1.594396
1.601067
1.607738
1.614410
1.621081
1.627752
1.634423
1.641094
1.647765
1.654436
1.661107
1.667779
1.674450
1.681121
1.687792
1.694463
1.701134
1.707805
1.714476
1.721147
1.727819
1.734490
1.741161
1.747832
1.754503
1.761174
1.767845
1.774516
1.781187
1.787859
1.794530
1.801201
1.807872
1.814543
1.821214
1.827885
1.834556
1.841227
1.847899
1.854570
1.861241
1.867912
1.874583
1.881254
1.887925
1.894596
1.901268
1.907939
1.914610
1.921281
1.927952
1.934623
1.941294
1.947965
1.954636
1.961308
1.967979
1.974650
1.981321
1.987992
1.994663
2.001334
2.008005
2.014676
2.021348
2.028019
2.034690
2.041361
2.048032
2.054703
2.061374
2.068045
2.074716
2.081388
2.088059
2.094730
2.101401
2.108072
2.114743
2.121414
2.128085
2.134757
2.141428
2.148099
2.154770
2.161441
2.168112
2.174783
2.181454
2.188125
2.194797
2.201468
2.208139
2.214810
2.221481
2.228152
2.234823
2.241494
2.248165
2.254837
2.261508
2.268179
2.274850
2.281521
2.288192
2.294863
2.301534
2.308205
2.314877
2.321548
2.328219
2.334890
2.341561
2.348232
2.354903
2.361574
2.368245
2.374917
2.381588
2.388259
2.394930
2.401601
2.408272
2.414943
2.421614
2.428286
2.434957
2.441628
2.448299
2.454970
2.461641
2.468312
2.474983
2.481654
2.488326
2.494997
2.501668
2.508339
2.515010
2.521681
2.528352
2.535023
2.541694
2.548366
2.555037
2.561708
2.568379
2.575050
2.581721
2.588392
2.595063
2.601734
2.608406
2.615077
2.621748
2.628419
2.635090
2.641761
2.648432
2.655103
2.661775
2.668446
2.675117
2.681788
2.688459
2.695130
2.701801
2.708472
2.715143
2.721815
2.728486
2.735157
2.741828
2.748499
2.755170
2.761841
2.768512
2.775183
2.781855
2.788526
2.795197
2.801868
2.808539
2.815210
2.821881
2.828552
2.835223
2.841895
2.848566
2.855237
2.861908
2.868579
2.875250
2.881921
2.888592
2.895264
2.901935
2.908606
2.915277
2.921948
2.928619
2.935290
2.941961
2.948632
2.955304
2.961975
2.968646
2.975317
2.981988
2.988659
2.995330
3.002001
3.008672
3.015344
3.022015
3.028686
3.035357
3.042028
3.048699
3.055370
3.062041
3.068712
3.075384
3.082055
3.088726
3.095397
3.102068
3.108739
3.115410
3.122081
3.128753
3.135424
3.142095
3.148766
3.155437
3.162108
3.168779
3.175450
3.182121
3.188793
3.195464
3.202135
3.208806
3.215477
3.222148
3.228819
3.235490
3.242161
3.248833
3.255504
3.262175
3.268846
3.275517
3.282188
3.288859
3.295530
3.302201
3.308873
3.315544
3.322215
3.328886
3.335557
3.342228
3.348899
3.355570
3.362241
3.368913
3.375584
3.382255
3.388926
3.395597
3.402268
3.408939
3.415610
3.422282
3.428953
3.435624
3.442295
3.448966
3.455637
3.462308
3.468979
3.475650
3.482322
3.488993
3.495664
3.502335
3.509006
3.515677
3.522348
3.529019
3.535690
3.542362
3.549033
3.555704
3.562375
3.569046
3.575717
3.582388
3.589059
3.595730
3.602402
3.609073
3.615744
3.622415
3.629086
3.635757
3.642428
3.649099
3.655771
3.662442
3.669113
3.675784
3.682455
3.689126
3.695797
3.702468
3.709139
3.715811
3.722482
3.729153
3.735824
3.742495
3.749166
3.755837
3.762508
3.769179
3.775851
3.782522
3.789193
3.795864
3.802535
3.809206
3.815877
3.822548
3.829219
3.835891
3.842562
3.849233
3.855904
3.862575
3.869246
3.875917
3.882588
3.889260
3.895931
3.902602
3.909273
3.915944
3.922615
3.929286
3.935957
3.942628
3.949300
3.955971
3.962642
3.969313
3.975984
3.982655
3.989326
3.995997
4.002668
4.009340
4.016011
4.022682
4.029353
4.036024
4.042695
4.049366
4.056037
4.062708
4.069380
4.076051
4.082722
4.089393
4.096064
4.102735
4.109406
4.116077
4.122748
4.129420
4.136091
4.142762
4.149433
4.156104
4.162775
4.169446
4.176117
4.182789
4.189460
4.196131
4.202802
4.209473
4.216144
4.222815
4.229486
4.236157
4.242829
4.249500
4.256171
4.262842
4.269513
4.276184
4.282855
4.289526
4.296197
4.302869
4.309540
4.316211
4.322882
4.329553
4.336224
4.342895
4.349566
4.356237
4.362909
4.369580
4.376251
4.382922
4.389593
4.396264
4.402935
4.409606
4.416278
4.422949
4.429620
4.436291
4.442962
4.449633
4.456304
4.462975
4.469646
4.476318
4.482989
4.489660
4.496331
4.503002
4.509673
4.516344
4.523015
4.529686
4.536358
4.543029
4.549700
4.556371
4.563042
4.569713
4.576384
4.583055
4.589726
4.596398
4.603069
4.609740
4.616411
4.623082
4.629753
4.636424
4.643095
4.649767
4.656438
4.663109
4.669780
4.676451
4.683122
4.689793
4.696464
4.703135
4.709807
4.716478
4.723149
4.729820
4.736491
4.743162
4.749833
4.756504
4.763175
4.769847
4.776518
4.783189
4.789860
4.796531
4.803202
4.809873
4.816544
4.823215
4.829887
4.836558
4.843229
4.849900
4.856571
4.863242
4.869913
4.876584
4.883256
4.889927
4.896598
4.903269
4.909940
4.916611
4.923282
4.929953
4.936624
4.943296
4.949967
4.956638
4.963309
4.969980
4.976651
4.983322
4.989993
4.996664
5.003336
5.010007
5.016678
5.023349
5.030020
5.036691
5.043362
5.050033
5.056704
5.063376
5.070047
5.076718
5.083389
5.090060
5.096731
5.103402
5.110073
5.116744
5.123416
5.130087
5.136758
5.143429
5.150100
5.156771
5.163442
5.170113
5.176785
5.183456
5.190127
5.196798
5.203469
5.210140
5.216811
5.223482
5.230153
5.236825
5.243496
5.250167
5.256838
5.263509
5.270180
5.276851
5.283522
5.290193
5.296865
5.303536
5.310207
5.316878
5.323549
5.330220
5.336891
5.343562
5.350233
5.356905
5.363576
5.370247
5.376918
5.383589
5.390260
5.396931
5.403602
5.410274
5.416945
5.423616
5.430287
5.436958
5.443629
5.450300
5.456971
5.463642
5.470314
5.476985
5.483656
5.490327
5.496998
5.503669
5.510340
5.517011
5.523682
5.530354
5.537025
5.543696
5.550367
5.557038
5.563709
5.570380
5.577051
5.583722
5.590394
5.597065
5.603736
5.610407
5.617078
5.623749
5.630420
5.637091
5.643763
5.650434
5.657105
5.663776
5.670447
5.677118
5.683789
5.690460
5.697131
5.703803
5.710474
5.717145
5.723816
5.730487
5.737158
5.743829
5.750500
5.757171
5.763843
5.770514
5.777185
5.783856
5.790527
5.797198
5.803869
5.810540
5.817211
5.823883
5.830554
5.837225
5.843896
5.850567
5.857238
5.863909
5.870580
5.877252
5.883923
5.890594
5.897265
5.903936
5.910607
5.917278
5.923949
5.930620
5.937292
5.943963
5.950634
5.957305
5.963976
5.970647
5.977318
5.983989
5.990660
5.997332
6.004003
6.010674
6.017345
6.024016
6.030687
6.037358
6.044029
6.050700
6.057372
6.064043
6.070714
6.077385
6.084056
6.090727
6.097398
6.104069
6.110740
6.117412
6.124083
6.130754
6.137425
6.144096
6.150767
6.157438
6.164109
6.170781
6.177452
6.184123
6.190794
6.197465
6.204136
6.210807
6.217478
6.224149
6.230821
6.237492
6.244163
6.250834
6.257505
6.264176
6.270847
6.277518
6.284189
6.290861
6.297532
6.304203
6.310874
6.317545
6.324216
6.330887
6.337558
6.344229
6.350901
6.357572
6.364243
6.370914
6.377585
6.384256
6.390927
6.397598
6.404270
6.410941
6.417612
6.424283
6.430954
6.437625
6.444296
6.450967
6.457638
6.464310
6.470981
6.477652
6.484323
6.490994
6.497665
6.504336
6.511007
6.517678
6.524350
6.531021
6.537692
6.544363
6.551034
6.557705
6.564376
6.571047
6.577718
6.584390
6.591061
6.597732
6.604403
6.611074
6.617745
6.624416
6.631087
6.637759
6.644430
6.651101
6.657772
6.664443
6.671114
6.677785
6.684456
6.691127
6.697799
6.704470
6.711141
6.717812
6.724483
6.731154
6.737825
6.744496
6.751167
6.757839
6.764510
6.771181
6.777852
6.784523
6.791194
6.797865
6.804536
6.811207
6.817879
6.824550
6.831221
6.837892
6.844563
6.851234
6.857905
6.864576
6.871247
6.877919
6.884590
6.891261
6.897932
6.904603
6.911274
6.917945
6.924616
6.931288
6.937959
6.944630
6.951301
6.957972
6.964643
6.971314
6.977985
6.984656
6.991328
6.997999
7.004670
7.011341
7.018012
7.024683
7.031354
7.038025
7.044696
7.051368
7.058039
7.064710
7.071381
7.078052
7.084723
7.091394
7.098065
7.104736
7.111408
7.118079
7.124750
7.131421
7.138092
7.144763
7.151434
7.158105
7.164777
7.171448
7.178119
7.184790
7.191461
7.198132
7.204803
7.211474
7.218145
7.224817
7.231488
7.238159
7.244830
7.251501
7.258172
7.264843
7.271514
7.278185
7.284857
7.291528
7.298199
7.304870
7.311541
7.318212
7.324883
7.331554
7.338225
7.344897
7.351568
7.358239
7.364910
7.371581
7.378252
7.384923
7.391594
7.398266
7.404937
7.411608
7.418279
7.424950
7.431621
7.438292
7.444963
7.451634
7.458306
7.464977
7.471648
7.478319
7.484990
7.491661
7.498332
7.505003
7.511674
7.518346
7.525017
7.531688
7.538359
7.545030
7.551701
7.558372
7.565043
7.571714
7.578386
7.585057
7.591728
7.598399
7.605070
7.611741
7.618412
7.625083
7.631755
7.638426
7.645097
7.651768
7.658439
7.665110
7.671781
7.678452
7.685123
7.691795
7.698466
7.705137
7.711808
7.718479
7.725150
7.731821
7.738492
7.745163
7.751835
7.758506
7.765177
7.771848
7.778519
7.785190
7.791861
7.798532
7.805203
7.811875
7.818546
7.825217
7.831888
7.838559
7.845230
7.851901
7.858572
7.865243
7.871915
7.878586
7.885257
7.891928
7.898599
7.905270
7.911941
7.918612
7.925284
7.931955
7.938626
7.945297
7.951968
7.958639
7.965310
7.971981
7.978652
7.985324
7.991995
7.998666
8.005337
8.012008
8.018679
8.025350
8.032021
8.038692
8.045364
8.052035
8.058706
8.065377
8.072048
8.078719
8.085390
8.092061
8.098732
8.105404
8.112075
8.118746
8.125417
8.132088
8.138759
8.145430
8.152101
8.158773
8.165444
8.172115
8.178786
8.185457
8.192128
8.198799
8.205470
8.212141
8.218813
8.225484
8.232155
8.238826
8.245497
8.252168
8.258839
8.265510
8.272181
8.278853
8.285524
8.292195
8.298866
8.305537
8.312208
8.318879
8.325550
8.332221
8.338893
8.345564
8.352235
8.358906
8.365577
8.372248
8.378919
8.385590
8.392262
8.398933
8.405604
8.412275
8.418946
8.425617
8.432288
8.438959
8.445630
8.452302
8.458973
8.465644
8.472315
8.478986
8.485657
8.492328
8.498999
8.505670
8.512342
8.519013
8.525684
8.532355
8.539026
8.545697
8.552368
8.559039
8.565710
8.572382
8.579053
8.585724
8.592395
8.599066
8.605737
8.612408
8.619079
8.625751
8.632422
8.639093
8.645764
8.652435
8.659106
8.665777
8.672448
8.679119
8.685791
8.692462
8.699133
8.705804
8.712475
8.719146
8.725817
8.732488
8.739159
8.745831
8.752502
8.759173
8.765844
8.772515
8.779186
8.785857
8.792528
8.799199
8.805871
8.812542
8.819213
8.825884
8.832555
8.839226
8.845897
8.852568
8.859239
8.865911
8.872582
8.879253
8.885924
8.892595
8.899266
8.905937
8.912608
8.919280
8.925951
8.932622
8.939293
8.945964
8.952635
8.959306
8.965977
8.972648
8.979320
8.985991
8.992662
8.999333
9.006004
9.012675
9.019346
9.026017
9.032688
9.039360
9.046031
9.052702
9.059373
9.066044
9.072715
9.079386
9.086057
9.092728
9.099400
9.106071
9.112742
9.119413
9.126084
9.132755
9.139426
9.146097
9.152769
9.159440
9.166111
9.172782
9.179453
9.186124
9.192795
9.199466
9.206137
9.212809
9.219480
9.226151
9.232822
9.239493
9.246164
9.252835
9.259506
9.266177
9.272849
9.279520
9.286191
9.292862
9.299533
9.306204
9.312875
9.319546
9.326217
9.332889
9.339560
9.346231
9.352902
9.359573
9.366244
9.372915
9.379586
9.386258
9.392929
9.399600
9.406271
9.412942
9.419613
9.426284
9.432955
9.439626
9.446298
9.452969
9.459640
9.466311
9.472982
9.479653
9.486324
9.492995
9.499666
9.506338
9.513009
9.519680
9.526351
9.533022
9.539693
9.546364
9.553035
9.559706
9.566378
9.573049
9.579720
9.586391
9.593062
9.599733
9.606404
9.613075
9.619746
9.626418
9.633089
9.639760
9.646431
9.653102
9.659773
9.666444
9.673115
9.679787
9.686458
9.693129
9.699800
9.706471
9.713142
9.719813
9.726484
9.733155
9.739827
9.746498
9.753169
9.759840
9.766511
9.773182
9.779853
9.786524
9.793195
9.799867
9.806538
9.813209
9.819880
9.826551
9.833222
9.839893
9.846564
9.853235
9.859907
9.866578
9.873249
9.879920
9.886591
9.893262
9.899933
9.906604
9.913276
9.919947
9.926618
9.933289
9.939960
9.946631
9.953302
9.959973
9.966644
9.973316
9.979987
9.986658
9.993329
10.000000
