100.194265
98.215000
99.028990
98.021502
98.698903
100.754432
101.563408
101.057982
99.042164
99.395924
101.687073
101.543459
98.505497
101.254168
100.380457
99.887827
99.194477
99.843380
100.021248
99.604190
99.063480
99.007250
101.529787
100.964866
100.772851
100.259553
98.999621
98.693574
100.778988
101.892047
100.088144
99.647954
99.812914
100.720382
101.148194
102.971922
100.779987
102.081400
102.743881
99.589969
101.040148
101.929016
101.351004
102.354273
102.228695
99.831237
100.379260
100.666732
101.171718
99.803929
101.966967
102.016751
102.737772
103.264459
102.217537
102.066217
101.065329
100.384275
101.269414
101.818656
100.112416
101.928871
101.325749
102.170977
102.025940
102.090251
101.816495
101.689145
102.171060
100.800762
102.076834
102.932602
101.587025
101.604675
101.133281
103.284932
100.593839
103.050987
101.745138
101.645581
101.121376
100.582345
102.598450
100.874429
103.151777
101.425075
102.260752
104.109098
103.272215
103.306369
101.124104
102.567307
102.758847
102.520098
101.775434
102.750257
101.311814
103.241611
103.583328
103.044214
102.921692
101.638528
102.782724
100.626086
102.200482
102.515487
102.517591
103.044419
104.923982
102.349058
102.237092
102.527892
102.239694
103.784040
102.327008
102.408576
102.993765
101.137791
102.809100
101.683744
102.852166
103.022113
102.484458
101.778780
103.982734
102.280478
101.374744
105.047762
104.439891
103.343641
104.173462
104.078421
103.683007
103.550202
104.594533
103.223214
103.638451
103.299675
103.390107
103.402223
103.997784
102.014858
104.189973
104.789788
104.684403
104.691839
103.262041
104.188704
102.290305
104.463431
104.314775
102.800440
102.182186
104.545727
103.130092
103.778138
103.978265
103.192030
104.819208
105.571517
103.222454
103.904158
103.479855
102.349380
105.662615
104.749458
104.513402
102.424726
104.086146
104.110658
105.416554
106.570330
104.886352
103.207696
105.205983
105.635707
105.021540
104.957398
105.423758
105.288680
105.179909
104.109689
105.151196
104.472332
106.959650
105.740282
104.153340
106.846973
105.581734
105.350250
105.072699
106.138554
106.001584
103.507280
105.523911
105.639055
106.651480
103.827988
105.340750
106.550843
103.881300
104.593124
105.300624
105.094300
104.763774
104.920356
104.800731
104.220602
104.534319
105.316345
105.420427
106.744358
106.678158
105.158554
106.012455
104.179103
104.964011
106.604611
105.626474
105.151096
106.575851
105.254262
105.814828
107.110613
106.481991
105.619881
105.706374
106.817418
105.310796
104.668883
107.429958
104.934514
107.306584
106.340013
106.093045
105.382171
104.903323
106.567948
106.783801
105.317129
106.178763
105.425609
106.122795
106.097193
103.884228
107.977694
106.046066
105.866529
106.825898
106.589516
107.875916
105.994683
105.994427
107.768791
106.923968
107.433954
106.272568
106.752314
109.365087
105.131374
107.584649
106.674333
105.942973
107.086573
107.143977
108.921650
105.721269
106.747701
108.036359
107.645502
105.502015
106.130030
108.448881
108.188332
107.498902
109.837722
106.637857
106.706897
107.658959
107.466541
108.028085
107.294362
105.992979
108.238223
108.698258
107.582541
105.843573
107.453809
108.350603
107.752416
108.173468
106.491824
110.815306
105.568355
108.046460
108.853711
109.012789
109.104106
107.571303
107.474329
107.551139
107.399932
107.754802
108.698247
109.006183
108.351053
110.055163
109.622829
108.127550
109.951081
109.640405
109.820636
108.694401
109.234933
107.359079
109.435082
107.537211
108.232250
107.683287
107.705502
107.395663
108.328763
108.689282
110.241170
107.813687
107.894376
109.985874
110.361367
109.748977
107.792985
107.075451
106.966886
109.755404
108.906725
107.932358
109.959602
108.054067
109.455553
110.213634
107.633280
109.758615
108.692555
108.638517
109.268911
109.029044
110.687477
109.044176
110.813948
109.332556
111.490020
111.403032
108.591530
109.135551
109.496844
108.637472
107.959717
110.842831
110.934140
108.780968
110.372208
110.645139
109.407863
107.034449
111.444326
109.369936
109.729781
110.814644
109.486722
108.973472
110.758352
108.834686
111.531428
107.863812
110.776391
109.630353
109.769687
110.376952
109.977050
108.948816
109.566823
109.160194
112.003182
109.656413
109.601994
109.439744
109.992124
110.913629
108.368392
110.381551
111.280428
111.279674
111.230228
110.010426
111.005981
112.034442
112.804817
110.596517
109.306620
109.358712
110.195908
111.062596
110.316135
109.826881
111.181074
111.460425
110.099958
112.617452
112.404589
111.337601
109.430302
111.873599
113.168871
111.550160
111.116398
111.290925
110.637126
111.039890
112.334604
111.169590
110.654900
111.938235
111.789962
109.777364
111.157023
109.160277
112.536153
110.604818
111.959598
110.825593
112.732816
110.975762
112.117115
112.517788
111.878652
112.001141
110.689828
109.907430
111.975577
111.756761
111.146886
110.453816
111.484633
113.615824
111.090467
111.576751
112.569505
109.191645
111.505458
111.058009
112.881969
111.541527
110.783310
112.491617
112.838727
113.607034
110.979933
111.776592
111.468110
112.730730
111.430510
112.172462
113.480411
110.814423
113.326553
114.122193
113.055935
113.223683
113.306058
111.567125
113.339261
113.017735
111.326512
113.231723
113.083154
114.005552
112.341051
112.688926
113.594339
113.862798
114.275687
111.957793
113.674880
112.363658
111.688191
113.647831
113.478496
112.583673
113.110972
111.303009
112.764586
111.847301
113.805363
111.722433
114.308648
114.019578
112.798501
113.378453
113.549474
110.622999
113.274997
186.969140
185.021463
185.976878
186.815167
186.012791
185.748848
187.742547
186.366786
185.660184
186.584651
186.448793
186.076062
186.865711
186.191899
186.240098
186.430796
183.808150
184.779054
185.601796
184.957640
188.076589
183.367871
186.023460
185.951565
184.206981
185.164397
185.501593
184.918254
187.392798
184.922057
185.565936
184.825736
186.057001
186.347748
187.160764
184.789595
185.223351
185.706887
186.639110
185.497175
186.415918
184.035737
184.727279
184.649884
184.252719
184.944767
186.154795
184.857730
185.290769
185.415480
187.758634
188.379438
184.997501
185.693623
183.936342
185.291624
186.091098
186.603929
185.709974
185.255339
184.342499
184.876436
184.980785
183.527364
185.187053
186.134919
185.371427
185.175813
183.231380
184.225971
185.616306
184.793171
184.424926
185.156953
186.811901
185.129051
184.300300
182.743534
183.869192
185.645169
183.811912
183.592279
183.056650
183.055244
184.677826
185.155416
184.998816
185.297956
183.788717
185.746293
184.652856
184.320647
185.711374
184.133084
184.688259
184.249579
184.641489
185.146944
185.046326
183.325522
185.202983
183.324643
184.301854
183.451159
181.824818
182.496714
183.139234
184.083084
183.540800
183.993100
183.186486
183.099400
184.735454
184.961075
183.037589
182.759198
183.596516
185.662179
183.339914
183.599013
182.249771
184.159426
184.195286
181.367902
181.243576
182.293692
183.912456
182.105699
182.353716
183.542251
182.618423
183.385245
185.282690
181.337211
181.985445
183.650801
183.263167
183.420324
184.442695
184.465622
180.800711
181.709335
184.972500
181.518079
184.881401
182.375817
183.254663
183.306594
181.059053
185.172108
181.667596
181.293592
182.478584
183.290900
184.276663
182.094833
182.899872
183.738417
181.501243
182.409739
183.507722
183.463882
181.170756
181.090777
183.268715
183.765153
180.641388
181.979776
182.162220
183.058362
183.377357
183.513277
180.826111
181.155903
181.661288
180.829768
182.778306
181.090115
180.927973
182.775062
181.319199
179.876934
182.146502
182.318456
183.730946
182.394665
182.771547
181.094471
182.148209
181.479317
181.721778
181.055406
182.192423
181.642190
182.563997
180.550374
181.189226
179.888821
181.800849
181.383214
179.140269
183.437254
180.867972
182.123420
182.015460
181.556241
179.634433
180.149495
180.831153
180.983209
180.027333
180.508804
181.651485
181.444432
181.032908
182.851406
180.396861
179.413780
182.259475
181.249217
181.372852
179.945273
180.393021
179.423868
179.713782
178.751578
182.136937
182.092311
181.255068
178.992093
181.399750
181.181560
180.482230
180.665858
181.367907
179.016274
180.687760
180.464979
180.921025
178.469316
179.778759
179.847577
178.444554
179.070696
178.810198
180.247657
179.621973
179.511918
180.354601
180.151135
179.079599
178.770702
180.351025
179.872562
179.429977
179.613398
178.563364
181.816907
179.527578
179.013043
178.640196
179.265667
180.859705
178.014673
178.378285
178.511787
179.299626
179.956340
180.341456
179.588114
179.928205
177.677865
177.940327
180.635820
177.984704
178.855470
179.051215
180.185226
178.258537
179.091527
180.592298
178.130291
179.839970
179.267132
179.647137
177.486275
179.105197
176.977730
177.968800
179.243639
177.896255
177.880018
179.716520
176.832924
177.805437
179.066604
180.284544
175.590635
176.831886
179.091357
178.812930
178.108589
178.797316
179.837070
180.041180
179.113125
178.028589
176.366338
179.682797
178.078314
177.527206
177.618825
178.964742
178.481045
180.669926
179.194693
177.747588
177.107877
177.590207
178.014261
178.508270
178.082053
176.635894
179.706917
177.097563
179.514240
178.119403
176.671638
177.278208
177.899391
178.351864
176.513640
176.820392
176.734340
177.079771
177.891072
178.627064
178.094096
176.752310
177.286875
177.336641
178.614288
178.208583
177.587223
178.024558
176.990821
178.101179
178.959912
174.441050
178.165861
177.485326
177.256640
178.989406
177.042763
177.582669
178.167937
177.604407
179.085697
176.147184
177.231855
176.701233
176.883116
176.980319
177.672910
175.556460
177.146941
176.769051
176.303469
177.086392
177.253961
176.259034
177.152322
177.571243
175.399423
175.035042
177.833887
177.483405
174.359119
178.985097
175.348814
176.663132
175.721400
175.184026
177.561704
175.157920
178.534403
176.062499
176.071129
176.339149
175.896116
174.631603
176.670619
175.516448
177.581954
178.682901
174.959839
175.452997
176.104880
175.132446
174.662011
176.992923
175.776134
177.587929
176.330301
174.277361
175.389851
177.261437
176.555755
175.627228
174.717470
176.735857
175.246362
176.537615
173.795709
175.128689
176.030835
176.218318
176.220543
176.797493
174.679582
174.871604
177.497467
174.423011
174.219706
174.933378
176.561090
172.869597
175.491033
176.127888
175.643049
173.522728
176.058315
174.718720
173.905277
175.002084
176.701095
175.003951
175.570445
175.418162
174.255955
173.492688
173.883520
175.534120
175.235656
174.735757
174.088700
174.105802
174.561202
176.351379
175.060345
174.586616
174.227421
174.310792
174.568629
172.731183
175.357917
174.191440
174.954199
174.609765
174.971941
172.387669
173.205022
174.309014
175.723709
175.489735
173.598929
175.682794
175.157860
174.266709
173.967932
174.574838
173.469929
175.177813
173.757998
175.107714
173.518339
173.957743
173.177219
174.557284
173.681671
174.984290
174.177145
171.381001
173.888259
171.914542
173.624156
174.657274
173.564456
173.475943
173.778052
174.035354
174.307113
174.051565
173.655360
173.672534
173.147216
172.781452
174.610534
174.365392
173.021418
215.368021
214.235057
214.715828
213.455963
212.942951
214.601748
212.251183
214.806905
213.995240
215.090179
214.054703
212.572762
213.269362
212.248631
213.192825
214.634886
214.588188
213.220521
212.293999
214.501807
213.107584
214.567382
213.773303
215.574421
215.043992
216.321528
214.375285
213.966002
213.040850
214.929926
213.652167
213.301513
215.755008
216.363892
215.098731
213.770425
212.837761
216.198110
216.837113
216.444610
216.521061
215.949578
217.659548
215.496812
215.536559
217.600339
214.461587
214.185479
215.347330
214.221349
215.743835
215.327590
216.775185
216.740197
217.257893
215.798950
216.123028
215.681392
217.126993
217.433217
216.311457
216.526078
219.100291
216.240115
215.689491
215.757042
217.451807
218.121027
218.143379
216.933311
215.863430
218.606208
217.042689
217.737094
217.045893
216.866727
216.753963
217.334802
217.373079
218.536686
216.376464
218.378730
219.372906
216.367079
216.654966
216.157906
216.155041
218.664195
218.374786
218.956622
220.291065
219.856989
216.630182
218.216990
217.588328
218.297576
216.490772
218.202101
219.470586
218.051196
217.653770
217.517068
218.631054
217.891467
219.903665
220.634261
219.874454
219.517156
217.547201
220.392012
220.719373
218.165255
220.337847
219.268048
219.480593
219.598489
219.175719
220.475332
219.978068
220.548969
220.408619
220.032890
219.326274
218.412333
219.970153
218.898721
220.034314
218.790964
218.523025
218.836369
220.002444
222.023773
220.025744
220.408374
220.311360
221.435207
221.405544
221.776028
221.850671
221.112194
220.216351
221.946204
220.374817
220.888232
221.829777
221.310371
222.127579
220.875667
220.112690
222.435277
221.655510
221.659439
220.585208
223.526182
222.037734
223.099374
220.896259
222.961256
221.355959
223.721101
221.060676
222.377864
221.880021
222.168335
222.134717
221.774958
221.621899
220.276131
221.912151
221.383806
223.671898
224.432298
222.681593
222.857260
222.035217
222.424280
223.478529
220.462721
224.899868
222.024076
221.862114
222.884073
224.608648
222.552569
222.965310
221.825811
222.997799
224.288141
222.857902
223.148749
223.276831
223.663431
225.593947
222.447219
223.450613
224.898456
224.212309
223.690863
225.884829
224.487008
224.647119
224.608077
224.005338
224.261473
224.991815
223.689768
225.600077
223.265472
223.802299
225.021102
225.982354
225.414419
224.574502
226.045580
224.857582
225.900704
225.034306
225.623549
225.997203
225.514019
223.876102
224.909541
224.991804
225.584619
224.887842
224.549471
226.707967
223.588326
224.937679
225.327331
224.653568
225.353261
227.881950
227.105099
223.721918
225.819752
227.278614
227.542009
225.939163
226.604566
225.642981
226.533028
226.946747
226.732031
227.494934
226.678402
225.881546
227.765076
224.543404
225.184777
227.513632
229.243364
226.158424
227.522043
225.030878
226.866792
227.047164
226.349201
227.071816
229.551343
227.165935
227.090827
227.999921
227.799369
226.407238
226.799973
227.871835
228.493715
228.312363
227.481207
227.392092
227.521233
228.534804
227.991457
227.200356
227.824733
229.138660
229.360952
230.719486
229.186915
227.879776
227.611660
228.376654
230.223006
228.462438
229.052019
229.098736
228.043768
229.530237
229.540140
229.962670
230.397640
228.879460
230.573244
225.684143
229.032704
228.411324
229.356768
228.696124
229.462385
228.219122
228.961329
228.924428
229.684938
229.457232
230.513891
230.530314
228.871043
228.450184
230.341543
230.906479
228.835872
231.047994
231.818793
228.971910
230.614589
229.033451
227.683644
230.469253
228.660123
230.174226
231.725715
232.082251
230.165040
230.608042
231.183697
229.922813
232.648007
229.738044
229.114193
232.468784
231.574555
230.921069
232.044492
231.498258
231.453798
229.761588
230.749926
231.639351
230.361573
232.984471
231.189691
233.138351
232.465487
230.756757
232.886937
233.842339
231.854064
232.864630
231.559844
232.108782
232.872412
232.556594
232.139027
233.363409
231.717783
231.058853
232.862758
233.204548
233.613194
234.150512
233.125978
233.113862
232.372750
232.352741
232.046124
232.531981
233.077861
232.841096
232.629471
230.332147
234.429407
235.015580
232.456245
232.719074
232.847874
232.554864
233.824185
232.557055
234.532932
232.494078
233.093934
233.116623
232.814825
233.784104
233.275058
234.654775
234.732787
233.132356
235.144206
235.047502
233.812621
232.531878
234.509007
234.622299
234.712109
233.499038
234.672611
233.166083
235.447155
233.395280
234.869345
234.626496
232.076565
236.725778
233.558413
233.139841
234.983144
233.721461
233.924211
235.356240
234.605377
233.662747
235.472249
236.712935
236.108894
236.403218
237.140490
234.804689
235.606634
235.899473
234.614193
237.824824
236.174435
235.662953
235.868662
236.328572
238.014724
235.475808
236.917977
236.074318
236.376826
236.072450
236.671973
235.855444
236.089608
235.829667
237.735073
236.966540
237.974996
237.243230
236.992362
237.974629
237.859763
238.793432
237.657844
237.007865
236.888324
236.778235
237.833192
238.260102
238.081674
237.091876
236.758175
236.503783
238.691072
237.477136
239.231501
238.815695
237.073092
238.255924
238.835160
237.749462
237.832326
237.441373
239.267099
238.841202
236.913868
239.498298
239.430327
239.526463
237.611136
239.249249
239.069315
238.056083
238.717110
238.019108
240.912340
238.647761
241.469863
237.853429
239.638684
238.398183
238.165909
238.994650
239.116614
238.426908
238.567100
238.782792
238.812184
238.794865
239.689146
240.499243
239.428547
237.999078
240.561184
240.568496
239.562500
240.502167
239.210136
