   6.7277318e+01
   7.0907555e+01
   7.1424432e+01
   7.1245236e+01
   7.1316118e+01
   7.1417881e+01
   7.2256324e+01
   7.2499299e+01
   7.4395110e+01
   7.5256555e+01
   7.8199720e+01
   7.6883820e+01
   7.6954851e+01
   7.7503847e+01
   7.5151693e+01
   7.5559746e+01
   7.5407553e+01
   7.4541548e+01
   7.4535111e+01
   7.3041381e+01
   7.4750537e+01
   7.4360980e+01
   7.4405625e+01
   7.4433835e+01
   7.4675700e+01
   7.4115297e+01
   7.4476702e+01
   7.4371814e+01
   7.3923471e+01
   7.3034329e+01
   7.3533705e+01
   7.3209880e+01
   7.2704181e+01
   7.2694740e+01
   7.3137419e+01
   7.3332074e+01
   7.3277431e+01
   7.3682080e+01
   7.3253476e+01
   7.2461590e+01
   7.3328258e+01
   7.3208976e+01
   7.3310606e+01
   7.3270623e+01
   7.3265374e+01
   7.2815173e+01
   7.3497694e+01
   7.2710776e+01
   7.1707549e+01
   7.1365710e+01
