   8.9123442e+01
   9.1402857e+01
   9.1705629e+01
   9.1601276e+01
   9.1642631e+01
   9.1701825e+01
   9.2181531e+01
   9.2317877e+01
   9.3340532e+01
   9.3781093e+01
   9.5172549e+01
   9.4572175e+01
   9.4605481e+01
   9.4859442e+01
   9.3728270e+01
   9.3932565e+01
   9.3856764e+01
   9.3416487e+01
   9.3413157e+01
   9.2617746e+01
   9.3524132e+01
   9.3322767e+01
   9.3346000e+01
   9.3360660e+01
   9.3485687e+01
   9.3194186e+01
   9.3382906e+01
   9.3328408e+01
   9.3092939e+01
   9.2613883e+01
   9.2884916e+01
   9.2709740e+01
   9.2431915e+01
   9.2426679e+01
   9.2670249e+01
   9.2776092e+01
   9.2746458e+01
   9.2964470e+01
   9.2733448e+01
   9.2296795e+01
   9.2774024e+01
   9.2709248e+01
   9.2764457e+01
   9.2742762e+01
   9.2739911e+01
   9.2493338e+01
   9.2865541e+01
   9.2435572e+01
   9.1869170e+01
   9.1671505e+01
