   1.4728718e-01
   1.3094721e-01
   1.2862071e-01
   1.2942729e-01
   1.2910824e-01
   1.2865020e-01
   1.2487631e-01
   1.2378266e-01
   1.1524948e-01
   1.1137205e-01
   9.8124648e-02
   1.0404761e-01
   1.0372790e-01
   1.0125682e-01
   1.1184404e-01
   1.1000737e-01
   1.1069239e-01
   1.1459035e-01
   1.1461932e-01
   1.2134271e-01
   1.1364967e-01
   1.1540310e-01
   1.1520215e-01
   1.1507517e-01
   1.1398652e-01
   1.1650893e-01
   1.1488222e-01
   1.1535433e-01
   1.1737235e-01
   1.2137445e-01
   1.1912672e-01
   1.2058428e-01
   1.2286047e-01
   1.2290297e-01
   1.2091044e-01
   1.2003428e-01
   1.2028023e-01
   1.1845888e-01
   1.2038805e-01
   1.2395239e-01
   1.2005146e-01
   1.2058835e-01
   1.2013091e-01
   1.2031087e-01
   1.2033450e-01
   1.2236089e-01
   1.1928881e-01
   1.2283079e-01
   1.2734638e-01
   1.2888502e-01
