-5.000000
-4.994997
-4.989995
-4.984992
-4.979990
-4.974987
-4.969985
-4.964982
-4.959980
-4.954977
-4.949975
-4.944972
-4.939970
-4.934967
-4.929965
-4.924962
-4.919960
-4.914957
-4.909955
-4.904952
-4.899950
-4.894947
-4.889945
-4.884942
-4.879940
-4.874937
-4.869935
-4.864932
-4.859930
-4.854927
-4.849925
-4.844922
-4.839920
-4.834917
-4.829915
-4.824912
-4.819910
-4.814907
-4.809905
-4.804902
-4.799900
-4.794897
-4.789895
-4.784892
-4.779890
-4.774887
-4.769885
-4.764882
-4.759880
-4.754877
-4.749875
-4.744872
-4.739870
-4.734867
-4.729865
-4.724862
-4.719860
-4.714857
-4.709855
-4.704852
-4.699850
-4.694847
-4.689845
-4.684842
-4.679840
-4.674837
-4.669835
-4.664832
-4.659830
-4.654827
-4.649825
-4.644822
-4.639820
-4.634817
-4.629815
-4.624812
-4.619810
-4.614807
-4.609805
-4.604802
-4.599800
-4.594797
-4.589795
-4.584792
-4.579790
-4.574787
-4.569785
-4.564782
-4.559780
-4.554777
-4.549775
-4.544772
-4.539770
-4.534767
-4.529765
-4.524762
-4.519760
-4.514757
-4.509755
-4.504752
-4.499750
-4.494747
-4.489745
-4.484742
-4.479740
-4.474737
-4.469735
-4.464732
-4.459730
-4.454727
-4.449725
-4.444722
-4.439720
-4.434717
-4.429715
-4.424712
-4.419710
-4.414707
-4.409705
-4.404702
-4.399700
-4.394697
-4.389695
-4.384692
-4.379690
-4.374687
-4.369685
-4.364682
-4.359680
-4.354677
-4.349675
-4.344672
-4.339670
-4.334667
-4.329665
-4.324662
-4.319660
-4.314657
-4.309655
-4.304652
-4.299650
-4.294647
-4.289645
-4.284642
-4.279640
-4.274637
-4.269635
-4.264632
-4.259630
-4.254627
-4.249625
-4.244622
-4.239620
-4.234617
-4.229615
-4.224612
-4.219610
-4.214607
-4.209605
-4.204602
-4.199600
-4.194597
-4.189595
-4.184592
-4.179590
-4.174587
-4.169585
-4.164582
-4.159580
-4.154577
-4.149575
-4.144572
-4.139570
-4.134567
-4.129565
-4.124562
-4.119560
-4.114557
-4.109555
-4.104552
-4.099550
-4.094547
-4.089545
-4.084542
-4.079540
-4.074537
-4.069535
-4.064532
-4.059530
-4.054527
-4.049525
-4.044522
-4.039520
-4.034517
-4.029515
-4.024512
-4.019510
-4.014507
-4.009505
-4.004502
-3.999500
-3.994497
-3.989495
-3.984492
-3.979490
-3.974487
-3.969485
-3.964482
-3.959480
-3.954477
-3.949475
-3.944472
-3.939470
-3.934467
-3.929465
-3.924462
-3.919460
-3.914457
-3.909455
-3.904452
-3.899450
-3.894447
-3.889445
-3.884442
-3.879440
-3.874437
-3.869435
-3.864432
-3.859430
-3.854427
-3.849425
-3.844422
-3.839420
-3.834417
-3.829415
-3.824412
-3.819410
-3.814407
-3.809405
-3.804402
-3.799400
-3.794397
-3.789395
-3.784392
-3.779390
-3.774387
-3.769385
-3.764382
-3.759380
-3.754377
-3.749375
-3.744372
-3.739370
-3.734367
-3.729365
-3.724362
-3.719360
-3.714357
-3.709355
-3.704352
-3.699350
-3.694347
-3.689345
-3.684342
-3.679340
-3.674337
-3.669335
-3.664332
-3.659330
-3.654327
-3.649325
-3.644322
-3.639320
-3.634317
-3.629315
-3.624312
-3.619310
-3.614307
-3.609305
-3.604302
-3.599300
-3.594297
-3.589295
-3.584292
-3.579290
-3.574287
-3.569285
-3.564282
-3.559280
-3.554277
-3.549275
-3.544272
-3.539270
-3.534267
-3.529265
-3.524262
-3.519260
-3.514257
-3.509255
-3.504252
-3.499250
-3.494247
-3.489245
-3.484242
-3.479240
-3.474237
-3.469235
-3.464232
-3.459230
-3.454227
-3.449225
-3.444222
-3.439220
-3.434217
-3.429215
-3.424212
-3.419210
-3.414207
-3.409205
-3.404202
-3.399200
-3.394197
-3.389195
-3.384192
-3.379190
-3.374187
-3.369185
-3.364182
-3.359180
-3.354177
-3.349175
-3.344172
-3.339170
-3.334167
-3.329165
-3.324162
-3.319160
-3.314157
-3.309155
-3.304152
-3.299150
-3.294147
-3.289145
-3.284142
-3.279140
-3.274137
-3.269135
-3.264132
-3.259130
-3.254127
-3.249125
-3.244122
-3.239120
-3.234117
-3.229115
-3.224112
-3.219110
-3.214107
-3.209105
-3.204102
-3.199100
-3.194097
-3.189095
-3.184092
-3.179090
-3.174087
-3.169085
-3.164082
-3.159080
-3.154077
-3.149075
-3.144072
-3.139070
-3.134067
-3.129065
-3.124062
-3.119060
-3.114057
-3.109055
-3.104052
-3.099050
-3.094047
-3.089045
-3.084042
-3.079040
-3.074037
-3.069035
-3.064032
-3.059030
-3.054027
-3.049025
-3.044022
-3.039020
-3.034017
-3.029015
-3.024012
-3.019010
-3.014007
-3.009005
-3.004002
-2.998999
-2.993997
-2.988994
-2.983992
-2.978989
-2.973987
-2.968984
-2.963982
-2.958979
-2.953977
-2.948974
-2.943972
-2.938969
-2.933967
-2.928964
-2.923962
-2.918959
-2.913957
-2.908954
-2.903952
-2.898949
-2.893947
-2.888944
-2.883942
-2.878939
-2.873937
-2.868934
-2.863932
-2.858929
-2.853927
-2.848924
-2.843922
-2.838919
-2.833917
-2.828914
-2.823912
-2.818909
-2.813907
-2.808904
-2.803902
-2.798899
-2.793897
-2.788894
-2.783892
-2.778889
-2.773887
-2.768884
-2.763882
-2.758879
-2.753877
-2.748874
-2.743872
-2.738869
-2.733867
-2.728864
-2.723862
-2.718859
-2.713857
-2.708854
-2.703852
-2.698849
-2.693847
-2.688844
-2.683842
-2.678839
-2.673837
-2.668834
-2.663832
-2.658829
-2.653827
-2.648824
-2.643822
-2.638819
-2.633817
-2.628814
-2.623812
-2.618809
-2.613807
-2.608804
-2.603802
-2.598799
-2.593797
-2.588794
-2.583792
-2.578789
-2.573787
-2.568784
-2.563782
-2.558779
-2.553777
-2.548774
-2.543772
-2.538769
-2.533767
-2.528764
-2.523762
-2.518759
-2.513757
-2.508754
-2.503752
-2.498749
-2.493747
-2.488744
-2.483742
-2.478739
-2.473737
-2.468734
-2.463732
-2.458729
-2.453727
-2.448724
-2.443722
-2.438719
-2.433717
-2.428714
-2.423712
-2.418709
-2.413707
-2.408704
-2.403702
-2.398699
-2.393697
-2.388694
-2.383692
-2.378689
-2.373687
-2.368684
-2.363682
-2.358679
-2.353677
-2.348674
-2.343672
-2.338669
-2.333667
-2.328664
-2.323662
-2.318659
-2.313657
-2.308654
-2.303652
-2.298649
-2.293647
-2.288644
-2.283642
-2.278639
-2.273637
-2.268634
-2.263632
-2.258629
-2.253627
-2.248624
-2.243622
-2.238619
-2.233617
-2.228614
-2.223612
-2.218609
-2.213607
-2.208604
-2.203602
-2.198599
-2.193597
-2.188594
-2.183592
-2.178589
-2.173587
-2.168584
-2.163582
-2.158579
-2.153577
-2.148574
-2.143572
-2.138569
-2.133567
-2.128564
-2.123562
-2.118559
-2.113557
-2.108554
-2.103552
-2.098549
-2.093547
-2.088544
-2.083542
-2.078539
-2.073537
-2.068534
-2.063532
-2.058529
-2.053527
-2.048524
-2.043522
-2.038519
-2.033517
-2.028514
-2.023512
-2.018509
-2.013507
-2.008504
-2.003502
-1.998499
-1.993497
-1.988494
-1.983492
-1.978489
-1.973487
-1.968484
-1.963482
-1.958479
-1.953477
-1.948474
-1.943472
-1.938469
-1.933467
-1.928464
-1.923462
-1.918459
-1.913457
-1.908454
-1.903452
-1.898449
-1.893447
-1.888444
-1.883442
-1.878439
-1.873437
-1.868434
-1.863432
-1.858429
-1.853427
-1.848424
-1.843422
-1.838419
-1.833417
-1.828414
-1.823412
-1.818409
-1.813407
-1.808404
-1.803402
-1.798399
-1.793397
-1.788394
-1.783392
-1.778389
-1.773387
-1.768384
-1.763382
-1.758379
-1.753377
-1.748374
-1.743372
-1.738369
-1.733367
-1.728364
-1.723362
-1.718359
-1.713357
-1.708354
-1.703352
-1.698349
-1.693347
-1.688344
-1.683342
-1.678339
-1.673337
-1.668334
-1.663332
-1.658329
-1.653327
-1.648324
-1.643322
-1.638319
-1.633317
-1.628314
-1.623312
-1.618309
-1.613307
-1.608304
-1.603302
-1.598299
-1.593297
-1.588294
-1.583292
-1.578289
-1.573287
-1.568284
-1.563282
-1.558279
-1.553277
-1.548274
-1.543272
-1.538269
-1.533267
-1.528264
-1.523262
-1.518259
-1.513257
-1.508254
-1.503252
-1.498249
-1.493247
-1.488244
-1.483242
-1.478239
-1.473237
-1.468234
-1.463232
-1.458229
-1.453227
-1.448224
-1.443222
-1.438219
-1.433217
-1.428214
-1.423212
-1.418209
-1.413207
-1.408204
-1.403202
-1.398199
-1.393197
-1.388194
-1.383192
-1.378189
-1.373187
-1.368184
-1.363182
-1.358179
-1.353177
-1.348174
-1.343172
-1.338169
-1.333167
-1.328164
-1.323162
-1.318159
-1.313157
-1.308154
-1.303152
-1.298149
-1.293147
-1.288144
-1.283142
-1.278139
-1.273137
-1.268134
-1.263132
-1.258129
-1.253127
-1.248124
-1.243122
-1.238119
-1.233117
-1.228114
-1.223112
-1.218109
-1.213107
-1.208104
-1.203102
-1.198099
-1.193097
-1.188094
-1.183092
-1.178089
-1.173087
-1.168084
-1.163082
-1.158079
-1.153077
-1.148074
-1.143072
-1.138069
-1.133067
-1.128064
-1.123062
-1.118059
-1.113057
-1.108054
-1.103052
-1.098049
-1.093047
-1.088044
-1.083042
-1.078039
-1.073037
-1.068034
-1.063032
-1.058029
-1.053027
-1.048024
-1.043022
-1.038019
-1.033017
-1.028014
-1.023012
-1.018009
-1.013007
-1.008004
-1.003002
-0.997999
-0.992996
-0.987994
-0.982991
-0.977989
-0.972986
-0.967984
-0.962981
-0.957979
-0.952976
-0.947974
-0.942971
-0.937969
-0.932966
-0.927964
-0.922961
-0.917959
-0.912956
-0.907954
-0.902951
-0.897949
-0.892946
-0.887944
-0.882941
-0.877939
-0.872936
-0.867934
-0.862931
-0.857929
-0.852926
-0.847924
-0.842921
-0.837919
-0.832916
-0.827914
-0.822911
-0.817909
-0.812906
-0.807904
-0.802901
-0.797899
-0.792896
-0.787894
-0.782891
-0.777889
-0.772886
-0.767884
-0.762881
-0.757879
-0.752876
-0.747874
-0.742871
-0.737869
-0.732866
-0.727864
-0.722861
-0.717859
-0.712856
-0.707854
-0.702851
-0.697849
-0.692846
-0.687844
-0.682841
-0.677839
-0.672836
-0.667834
-0.662831
-0.657829
-0.652826
-0.647824
-0.642821
-0.637819
-0.632816
-0.627814
-0.622811
-0.617809
-0.612806
-0.607804
-0.602801
-0.597799
-0.592796
-0.587794
-0.582791
-0.577789
-0.572786
-0.567784
-0.562781
-0.557779
-0.552776
-0.547774
-0.542771
-0.537769
-0.532766
-0.527764
-0.522761
-0.517759
-0.512756
-0.507754
-0.502751
-0.497749
-0.492746
-0.487744
-0.482741
-0.477739
-0.472736
-0.467734
-0.462731
-0.457729
-0.452726
-0.447724
-0.442721
-0.437719
-0.432716
-0.427714
-0.422711
-0.417709
-0.412706
-0.407704
-0.402701
-0.397699
-0.392696
-0.387694
-0.382691
-0.377689
-0.372686
-0.367684
-0.362681
-0.357679
-0.352676
-0.347674
-0.342671
-0.337669
-0.332666
-0.327664
-0.322661
-0.317659
-0.312656
-0.307654
-0.302651
-0.297649
-0.292646
-0.287644
-0.282641
-0.277639
-0.272636
-0.267634
-0.262631
-0.257629
-0.252626
-0.247624
-0.242621
-0.237619
-0.232616
-0.227614
-0.222611
-0.217609
-0.212606
-0.207604
-0.202601
-0.197599
-0.192596
-0.187594
-0.182591
-0.177589
-0.172586
-0.167584
-0.162581
-0.157579
-0.152576
-0.147574
-0.142571
-0.137569
-0.132566
-0.127564
-0.122561
-0.117559
-0.112556
-0.107554
-0.102551
-0.097549
-0.092546
-0.087544
-0.082541
-0.077539
-0.072536
-0.067534
-0.062531
-0.057529
-0.052526
-0.047524
-0.042521
-0.037519
-0.032516
-0.027514
-0.022511
-0.017509
-0.012506
-0.007504
-0.002501
0.002501
0.007504
0.012506
0.017509
0.022511
0.027514
0.032516
0.037519
0.042521
0.047524
0.052526
0.057529
0.062531
0.067534
0.072536
0.077539
0.082541
0.087544
0.092546
0.097549
0.102551
0.107554
0.112556
0.117559
0.122561
0.127564
0.132566
0.137569
0.142571
0.147574
0.152576
0.157579
0.162581
0.167584
0.172586
0.177589
0.182591
0.187594
0.192596
0.197599
0.202601
0.207604
0.212606
0.217609
0.222611
0.227614
0.232616
0.237619
0.242621
0.247624
0.252626
0.257629
0.262631
0.267634
0.272636
0.277639
0.282641
0.287644
0.292646
0.297649
0.302651
0.307654
0.312656
0.317659
0.322661
0.327664
0.332666
0.337669
0.342671
0.347674
0.352676
0.357679
0.362681
0.367684
0.372686
0.377689
0.382691
0.387694
0.392696
0.397699
0.402701
0.407704
0.412706
0.417709
0.422711
0.427714
0.432716
0.437719
0.442721
0.447724
0.452726
0.457729
0.462731
0.467734
0.472736
0.477739
0.482741
0.487744
0.492746
0.497749
0.502751
0.507754
0.512756
0.517759
0.522761
0.527764
0.532766
0.537769
0.542771
0.547774
0.552776
0.557779
0.562781
0.567784
0.572786
0.577789
0.582791
0.587794
0.592796
0.597799
0.602801
0.607804
0.612806
0.617809
0.622811
0.627814
0.632816
0.637819
0.642821
0.647824
0.652826
0.657829
0.662831
0.667834
0.672836
0.677839
0.682841
0.687844
0.692846
0.697849
0.702851
0.707854
0.712856
0.717859
0.722861
0.727864
0.732866
0.737869
0.742871
0.747874
0.752876
0.757879
0.762881
0.767884
0.772886
0.777889
0.782891
0.787894
0.792896
0.797899
0.802901
0.807904
0.812906
0.817909
0.822911
0.827914
0.832916
0.837919
0.842921
0.847924
0.852926
0.857929
0.862931
0.867934
0.872936
0.877939
0.882941
0.887944
0.892946
0.897949
0.902951
0.907954
0.912956
0.917959
0.922961
0.927964
0.932966
0.937969
0.942971
0.947974
0.952976
0.957979
0.962981
0.967984
0.972986
0.977989
0.982991
0.987994
0.992996
0.997999
1.003002
1.008004
1.013007
1.018009
1.023012
1.028014
1.033017
1.038019
1.043022
1.048024
1.053027
1.058029
1.063032
1.068034
1.073037
1.078039
1.083042
1.088044
1.093047
1.098049
1.103052
1.108054
1.113057
1.118059
1.123062
1.128064
1.133067
1.138069
1.143072
1.148074
1.153077
1.158079
1.163082
1.168084
1.173087
1.178089
1.183092
1.188094
1.193097
1.198099
1.203102
1.208104
1.213107
1.218109
1.223112
1.228114
1.233117
1.238119
1.243122
1.248124
1.253127
1.258129
1.263132
1.268134
1.273137
1.278139
1.283142
1.288144
1.293147
1.298149
1.303152
1.308154
1.313157
1.318159
1.323162
1.328164
1.333167
1.338169
1.343172
1.348174
1.353177
1.358179
1.363182
1.368184
1.373187
1.378189
1.383192
1.388194
1.393197
1.398199
1.403202
1.408204
1.413207
1.418209
1.423212
1.428214
1.433217
1.438219
1.443222
1.448224
1.453227
1.458229
1.463232
1.468234
1.473237
1.478239
1.483242
1.488244
1.493247
1.498249
1.503252
1.508254
1.513257
1.518259
1.523262
1.528264
1.533267
1.538269
1.543272
1.548274
1.553277
1.558279
1.563282
1.568284
1.573287
1.578289
1.583292
1.588294
1.593297
1.598299
1.603302
1.608304
1.613307
1.618309
1.623312
1.628314
1.633317
1.638319
1.643322
1.648324
1.653327
1.658329
1.663332
1.668334
1.673337
1.678339
1.683342
1.688344
1.693347
1.698349
1.703352
1.708354
1.713357
1.718359
1.723362
1.728364
1.733367
1.738369
1.743372
1.748374
1.753377
1.758379
1.763382
1.768384
1.773387
1.778389
1.783392
1.788394
1.793397
1.798399
1.803402
1.808404
1.813407
1.818409
1.823412
1.828414
1.833417
1.838419
1.843422
1.848424
1.853427
1.858429
1.863432
1.868434
1.873437
1.878439
1.883442
1.888444
1.893447
1.898449
1.903452
1.908454
1.913457
1.918459
1.923462
1.928464
1.933467
1.938469
1.943472
1.948474
1.953477
1.958479
1.963482
1.968484
1.973487
1.978489
1.983492
1.988494
1.993497
1.998499
2.003502
2.008504
2.013507
2.018509
2.023512
2.028514
2.033517
2.038519
2.043522
2.048524
2.053527
2.058529
2.063532
2.068534
2.073537
2.078539
2.083542
2.088544
2.093547
2.098549
2.103552
2.108554
2.113557
2.118559
2.123562
2.128564
2.133567
2.138569
2.143572
2.148574
2.153577
2.158579
2.163582
2.168584
2.173587
2.178589
2.183592
2.188594
2.193597
2.198599
2.203602
2.208604
2.213607
2.218609
2.223612
2.228614
2.233617
2.238619
2.243622
2.248624
2.253627
2.258629
2.263632
2.268634
2.273637
2.278639
2.283642
2.288644
2.293647
2.298649
2.303652
2.308654
2.313657
2.318659
2.323662
2.328664
2.333667
2.338669
2.343672
2.348674
2.353677
2.358679
2.363682
2.368684
2.373687
2.378689
2.383692
2.388694
2.393697
2.398699
2.403702
2.408704
2.413707
2.418709
2.423712
2.428714
2.433717
2.438719
2.443722
2.448724
2.453727
2.458729
2.463732
2.468734
2.473737
2.478739
2.483742
2.488744
2.493747
2.498749
2.503752
2.508754
2.513757
2.518759
2.523762
2.528764
2.533767
2.538769
2.543772
2.548774
2.553777
2.558779
2.563782
2.568784
2.573787
2.578789
2.583792
2.588794
2.593797
2.598799
2.603802
2.608804
2.613807
2.618809
2.623812
2.628814
2.633817
2.638819
2.643822
2.648824
2.653827
2.658829
2.663832
2.668834
2.673837
2.678839
2.683842
2.688844
2.693847
2.698849
2.703852
2.708854
2.713857
2.718859
2.723862
2.728864
2.733867
2.738869
2.743872
2.748874
2.753877
2.758879
2.763882
2.768884
2.773887
2.778889
2.783892
2.788894
2.793897
2.798899
2.803902
2.808904
2.813907
2.818909
2.823912
2.828914
2.833917
2.838919
2.843922
2.848924
2.853927
2.858929
2.863932
2.868934
2.873937
2.878939
2.883942
2.888944
2.893947
2.898949
2.903952
2.908954
2.913957
2.918959
2.923962
2.928964
2.933967
2.938969
2.943972
2.948974
2.953977
2.958979
2.963982
2.968984
2.973987
2.978989
2.983992
2.988994
2.993997
2.998999
3.004002
3.009005
3.014007
3.019010
3.024012
3.029015
3.034017
3.039020
3.044022
3.049025
3.054027
3.059030
3.064032
3.069035
3.074037
3.079040
3.084042
3.089045
3.094047
3.099050
3.104052
3.109055
3.114057
3.119060
3.124062
3.129065
3.134067
3.139070
3.144072
3.149075
3.154077
3.159080
3.164082
3.169085
3.174087
3.179090
3.184092
3.189095
3.194097
3.199100
3.204102
3.209105
3.214107
3.219110
3.224112
3.229115
3.234117
3.239120
3.244122
3.249125
3.254127
3.259130
3.264132
3.269135
3.274137
3.279140
3.284142
3.289145
3.294147
3.299150
3.304152
3.309155
3.314157
3.319160
3.324162
3.329165
3.334167
3.339170
3.344172
3.349175
3.354177
3.359180
3.364182
3.369185
3.374187
3.379190
3.384192
3.389195
3.394197
3.399200
3.404202
3.409205
3.414207
3.419210
3.424212
3.429215
3.434217
3.439220
3.444222
3.449225
3.454227
3.459230
3.464232
3.469235
3.474237
3.479240
3.484242
3.489245
3.494247
3.499250
3.504252
3.509255
3.514257
3.519260
3.524262
3.529265
3.534267
3.539270
3.544272
3.549275
3.554277
3.559280
3.564282
3.569285
3.574287
3.579290
3.584292
3.589295
3.594297
3.599300
3.604302
3.609305
3.614307
3.619310
3.624312
3.629315
3.634317
3.639320
3.644322
3.649325
3.654327
3.659330
3.664332
3.669335
3.674337
3.679340
3.684342
3.689345
3.694347
3.699350
3.704352
3.709355
3.714357
3.719360
3.724362
3.729365
3.734367
3.739370
3.744372
3.749375
3.754377
3.759380
3.764382
3.769385
3.774387
3.779390
3.784392
3.789395
3.794397
3.799400
3.804402
3.809405
3.814407
3.819410
3.824412
3.829415
3.834417
3.839420
3.844422
3.849425
3.854427
3.859430
3.864432
3.869435
3.874437
3.879440
3.884442
3.889445
3.894447
3.899450
3.904452
3.909455
3.914457
3.919460
3.924462
3.929465
3.934467
3.939470
3.944472
3.949475
3.954477
3.959480
3.964482
3.969485
3.974487
3.979490
3.984492
3.989495
3.994497
3.999500
4.004502
4.009505
4.014507
4.019510
4.024512
4.029515
4.034517
4.039520
4.044522
4.049525
4.054527
4.059530
4.064532
4.069535
4.074537
4.079540
4.084542
4.089545
4.094547
4.099550
4.104552
4.109555
4.114557
4.119560
4.124562
4.129565
4.134567
4.139570
4.144572
4.149575
4.154577
4.159580
4.164582
4.169585
4.174587
4.179590
4.184592
4.189595
4.194597
4.199600
4.204602
4.209605
4.214607
4.219610
4.224612
4.229615
4.234617
4.239620
4.244622
4.249625
4.254627
4.259630
4.264632
4.269635
4.274637
4.279640
4.284642
4.289645
4.294647
4.299650
4.304652
4.309655
4.314657
4.319660
4.324662
4.329665
4.334667
4.339670
4.344672
4.349675
4.354677
4.359680
4.364682
4.369685
4.374687
4.379690
4.384692
4.389695
4.394697
4.399700
4.404702
4.409705
4.414707
4.419710
4.424712
4.429715
4.434717
4.439720
4.444722
4.449725
4.454727
4.459730
4.464732
4.469735
4.474737
4.479740
4.484742
4.489745
4.494747
4.499750
4.504752
4.509755
4.514757
4.519760
4.524762
4.529765
4.534767
4.539770
4.544772
4.549775
4.554777
4.559780
4.564782
4.569785
4.574787
4.579790
4.584792
4.589795
4.594797
4.599800
4.604802
4.609805
4.614807
4.619810
4.624812
4.629815
4.634817
4.639820
4.644822
4.649825
4.654827
4.659830
4.664832
4.669835
4.674837
4.679840
4.684842
4.689845
4.694847
4.699850
4.704852
4.709855
4.714857
4.719860
4.724862
4.729865
4.734867
4.739870
4.744872
4.749875
4.754877
4.759880
4.764882
4.769885
4.774887
4.779890
4.784892
4.789895
4.794897
4.799900
4.804902
4.809905
4.814907
4.819910
4.824912
4.829915
4.834917
4.839920
4.844922
4.849925
4.854927
4.859930
4.864932
4.869935
4.874937
4.879940
4.884942
4.889945
4.894947
4.899950
4.904952
4.909955
4.914957
4.919960
4.924962
4.929965
4.934967
4.939970
4.944972
4.949975
4.954977
4.959980
4.964982
4.969985
4.974987
4.979990
4.984992
4.989995
4.994997
5.000000
