-1.056740
-0.640938
-0.017268
-0.605065
-0.705673
0.731128
0.703422
0.353690
-0.635673
-0.859966
1.313218
-0.112459
-0.497512
-0.664806
-1.042968
0.224310
0.714914
-0.149902
0.799373
0.267930
0.367622
0.830182
0.370526
-1.404158
0.607405
2.028811
1.856569
0.907377
0.016274
-0.111314
-0.134010
2.271586
1.940092
-0.645992
-0.723947
-0.123771
2.774045
0.546266
-1.099638
1.067390
-0.562302
0.845198
-1.017022
-0.274908
0.176697
0.969221
0.351697
0.510415
0.160390
0.904765
0.022650
0.281953
0.263628
2.368989
-0.185282
1.666830
-0.910666
1.254271
1.068775
0.699386
0.922929
3.600380
-0.113793
-0.289895
1.283203
0.358997
0.613003
1.128168
1.099120
0.928458
0.945419
-0.425312
0.559398
2.258517
1.069687
0.537730
-0.345770
1.046771
0.703515
0.526266
1.000692
0.945036
1.219626
1.224836
-0.404559
1.216292
1.604486
0.832377
1.255078
1.526633
2.218872
1.075216
0.512909
0.277220
0.487096
1.424308
0.197465
0.277574
0.499444
0.870658
1.977193
0.363363
2.028338
1.769383
0.065364
3.479766
0.918751
0.018803
1.261968
3.192069
-0.768412
1.506643
0.378283
-1.551798
-0.330771
3.435037
-0.337674
1.226133
1.483603
2.268218
2.725980
-0.159852
1.835305
2.429001
1.138927
1.028500
1.346570
2.651564
0.721202
2.844606
1.760119
0.842833
0.332591
2.370142
0.543521
0.557487
-0.301878
1.164798
1.610437
0.489737
1.445792
2.454990
0.923634
-0.443456
3.874522
2.410687
2.997734
1.150656
3.640492
-0.420849
-0.239456
1.163781
1.002826
0.003616
-1.641889
0.156376
0.662968
0.855585
1.526754
0.748148
-0.172797
0.342833
0.176106
1.580338
0.795851
1.222028
0.155563
0.695255
1.537842
1.091413
-0.323627
0.755251
0.721471
-1.463633
0.470216
2.084712
-0.242031
0.480500
0.263650
1.524384
-0.512717
2.203881
-1.469668
-1.239746
1.174306
-0.226564
0.553145
0.011225
-1.344976
-1.796872
0.970729
0.711701
-1.351873
-0.429968
-0.414212
1.316809
0.316706
1.387735
-0.245720
-0.601987
0.882696
-0.888529
0.265226
-1.629853
1.841240
-0.229854
-0.864686
-0.702993
1.558846
-1.987116
0.018003
1.213448
-0.244401
1.826715
1.105957
-1.119469
0.336861
-0.684427
-0.904931
0.179266
-1.416018
-1.131042
-1.017087
-1.061223
-0.450386
-1.049985
0.680551
-1.315330
0.379986
-1.026748
-1.057604
0.267167
0.006180
-0.935498
-0.455503
-1.318538
-3.180421
-1.930064
-2.359295
-1.691308
1.352263
0.022548
-0.873854
-2.007082
-1.109486
-1.082486
-3.481454
-1.877655
-0.859571
-1.518081
-1.464193
-2.656129
-3.145249
-0.781578
-1.005688
-1.692986
-0.399642
-0.206130
-1.084780
0.135841
-0.750838
-1.304419
-0.920805
-1.728549
-0.138217
-0.679150
-2.464695
-0.590468
-0.020879
-1.291250
-0.377986
-1.398306
-0.905150
0.176781
-0.061449
0.539497
-2.314747
-1.406772
-1.672145
-0.174687
-1.148276
-0.261839
-1.774019
-1.924198
-1.553818
-1.295707
-2.088222
-1.320446
-1.235030
-1.258911
-1.929675
-1.281653
-1.472915
-1.140107
-1.443518
-1.825025
-1.584161
-0.419077
-0.254412
-1.544731
-1.866862
-0.984914
-0.105931
-0.252782
-2.751901
-1.307403
-1.994858
-0.211010
-2.626280
-1.131116
-0.261934
-2.116845
-2.656832
-4.544375
-1.544694
-0.925205
-1.012514
-3.380897
-2.626029
-3.267416
-1.379583
-0.285046
-1.808720
-0.059728
0.044233
-0.747879
-0.329346
-1.250305
-0.508283
-0.471503
-2.493769
0.110076
0.060637
-0.141028
-1.665106
-1.845199
1.019941
-3.109928
0.609274
0.401847
-1.842769
-1.527355
-0.445466
-1.038987
-0.572085
0.939179
-1.663182
-2.351375
-0.880915
-0.396925
-0.167540
-2.385458
-2.843658
0.196278
-0.557882
-2.733674
-0.274344
0.284764
-1.067136
-2.418952
-2.207284
-1.341627
-1.046283
0.164553
-1.019782
-0.871339
-0.805191
0.712245
-2.053878
-2.434931
-1.139929
0.196055
-0.759401
-2.758052
1.047020
-0.640751
-1.581874
-1.947676
-0.841269
1.875142
-1.825812
0.711485
0.793138
-0.627049
0.993440
-1.442999
-2.188541
-1.336518
-1.404719
0.636959
-0.092795
-1.016404
-1.388333
0.804067
0.219783
0.264801
1.686964
-0.277992
0.747164
-0.439194
1.339440
1.885639
-0.931336
0.068504
0.970162
-1.176092
0.704408
0.568910
0.642392
0.179542
0.765604
0.905700
0.223933
0.361546
1.197364
-0.137993
0.186589
1.044083
0.160853
1.051317
-0.902328
1.222413
0.079080
0.552819
1.891937
0.839804
-1.186611
0.460004
0.855028
0.288067
1.156376
0.711380
3.622502
0.963055
-0.912502
1.417919
2.308766
1.250203
1.636328
1.825581
1.694226
1.579810
0.034984
2.195271
2.228743
0.044131
0.505855
-0.824157
3.347182
1.787869
0.385933
1.543881
0.489625
0.772751
-0.137131
2.290664
1.479394
0.670533
-0.062108
0.958931
1.609323
1.225115
1.880289
2.380871
0.573097
1.331545
1.091475
0.335581
1.917014
3.302531
1.762734
2.414642
1.280168
2.138700
3.653572
0.643243
1.677272
1.120064
1.733031
1.545565
0.110244
2.748665
1.554087
2.277592
1.811084
2.259764
2.877936
1.874861
2.599636
2.463818
1.550835
1.400909
3.861904
2.318775
0.232315
2.651851
0.114765
1.932168
3.032425
1.598407
0.463924
2.249233
2.587453
1.860531
1.928789
2.296572
2.158625
1.074931
1.678320
1.646253
1.535536
0.852914
1.616144
3.263557
2.824878
1.532898
2.291868
2.600819
0.415168
1.406214
1.861412
2.924446
0.759084
0.999941
1.006122
2.043831
1.309152
3.579464
2.179955
0.627140
0.167782
2.967388
0.555247
0.019082
2.171841
1.433084
3.078342
0.980101
1.717725
1.796480
1.708624
1.173400
2.066615
2.771565
1.346180
2.755096
1.437724
1.472129
1.622320
1.571913
1.764486
1.845963
0.677281
-0.123789
0.430882
2.285311
0.212004
1.426414
0.816695
1.973535
0.382142
1.817917
0.814796
0.914427
2.499643
0.457754
1.934640
3.432783
1.133655
0.460842
2.585522
1.716900
-0.087045
0.450340
-0.129989
0.570368
1.460417
1.491317
1.779672
0.225282
0.513268
0.595098
2.711072
1.942180
-0.252474
1.431392
2.601909
0.176441
0.810168
-0.545563
0.747755
0.699202
1.394229
-0.429561
-0.618881
0.294357
-0.377342
1.164243
1.309820
-0.931058
0.392032
0.406686
-1.914876
-2.284163
0.221440
-1.058937
1.454156
-0.403501
-1.660451
-0.523828
-1.243373
-0.079067
-0.918847
-0.070704
-1.007572
-0.476784
-0.334875
-1.252842
-0.982254
-1.316989
0.339009
-0.566256
1.454598
-0.531352
-0.049574
-0.858013
0.932359
-0.257464
-1.172908
-1.257532
-1.741517
-1.503312
-1.188160
-1.581739
0.174987
-1.002973
-1.650740
-1.157816
-0.703966
-2.449663
-2.162604
-1.687647
-1.329420
-1.781886
-2.310092
-0.834349
-0.989109
-1.735930
-0.984689
-2.506900
-2.104921
-1.921114
-0.883446
-2.433600
-0.809746
-1.588957
-3.861706
-1.825200
-1.481645
-1.007392
-0.684781
-2.984581
-2.412915
-2.754190
-3.180246
-2.604523
-3.293214
-1.381729
-2.035398
-2.758735
-2.631903
-2.101868
-4.202977
-4.433619
-3.538176
-2.032417
-2.159707
-1.548764
-2.802848
-2.836905
-1.907993
-2.055522
-5.105484
-2.785441
-2.321869
-1.783611
-3.263405
-4.061550
-4.010961
-2.216613
-4.092032
-4.596943
-4.369693
-2.347142
-2.221640
-0.727936
-3.554457
-0.829388
-3.413617
-1.347687
-4.286002
-2.801068
-3.096824
-4.482092
-3.457160
-3.857834
-3.430913
-4.171885
-3.718845
-4.084700
-4.142021
-2.871514
-3.278546
-3.359096
-2.569284
-4.568773
-3.682292
-4.340563
-1.249387
-4.169357
-2.573455
-3.568318
-2.827208
-4.095061
-4.278239
-2.899415
-3.304488
-2.969834
-4.041781
-3.127506
-3.557281
-4.707893
-2.731860
-2.178353
-3.468443
-3.949535
-1.666957
-2.349922
-4.538002
-5.831259
-4.604788
-4.663291
-2.225560
-1.767967
-1.709560
-3.288210
-4.845928
-3.403253
-4.261379
-2.422017
-2.046029
-3.252645
-2.713781
-3.730961
-1.681295
-4.566605
-3.309586
-4.455086
-1.496307
-1.212240
-3.322650
-1.396655
-2.389346
-1.861537
-3.681930
-2.536056
-1.490051
-2.962477
-1.168656
-3.668437
-2.107710
-1.746694
-3.254559
-1.887740
-2.563896
-0.754842
-1.874714
1.418131
-1.300876
-4.076079
-0.696428
-1.710536
0.061170
-0.635793
-0.611721
-0.555715
-0.327842
-3.180769
-1.207910
-0.565931
0.565757
-1.929046
-2.080649
-0.195695
0.464267
-1.169537
-0.083782
0.077152
-0.846908
-0.748827
-0.027530
2.514575
1.319881
-0.683949
0.897409
0.193420
0.613115
0.710610
0.662354
-0.712914
0.215032
1.301947
0.847446
1.540309
1.584930
-0.381338
0.764771
1.015340
2.449533
1.979836
2.248731
1.314615
1.051812
2.630416
1.269258
1.169691
2.748269
0.594897
2.025518
2.534325
3.143767
2.321948
3.743730
1.801065
4.250337
2.326927
1.832435
3.551801
3.950357
5.207901
4.769208
4.705574
5.433872
3.855014
5.329539
3.723865
4.538183
4.999584
2.899151
4.453989
4.897047
3.127813
3.861611
4.775807
4.427663
4.893341
5.742375
5.469683
5.375385
5.866610
5.267121
7.222927
5.165058
6.300079
5.907286
6.295989
7.982946
5.443618
5.570507
7.057959
6.448114
8.052430
7.407070
6.447194
8.486552
6.750078
7.446393
7.187390
7.620912
7.537303
6.172494
7.290706
7.473635
8.504403
7.935589
8.625107
7.554317
9.127619
8.538829
7.828421
11.349195
9.619003
7.961300
10.210213
9.467141
10.361749
8.716886
9.305586
9.159727
9.159715
10.668582
8.989546
10.945673
10.280997
10.250863
9.181837
11.004675
9.379156
9.837354
8.052756
10.272085
11.346906
9.687944
9.622484
10.390021
13.168894
11.021534
11.879978
11.766911
9.939618
11.815000
14.463972
11.638221
11.053331
13.551422
11.484585
11.000036
12.092516
12.696528
10.892059
13.148132
11.646432
12.862495
13.744443
13.791800
12.941196
11.883616
13.576765
13.449633
12.960938
12.439825
12.293123
14.644838
12.571537
13.422230
11.556743
12.587081
11.673171
13.007446
12.709217
14.201027
14.337119
13.909711
11.412016
13.988563
13.900078
13.081598
13.397326
14.396609
13.241451
15.986407
14.055247
14.690750
14.171442
14.992674
13.656204
14.546394
14.030389
13.801327
14.812462
14.968817
14.077038
15.552912
15.126006
14.144430
14.032892
14.061342
13.884874
14.741555
16.058536
14.145670
14.316322
13.570413
16.003835
14.930966
15.883558
16.261081
14.332782
14.721492
14.084464
16.142332
15.401143
14.840607
15.066445
16.552529
15.376322
16.725893
14.665139
16.133525
14.797205
13.832311
14.822453
13.870701
16.737729
16.020961
15.768827
14.628737
16.682668
13.691277
14.111111
15.357623
14.018419
13.810412
14.269379
13.864602
15.465135
15.355709
13.747839
16.362649
16.701604
13.821683
15.668695
15.537485
14.672147
15.023093
14.337851
13.091945
13.102609
14.073855
13.576932
14.543312
14.335240
13.678697
15.288478
14.164960
13.472716
12.777869
13.222607
14.113903
14.461931
12.393120
14.052474
13.553958
13.807138
14.537961
13.738007
11.731181
12.847945
13.863790
14.791685
12.508034
13.196514
13.289672
13.073525
13.297005
12.195118
12.999743
13.058650
12.359851
13.373470
13.647520
13.416000
13.328202
13.451512
11.247667
12.296796
11.644880
12.954477
10.828388
12.421458
14.592133
11.034865
12.797304
12.125428
11.765019
11.104784
12.242851
10.114850
10.903717
12.708072
11.385176
11.396934
10.061497
12.617019
10.421502
9.201967
10.570030
11.006544
8.837921
9.720964
11.091437
9.282712
9.288667
9.059114
9.162365
11.334234
10.312802
10.432414
10.997002
11.937087
8.655623
8.701563
8.614669
10.172704
10.205001
11.433801
7.971032
8.900221
8.520512
7.042334
7.808124
7.196336
5.946940
9.459694
7.585110
9.719991
8.460347
8.314565
7.350865
7.222301
7.061527
6.786601
7.930884
8.286835
7.024113
6.638080
8.749125
5.405747
6.202961
4.641244
6.248148
5.255524
4.872720
6.774660
5.376156
6.908447
5.193694
6.600923
7.518706
5.354398
5.198606
5.234166
5.179888
3.549097
4.567168
4.469430
5.020291
5.150351
3.624324
3.908924
6.618828
5.271954
3.177856
2.215005
3.413535
5.062196
4.681785
5.041933
3.690542
4.127026
3.667205
3.118081
3.892058
3.799460
3.021524
2.557494
2.527681
3.077565
1.137907
2.512294
2.580418
2.348489
2.942480
1.682346
2.721879
2.984449
1.118510
2.433500
-0.402738
2.823315
1.376612
1.519099
0.594595
0.750161
1.010246
2.405894
0.459455
-1.577460
2.189591
1.223602
-0.694067
0.218134
-0.478610
1.222667
0.164223
-0.174076
1.117333
-0.468141
-0.911057
0.112713
0.050964
-0.165028
1.698341
-0.100316
-2.025812
-1.663780
-0.165876
-1.527084
0.155053
-0.605809
-0.455526
-1.619576
-1.843613
1.566376
-1.021055
-2.837554
-1.979118
-0.476721
-1.479277
-0.907914
-0.181362
-1.691439
-2.266074
-1.196315
-1.414018
-0.819885
-2.141714
-1.805066
-1.626022
-1.865813
-1.510140
-3.674630
-2.250677
-1.052241
-1.428722
-0.138524
-1.767700
-1.457955
-1.676327
-2.881549
-1.972980
-3.261251
-1.475745
-3.002563
-2.940811
-2.594108
-1.343487
-3.590477
-2.760761
-2.653820
-3.467528
-2.487498
-1.622977
-3.704547
-4.285235
-4.176477
-2.854629
-2.796237
-3.108519
-1.950321
-3.652958
-2.840974
-3.567495
-0.811804
-2.257844
-5.091064
-1.417651
-2.031792
-3.499981
-3.837891
-4.216342
-5.434661
-1.964484
-3.569790
-1.401151
-1.053645
-3.027710
-2.103064
-4.285521
-5.228908
-5.452001
-6.394877
-3.640749
-4.734929
-4.600169
-4.817657
-2.944120
-6.377982
-2.293429
-3.391506
-2.235914
-2.462396
-3.917293
-1.582762
-5.293339
-3.886064
-2.479433
-6.089646
-1.694898
-4.158634
-5.200839
-4.505009
-4.209105
-2.933410
-2.859594
-2.729759
-4.485517
-1.604292
-1.571094
-2.722775
-3.153849
-3.885516
-0.752800
-3.057131
-1.717481
-2.162830
-2.468820
-3.488402
-1.727801
-2.567817
-4.087531
-4.081249
-3.720820
-2.816783
-3.455014
-2.271602
-1.466996
-3.459687
-3.673672
-1.647516
-2.886421
-2.223598
-1.625085
-2.670857
-2.696810
-4.649382
-2.278900
-3.007695
-2.516589
-2.340229
-1.466892
-2.967852
-3.348288
-0.491949
-2.061199
-2.446308
-2.354191
-1.839983
-1.593729
-2.166758
-0.243365
-2.491047
-0.536928
-1.711733
-0.873390
-2.060172
-0.071173
-0.385855
-3.400705
-0.634813
-0.610365
-1.416545
-2.703440
-1.953454
-1.208559
0.096053
-1.029384
-0.812894
-1.014711
-1.587057
-1.881967
0.431957
-0.493714
-1.370196
-0.862600
-0.800761
-1.988152
-0.630787
-0.974540
-2.163373
1.335343
0.111435
-0.207920
-1.264408
0.119221
-0.905561
2.002431
1.400642
-0.616299
0.318826
1.096340
0.741286
-0.744788
-1.271742
-0.533449
-0.338515
-1.305136
0.112573
-1.584592
-0.736127
-1.635617
0.242443
0.531406
0.616657
0.015558
0.102097
-0.731624
-1.065427
2.196103
-0.147712
0.219374
0.399889
0.638582
-0.291250
1.155791
0.579557
0.480365
-1.294330
0.950928
0.625815
-0.034959
1.840070
0.287701
-0.168639
1.587211
2.865091
0.917730
1.244374
2.214068
-0.672708
1.543866
0.553391
1.799877
-0.808363
1.033310
1.031404
0.793199
0.709200
1.609873
1.731806
3.012061
2.803015
1.964237
-0.345264
0.790285
2.093447
2.141369
1.866483
1.225242
1.579665
3.538010
1.001893
0.433519
3.940614
2.673617
1.383528
0.948721
0.862703
3.306163
1.808720
0.013311
1.300948
0.609995
1.589724
2.208570
1.806837
0.248831
1.149066
0.745681
1.068178
1.585687
0.967261
2.110395
2.695502
1.764049
1.541828
1.591142
1.231071
3.492240
1.868313
2.111881
2.317186
2.681509
1.521061
1.165246
-0.159002
1.300515
1.985368
1.443527
3.350125
0.314239
1.907957
2.166205
2.007492
1.445240
1.621036
2.894087
3.635466
1.027445
3.137973
3.319398
2.311193
1.782220
3.031457
1.000744
1.181010
3.646446
1.819775
2.127232
0.932997
0.952445
2.417800
0.338577
1.641626
2.955085
1.081766
2.382912
2.823718
2.386635
1.766969
2.262907
2.566302
1.294388
1.469200
0.547654
3.244007
2.920168
1.881049
3.039466
1.462755
0.926119
3.260239
2.703774
1.289945
1.503990
1.694847
0.071946
1.455528
2.220372
1.577779
2.021611
2.216636
2.338253
1.468342
0.986241
0.659719
2.366537
-1.341600
2.161000
1.002627
1.907913
1.433478
1.029186
0.341869
2.087346
2.545316
0.823234
0.996857
1.141039
-0.834689
0.593519
1.874091
0.374696
1.884068
0.288407
-0.083650
0.676251
1.589574
1.799610
1.625621
0.290103
-0.640153
0.548213
1.532591
0.727304
-0.865601
1.621962
-0.984989
2.270079
0.466180
1.579404
1.706826
0.704157
0.775942
-1.707351
1.234129
-0.915990
-0.196156
1.739898
0.541730
0.575626
-0.931767
0.010310
0.298294
1.322140
-1.149870
1.457450
1.277471
-0.865242
-0.519786
0.011854
-1.121481
0.202452
0.414118
-0.315021
0.567928
-0.427755
-1.680372
0.962888
-1.023824
-1.795058
1.420145
-0.822334
0.288762
-0.252257
-1.187345
0.011236
-0.576818
1.278018
-1.324120
-0.859131
-0.326928
-0.333932
-1.630213
0.764310
-0.332075
-2.350387
0.648982
-0.958092
0.470419
-0.512811
0.502284
-0.097302
0.702164
-2.028057
-0.733542
0.063440
-0.110414
-1.504286
-1.671680
-1.058637
0.537000
-0.939051
-1.912052
-1.142228
-1.396962
-1.079971
-0.460103
-0.894748
-1.803206
-0.370596
-1.109782
-2.682949
-0.471800
-2.629301
-0.135779
0.145996
0.662143
-2.342942
-0.384743
-1.492143
-0.403587
-1.029424
-1.248444
-0.069300
-2.289362
-0.085812
-2.368365
-3.235334
-0.660450
-1.577302
-0.588174
-3.682820
-0.735313
1.346076
0.183981
-1.225093
-0.988324
-2.575425
-2.269388
-0.698481
-1.637514
-0.575235
-2.585772
-2.114111
-1.810858
-1.969331
-0.981342
-0.812581
-2.113216
0.136505
-1.975258
-0.728834
-0.459700
-2.537317
0.248791
-2.022037
-1.289529
-2.960818
-0.501774
-3.077317
-1.235607
-0.312068
-0.759638
-1.255535
-2.841733
-1.832903
-1.637963
-1.273648
-0.808752
-2.508303
-1.394778
-1.537271
-1.089435
-1.805803
-2.804013
-2.153850
-0.757140
-0.693519
1.086504
-1.685772
-1.214122
-1.145631
0.458072
0.337163
-2.106424
-1.474922
-1.372606
-1.439115
-0.675878
0.231587
-0.358008
-0.092204
-0.553090
-0.188943
-1.452672
-1.749911
-1.719876
-0.768135
-1.249532
-0.918168
-0.893147
-2.303063
-1.492562
-0.974907
0.497414
-0.907490
-1.619504
-2.346702
-0.673312
-1.343078
-1.455133
-1.564566
-0.892645
0.740671
-1.738468
-0.587629
-1.260800
-1.989935
-1.801601
-0.814391
-0.619349
-1.940847
-1.801843
-1.993514
-1.459330
-0.292289
-1.348235
0.126397
-0.052122
-0.021767
-1.850333
-0.821542
-0.041979
-2.055523
-1.271309
-2.131728
-0.960842
-0.848492
-1.148434
0.274280
0.183266
1.497992
0.687780
-1.501994
-0.399333
-0.890780
0.655176
-1.627182
1.226690
-0.809459
-1.195275
-0.752808
-1.070627
0.457547
0.594109
-2.295002
0.422928
-0.288622
-0.137117
-0.616159
-2.045115
-0.000817
-1.031487
-0.851033
1.664249
0.368448
-0.557568
0.628969
1.577684
-0.250466
1.562629
0.487930
1.205683
0.760269
-0.377087
1.245387
-0.006544
-1.007855
-0.258042
0.624093
1.053138
-0.891363
-0.297189
1.113615
1.371142
-0.016163
1.075765
1.615329
0.006000
-0.933954
0.597260
-0.410590
-0.819963
2.198140
0.870238
0.980281
0.343180
1.618424
1.177893
-0.685049
0.957385
1.048581
0.083797
2.893085
-0.031937
1.364457
0.929251
1.613956
0.479747
1.692583
1.902785
1.948636
0.352267
-0.112637
0.690348
2.128741
1.634460
1.162150
1.660070
0.843420
0.491745
2.225975
0.615458
1.465933
0.122525
-0.564292
-0.025950
1.177778
-0.792230
1.945944
-0.705837
1.329071
0.074103
0.398355
1.472454
1.649526
0.150574
2.399365
-0.921520
1.847267
0.607131
0.799154
1.967894
1.664161
1.176432
1.613443
0.831604
1.259334
3.055074
2.868517
-0.387070
2.692179
1.233747
1.099702
0.745361
1.583862
1.439440
1.431686
2.621478
2.632835
0.658705
1.508410
0.335142
0.754622
1.004595
-0.485284
0.710548
-1.275542
0.219018
1.521545
0.426722
-0.321278
1.678459
0.934935
0.642611
2.106522
0.902239
0.589075
1.780431
1.218030
1.939561
1.039556
-0.169651
1.822391
2.201569
-0.369848
-0.054096
-0.861165
2.433971
0.762967
0.177209
1.466240
2.981227
0.277124
1.015960
-0.214791
1.483900
-0.574780
1.853254
2.448781
2.563933
0.598496
-0.795118
-0.185044
-0.983239
0.981558
1.292484
1.460933
1.075891
0.300438
1.699446
2.073762
-0.388535
1.743156
1.234451
1.350523
0.541524
-0.314143
-0.295736
0.098614
-0.232846
1.053124
0.141454
1.761618
-0.265907
0.432579
0.255774
1.620779
3.076578
0.393576
0.058119
0.760348
0.844934
0.496148
0.018963
0.781301
1.165572
-1.391237
0.817737
1.710129
-0.321954
-0.730650
0.376942
-0.408815
-0.206960
1.013231
-0.302469
-0.937592
0.124968
-1.012726
0.436083
0.648905
-1.490295
-1.078313
0.785851
-0.235687
1.657009
-2.124911
0.156844
