 12.0190 
 12.1343 
 12.2518 
 12.3709 
 12.4914 
 12.6128 
 12.7346 
 12.8564 
 12.9776 
 13.0978 
 13.2164 
 13.3328 
 13.4466 
 13.5571 
 13.6639 
 13.7663 
 13.8638 
 13.9560 
 14.0422 
 14.1221 
 14.1952 
 14.2610 
 14.3192 
 14.3695 
 14.4115 
 14.4450 
 14.4699 
 14.4859 
 14.4929 
 14.4910 
 14.4801 
 14.4603 
 14.4317 
 14.3945 
 14.3490 
 14.2952 
 14.2337 
 14.1647 
 14.0887 
 14.0060 
 13.9172 
 13.8227 
 13.7230 
 13.6186 
 13.5102 
 13.3982 
 13.2832 
 13.1658 
 13.0464 
 12.9257 
 12.8042 
 12.6824 
 12.5607 
 12.4396 
 12.3197 
 12.2012 
 12.0846 
 14.4933 
 14.4933 
 14.4933 
 14.4933 
 14.4933 
 14.4933 
 14.4933 
 14.4933 
 14.4933 
 14.4933 
 14.4933 
 14.4933 
 14.4933 
 14.4933 
 5.5067 
 5.5067 
 5.5067 
 5.5067 
 5.5067 
 5.5067 
 5.5067 
 5.5067 
 5.5067 
 5.5067 
 5.5067 
 5.5067 
 5.5067 
 5.5067 
 10.0000 
 10.0000 
 10.0000 
 10.0000 
 10.0000 
 10.0000 
 10.0000 
 10.0000 
 10.0000 
 10.0000 
 10.0000 
 10.0000 
 10.0000 
 10.0000 
 10.0000 
 12.1343 
 12.2563 
 12.3804 
 12.5064 
 12.6338 
 12.7621 
 12.8908 
 13.0196 
 13.1477 
 13.2748 
 13.4001 
 13.5233 
 13.6435 
 13.7604 
 13.8732 
 13.9815 
 14.0846 
 14.1820 
 14.2732 
 14.3577 
 14.4349 
 14.5045 
 14.5660 
 14.6192 
 14.6636 
 14.6990 
 14.7253 
 14.7422 
 14.7496 
 14.7476 
 14.7361 
 14.7152 
 14.6850 
 14.6456 
 14.5974 
 14.5407 
 14.4756 
 14.4027 
 14.3223 
 14.2349 
 14.1410 
 14.0411 
 13.9357 
 13.8254 
 13.7108 
 13.5924 
 13.4708 
 13.3467 
 13.2205 
 13.0929 
 12.9644 
 12.8356 
 12.7070 
 12.5790 
 12.4522 
 12.3270 
 12.2037 
 14.7500 
 14.7500 
 14.7500 
 14.7500 
 14.7500 
 14.7500 
 14.7500 
 14.7500 
 14.7500 
 14.7500 
 14.7500 
 14.7500 
 14.7500 
 14.7500 
 5.2500 
 5.2500 
 5.2500 
 5.2500 
 5.2500 
 5.2500 
 5.2500 
 5.2500 
 5.2500 
 5.2500 
 5.2500 
 5.2500 
 5.2500 
 5.2500 
 10.0000 
 10.0000 
 10.0000 
 10.0000 
 10.0000 
 10.0000 
 10.0000 
 10.0000 
 10.0000 
 10.0000 
 10.0000 
 10.0000 
 10.0000 
 10.0000 
 10.0000 
 12.2518 
 12.3804 
 12.5114 
 12.6443 
 12.7787 
 12.9141 
 13.0499 
 13.1857 
 13.3209 
 13.4550 
 13.5872 
 13.7171 
 13.8440 
 13.9673 
 14.0864 
 14.2006 
 14.3094 
 14.4122 
 14.5084 
 14.5974 
 14.6789 
 14.7524 
 14.8173 
 14.8733 
 14.9202 
 14.9576 
 14.9853 
 15.0031 
 15.0110 
 15.0089 
 14.9967 
 14.9746 
 14.9428 
 14.9013 
 14.8504 
 14.7905 
 14.7219 
 14.6450 
 14.5602 
 14.4680 
 14.3689 
 14.2635 
 14.1523 
 14.0359 
 13.9150 
 13.7900 
 13.6618 
 13.5308 
 13.3977 
 13.2631 
 13.1276 
 12.9917 
 12.8560 
 12.7210 
 12.5872 
 12.4550 
 12.3250 
 15.0114 
 15.0114 
 15.0114 
 15.0114 
 15.0114 
 15.0114 
 15.0114 
 15.0114 
 15.0114 
 15.0114 
 15.0114 
 15.0114 
 15.0114 
 15.0114 
 4.9886 
 4.9886 
 4.9886 
 4.9886 
 4.9886 
 4.9886 
 4.9886 
 4.9886 
 4.9886 
 4.9886 
 4.9886 
 4.9886 
 4.9886 
 4.9886 
 10.0000 
 10.0000 
 10.0000 
 10.0000 
 10.0000 
 10.0000 
 10.0000 
 10.0000 
 10.0000 
 10.0000 
 10.0000 
 10.0000 
 10.0000 
 10.0000 
 10.0000 
 12.3709 
 12.5064 
 12.6443 
 12.7843 
 12.9257 
 13.0683 
 13.2113 
 13.3543 
 13.4967 
 13.6378 
 13.7771 
 13.9138 
 14.0474 
 14.1773 
 14.3026 
 14.4229 
 14.5374 
 14.6456 
 14.7469 
 14.8407 
 14.9265 
 15.0038 
 15.0722 
 15.1312 
 15.1806 
 15.2200 
 15.2491 
 15.2679 
 15.2762 
 15.2739 
 15.2611 
 15.2379 
 15.2043 
 15.1606 
 15.1071 
 15.0440 
 14.9718 
 14.8908 
 14.8015 
 14.7044 
 14.6001 
 14.4891 
 14.3720 
 14.2495 
 14.1221 
 13.9906 
 13.8556 
 13.7177 
 13.5775 
 13.4358 
 13.2931 
 13.1500 
 13.0071 
 12.8649 
 12.7241 
 12.5849 
 12.4480 
 15.2766 
 15.2766 
 15.2766 
 15.2766 
 15.2766 
 15.2766 
 15.2766 
 15.2766 
 15.2766 
 15.2766 
 15.2766 
 15.2766 
 15.2766 
 15.2766 
 4.7234 
 4.7234 
 4.7234 
 4.7234 
 4.7234 
 4.7234 
 4.7234 
 4.7234 
 4.7234 
 4.7234 
 4.7234 
 4.7234 
 4.7234 
 4.7234 
 10.0000 
 10.0000 
 10.0000 
 10.0000 
 10.0000 
 10.0000 
 10.0000 
 10.0000 
 10.0000 
 10.0000 
 10.0000 
 10.0000 
 10.0000 
 10.0000 
 10.0000 
 12.4914 
 12.6338 
 12.7787 
 12.9257 
 13.0744 
 13.2242 
 13.3745 
 13.5248 
 13.6744 
 13.8227 
 13.9690 
 14.1127 
 14.2531 
 14.3895 
 14.5213 
 14.6476 
 14.7680 
 14.8817 
 14.9881 
 15.0867 
 15.1769 
 15.2581 
 15.3300 
 15.3920 
 15.4438 
 15.4852 
 15.5158 
 15.5356 
 15.5443 
 15.5419 
 15.5285 
 15.5040 
 15.4688 
 15.4229 
 15.3666 
 15.3003 
 15.2244 
 15.1393 
 15.0455 
 14.9435 
 14.8338 
 14.7172 
 14.5942 
 14.4654 
 14.3316 
 14.1934 
 14.0515 
 13.9066 
 13.7593 
 13.6104 
 13.4604 
 13.3100 
 13.1599 
 13.0105 
 12.8625 
 12.7163 
 12.5724 
 15.5447 
 15.5447 
 15.5447 
 15.5447 
 15.5447 
 15.5447 
 15.5447 
 15.5447 
 15.5447 
 15.5447 
 15.5447 
 15.5447 
 15.5447 
 15.5447 
 4.4553 
 4.4553 
 4.4553 
 4.4553 
 4.4553 
 4.4553 
 4.4553 
 4.4553 
 4.4553 
 4.4553 
 4.4553 
 4.4553 
 4.4553 
 4.4553 
 10.0000 
 10.0000 
 10.0000 
 10.0000 
 10.0000 
 10.0000 
 10.0000 
 10.0000 
 10.0000 
 10.0000 
 10.0000 
 10.0000 
 10.0000 
 10.0000 
 10.0000 
 12.6128 
 12.7621 
 12.9141 
 13.0683 
 13.2242 
 13.3813 
 13.5389 
 13.6965 
 13.8534 
 14.0089 
 14.1624 
 14.3131 
 14.4603 
 14.6034 
 14.7415 
 14.8740 
 15.0003 
 15.1195 
 15.2311 
 15.3345 
 15.4291 
 15.5143 
 15.5896 
 15.6547 
 15.7090 
 15.7524 
 15.7846 
 15.8053 
 15.8144 
 15.8119 
 15.7978 
 15.7722 
 15.7352 
 15.6871 
 15.6281 
 15.5586 
 15.4789 
 15.3897 
 15.2913 
 15.1843 
 15.0693 
 14.9470 
 14.8180 
 14.6829 
 14.5426 
 14.3977 
 14.2489 
 14.0969 
 13.9425 
 13.7863 
 13.6290 
 13.4713 
 13.3138 
 13.1572 
 13.0019 
 12.8486 
 12.6977 
 15.8149 
 15.8149 
 15.8149 
 15.8149 
 15.8149 
 15.8149 
 15.8149 
 15.8149 
 15.8149 
 15.8149 
 15.8149 
 15.8149 
 15.8149 
 15.8149 
 4.1851 
 4.1851 
 4.1851 
 4.1851 
 4.1851 
 4.1851 
 4.1851 
 4.1851 
 4.1851 
 4.1851 
 4.1851 
 4.1851 
 4.1851 
 4.1851 
 10.0000 
 10.0000 
 10.0000 
 10.0000 
 10.0000 
 10.0000 
 10.0000 
 10.0000 
 10.0000 
 10.0000 
 10.0000 
 10.0000 
 10.0000 
 10.0000 
 10.0000 
 12.7346 
 12.8908 
 13.0499 
 13.2113 
 13.3745 
 13.5389 
 13.7039 
 13.8688 
 14.0330 
 14.1958 
 14.3564 
 14.5142 
 14.6683 
 14.8180 
 14.9626 
 15.1013 
 15.2334 
 15.3582 
 15.4750 
 15.5832 
 15.6822 
 15.7714 
 15.8502 
 15.9183 
 15.9752 
 16.0206 
 16.0542 
 16.0759 
 16.0855 
 16.0828 
 16.0681 
 16.0413 
 16.0026 
 15.9522 
 15.8905 
 15.8177 
 15.7344 
 15.6409 
 15.5380 
 15.4260 
 15.3056 
 15.1776 
 15.0426 
 14.9013 
 14.7544 
 14.6027 
 14.4470 
 14.2879 
 14.1263 
 13.9628 
 13.7982 
 13.6331 
 13.4683 
 13.3044 
 13.1419 
 12.9814 
 12.8235 
 16.0859 
 16.0859 
 16.0859 
 16.0859 
 16.0859 
 16.0859 
 16.0859 
 16.0859 
 16.0859 
 16.0859 
 16.0859 
 16.0859 
 16.0859 
 16.0859 
 3.9141 
 3.9141 
 3.9141 
 3.9141 
 3.9141 
 3.9141 
 3.9141 
 3.9141 
 3.9141 
 3.9141 
 3.9141 
 3.9141 
 3.9141 
 3.9141 
 10.0000 
 10.0000 
 10.0000 
 10.0000 
 10.0000 
 10.0000 
 10.0000 
 10.0000 
 10.0000 
 10.0000 
 10.0000 
 10.0000 
 10.0000 
 10.0000 
 10.0000 
 12.8564 
 13.0196 
 13.1857 
 13.3543 
 13.5248 
 13.6965 
 13.8688 
 14.0411 
 14.2126 
 14.3826 
 14.5504 
 14.7152 
 14.8761 
 15.0325 
 15.1835 
 15.3284 
 15.4664 
 15.5968 
 15.7188 
 15.8318 
 15.9352 
 16.0284 
 16.1107 
 16.1818 
 16.2413 
 16.2887 
 16.3238 
 16.3465 
 16.3564 
 16.3537 
 16.3383 
 16.3103 
 16.2699 
 16.2172 
 16.1528 
 16.0768 
 15.9897 
 15.8921 
 15.7846 
 15.6676 
 15.5419 
 15.4082 
 15.2671 
 15.1195 
 14.9661 
 14.8077 
 14.6450 
 14.4788 
 14.3100 
 14.1392 
 13.9673 
 13.7949 
 13.6228 
 13.4515 
 13.2818 
 13.1142 
 12.9492 
 16.3570 
 16.3570 
 16.3570 
 16.3570 
 16.3570 
 16.3570 
 16.3570 
 16.3570 
 16.3570 
 16.3570 
 16.3570 
 16.3570 
 16.3570 
 16.3570 
 3.6430 
 3.6430 
 3.6430 
 3.6430 
 3.6430 
 3.6430 
 3.6430 
 3.6430 
 3.6430 
 3.6430 
 3.6430 
 3.6430 
 3.6430 
 3.6430 
 10.0000 
 10.0000 
 10.0000 
 10.0000 
 10.0000 
 10.0000 
 10.0000 
 10.0000 
 10.0000 
 10.0000 
 10.0000 
 10.0000 
 10.0000 
 10.0000 
 10.0000 
 12.9776 
 13.1477 
 13.3209 
 13.4967 
 13.6744 
 13.8534 
 14.0330 
 14.2126 
 14.3914 
 14.5686 
 14.7435 
 14.9153 
 15.0831 
 15.2461 
 15.4035 
 15.5546 
 15.6984 
 15.8343 
 15.9616 
 16.0794 
 16.1871 
 16.2842 
 16.3701 
 16.4442 
 16.5062 
 16.5556 
 16.5922 
 16.6158 
 16.6262 
 16.6234 
 16.6073 
 16.5781 
 16.5360 
 16.4811 
 16.4139 
 16.3347 
 16.2439 
 16.1422 
 16.0301 
 15.9081 
 15.7771 
 15.6377 
 15.4907 
 15.3368 
 15.1769 
 15.0117 
 14.8421 
 14.6689 
 14.4929 
 14.3149 
 14.1357 
 13.9560 
 13.7765 
 13.5980 
 13.4211 
 13.2464 
 13.0744 
 16.6268 
 16.6268 
 16.6268 
 16.6268 
 16.6268 
 16.6268 
 16.6268 
 16.6268 
 16.6268 
 16.6268 
 16.6268 
 16.6268 
 16.6268 
 16.6268 
 3.3732 
 3.3732 
 3.3732 
 3.3732 
 3.3732 
 3.3732 
 3.3732 
 3.3732 
 3.3732 
 3.3732 
 3.3732 
 3.3732 
 3.3732 
 3.3732 
 10.0000 
 10.0000 
 10.0000 
 10.0000 
 10.0000 
 10.0000 
 10.0000 
 10.0000 
 10.0000 
 10.0000 
 10.0000 
 10.0000 
 10.0000 
 10.0000 
 10.0000 
 13.0978 
 13.2748 
 13.4550 
 13.6378 
 13.8227 
 14.0089 
 14.1958 
 14.3826 
 14.5686 
 14.7530 
 14.9350 
 15.1137 
 15.2882 
 15.4579 
 15.6216 
 15.7788 
 15.9284 
 16.0698 
 16.2022 
 16.3247 
 16.4368 
 16.5378 
 16.6272 
 16.7043 
 16.7688 
 16.8202 
 16.8583 
 16.8828 
 16.8937 
 16.8907 
 16.8740 
 16.8436 
 16.7998 
 16.7427 
 16.6728 
 16.5904 
 16.4960 
 16.3901 
 16.2735 
 16.1466 
 16.0103 
 15.8653 
 15.7123 
 15.5522 
 15.3858 
 15.2140 
 15.0376 
 14.8574 
 14.6743 
 14.4891 
 14.3026 
 14.1157 
 13.9290 
 13.7432 
 13.5592 
 13.3774 
 13.1985 
 16.8942 
 16.8942 
 16.8942 
 16.8942 
 16.8942 
 16.8942 
 16.8942 
 16.8942 
 16.8942 
 16.8942 
 16.8942 
 16.8942 
 16.8942 
 16.8942 
 3.1058 
 3.1058 
 3.1058 
 3.1058 
 3.1058 
 3.1058 
 3.1058 
 3.1058 
 3.1058 
 3.1058 
 3.1058 
 3.1058 
 3.1058 
 3.1058 
 10.0000 
 10.0000 
 10.0000 
 10.0000 
 10.0000 
 10.0000 
 10.0000 
 10.0000 
 10.0000 
 10.0000 
 10.0000 
 10.0000 
 10.0000 
 10.0000 
 10.0000 
 13.2164 
 13.4001 
 13.5872 
 13.7771 
 13.9690 
 14.1624 
 14.3564 
 14.5504 
 14.7435 
 14.9350 
 15.1239 
 15.3094 
 15.4907 
 15.6668 
 15.8368 
 16.0000 
 16.1554 
 16.3022 
 16.4396 
 16.5669 
 16.6833 
 16.7881 
 16.8809 
 16.9609 
 17.0279 
 17.0813 
 17.1209 
 17.1463 
 17.1576 
 17.1545 
 17.1371 
 17.1056 
 17.0601 
 17.0008 
 16.9282 
 16.8426 
 16.7446 
 16.6347 
 16.5136 
 16.3819 
 16.2404 
 16.0898 
 15.9310 
 15.7648 
 15.5920 
 15.4136 
 15.2304 
 15.0433 
 14.8532 
 14.6609 
 14.4673 
 14.2732 
 14.0794 
 13.8865 
 13.6954 
 13.5067 
 13.3209 
 17.1582 
 17.1582 
 17.1582 
 17.1582 
 17.1582 
 17.1582 
 17.1582 
 17.1582 
 17.1582 
 17.1582 
 17.1582 
 17.1582 
 17.1582 
 17.1582 
 2.8418 
 2.8418 
 2.8418 
 2.8418 
 2.8418 
 2.8418 
 2.8418 
 2.8418 
 2.8418 
 2.8418 
 2.8418 
 2.8418 
 2.8418 
 2.8418 
 10.0000 
 10.0000 
 10.0000 
 10.0000 
 10.0000 
 10.0000 
 10.0000 
 10.0000 
 10.0000 
 10.0000 
 10.0000 
 10.0000 
 10.0000 
 10.0000 
 10.0000 
 13.3328 
 13.5233 
 13.7171 
 13.9138 
 14.1127 
 14.3131 
 14.5142 
 14.7152 
 14.9153 
 15.1137 
 15.3094 
 15.5017 
 15.6895 
 15.8720 
 16.0482 
 16.2172 
 16.3783 
 16.5304 
 16.6728 
 16.8046 
 16.9252 
 17.0339 
 17.1300 
 17.2130 
 17.2824 
 17.3377 
 17.3787 
 17.4051 
 17.4167 
 17.4136 
 17.3956 
 17.3629 
 17.3157 
 17.2543 
 17.1791 
 17.0904 
 16.9888 
 16.8750 
 16.7495 
 16.6130 
 16.4663 
 16.3103 
 16.1457 
 15.9735 
 15.7945 
 15.6096 
 15.4198 
 15.2259 
 15.0289 
 14.8297 
 14.6291 
 14.4279 
 14.2271 
 14.0273 
 13.8292 
 13.6337 
 13.4412 
 17.4173 
 17.4173 
 17.4173 
 17.4173 
 17.4173 
 17.4173 
 17.4173 
 17.4173 
 17.4173 
 17.4173 
 17.4173 
 17.4173 
 17.4173 
 17.4173 
 2.5827 
 2.5827 
 2.5827 
 2.5827 
 2.5827 
 2.5827 
 2.5827 
 2.5827 
 2.5827 
 2.5827 
 2.5827 
 2.5827 
 2.5827 
 2.5827 
 10.0000 
 10.0000 
 10.0000 
 10.0000 
 10.0000 
 10.0000 
 10.0000 
 10.0000 
 10.0000 
 10.0000 
 10.0000 
 10.0000 
 10.0000 
 10.0000 
 10.0000 
 13.4466 
 13.6435 
 13.8440 
 14.0474 
 14.2531 
 14.4603 
 14.6683 
 14.8761 
 15.0831 
 15.2882 
 15.4907 
 15.6895 
 15.8837 
 16.0724 
 16.2547 
 16.4295 
 16.5960 
 16.7533 
 16.9006 
 17.0369 
 17.1617 
 17.2740 
 17.3734 
 17.4592 
 17.5310 
 17.5882 
 17.6306 
 17.6579 
 17.6699 
 17.6666 
 17.6480 
 17.6142 
 17.5655 
 17.5020 
 17.4241 
 17.3325 
 17.2274 
 17.1097 
 16.9799 
 16.8387 
 16.6871 
 16.5257 
 16.3555 
 16.1774 
 15.9923 
 15.8011 
 15.6048 
 15.4043 
 15.2006 
 14.9946 
 14.7871 
 14.5791 
 14.3714 
 14.1647 
 13.9599 
 13.7577 
 13.5587 
 17.6705 
 17.6705 
 17.6705 
 17.6705 
 17.6705 
 17.6705 
 17.6705 
 17.6705 
 17.6705 
 17.6705 
 17.6705 
 17.6705 
 17.6705 
 17.6705 
 2.3295 
 2.3295 
 2.3295 
 2.3295 
 2.3295 
 2.3295 
 2.3295 
 2.3295 
 2.3295 
 2.3295 
 2.3295 
 2.3295 
 2.3295 
 2.3295 
 10.0000 
 10.0000 
 10.0000 
 10.0000 
 10.0000 
 10.0000 
 10.0000 
 10.0000 
 10.0000 
 10.0000 
 10.0000 
 10.0000 
 10.0000 
 10.0000 
 10.0000 
 13.5571 
 13.7604 
 13.9673 
 14.1773 
 14.3895 
 14.6034 
 14.8180 
 15.0325 
 15.2461 
 15.4579 
 15.6668 
 15.8720 
 16.0724 
 16.2672 
 16.4553 
 16.6357 
 16.8076 
 16.9699 
 17.1219 
 17.2626 
 17.3913 
 17.5073 
 17.6099 
 17.6985 
 17.7725 
 17.8316 
 17.8753 
 17.9035 
 17.9159 
 17.9125 
 17.8933 
 17.8584 
 17.8081 
 17.7426 
 17.6623 
 17.5676 
 17.4592 
 17.3377 
 17.2037 
 17.0581 
 16.9015 
 16.7350 
 16.5594 
 16.3755 
 16.1845 
 15.9872 
 15.7846 
 15.5776 
 15.3674 
 15.1547 
 14.9406 
 14.7260 
 14.5116 
 14.2983 
 14.0869 
 13.8782 
 13.6728 
 17.9166 
 17.9166 
 17.9166 
 17.9166 
 17.9166 
 17.9166 
 17.9166 
 17.9166 
 17.9166 
 17.9166 
 17.9166 
 17.9166 
 17.9166 
 17.9166 
 2.0834 
 2.0834 
 2.0834 
 2.0834 
 2.0834 
 2.0834 
 2.0834 
 2.0834 
 2.0834 
 2.0834 
 2.0834 
 2.0834 
 2.0834 
 2.0834 
 10.0000 
 10.0000 
 10.0000 
 10.0000 
 10.0000 
 10.0000 
 10.0000 
 10.0000 
 10.0000 
 10.0000 
 10.0000 
 10.0000 
 10.0000 
 10.0000 
 10.0000 
 13.6639 
 13.8732 
 14.0864 
 14.3026 
 14.5213 
 14.7415 
 14.9626 
 15.1835 
 15.4035 
 15.6216 
 15.8368 
 16.0482 
 16.2547 
 16.4553 
 16.6490 
 16.8348 
 17.0118 
 17.1791 
 17.3356 
 17.4806 
 17.6132 
 17.7326 
 17.8383 
 17.9295 
 18.0057 
 18.0666 
 18.1116 
 18.1407 
 18.1535 
 18.1500 
 18.1302 
 18.0943 
 18.0424 
 17.9749 
 17.8922 
 17.7947 
 17.6831 
 17.5579 
 17.4199 
 17.2699 
 17.1087 
 16.9371 
 16.7562 
 16.5669 
 16.3701 
 16.1668 
 15.9582 
 15.7450 
 15.5285 
 15.3094 
 15.0889 
 14.8678 
 14.6470 
 14.4273 
 14.2096 
 13.9946 
 13.7830 
 18.1541 
 18.1541 
 18.1541 
 18.1541 
 18.1541 
 18.1541 
 18.1541 
 18.1541 
 18.1541 
 18.1541 
 18.1541 
 18.1541 
 18.1541 
 18.1541 
 1.8459 
 1.8459 
 1.8459 
 1.8459 
 1.8459 
 1.8459 
 1.8459 
 1.8459 
 1.8459 
 1.8459 
 1.8459 
 1.8459 
 1.8459 
 1.8459 
 10.0000 
 10.0000 
 10.0000 
 10.0000 
 10.0000 
 10.0000 
 10.0000 
 10.0000 
 10.0000 
 10.0000 
 10.0000 
 10.0000 
 10.0000 
 10.0000 
 10.0000 
 13.7663 
 13.9815 
 14.2006 
 14.4229 
 14.6476 
 14.8740 
 15.1013 
 15.3284 
 15.5546 
 15.7788 
 16.0000 
 16.2172 
 16.4295 
 16.6357 
 16.8348 
 17.0259 
 17.2078 
 17.3797 
 17.5406 
 17.6897 
 17.8260 
 17.9488 
 18.0574 
 18.1511 
 18.2295 
 18.2921 
 18.3384 
 18.3682 
 18.3814 
 18.3778 
 18.3575 
 18.3205 
 18.2672 
 18.1978 
 18.1128 
 18.0126 
 17.8978 
 17.7692 
 17.6273 
 17.4731 
 17.3074 
 17.1310 
 16.9451 
 16.7504 
 16.5481 
 16.3392 
 16.1247 
 15.9056 
 15.6830 
 15.4579 
 15.2311 
 15.0038 
 14.7769 
 14.5511 
 14.3273 
 14.1063 
 13.8888 
 18.3821 
 18.3821 
 18.3821 
 18.3821 
 18.3821 
 18.3821 
 18.3821 
 18.3821 
 18.3821 
 18.3821 
 18.3821 
 18.3821 
 18.3821 
 18.3821 
 1.6179 
 1.6179 
 1.6179 
 1.6179 
 1.6179 
 1.6179 
 1.6179 
 1.6179 
 1.6179 
 1.6179 
 1.6179 
 1.6179 
 1.6179 
 1.6179 
 10.0000 
 10.0000 
 10.0000 
 10.0000 
 10.0000 
 10.0000 
 10.0000 
 10.0000 
 10.0000 
 10.0000 
 10.0000 
 10.0000 
 10.0000 
 10.0000 
 10.0000 
 13.8638 
 14.0846 
 14.3094 
 14.5374 
 14.7680 
 15.0003 
 15.2334 
 15.4664 
 15.6984 
 15.9284 
 16.1554 
 16.3783 
 16.5960 
 16.8076 
 17.0118 
 17.2078 
 17.3945 
 17.5709 
 17.7359 
 17.8888 
 18.0286 
 18.1546 
 18.2660 
 18.3622 
 18.4427 
 18.5068 
 18.5543 
 18.5849 
 18.5984 
 18.5948 
 18.5739 
 18.5360 
 18.4813 
 18.4102 
 18.3229 
 18.2201 
 18.1024 
 17.9704 
 17.8248 
 17.6666 
 17.4966 
 17.3157 
 17.1249 
 16.9252 
 16.7177 
 16.5034 
 16.2833 
 16.0586 
 15.8302 
 15.5992 
 15.3666 
 15.1334 
 14.9006 
 14.6689 
 14.4393 
 14.2126 
 13.9895 
 18.5991 
 18.5991 
 18.5991 
 18.5991 
 18.5991 
 18.5991 
 18.5991 
 18.5991 
 18.5991 
 18.5991 
 18.5991 
 18.5991 
 18.5991 
 18.5991 
 1.4009 
 1.4009 
 1.4009 
 1.4009 
 1.4009 
 1.4009 
 1.4009 
 1.4009 
 1.4009 
 1.4009 
 1.4009 
 1.4009 
 1.4009 
 1.4009 
 10.0000 
 10.0000 
 10.0000 
 10.0000 
 10.0000 
 10.0000 
 10.0000 
 10.0000 
 10.0000 
 10.0000 
 10.0000 
 10.0000 
 10.0000 
 10.0000 
 10.0000 
 13.9560 
 14.1820 
 14.4122 
 14.6456 
 14.8817 
 15.1195 
 15.3582 
 15.5968 
 15.8343 
 16.0698 
 16.3022 
 16.5304 
 16.7533 
 16.9699 
 17.1791 
 17.3797 
 17.5709 
 17.7514 
 17.9204 
 18.0770 
 18.2201 
 18.3491 
 18.4632 
 18.5617 
 18.6440 
 18.7097 
 18.7583 
 18.7897 
 18.8035 
 18.7997 
 18.7784 
 18.7396 
 18.6836 
 18.6107 
 18.5214 
 18.4162 
 18.2956 
 18.1605 
 18.0115 
 17.8495 
 17.6754 
 17.4902 
 17.2948 
 17.0904 
 16.8779 
 16.6585 
 16.4332 
 16.2031 
 15.9692 
 15.7327 
 15.4946 
 15.2559 
 15.0174 
 14.7803 
 14.5452 
 14.3131 
 14.0846 
 18.8042 
 18.8042 
 18.8042 
 18.8042 
 18.8042 
 18.8042 
 18.8042 
 18.8042 
 18.8042 
 18.8042 
 18.8042 
 18.8042 
 18.8042 
 18.8042 
 1.1958 
 1.1958 
 1.1958 
 1.1958 
 1.1958 
 1.1958 
 1.1958 
 1.1958 
 1.1958 
 1.1958 
 1.1958 
 1.1958 
 1.1958 
 1.1958 
 10.0000 
 10.0000 
 10.0000 
 10.0000 
 10.0000 
 10.0000 
 10.0000 
 10.0000 
 10.0000 
 10.0000 
 10.0000 
 10.0000 
 10.0000 
 10.0000 
 10.0000 
 14.0422 
 14.2732 
 14.5084 
 14.7469 
 14.9881 
 15.2311 
 15.4750 
 15.7188 
 15.9616 
 16.2022 
 16.4396 
 16.6728 
 16.9006 
 17.1219 
 17.3356 
 17.5406 
 17.7359 
 17.9204 
 18.0931 
 18.2531 
 18.3993 
 18.5311 
 18.6477 
 18.7483 
 18.8325 
 18.8996 
 18.9493 
 18.9813 
 18.9954 
 18.9916 
 18.9698 
 18.9302 
 18.8729 
 18.7985 
 18.7072 
 18.5997 
 18.4765 
 18.3384 
 18.1861 
 18.0206 
 17.8427 
 17.6535 
 17.4539 
 17.2450 
 17.0279 
 16.8037 
 16.5734 
 16.3383 
 16.0994 
 15.8577 
 15.6144 
 15.3705 
 15.1268 
 14.8845 
 14.6443 
 14.4071 
 14.1737 
 18.9962 
 18.9962 
 18.9962 
 18.9962 
 18.9962 
 18.9962 
 18.9962 
 18.9962 
 18.9962 
 18.9962 
 18.9962 
 18.9962 
 18.9962 
 18.9962 
 1.0038 
 1.0038 
 1.0038 
 1.0038 
 1.0038 
 1.0038 
 1.0038 
 1.0038 
 1.0038 
 1.0038 
 1.0038 
 1.0038 
 1.0038 
 1.0038 
 10.0000 
 10.0000 
 10.0000 
 10.0000 
 10.0000 
 10.0000 
 10.0000 
 10.0000 
 10.0000 
 10.0000 
 10.0000 
 10.0000 
 10.0000 
 10.0000 
 10.0000 
 14.1221 
 14.3577 
 14.5974 
 14.8407 
 15.0867 
 15.3345 
 15.5832 
 15.8318 
 16.0794 
 16.3247 
 16.5669 
 16.8046 
 17.0369 
 17.2626 
 17.4806 
 17.6897 
 17.8888 
 18.0770 
 18.2531 
 18.4162 
 18.5653 
 18.6997 
 18.8186 
 18.9212 
 19.0070 
 19.0755 
 19.1262 
 19.1588 
 19.1732 
 19.1693 
 19.1470 
 19.1066 
 19.0483 
 18.9723 
 18.8793 
 18.7696 
 18.6440 
 18.5032 
 18.3479 
 18.1791 
 17.9977 
 17.8048 
 17.6012 
 17.3882 
 17.1668 
 16.9381 
 16.7033 
 16.4636 
 16.2199 
 15.9735 
 15.7254 
 15.4766 
 15.2282 
 14.9810 
 14.7361 
 14.4942 
 14.2562 
 19.1740 
 19.1740 
 19.1740 
 19.1740 
 19.1740 
 19.1740 
 19.1740 
 19.1740 
 19.1740 
 19.1740 
 19.1740 
 19.1740 
 19.1740 
 19.1740 
 0.8260 
 0.8260 
 0.8260 
 0.8260 
 0.8260 
 0.8260 
 0.8260 
 0.8260 
 0.8260 
 0.8260 
 0.8260 
 0.8260 
 0.8260 
 0.8260 
 10.0000 
 10.0000 
 10.0000 
 10.0000 
 10.0000 
 10.0000 
 10.0000 
 10.0000 
 10.0000 
 10.0000 
 10.0000 
 10.0000 
 10.0000 
 10.0000 
 10.0000 
 14.1952 
 14.4349 
 14.6789 
 14.9265 
 15.1769 
 15.4291 
 15.6822 
 15.9352 
 16.1871 
 16.4368 
 16.6833 
 16.9252 
 17.1617 
 17.3913 
 17.6132 
 17.8260 
 18.0286 
 18.2201 
 18.3993 
 18.5653 
 18.7172 
 18.8539 
 18.9749 
 19.0794 
 19.1667 
 19.2363 
 19.2879 
 19.3212 
 19.3358 
 19.3318 
 19.3092 
 19.2680 
 19.2087 
 19.1314 
 19.0367 
 18.9251 
 18.7972 
 18.6539 
 18.4959 
 18.3241 
 18.1395 
 17.9431 
 17.7359 
 17.5191 
 17.2938 
 17.0611 
 16.8222 
 16.5781 
 16.3302 
 16.0794 
 15.8269 
 15.5737 
 15.3208 
 15.0693 
 14.8200 
 14.5739 
 14.3316 
 19.3366 
 19.3366 
 19.3366 
 19.3366 
 19.3366 
 19.3366 
 19.3366 
 19.3366 
 19.3366 
 19.3366 
 19.3366 
 19.3366 
 19.3366 
 19.3366 
 0.6634 
 0.6634 
 0.6634 
 0.6634 
 0.6634 
 0.6634 
 0.6634 
 0.6634 
 0.6634 
 0.6634 
 0.6634 
 0.6634 
 0.6634 
 0.6634 
 10.0000 
 10.0000 
 10.0000 
 10.0000 
 10.0000 
 10.0000 
 10.0000 
 10.0000 
 10.0000 
 10.0000 
 10.0000 
 10.0000 
 10.0000 
 10.0000 
 10.0000 
 14.2610 
 14.5045 
 14.7524 
 15.0038 
 15.2581 
 15.5143 
 15.7714 
 16.0284 
 16.2842 
 16.5378 
 16.7881 
 17.0339 
 17.2740 
 17.5073 
 17.7326 
 17.9488 
 18.1546 
 18.3491 
 18.5311 
 18.6997 
 18.8539 
 18.9929 
 19.1157 
 19.2218 
 19.3105 
 19.3813 
 19.4337 
 19.4674 
 19.4823 
 19.4782 
 19.4553 
 19.4135 
 19.3532 
 19.2747 
 19.1785 
 19.0651 
 18.9353 
 18.7897 
 18.6292 
 18.4547 
 18.2672 
 18.0677 
 17.8573 
 17.6371 
 17.4083 
 17.1719 
 16.9292 
 16.6814 
 16.4295 
 16.1748 
 15.9183 
 15.6611 
 15.4043 
 15.1489 
 14.8957 
 14.6456 
 14.3996 
 19.4831 
 19.4831 
 19.4831 
 19.4831 
 19.4831 
 19.4831 
 19.4831 
 19.4831 
 19.4831 
 19.4831 
 19.4831 
 19.4831 
 19.4831 
 19.4831 
 0.5169 
 0.5169 
 0.5169 
 0.5169 
 0.5169 
 0.5169 
 0.5169 
 0.5169 
 0.5169 
 0.5169 
 0.5169 
 0.5169 
 0.5169 
 0.5169 
 10.0000 
 10.0000 
 10.0000 
 10.0000 
 10.0000 
 10.0000 
 10.0000 
 10.0000 
 10.0000 
 10.0000 
 10.0000 
 10.0000 
 10.0000 
 10.0000 
 10.0000 
 14.3192 
 14.5660 
 14.8173 
 15.0722 
 15.3300 
 15.5896 
 15.8502 
 16.1107 
 16.3701 
 16.6272 
 16.8809 
 17.1300 
 17.3734 
 17.6099 
 17.8383 
 18.0574 
 18.2660 
 18.4632 
 18.6477 
 18.8186 
 18.9749 
 19.1157 
 19.2403 
 19.3478 
 19.4377 
 19.5094 
 19.5626 
 19.5968 
 19.6119 
 19.6077 
 19.5844 
 19.5421 
 19.4809 
 19.4014 
 19.3039 
 19.1890 
 19.0573 
 18.9098 
 18.7471 
 18.5702 
 18.3802 
 18.1780 
 17.9647 
 17.7415 
 17.5095 
 17.2699 
 17.0239 
 16.7726 
 16.5173 
 16.2591 
 15.9991 
 15.7385 
 15.4782 
 15.2192 
 14.9626 
 14.7091 
 14.4597 
 19.6126 
 19.6126 
 19.6126 
 19.6126 
 19.6126 
 19.6126 
 19.6126 
 19.6126 
 19.6126 
 19.6126 
 19.6126 
 19.6126 
 19.6126 
 19.6126 
 0.3874 
 0.3874 
 0.3874 
 0.3874 
 0.3874 
 0.3874 
 0.3874 
 0.3874 
 0.3874 
 0.3874 
 0.3874 
 0.3874 
 0.3874 
 0.3874 
 10.0000 
 10.0000 
 10.0000 
 10.0000 
 10.0000 
 10.0000 
 10.0000 
 10.0000 
 10.0000 
 10.0000 
 10.0000 
 10.0000 
 10.0000 
 10.0000 
 10.0000 
 14.3695 
 14.6192 
 14.8733 
 15.1312 
 15.3920 
 15.6547 
 15.9183 
 16.1818 
 16.4442 
 16.7043 
 16.9609 
 17.2130 
 17.4592 
 17.6985 
 17.9295 
 18.1511 
 18.3622 
 18.5617 
 18.7483 
 18.9212 
 19.0794 
 19.2218 
 19.3478 
 19.4566 
 19.5475 
 19.6201 
 19.6738 
 19.7084 
 19.7237 
 19.7195 
 19.6960 
 19.6531 
 19.5913 
 19.5108 
 19.4121 
 19.2959 
 19.1627 
 19.0135 
 18.8489 
 18.6700 
 18.4777 
 18.2731 
 18.0574 
 17.8316 
 17.5969 
 17.3545 
 17.1056 
 16.8515 
 16.5932 
 16.3320 
 16.0690 
 15.8053 
 15.5419 
 15.2799 
 15.0203 
 14.7639 
 14.5116 
 19.7245 
 19.7245 
 19.7245 
 19.7245 
 19.7245 
 19.7245 
 19.7245 
 19.7245 
 19.7245 
 19.7245 
 19.7245 
 19.7245 
 19.7245 
 19.7245 
 0.2755 
 0.2755 
 0.2755 
 0.2755 
 0.2755 
 0.2755 
 0.2755 
 0.2755 
 0.2755 
 0.2755 
 0.2755 
 0.2755 
 0.2755 
 0.2755 
 10.0000 
 10.0000 
 10.0000 
 10.0000 
 10.0000 
 10.0000 
 10.0000 
 10.0000 
 10.0000 
 10.0000 
 10.0000 
 10.0000 
 10.0000 
 10.0000 
 10.0000 
 14.4115 
 14.6636 
 14.9202 
 15.1806 
 15.4438 
 15.7090 
 15.9752 
 16.2413 
 16.5062 
 16.7688 
 17.0279 
 17.2824 
 17.5310 
 17.7725 
 18.0057 
 18.2295 
 18.4427 
 18.6440 
 18.8325 
 19.0070 
 19.1667 
 19.3105 
 19.4377 
 19.5475 
 19.6394 
 19.7126 
 19.7669 
 19.8018 
 19.8172 
 19.8130 
 19.7892 
 19.7460 
 19.6835 
 19.6022 
 19.5026 
 19.3853 
 19.2509 
 19.1001 
 18.9340 
 18.7533 
 18.5592 
 18.3527 
 18.1348 
 17.9069 
 17.6699 
 17.4252 
 17.1739 
 16.9173 
 16.6566 
 16.3929 
 16.1273 
 15.8611 
 15.5952 
 15.3307 
 15.0686 
 14.8097 
 14.5550 
 19.8180 
 19.8180 
 19.8180 
 19.8180 
 19.8180 
 19.8180 
 19.8180 
 19.8180 
 19.8180 
 19.8180 
 19.8180 
 19.8180 
 19.8180 
 19.8180 
 0.1820 
 0.1820 
 0.1820 
 0.1820 
 0.1820 
 0.1820 
 0.1820 
 0.1820 
 0.1820 
 0.1820 
 0.1820 
 0.1820 
 0.1820 
 0.1820 
 10.0000 
 10.0000 
 10.0000 
 10.0000 
 10.0000 
 10.0000 
 10.0000 
 10.0000 
 10.0000 
 10.0000 
 10.0000 
 10.0000 
 10.0000 
 10.0000 
 10.0000 
 14.4450 
 14.6990 
 14.9576 
 15.2200 
 15.4852 
 15.7524 
 16.0206 
 16.2887 
 16.5556 
 16.8202 
 17.0813 
 17.3377 
 17.5882 
 17.8316 
 18.0666 
 18.2921 
 18.5068 
 18.7097 
 18.8996 
 19.0755 
 19.2363 
 19.3813 
 19.5094 
 19.6201 
 19.7126 
 19.7864 
 19.8411 
 19.8763 
 19.8918 
 19.8876 
 19.8636 
 19.8200 
 19.7571 
 19.6752 
 19.5749 
 19.4566 
 19.3212 
 19.1693 
 19.0019 
 18.8199 
 18.6243 
 18.4162 
 18.1967 
 17.9670 
 17.7282 
 17.4816 
 17.2285 
 16.9699 
 16.7072 
 16.4414 
 16.1739 
 15.9056 
 15.6377 
 15.3712 
 15.1071 
 14.8463 
 14.5896 
 19.8926 
 19.8926 
 19.8926 
 19.8926 
 19.8926 
 19.8926 
 19.8926 
 19.8926 
 19.8926 
 19.8926 
 19.8926 
 19.8926 
 19.8926 
 19.8926 
 0.1074 
 0.1074 
 0.1074 
 0.1074 
 0.1074 
 0.1074 
 0.1074 
 0.1074 
 0.1074 
 0.1074 
 0.1074 
 0.1074 
 0.1074 
 0.1074 
 10.0000 
 10.0000 
 10.0000 
 10.0000 
 10.0000 
 10.0000 
 10.0000 
 10.0000 
 10.0000 
 10.0000 
 10.0000 
 10.0000 
 10.0000 
 10.0000 
 10.0000 
 14.4699 
 14.7253 
 14.9853 
 15.2491 
 15.5158 
 15.7846 
 16.0542 
 16.3238 
 16.5922 
 16.8583 
 17.1209 
 17.3787 
 17.6306 
 17.8753 
 18.1116 
 18.3384 
 18.5543 
 18.7583 
 18.9493 
 19.1262 
 19.2879 
 19.4337 
 19.5626 
 19.6738 
 19.7669 
 19.8411 
 19.8961 
 19.9315 
 19.9471 
 19.9428 
 19.9187 
 19.8749 
 19.8116 
 19.7293 
 19.6283 
 19.5094 
 19.3732 
 19.2205 
 19.0522 
 18.8691 
 18.6724 
 18.4632 
 18.2425 
 18.0115 
 17.7714 
 17.5234 
 17.2688 
 17.0088 
 16.7446 
 16.4774 
 16.2084 
 15.9386 
 15.6692 
 15.4012 
 15.1356 
 14.8733 
 14.6152 
 19.9479 
 19.9479 
 19.9479 
 19.9479 
 19.9479 
 19.9479 
 19.9479 
 19.9479 
 19.9479 
 19.9479 
 19.9479 
 19.9479 
 19.9479 
 19.9479 
 0.0521 
 0.0521 
 0.0521 
 0.0521 
 0.0521 
 0.0521 
 0.0521 
 0.0521 
 0.0521 
 0.0521 
 0.0521 
 0.0521 
 0.0521 
 0.0521 
 10.0000 
 10.0000 
 10.0000 
 10.0000 
 10.0000 
 10.0000 
 10.0000 
 10.0000 
 10.0000 
 10.0000 
 10.0000 
 10.0000 
 10.0000 
 10.0000 
 10.0000 
 14.4859 
 14.7422 
 15.0031 
 15.2679 
 15.5356 
 15.8053 
 16.0759 
 16.3465 
 16.6158 
 16.8828 
 17.1463 
 17.4051 
 17.6579 
 17.9035 
 18.1407 
 18.3682 
 18.5849 
 18.7897 
 18.9813 
 19.1588 
 19.3212 
 19.4674 
 19.5968 
 19.7084 
 19.8018 
 19.8763 
 19.9315 
 19.9670 
 19.9827 
 19.9784 
 19.9542 
 19.9102 
 19.8467 
 19.7641 
 19.6628 
 19.5435 
 19.4068 
 19.2535 
 19.0845 
 18.9009 
 18.7035 
 18.4935 
 18.2719 
 18.0401 
 17.7992 
 17.5503 
 17.2948 
 17.0339 
 16.7688 
 16.5006 
 16.2306 
 15.9599 
 15.6895 
 15.4206 
 15.1540 
 14.8908 
 14.6317 
 19.9835 
 19.9835 
 19.9835 
 19.9835 
 19.9835 
 19.9835 
 19.9835 
 19.9835 
 19.9835 
 19.9835 
 19.9835 
 19.9835 
 19.9835 
 19.9835 
 0.0165 
 0.0165 
 0.0165 
 0.0165 
 0.0165 
 0.0165 
 0.0165 
 0.0165 
 0.0165 
 0.0165 
 0.0165 
 0.0165 
 0.0165 
 0.0165 
 10.0000 
 10.0000 
 10.0000 
 10.0000 
 10.0000 
 10.0000 
 10.0000 
 10.0000 
 10.0000 
 10.0000 
 10.0000 
 10.0000 
 10.0000 
 10.0000 
 10.0000 
 14.4929 
 14.7496 
 15.0110 
 15.2762 
 15.5443 
 15.8144 
 16.0855 
 16.3564 
 16.6262 
 16.8937 
 17.1576 
 17.4167 
 17.6699 
 17.9159 
 18.1535 
 18.3814 
 18.5984 
 18.8035 
 18.9954 
 19.1732 
 19.3358 
 19.4823 
 19.6119 
 19.7237 
 19.8172 
 19.8918 
 19.9471 
 19.9827 
 19.9984 
 19.9941 
 19.9698 
 19.9258 
 19.8622 
 19.7794 
 19.6780 
 19.5585 
 19.4215 
 19.2680 
 19.0988 
 18.9149 
 18.7172 
 18.5068 
 18.2850 
 18.0528 
 17.8114 
 17.5622 
 17.3063 
 17.0450 
 16.7794 
 16.5108 
 16.2404 
 15.9692 
 15.6984 
 15.4291 
 15.1621 
 14.8985 
 14.6390 
 19.9992 
 19.9992 
 19.9992 
 19.9992 
 19.9992 
 19.9992 
 19.9992 
 19.9992 
 19.9992 
 19.9992 
 19.9992 
 19.9992 
 19.9992 
 19.9992 
 0.0008 
 0.0008 
 0.0008 
 0.0008 
 0.0008 
 0.0008 
 0.0008 
 0.0008 
 0.0008 
 0.0008 
 0.0008 
 0.0008 
 0.0008 
 0.0008 
 10.0000 
 10.0000 
 10.0000 
 10.0000 
 10.0000 
 10.0000 
 10.0000 
 10.0000 
 10.0000 
 10.0000 
 10.0000 
 10.0000 
 10.0000 
 10.0000 
 10.0000 
 14.4910 
 14.7476 
 15.0089 
 15.2739 
 15.5419 
 15.8119 
 16.0828 
 16.3537 
 16.6234 
 16.8907 
 17.1545 
 17.4136 
 17.6666 
 17.9125 
 18.1500 
 18.3778 
 18.5948 
 18.7997 
 18.9916 
 19.1693 
 19.3318 
 19.4782 
 19.6077 
 19.7195 
 19.8130 
 19.8876 
 19.9428 
 19.9784 
 19.9941 
 19.9898 
 19.9656 
 19.9215 
 19.8580 
 19.7752 
 19.6738 
 19.5544 
 19.4175 
 19.2641 
 19.0949 
 18.9110 
 18.7134 
 18.5032 
 18.2814 
 18.0493 
 17.8081 
 17.5590 
 17.3032 
 17.0420 
 16.7765 
 16.5080 
 16.2377 
 15.9667 
 15.6960 
 15.4268 
 15.1599 
 14.8964 
 14.6370 
 19.9949 
 19.9949 
 19.9949 
 19.9949 
 19.9949 
 19.9949 
 19.9949 
 19.9949 
 19.9949 
 19.9949 
 19.9949 
 19.9949 
 19.9949 
 19.9949 
 0.0051 
 0.0051 
 0.0051 
 0.0051 
 0.0051 
 0.0051 
 0.0051 
 0.0051 
 0.0051 
 0.0051 
 0.0051 
 0.0051 
 0.0051 
 0.0051 
 10.0000 
 10.0000 
 10.0000 
 10.0000 
 10.0000 
 10.0000 
 10.0000 
 10.0000 
 10.0000 
 10.0000 
 10.0000 
 10.0000 
 10.0000 
 10.0000 
 10.0000 
 14.4801 
 14.7361 
 14.9967 
 15.2611 
 15.5285 
 15.7978 
 16.0681 
 16.3383 
 16.6073 
 16.8740 
 17.1371 
 17.3956 
 17.6480 
 17.8933 
 18.1302 
 18.3575 
 18.5739 
 18.7784 
 18.9698 
 19.1470 
 19.3092 
 19.4553 
 19.5844 
 19.6960 
 19.7892 
 19.8636 
 19.9187 
 19.9542 
 19.9698 
 19.9656 
 19.9414 
 19.8975 
 19.8341 
 19.7515 
 19.6504 
 19.5312 
 19.3947 
 19.2416 
 19.0729 
 18.8894 
 18.6923 
 18.4825 
 18.2613 
 18.0298 
 17.7892 
 17.5406 
 17.2855 
 17.0249 
 16.7601 
 16.4922 
 16.2226 
 15.9522 
 15.6822 
 15.4136 
 15.1474 
 14.8845 
 14.6258 
 19.9707 
 19.9707 
 19.9707 
 19.9707 
 19.9707 
 19.9707 
 19.9707 
 19.9707 
 19.9707 
 19.9707 
 19.9707 
 19.9707 
 19.9707 
 19.9707 
 0.0293 
 0.0293 
 0.0293 
 0.0293 
 0.0293 
 0.0293 
 0.0293 
 0.0293 
 0.0293 
 0.0293 
 0.0293 
 0.0293 
 0.0293 
 0.0293 
 10.0000 
 10.0000 
 10.0000 
 10.0000 
 10.0000 
 10.0000 
 10.0000 
 10.0000 
 10.0000 
 10.0000 
 10.0000 
 10.0000 
 10.0000 
 10.0000 
 10.0000 
 14.4603 
 14.7152 
 14.9746 
 15.2379 
 15.5040 
 15.7722 
 16.0413 
 16.3103 
 16.5781 
 16.8436 
 17.1056 
 17.3629 
 17.6142 
 17.8584 
 18.0943 
 18.3205 
 18.5360 
 18.7396 
 18.9302 
 19.1066 
 19.2680 
 19.4135 
 19.5421 
 19.6531 
 19.7460 
 19.8200 
 19.8749 
 19.9102 
 19.9258 
 19.9215 
 19.8975 
 19.8537 
 19.7906 
 19.7084 
 19.6077 
 19.4891 
 19.3532 
 19.2008 
 19.0328 
 18.8501 
 18.6539 
 18.4451 
 18.2248 
 17.9943 
 17.7547 
 17.5073 
 17.2533 
 16.9938 
 16.7302 
 16.4636 
 16.1951 
 15.9259 
 15.6571 
 15.3897 
 15.1246 
 14.8629 
 14.6053 
 19.9266 
 19.9266 
 19.9266 
 19.9266 
 19.9266 
 19.9266 
 19.9266 
 19.9266 
 19.9266 
 19.9266 
 19.9266 
 19.9266 
 19.9266 
 19.9266 
 0.0734 
 0.0734 
 0.0734 
 0.0734 
 0.0734 
 0.0734 
 0.0734 
 0.0734 
 0.0734 
 0.0734 
 0.0734 
 0.0734 
 0.0734 
 0.0734 
 10.0000 
 10.0000 
 10.0000 
 10.0000 
 10.0000 
 10.0000 
 10.0000 
 10.0000 
 10.0000 
 10.0000 
 10.0000 
 10.0000 
 10.0000 
 10.0000 
 10.0000 
 14.4317 
 14.6850 
 14.9428 
 15.2043 
 15.4688 
 15.7352 
 16.0026 
 16.2699 
 16.5360 
 16.7998 
 17.0601 
 17.3157 
 17.5655 
 17.8081 
 18.0424 
 18.2672 
 18.4813 
 18.6836 
 18.8729 
 19.0483 
 19.2087 
 19.3532 
 19.4809 
 19.5913 
 19.6835 
 19.7571 
 19.8116 
 19.8467 
 19.8622 
 19.8580 
 19.8341 
 19.7906 
 19.7279 
 19.6462 
 19.5462 
 19.4283 
 19.2932 
 19.1418 
 18.9749 
 18.7934 
 18.5984 
 18.3910 
 18.1721 
 17.9431 
 17.7051 
 17.4592 
 17.2068 
 16.9490 
 16.6871 
 16.4221 
 16.1554 
 15.8879 
 15.6208 
 15.3551 
 15.0918 
 14.8318 
 14.5758 
 19.8630 
 19.8630 
 19.8630 
 19.8630 
 19.8630 
 19.8630 
 19.8630 
 19.8630 
 19.8630 
 19.8630 
 19.8630 
 19.8630 
 19.8630 
 19.8630 
 0.1370 
 0.1370 
 0.1370 
 0.1370 
 0.1370 
 0.1370 
 0.1370 
 0.1370 
 0.1370 
 0.1370 
 0.1370 
 0.1370 
 0.1370 
 0.1370 
 10.0000 
 10.0000 
 10.0000 
 10.0000 
 10.0000 
 10.0000 
 10.0000 
 10.0000 
 10.0000 
 10.0000 
 10.0000 
 10.0000 
 10.0000 
 10.0000 
 10.0000 
 14.3945 
 14.6456 
 14.9013 
 15.1606 
 15.4229 
 15.6871 
 15.9522 
 16.2172 
 16.4811 
 16.7427 
 17.0008 
 17.2543 
 17.5020 
 17.7426 
 17.9749 
 18.1978 
 18.4102 
 18.6107 
 18.7985 
 18.9723 
 19.1314 
 19.2747 
 19.4014 
 19.5108 
 19.6022 
 19.6752 
 19.7293 
 19.7641 
 19.7794 
 19.7752 
 19.7515 
 19.7084 
 19.6462 
 19.5653 
 19.4661 
 19.3492 
 19.2152 
 19.0651 
 18.8996 
 18.7196 
 18.5263 
 18.3205 
 18.1035 
 17.8764 
 17.6404 
 17.3966 
 17.1463 
 16.8907 
 16.6310 
 16.3683 
 16.1037 
 15.8385 
 15.5737 
 15.3102 
 15.0491 
 14.7912 
 14.5374 
 19.7802 
 19.7802 
 19.7802 
 19.7802 
 19.7802 
 19.7802 
 19.7802 
 19.7802 
 19.7802 
 19.7802 
 19.7802 
 19.7802 
 19.7802 
 19.7802 
 0.2198 
 0.2198 
 0.2198 
 0.2198 
 0.2198 
 0.2198 
 0.2198 
 0.2198 
 0.2198 
 0.2198 
 0.2198 
 0.2198 
 0.2198 
 0.2198 
 10.0000 
 10.0000 
 10.0000 
 10.0000 
 10.0000 
 10.0000 
 10.0000 
 10.0000 
 10.0000 
 10.0000 
 10.0000 
 10.0000 
 10.0000 
 10.0000 
 10.0000 
 14.3490 
 14.5974 
 14.8504 
 15.1071 
 15.3666 
 15.6281 
 15.8905 
 16.1528 
 16.4139 
 16.6728 
 16.9282 
 17.1791 
 17.4241 
 17.6623 
 17.8922 
 18.1128 
 18.3229 
 18.5214 
 18.7072 
 18.8793 
 19.0367 
 19.1785 
 19.3039 
 19.4121 
 19.5026 
 19.5749 
 19.6283 
 19.6628 
 19.6780 
 19.6738 
 19.6504 
 19.6077 
 19.5462 
 19.4661 
 19.3679 
 19.2522 
 19.1196 
 18.9711 
 18.8073 
 18.6292 
 18.4378 
 18.2342 
 18.0195 
 17.7947 
 17.5611 
 17.3199 
 17.0722 
 16.8192 
 16.5622 
 16.3022 
 16.0404 
 15.7780 
 15.5158 
 15.2551 
 14.9967 
 14.7415 
 14.4904 
 19.6788 
 19.6788 
 19.6788 
 19.6788 
 19.6788 
 19.6788 
 19.6788 
 19.6788 
 19.6788 
 19.6788 
 19.6788 
 19.6788 
 19.6788 
 19.6788 
 0.3212 
 0.3212 
 0.3212 
 0.3212 
 0.3212 
 0.3212 
 0.3212 
 0.3212 
 0.3212 
 0.3212 
 0.3212 
 0.3212 
 0.3212 
 0.3212 
 10.0000 
 10.0000 
 10.0000 
 10.0000 
 10.0000 
 10.0000 
 10.0000 
 10.0000 
 10.0000 
 10.0000 
 10.0000 
 10.0000 
 10.0000 
 10.0000 
 10.0000 
 14.2952 
 14.5407 
 14.7905 
 15.0440 
 15.3003 
 15.5586 
 15.8177 
 16.0768 
 16.3347 
 16.5904 
 16.8426 
 17.0904 
 17.3325 
 17.5676 
 17.7947 
 18.0126 
 18.2201 
 18.4162 
 18.5997 
 18.7696 
 18.9251 
 19.0651 
 19.1890 
 19.2959 
 19.3853 
 19.4566 
 19.5094 
 19.5435 
 19.5585 
 19.5544 
 19.5312 
 19.4891 
 19.4283 
 19.3492 
 19.2522 
 19.1379 
 19.0070 
 18.8603 
 18.6985 
 18.5226 
 18.3336 
 18.1325 
 17.9204 
 17.6985 
 17.4678 
 17.2295 
 16.9849 
 16.7350 
 16.4811 
 16.2244 
 15.9658 
 15.7066 
 15.4477 
 15.1902 
 14.9350 
 14.6829 
 14.4349 
 19.5592 
 19.5592 
 19.5592 
 19.5592 
 19.5592 
 19.5592 
 19.5592 
 19.5592 
 19.5592 
 19.5592 
 19.5592 
 19.5592 
 19.5592 
 19.5592 
 0.4408 
 0.4408 
 0.4408 
 0.4408 
 0.4408 
 0.4408 
 0.4408 
 0.4408 
 0.4408 
 0.4408 
 0.4408 
 0.4408 
 0.4408 
 0.4408 
 10.0000 
 10.0000 
 10.0000 
 10.0000 
 10.0000 
 10.0000 
 10.0000 
 10.0000 
 10.0000 
 10.0000 
 10.0000 
 10.0000 
 10.0000 
 10.0000 
 10.0000 
 14.2337 
 14.4756 
 14.7219 
 14.9718 
 15.2244 
 15.4789 
 15.7344 
 15.9897 
 16.2439 
 16.4960 
 16.7446 
 16.9888 
 17.2274 
 17.4592 
 17.6831 
 17.8978 
 18.1024 
 18.2956 
 18.4765 
 18.6440 
 18.7972 
 18.9353 
 19.0573 
 19.1627 
 19.2509 
 19.3212 
 19.3732 
 19.4068 
 19.4215 
 19.4175 
 19.3947 
 19.3532 
 19.2932 
 19.2152 
 19.1196 
 19.0070 
 18.8780 
 18.7334 
 18.5739 
 18.4005 
 18.2143 
 18.0160 
 17.8070 
 17.5882 
 17.3608 
 17.1259 
 16.8848 
 16.6385 
 16.3883 
 16.1352 
 15.8804 
 15.6249 
 15.3697 
 15.1159 
 14.8643 
 14.6159 
 14.3714 
 19.4223 
 19.4223 
 19.4223 
 19.4223 
 19.4223 
 19.4223 
 19.4223 
 19.4223 
 19.4223 
 19.4223 
 19.4223 
 19.4223 
 19.4223 
 19.4223 
 0.5777 
 0.5777 
 0.5777 
 0.5777 
 0.5777 
 0.5777 
 0.5777 
 0.5777 
 0.5777 
 0.5777 
 0.5777 
 0.5777 
 0.5777 
 0.5777 
 10.0000 
 10.0000 
 10.0000 
 10.0000 
 10.0000 
 10.0000 
 10.0000 
 10.0000 
 10.0000 
 10.0000 
 10.0000 
 10.0000 
 10.0000 
 10.0000 
 10.0000 
 14.1647 
 14.4027 
 14.6450 
 14.8908 
 15.1393 
 15.3897 
 15.6409 
 15.8921 
 16.1422 
 16.3901 
 16.6347 
 16.8750 
 17.1097 
 17.3377 
 17.5579 
 17.7692 
 17.9704 
 18.1605 
 18.3384 
 18.5032 
 18.6539 
 18.7897 
 18.9098 
 19.0135 
 19.1001 
 19.1693 
 19.2205 
 19.2535 
 19.2680 
 19.2641 
 19.2416 
 19.2008 
 19.1418 
 19.0651 
 18.9711 
 18.8603 
 18.7334 
 18.5911 
 18.4342 
 18.2637 
 18.0804 
 17.8854 
 17.6798 
 17.4646 
 17.2409 
 17.0098 
 16.7726 
 16.5304 
 16.2842 
 16.0352 
 15.7846 
 15.5332 
 15.2822 
 15.0325 
 14.7851 
 14.5407 
 14.3002 
 19.2688 
 19.2688 
 19.2688 
 19.2688 
 19.2688 
 19.2688 
 19.2688 
 19.2688 
 19.2688 
 19.2688 
 19.2688 
 19.2688 
 19.2688 
 19.2688 
 0.7312 
 0.7312 
 0.7312 
 0.7312 
 0.7312 
 0.7312 
 0.7312 
 0.7312 
 0.7312 
 0.7312 
 0.7312 
 0.7312 
 0.7312 
 0.7312 
 10.0000 
 10.0000 
 10.0000 
 10.0000 
 10.0000 
 10.0000 
 10.0000 
 10.0000 
 10.0000 
 10.0000 
 10.0000 
 10.0000 
 10.0000 
 10.0000 
 10.0000 
 14.0887 
 14.3223 
 14.5602 
 14.8015 
 15.0455 
 15.2913 
 15.5380 
 15.7846 
 16.0301 
 16.2735 
 16.5136 
 16.7495 
 16.9799 
 17.2037 
 17.4199 
 17.6273 
 17.8248 
 18.0115 
 18.1861 
 18.3479 
 18.4959 
 18.6292 
 18.7471 
 18.8489 
 18.9340 
 19.0019 
 19.0522 
 19.0845 
 19.0988 
 19.0949 
 19.0729 
 19.0328 
 18.9749 
 18.8996 
 18.8073 
 18.6985 
 18.5739 
 18.4342 
 18.2802 
 18.1128 
 17.9329 
 17.7415 
 17.5396 
 17.3283 
 17.1087 
 16.8819 
 16.6490 
 16.4111 
 16.1695 
 15.9251 
 15.6789 
 15.4322 
 15.1858 
 14.9406 
 14.6977 
 14.4578 
 14.2216 
 19.0996 
 19.0996 
 19.0996 
 19.0996 
 19.0996 
 19.0996 
 19.0996 
 19.0996 
 19.0996 
 19.0996 
 19.0996 
 19.0996 
 19.0996 
 19.0996 
 0.9004 
 0.9004 
 0.9004 
 0.9004 
 0.9004 
 0.9004 
 0.9004 
 0.9004 
 0.9004 
 0.9004 
 0.9004 
 0.9004 
 0.9004 
 0.9004 
 10.0000 
 10.0000 
 10.0000 
 10.0000 
 10.0000 
 10.0000 
 10.0000 
 10.0000 
 10.0000 
 10.0000 
 10.0000 
 10.0000 
 10.0000 
 10.0000 
 10.0000 
 14.0060 
 14.2349 
 14.4680 
 14.7044 
 14.9435 
 15.1843 
 15.4260 
 15.6676 
 15.9081 
 16.1466 
 16.3819 
 16.6130 
 16.8387 
 17.0581 
 17.2699 
 17.4731 
 17.6666 
 17.8495 
 18.0206 
 18.1791 
 18.3241 
 18.4547 
 18.5702 
 18.6700 
 18.7533 
 18.8199 
 18.8691 
 18.9009 
 18.9149 
 18.9110 
 18.8894 
 18.8501 
 18.7934 
 18.7196 
 18.6292 
 18.5226 
 18.4005 
 18.2637 
 18.1128 
 17.9488 
 17.7725 
 17.5849 
 17.3871 
 17.1801 
 16.9649 
 16.7427 
 16.5145 
 16.2815 
 16.0447 
 15.8053 
 15.5641 
 15.3223 
 15.0809 
 14.8407 
 14.6027 
 14.3676 
 14.1363 
 18.9156 
 18.9156 
 18.9156 
 18.9156 
 18.9156 
 18.9156 
 18.9156 
 18.9156 
 18.9156 
 18.9156 
 18.9156 
 18.9156 
 18.9156 
 18.9156 
 1.0844 
 1.0844 
 1.0844 
 1.0844 
 1.0844 
 1.0844 
 1.0844 
 1.0844 
 1.0844 
 1.0844 
 1.0844 
 1.0844 
 1.0844 
 1.0844 
 10.0000 
 10.0000 
 10.0000 
 10.0000 
 10.0000 
 10.0000 
 10.0000 
 10.0000 
 10.0000 
 10.0000 
 10.0000 
 10.0000 
 10.0000 
 10.0000 
 10.0000 
 13.9172 
 14.1410 
 14.3689 
 14.6001 
 14.8338 
 15.0693 
 15.3056 
 15.5419 
 15.7771 
 16.0103 
 16.2404 
 16.4663 
 16.6871 
 16.9015 
 17.1087 
 17.3074 
 17.4966 
 17.6754 
 17.8427 
 17.9977 
 18.1395 
 18.2672 
 18.3802 
 18.4777 
 18.5592 
 18.6243 
 18.6724 
 18.7035 
 18.7172 
 18.7134 
 18.6923 
 18.6539 
 18.5984 
 18.5263 
 18.4378 
 18.3336 
 18.2143 
 18.0804 
 17.9329 
 17.7725 
 17.6001 
 17.4167 
 17.2233 
 17.0209 
 16.8105 
 16.5932 
 16.3701 
 16.1422 
 15.9107 
 15.6765 
 15.4407 
 15.2043 
 14.9682 
 14.7334 
 14.5006 
 14.2708 
 14.0446 
 18.7179 
 18.7179 
 18.7179 
 18.7179 
 18.7179 
 18.7179 
 18.7179 
 18.7179 
 18.7179 
 18.7179 
 18.7179 
 18.7179 
 18.7179 
 18.7179 
 1.2821 
 1.2821 
 1.2821 
 1.2821 
 1.2821 
 1.2821 
 1.2821 
 1.2821 
 1.2821 
 1.2821 
 1.2821 
 1.2821 
 1.2821 
 1.2821 
 10.0000 
 10.0000 
 10.0000 
 10.0000 
 10.0000 
 10.0000 
 10.0000 
 10.0000 
 10.0000 
 10.0000 
 10.0000 
 10.0000 
 10.0000 
 10.0000 
 10.0000 
 13.8227 
 14.0411 
 14.2635 
 14.4891 
 14.7172 
 14.9470 
 15.1776 
 15.4082 
 15.6377 
 15.8653 
 16.0898 
 16.3103 
 16.5257 
 16.7350 
 16.9371 
 17.1310 
 17.3157 
 17.4902 
 17.6535 
 17.8048 
 17.9431 
 18.0677 
 18.1780 
 18.2731 
 18.3527 
 18.4162 
 18.4632 
 18.4935 
 18.5068 
 18.5032 
 18.4825 
 18.4451 
 18.3910 
 18.3205 
 18.2342 
 18.1325 
 18.0160 
 17.8854 
 17.7415 
 17.5849 
 17.4167 
 17.2378 
 17.0490 
 16.8515 
 16.6461 
 16.4341 
 16.2164 
 15.9940 
 15.7681 
 15.5395 
 15.3094 
 15.0787 
 14.8484 
 14.6192 
 14.3920 
 14.1677 
 13.9470 
 18.5075 
 18.5075 
 18.5075 
 18.5075 
 18.5075 
 18.5075 
 18.5075 
 18.5075 
 18.5075 
 18.5075 
 18.5075 
 18.5075 
 18.5075 
 18.5075 
 1.4925 
 1.4925 
 1.4925 
 1.4925 
 1.4925 
 1.4925 
 1.4925 
 1.4925 
 1.4925 
 1.4925 
 1.4925 
 1.4925 
 1.4925 
 1.4925 
 10.0000 
 10.0000 
 10.0000 
 10.0000 
 10.0000 
 10.0000 
 10.0000 
 10.0000 
 10.0000 
 10.0000 
 10.0000 
 10.0000 
 10.0000 
 10.0000 
 10.0000 
 13.7230 
 13.9357 
 14.1523 
 14.3720 
 14.5942 
 14.8180 
 15.0426 
 15.2671 
 15.4907 
 15.7123 
 15.9310 
 16.1457 
 16.3555 
 16.5594 
 16.7562 
 16.9451 
 17.1249 
 17.2948 
 17.4539 
 17.6012 
 17.7359 
 17.8573 
 17.9647 
 18.0574 
 18.1348 
 18.1967 
 18.2425 
 18.2719 
 18.2850 
 18.2814 
 18.2613 
 18.2248 
 18.1721 
 18.1035 
 18.0195 
 17.9204 
 17.8070 
 17.6798 
 17.5396 
 17.3871 
 17.2233 
 17.0490 
 16.8652 
 16.6728 
 16.4728 
 16.2663 
 16.0542 
 15.8377 
 15.6176 
 15.3951 
 15.1710 
 14.9463 
 14.7219 
 14.4987 
 14.2775 
 14.0590 
 13.8440 
 18.2856 
 18.2856 
 18.2856 
 18.2856 
 18.2856 
 18.2856 
 18.2856 
 18.2856 
 18.2856 
 18.2856 
 18.2856 
 18.2856 
 18.2856 
 18.2856 
 1.7144 
 1.7144 
 1.7144 
 1.7144 
 1.7144 
 1.7144 
 1.7144 
 1.7144 
 1.7144 
 1.7144 
 1.7144 
 1.7144 
 1.7144 
 1.7144 
 10.0000 
 10.0000 
 10.0000 
 10.0000 
 10.0000 
 10.0000 
 10.0000 
 10.0000 
 10.0000 
 10.0000 
 10.0000 
 10.0000 
 10.0000 
 10.0000 
 10.0000 
 13.6186 
 13.8254 
 14.0359 
 14.2495 
 14.4654 
 14.6829 
 14.9013 
 15.1195 
 15.3368 
 15.5522 
 15.7648 
 15.9735 
 16.1774 
 16.3755 
 16.5669 
 16.7504 
 16.9252 
 17.0904 
 17.2450 
 17.3882 
 17.5191 
 17.6371 
 17.7415 
 17.8316 
 17.9069 
 17.9670 
 18.0115 
 18.0401 
 18.0528 
 18.0493 
 18.0298 
 17.9943 
 17.9431 
 17.8764 
 17.7947 
 17.6985 
 17.5882 
 17.4646 
 17.3283 
 17.1801 
 17.0209 
 16.8515 
 16.6728 
 16.4858 
 16.2914 
 16.0907 
 15.8846 
 15.6741 
 15.4602 
 15.2439 
 15.0261 
 14.8077 
 14.5896 
 14.3726 
 14.1576 
 13.9453 
 13.7363 
 18.0534 
 18.0534 
 18.0534 
 18.0534 
 18.0534 
 18.0534 
 18.0534 
 18.0534 
 18.0534 
 18.0534 
 18.0534 
 18.0534 
 18.0534 
 18.0534 
 1.9466 
 1.9466 
 1.9466 
 1.9466 
 1.9466 
 1.9466 
 1.9466 
 1.9466 
 1.9466 
 1.9466 
 1.9466 
 1.9466 
 1.9466 
 1.9466 
 10.0000 
 10.0000 
 10.0000 
 10.0000 
 10.0000 
 10.0000 
 10.0000 
 10.0000 
 10.0000 
 10.0000 
 10.0000 
 10.0000 
 10.0000 
 10.0000 
 10.0000 
 13.5102 
 13.7108 
 13.9150 
 14.1221 
 14.3316 
 14.5426 
 14.7544 
 14.9661 
 15.1769 
 15.3858 
 15.5920 
 15.7945 
 15.9923 
 16.1845 
 16.3701 
 16.5481 
 16.7177 
 16.8779 
 17.0279 
 17.1668 
 17.2938 
 17.4083 
 17.5095 
 17.5969 
 17.6699 
 17.7282 
 17.7714 
 17.7992 
 17.8114 
 17.8081 
 17.7892 
 17.7547 
 17.7051 
 17.6404 
 17.5611 
 17.4678 
 17.3608 
 17.2409 
 17.1087 
 16.9649 
 16.8105 
 16.6461 
 16.4728 
 16.2914 
 16.1029 
 15.9081 
 15.7082 
 15.5040 
 15.2966 
 15.0867 
 14.8754 
 14.6636 
 14.4520 
 14.2416 
 14.0330 
 13.8270 
 13.6243 
 17.8121 
 17.8121 
 17.8121 
 17.8121 
 17.8121 
 17.8121 
 17.8121 
 17.8121 
 17.8121 
 17.8121 
 17.8121 
 17.8121 
 17.8121 
 17.8121 
 2.1879 
 2.1879 
 2.1879 
 2.1879 
 2.1879 
 2.1879 
 2.1879 
 2.1879 
 2.1879 
 2.1879 
 2.1879 
 2.1879 
 2.1879 
 2.1879 
 10.0000 
 10.0000 
 10.0000 
 10.0000 
 10.0000 
 10.0000 
 10.0000 
 10.0000 
 10.0000 
 10.0000 
 10.0000 
 10.0000 
 10.0000 
 10.0000 
 10.0000 
 13.3982 
 13.5924 
 13.7900 
 13.9906 
 14.1934 
 14.3977 
 14.6027 
 14.8077 
 15.0117 
 15.2140 
 15.4136 
 15.6096 
 15.8011 
 15.9872 
 16.1668 
 16.3392 
 16.5034 
 16.6585 
 16.8037 
 16.9381 
 17.0611 
 17.1719 
 17.2699 
 17.3545 
 17.4252 
 17.4816 
 17.5234 
 17.5503 
 17.5622 
 17.5590 
 17.5406 
 17.5073 
 17.4592 
 17.3966 
 17.3199 
 17.2295 
 17.1259 
 17.0098 
 16.8819 
 16.7427 
 16.5932 
 16.4341 
 16.2663 
 16.0907 
 15.9081 
 15.7196 
 15.5261 
 15.3284 
 15.1276 
 14.9244 
 14.7199 
 14.5148 
 14.3100 
 14.1063 
 13.9043 
 13.7049 
 13.5087 
 17.5628 
 17.5628 
 17.5628 
 17.5628 
 17.5628 
 17.5628 
 17.5628 
 17.5628 
 17.5628 
 17.5628 
 17.5628 
 17.5628 
 17.5628 
 17.5628 
 2.4372 
 2.4372 
 2.4372 
 2.4372 
 2.4372 
 2.4372 
 2.4372 
 2.4372 
 2.4372 
 2.4372 
 2.4372 
 2.4372 
 2.4372 
 2.4372 
 10.0000 
 10.0000 
 10.0000 
 10.0000 
 10.0000 
 10.0000 
 10.0000 
 10.0000 
 10.0000 
 10.0000 
 10.0000 
 10.0000 
 10.0000 
 10.0000 
 10.0000 
 13.2832 
 13.4708 
 13.6618 
 13.8556 
 14.0515 
 14.2489 
 14.4470 
 14.6450 
 14.8421 
 15.0376 
 15.2304 
 15.4198 
 15.6048 
 15.7846 
 15.9582 
 16.1247 
 16.2833 
 16.4332 
 16.5734 
 16.7033 
 16.8222 
 16.9292 
 17.0239 
 17.1056 
 17.1739 
 17.2285 
 17.2688 
 17.2948 
 17.3063 
 17.3032 
 17.2855 
 17.2533 
 17.2068 
 17.1463 
 17.0722 
 16.9849 
 16.8848 
 16.7726 
 16.6490 
 16.5145 
 16.3701 
 16.2164 
 16.0542 
 15.8846 
 15.7082 
 15.5261 
 15.3391 
 15.1481 
 14.9541 
 14.7578 
 14.5602 
 14.3620 
 14.1641 
 13.9673 
 13.7722 
 13.5796 
 13.3900 
 17.3069 
 17.3069 
 17.3069 
 17.3069 
 17.3069 
 17.3069 
 17.3069 
 17.3069 
 17.3069 
 17.3069 
 17.3069 
 17.3069 
 17.3069 
 17.3069 
 2.6931 
 2.6931 
 2.6931 
 2.6931 
 2.6931 
 2.6931 
 2.6931 
 2.6931 
 2.6931 
 2.6931 
 2.6931 
 2.6931 
 2.6931 
 2.6931 
 10.0000 
 10.0000 
 10.0000 
 10.0000 
 10.0000 
 10.0000 
 10.0000 
 10.0000 
 10.0000 
 10.0000 
 10.0000 
 10.0000 
 10.0000 
 10.0000 
 10.0000 
 13.1658 
 13.3467 
 13.5308 
 13.7177 
 13.9066 
 14.0969 
 14.2879 
 14.4788 
 14.6689 
 14.8574 
 15.0433 
 15.2259 
 15.4043 
 15.5776 
 15.7450 
 15.9056 
 16.0586 
 16.2031 
 16.3383 
 16.4636 
 16.5781 
 16.6814 
 16.7726 
 16.8515 
 16.9173 
 16.9699 
 17.0088 
 17.0339 
 17.0450 
 17.0420 
 17.0249 
 16.9938 
 16.9490 
 16.8907 
 16.8192 
 16.7350 
 16.6385 
 16.5304 
 16.4111 
 16.2815 
 16.1422 
 15.9940 
 15.8377 
 15.6741 
 15.5040 
 15.3284 
 15.1481 
 14.9640 
 14.7769 
 14.5876 
 14.3971 
 14.2060 
 14.0152 
 13.8254 
 13.6373 
 13.4515 
 13.2687 
 17.0456 
 17.0456 
 17.0456 
 17.0456 
 17.0456 
 17.0456 
 17.0456 
 17.0456 
 17.0456 
 17.0456 
 17.0456 
 17.0456 
 17.0456 
 17.0456 
 2.9544 
 2.9544 
 2.9544 
 2.9544 
 2.9544 
 2.9544 
 2.9544 
 2.9544 
 2.9544 
 2.9544 
 2.9544 
 2.9544 
 2.9544 
 2.9544 
 10.0000 
 10.0000 
 10.0000 
 10.0000 
 10.0000 
 10.0000 
 10.0000 
 10.0000 
 10.0000 
 10.0000 
 10.0000 
 10.0000 
 10.0000 
 10.0000 
 10.0000 
 13.0464 
 13.2205 
 13.3977 
 13.5775 
 13.7593 
 13.9425 
 14.1263 
 14.3100 
 14.4929 
 14.6743 
 14.8532 
 15.0289 
 15.2006 
 15.3674 
 15.5285 
 15.6830 
 15.8302 
 15.9692 
 16.0994 
 16.2199 
 16.3302 
 16.4295 
 16.5173 
 16.5932 
 16.6566 
 16.7072 
 16.7446 
 16.7688 
 16.7794 
 16.7765 
 16.7601 
 16.7302 
 16.6871 
 16.6310 
 16.5622 
 16.4811 
 16.3883 
 16.2842 
 16.1695 
 16.0447 
 15.9107 
 15.7681 
 15.6176 
 15.4602 
 15.2966 
 15.1276 
 14.9541 
 14.7769 
 14.5968 
 14.4147 
 14.2313 
 14.0474 
 13.8638 
 13.6812 
 13.5002 
 13.3214 
 13.1455 
 16.7800 
 16.7800 
 16.7800 
 16.7800 
 16.7800 
 16.7800 
 16.7800 
 16.7800 
 16.7800 
 16.7800 
 16.7800 
 16.7800 
 16.7800 
 16.7800 
 3.2200 
 3.2200 
 3.2200 
 3.2200 
 3.2200 
 3.2200 
 3.2200 
 3.2200 
 3.2200 
 3.2200 
 3.2200 
 3.2200 
 3.2200 
 3.2200 
 10.0000 
 10.0000 
 10.0000 
 10.0000 
 10.0000 
 10.0000 
 10.0000 
 10.0000 
 10.0000 
 10.0000 
 10.0000 
 10.0000 
 10.0000 
 10.0000 
 10.0000 
 12.9257 
 13.0929 
 13.2631 
 13.4358 
 13.6104 
 13.7863 
 13.9628 
 14.1392 
 14.3149 
 14.4891 
 14.6609 
 14.8297 
 14.9946 
 15.1547 
 15.3094 
 15.4579 
 15.5992 
 15.7327 
 15.8577 
 15.9735 
 16.0794 
 16.1748 
 16.2591 
 16.3320 
 16.3929 
 16.4414 
 16.4774 
 16.5006 
 16.5108 
 16.5080 
 16.4922 
 16.4636 
 16.4221 
 16.3683 
 16.3022 
 16.2244 
 16.1352 
 16.0352 
 15.9251 
 15.8053 
 15.6765 
 15.5395 
 15.3951 
 15.2439 
 15.0867 
 14.9244 
 14.7578 
 14.5876 
 14.4147 
 14.2398 
 14.0637 
 13.8871 
 13.7108 
 13.5354 
 13.3615 
 13.1898 
 13.0209 
 16.5114 
 16.5114 
 16.5114 
 16.5114 
 16.5114 
 16.5114 
 16.5114 
 16.5114 
 16.5114 
 16.5114 
 16.5114 
 16.5114 
 16.5114 
 16.5114 
 3.4886 
 3.4886 
 3.4886 
 3.4886 
 3.4886 
 3.4886 
 3.4886 
 3.4886 
 3.4886 
 3.4886 
 3.4886 
 3.4886 
 3.4886 
 3.4886 
 10.0000 
 10.0000 
 10.0000 
 10.0000 
 10.0000 
 10.0000 
 10.0000 
 10.0000 
 10.0000 
 10.0000 
 10.0000 
 10.0000 
 10.0000 
 10.0000 
 10.0000 
 12.8042 
 12.9644 
 13.1276 
 13.2931 
 13.4604 
 13.6290 
 13.7982 
 13.9673 
 14.1357 
 14.3026 
 14.4673 
 14.6291 
 14.7871 
 14.9406 
 15.0889 
 15.2311 
 15.3666 
 15.4946 
 15.6144 
 15.7254 
 15.8269 
 15.9183 
 15.9991 
 16.0690 
 16.1273 
 16.1739 
 16.2084 
 16.2306 
 16.2404 
 16.2377 
 16.2226 
 16.1951 
 16.1554 
 16.1037 
 16.0404 
 15.9658 
 15.8804 
 15.7846 
 15.6789 
 15.5641 
 15.4407 
 15.3094 
 15.1710 
 15.0261 
 14.8754 
 14.7199 
 14.5602 
 14.3971 
 14.2313 
 14.0637 
 13.8949 
 13.7256 
 13.5566 
 13.3885 
 13.2219 
 13.0573 
 12.8954 
 16.2409 
 16.2409 
 16.2409 
 16.2409 
 16.2409 
 16.2409 
 16.2409 
 16.2409 
 16.2409 
 16.2409 
 16.2409 
 16.2409 
 16.2409 
 16.2409 
 3.7591 
 3.7591 
 3.7591 
 3.7591 
 3.7591 
 3.7591 
 3.7591 
 3.7591 
 3.7591 
 3.7591 
 3.7591 
 3.7591 
 3.7591 
 3.7591 
 10.0000 
 10.0000 
 10.0000 
 10.0000 
 10.0000 
 10.0000 
 10.0000 
 10.0000 
 10.0000 
 10.0000 
 10.0000 
 10.0000 
 10.0000 
 10.0000 
 10.0000 
 12.6824 
 12.8356 
 12.9917 
 13.1500 
 13.3100 
 13.4713 
 13.6331 
 13.7949 
 13.9560 
 14.1157 
 14.2732 
 14.4279 
 14.5791 
 14.7260 
 14.8678 
 15.0038 
 15.1334 
 15.2559 
 15.3705 
 15.4766 
 15.5737 
 15.6611 
 15.7385 
 15.8053 
 15.8611 
 15.9056 
 15.9386 
 15.9599 
 15.9692 
 15.9667 
 15.9522 
 15.9259 
 15.8879 
 15.8385 
 15.7780 
 15.7066 
 15.6249 
 15.5332 
 15.4322 
 15.3223 
 15.2043 
 15.0787 
 14.9463 
 14.8077 
 14.6636 
 14.5148 
 14.3620 
 14.2060 
 14.0474 
 13.8871 
 13.7256 
 13.5637 
 13.4021 
 13.2413 
 13.0819 
 12.9245 
 12.7696 
 15.9697 
 15.9697 
 15.9697 
 15.9697 
 15.9697 
 15.9697 
 15.9697 
 15.9697 
 15.9697 
 15.9697 
 15.9697 
 15.9697 
 15.9697 
 15.9697 
 4.0303 
 4.0303 
 4.0303 
 4.0303 
 4.0303 
 4.0303 
 4.0303 
 4.0303 
 4.0303 
 4.0303 
 4.0303 
 4.0303 
 4.0303 
 4.0303 
 10.0000 
 10.0000 
 10.0000 
 10.0000 
 10.0000 
 10.0000 
 10.0000 
 10.0000 
 10.0000 
 10.0000 
 10.0000 
 10.0000 
 10.0000 
 10.0000 
 10.0000 
 12.5607 
 12.7070 
 12.8560 
 13.0071 
 13.1599 
 13.3138 
 13.4683 
 13.6228 
 13.7765 
 13.9290 
 14.0794 
 14.2271 
 14.3714 
 14.5116 
 14.6470 
 14.7769 
 14.9006 
 15.0174 
 15.1268 
 15.2282 
 15.3208 
 15.4043 
 15.4782 
 15.5419 
 15.5952 
 15.6377 
 15.6692 
 15.6895 
 15.6984 
 15.6960 
 15.6822 
 15.6571 
 15.6208 
 15.5737 
 15.5158 
 15.4477 
 15.3697 
 15.2822 
 15.1858 
 15.0809 
 14.9682 
 14.8484 
 14.7219 
 14.5896 
 14.4520 
 14.3100 
 14.1641 
 14.0152 
 13.8638 
 13.7108 
 13.5566 
 13.4021 
 13.2478 
 13.0942 
 12.9421 
 12.7918 
 12.6439 
 15.6989 
 15.6989 
 15.6989 
 15.6989 
 15.6989 
 15.6989 
 15.6989 
 15.6989 
 15.6989 
 15.6989 
 15.6989 
 15.6989 
 15.6989 
 15.6989 
 4.3011 
 4.3011 
 4.3011 
 4.3011 
 4.3011 
 4.3011 
 4.3011 
 4.3011 
 4.3011 
 4.3011 
 4.3011 
 4.3011 
 4.3011 
 4.3011 
 10.0000 
 10.0000 
 10.0000 
 10.0000 
 10.0000 
 10.0000 
 10.0000 
 10.0000 
 10.0000 
 10.0000 
 10.0000 
 10.0000 
 10.0000 
 10.0000 
 10.0000 
 12.4396 
 12.5790 
 12.7210 
 12.8649 
 13.0105 
 13.1572 
 13.3044 
 13.4515 
 13.5980 
 13.7432 
 13.8865 
 14.0273 
 14.1647 
 14.2983 
 14.4273 
 14.5511 
 14.6689 
 14.7803 
 14.8845 
 14.9810 
 15.0693 
 15.1489 
 15.2192 
 15.2799 
 15.3307 
 15.3712 
 15.4012 
 15.4206 
 15.4291 
 15.4268 
 15.4136 
 15.3897 
 15.3551 
 15.3102 
 15.2551 
 15.1902 
 15.1159 
 15.0325 
 14.9406 
 14.8407 
 14.7334 
 14.6192 
 14.4987 
 14.3726 
 14.2416 
 14.1063 
 13.9673 
 13.8254 
 13.6812 
 13.5354 
 13.3885 
 13.2413 
 13.0942 
 12.9480 
 12.8030 
 12.6599 
 12.5190 
 15.4295 
 15.4295 
 15.4295 
 15.4295 
 15.4295 
 15.4295 
 15.4295 
 15.4295 
 15.4295 
 15.4295 
 15.4295 
 15.4295 
 15.4295 
 15.4295 
 4.5705 
 4.5705 
 4.5705 
 4.5705 
 4.5705 
 4.5705 
 4.5705 
 4.5705 
 4.5705 
 4.5705 
 4.5705 
 4.5705 
 4.5705 
 4.5705 
 10.0000 
 10.0000 
 10.0000 
 10.0000 
 10.0000 
 10.0000 
 10.0000 
 10.0000 
 10.0000 
 10.0000 
 10.0000 
 10.0000 
 10.0000 
 10.0000 
 10.0000 
 12.3197 
 12.4522 
 12.5872 
 12.7241 
 12.8625 
 13.0019 
 13.1419 
 13.2818 
 13.4211 
 13.5592 
 13.6954 
 13.8292 
 13.9599 
 14.0869 
 14.2096 
 14.3273 
 14.4393 
 14.5452 
 14.6443 
 14.7361 
 14.8200 
 14.8957 
 14.9626 
 15.0203 
 15.0686 
 15.1071 
 15.1356 
 15.1540 
 15.1621 
 15.1599 
 15.1474 
 15.1246 
 15.0918 
 15.0491 
 14.9967 
 14.9350 
 14.8643 
 14.7851 
 14.6977 
 14.6027 
 14.5006 
 14.3920 
 14.2775 
 14.1576 
 14.0330 
 13.9043 
 13.7722 
 13.6373 
 13.5002 
 13.3615 
 13.2219 
 13.0819 
 12.9421 
 12.8030 
 12.6652 
 12.5291 
 12.3951 
 15.1625 
 15.1625 
 15.1625 
 15.1625 
 15.1625 
 15.1625 
 15.1625 
 15.1625 
 15.1625 
 15.1625 
 15.1625 
 15.1625 
 15.1625 
 15.1625 
 4.8375 
 4.8375 
 4.8375 
 4.8375 
 4.8375 
 4.8375 
 4.8375 
 4.8375 
 4.8375 
 4.8375 
 4.8375 
 4.8375 
 4.8375 
 4.8375 
 10.0000 
 10.0000 
 10.0000 
 10.0000 
 10.0000 
 10.0000 
 10.0000 
 10.0000 
 10.0000 
 10.0000 
 10.0000 
 10.0000 
 10.0000 
 10.0000 
 10.0000 
 12.2012 
 12.3270 
 12.4550 
 12.5849 
 12.7163 
 12.8486 
 12.9814 
 13.1142 
 13.2464 
 13.3774 
 13.5067 
 13.6337 
 13.7577 
 13.8782 
 13.9946 
 14.1063 
 14.2126 
 14.3131 
 14.4071 
 14.4942 
 14.5739 
 14.6456 
 14.7091 
 14.7639 
 14.8097 
 14.8463 
 14.8733 
 14.8908 
 14.8985 
 14.8964 
 14.8845 
 14.8629 
 14.8318 
 14.7912 
 14.7415 
 14.6829 
 14.6159 
 14.5407 
 14.4578 
 14.3676 
 14.2708 
 14.1677 
 14.0590 
 13.9453 
 13.8270 
 13.7049 
 13.5796 
 13.4515 
 13.3214 
 13.1898 
 13.0573 
 12.9245 
 12.7918 
 12.6599 
 12.5291 
 12.3999 
 12.2728 
 14.8989 
 14.8989 
 14.8989 
 14.8989 
 14.8989 
 14.8989 
 14.8989 
 14.8989 
 14.8989 
 14.8989 
 14.8989 
 14.8989 
 14.8989 
 14.8989 
 5.1011 
 5.1011 
 5.1011 
 5.1011 
 5.1011 
 5.1011 
 5.1011 
 5.1011 
 5.1011 
 5.1011 
 5.1011 
 5.1011 
 5.1011 
 5.1011 
 10.0000 
 10.0000 
 10.0000 
 10.0000 
 10.0000 
 10.0000 
 10.0000 
 10.0000 
 10.0000 
 10.0000 
 10.0000 
 10.0000 
 10.0000 
 10.0000 
 10.0000 
 12.0846 
 12.2037 
 12.3250 
 12.4480 
 12.5724 
 12.6977 
 12.8235 
 12.9492 
 13.0744 
 13.1985 
 13.3209 
 13.4412 
 13.5587 
 13.6728 
 13.7830 
 13.8888 
 13.9895 
 14.0846 
 14.1737 
 14.2562 
 14.3316 
 14.3996 
 14.4597 
 14.5116 
 14.5550 
 14.5896 
 14.6152 
 14.6317 
 14.6390 
 14.6370 
 14.6258 
 14.6053 
 14.5758 
 14.5374 
 14.4904 
 14.4349 
 14.3714 
 14.3002 
 14.2216 
 14.1363 
 14.0446 
 13.9470 
 13.8440 
 13.7363 
 13.6243 
 13.5087 
 13.3900 
 13.2687 
 13.1455 
 13.0209 
 12.8954 
 12.7696 
 12.6439 
 12.5190 
 12.3951 
 12.2728 
 12.1524 
 14.6394 
 14.6394 
 14.6394 
 14.6394 
 14.6394 
 14.6394 
 14.6394 
 14.6394 
 14.6394 
 14.6394 
 14.6394 
 14.6394 
 14.6394 
 14.6394 
 5.3606 
 5.3606 
 5.3606 
 5.3606 
 5.3606 
 5.3606 
 5.3606 
 5.3606 
 5.3606 
 5.3606 
 5.3606 
 5.3606 
 5.3606 
 5.3606 
 10.0000 
 10.0000 
 10.0000 
 10.0000 
 10.0000 
 10.0000 
 10.0000 
 10.0000 
 10.0000 
 10.0000 
 10.0000 
 10.0000 
 10.0000 
 10.0000 
 10.0000 
 14.4933 
 14.7500 
 15.0114 
 15.2766 
 15.5447 
 15.8149 
 16.0859 
 16.3570 
 16.6268 
 16.8942 
 17.1582 
 17.4173 
 17.6705 
 17.9166 
 18.1541 
 18.3821 
 18.5991 
 18.8042 
 18.9962 
 19.1740 
 19.3366 
 19.4831 
 19.6126 
 19.7245 
 19.8180 
 19.8926 
 19.9479 
 19.9835 
 19.9992 
 19.9949 
 19.9707 
 19.9266 
 19.8630 
 19.7802 
 19.6788 
 19.5592 
 19.4223 
 19.2688 
 19.0996 
 18.9156 
 18.7179 
 18.5075 
 18.2856 
 18.0534 
 17.8121 
 17.5628 
 17.3069 
 17.0456 
 16.7800 
 16.5114 
 16.2409 
 15.9697 
 15.6989 
 15.4295 
 15.1625 
 14.8989 
 14.6394 
 20.0000 
 20.0000 
 20.0000 
 20.0000 
 20.0000 
 20.0000 
 20.0000 
 20.0000 
 20.0000 
 20.0000 
 20.0000 
 20.0000 
 20.0000 
 20.0000 
 0.0000 
 0.0000 
 0.0000 
 0.0000 
 0.0000 
 0.0000 
 0.0000 
 0.0000 
 0.0000 
 0.0000 
 0.0000 
 0.0000 
 0.0000 
 0.0000 
 10.0000 
 10.0000 
 10.0000 
 10.0000 
 10.0000 
 10.0000 
 10.0000 
 10.0000 
 10.0000 
 10.0000 
 10.0000 
 10.0000 
 10.0000 
 10.0000 
 10.0000 
 14.4933 
 14.7500 
 15.0114 
 15.2766 
 15.5447 
 15.8149 
 16.0859 
 16.3570 
 16.6268 
 16.8942 
 17.1582 
 17.4173 
 17.6705 
 17.9166 
 18.1541 
 18.3821 
 18.5991 
 18.8042 
 18.9962 
 19.1740 
 19.3366 
 19.4831 
 19.6126 
 19.7245 
 19.8180 
 19.8926 
 19.9479 
 19.9835 
 19.9992 
 19.9949 
 19.9707 
 19.9266 
 19.8630 
 19.7802 
 19.6788 
 19.5592 
 19.4223 
 19.2688 
 19.0996 
 18.9156 
 18.7179 
 18.5075 
 18.2856 
 18.0534 
 17.8121 
 17.5628 
 17.3069 
 17.0456 
 16.7800 
 16.5114 
 16.2409 
 15.9697 
 15.6989 
 15.4295 
 15.1625 
 14.8989 
 14.6394 
 20.0000 
 20.0000 
 20.0000 
 20.0000 
 20.0000 
 20.0000 
 20.0000 
 20.0000 
 20.0000 
 20.0000 
 20.0000 
 20.0000 
 20.0000 
 20.0000 
 0.0000 
 0.0000 
 0.0000 
 0.0000 
 0.0000 
 0.0000 
 0.0000 
 0.0000 
 0.0000 
 0.0000 
 0.0000 
 0.0000 
 0.0000 
 0.0000 
 10.0000 
 10.0000 
 10.0000 
 10.0000 
 10.0000 
 10.0000 
 10.0000 
 10.0000 
 10.0000 
 10.0000 
 10.0000 
 10.0000 
 10.0000 
 10.0000 
 10.0000 
 14.4933 
 14.7500 
 15.0114 
 15.2766 
 15.5447 
 15.8149 
 16.0859 
 16.3570 
 16.6268 
 16.8942 
 17.1582 
 17.4173 
 17.6705 
 17.9166 
 18.1541 
 18.3821 
 18.5991 
 18.8042 
 18.9962 
 19.1740 
 19.3366 
 19.4831 
 19.6126 
 19.7245 
 19.8180 
 19.8926 
 19.9479 
 19.9835 
 19.9992 
 19.9949 
 19.9707 
 19.9266 
 19.8630 
 19.7802 
 19.6788 
 19.5592 
 19.4223 
 19.2688 
 19.0996 
 18.9156 
 18.7179 
 18.5075 
 18.2856 
 18.0534 
 17.8121 
 17.5628 
 17.3069 
 17.0456 
 16.7800 
 16.5114 
 16.2409 
 15.9697 
 15.6989 
 15.4295 
 15.1625 
 14.8989 
 14.6394 
 20.0000 
 20.0000 
 20.0000 
 20.0000 
 20.0000 
 20.0000 
 20.0000 
 20.0000 
 20.0000 
 20.0000 
 20.0000 
 20.0000 
 20.0000 
 20.0000 
 0.0000 
 0.0000 
 0.0000 
 0.0000 
 0.0000 
 0.0000 
 0.0000 
 0.0000 
 0.0000 
 0.0000 
 0.0000 
 0.0000 
 0.0000 
 0.0000 
 10.0000 
 10.0000 
 10.0000 
 10.0000 
 10.0000 
 10.0000 
 10.0000 
 10.0000 
 10.0000 
 10.0000 
 10.0000 
 10.0000 
 10.0000 
 10.0000 
 10.0000 
 14.4933 
 14.7500 
 15.0114 
 15.2766 
 15.5447 
 15.8149 
 16.0859 
 16.3570 
 16.6268 
 16.8942 
 17.1582 
 17.4173 
 17.6705 
 17.9166 
 18.1541 
 18.3821 
 18.5991 
 18.8042 
 18.9962 
 19.1740 
 19.3366 
 19.4831 
 19.6126 
 19.7245 
 19.8180 
 19.8926 
 19.9479 
 19.9835 
 19.9992 
 19.9949 
 19.9707 
 19.9266 
 19.8630 
 19.7802 
 19.6788 
 19.5592 
 19.4223 
 19.2688 
 19.0996 
 18.9156 
 18.7179 
 18.5075 
 18.2856 
 18.0534 
 17.8121 
 17.5628 
 17.3069 
 17.0456 
 16.7800 
 16.5114 
 16.2409 
 15.9697 
 15.6989 
 15.4295 
 15.1625 
 14.8989 
 14.6394 
 20.0000 
 20.0000 
 20.0000 
 20.0000 
 20.0000 
 20.0000 
 20.0000 
 20.0000 
 20.0000 
 20.0000 
 20.0000 
 20.0000 
 20.0000 
 20.0000 
 0.0000 
 0.0000 
 0.0000 
 0.0000 
 0.0000 
 0.0000 
 0.0000 
 0.0000 
 0.0000 
 0.0000 
 0.0000 
 0.0000 
 0.0000 
 0.0000 
 10.0000 
 10.0000 
 10.0000 
 10.0000 
 10.0000 
 10.0000 
 10.0000 
 10.0000 
 10.0000 
 10.0000 
 10.0000 
 10.0000 
 10.0000 
 10.0000 
 10.0000 
 14.4933 
 14.7500 
 15.0114 
 15.2766 
 15.5447 
 15.8149 
 16.0859 
 16.3570 
 16.6268 
 16.8942 
 17.1582 
 17.4173 
 17.6705 
 17.9166 
 18.1541 
 18.3821 
 18.5991 
 18.8042 
 18.9962 
 19.1740 
 19.3366 
 19.4831 
 19.6126 
 19.7245 
 19.8180 
 19.8926 
 19.9479 
 19.9835 
 19.9992 
 19.9949 
 19.9707 
 19.9266 
 19.8630 
 19.7802 
 19.6788 
 19.5592 
 19.4223 
 19.2688 
 19.0996 
 18.9156 
 18.7179 
 18.5075 
 18.2856 
 18.0534 
 17.8121 
 17.5628 
 17.3069 
 17.0456 
 16.7800 
 16.5114 
 16.2409 
 15.9697 
 15.6989 
 15.4295 
 15.1625 
 14.8989 
 14.6394 
 20.0000 
 20.0000 
 20.0000 
 20.0000 
 20.0000 
 20.0000 
 20.0000 
 20.0000 
 20.0000 
 20.0000 
 20.0000 
 20.0000 
 20.0000 
 20.0000 
 0.0000 
 0.0000 
 0.0000 
 0.0000 
 0.0000 
 0.0000 
 0.0000 
 0.0000 
 0.0000 
 0.0000 
 0.0000 
 0.0000 
 0.0000 
 0.0000 
 10.0000 
 10.0000 
 10.0000 
 10.0000 
 10.0000 
 10.0000 
 10.0000 
 10.0000 
 10.0000 
 10.0000 
 10.0000 
 10.0000 
 10.0000 
 10.0000 
 10.0000 
 14.4933 
 14.7500 
 15.0114 
 15.2766 
 15.5447 
 15.8149 
 16.0859 
 16.3570 
 16.6268 
 16.8942 
 17.1582 
 17.4173 
 17.6705 
 17.9166 
 18.1541 
 18.3821 
 18.5991 
 18.8042 
 18.9962 
 19.1740 
 19.3366 
 19.4831 
 19.6126 
 19.7245 
 19.8180 
 19.8926 
 19.9479 
 19.9835 
 19.9992 
 19.9949 
 19.9707 
 19.9266 
 19.8630 
 19.7802 
 19.6788 
 19.5592 
 19.4223 
 19.2688 
 19.0996 
 18.9156 
 18.7179 
 18.5075 
 18.2856 
 18.0534 
 17.8121 
 17.5628 
 17.3069 
 17.0456 
 16.7800 
 16.5114 
 16.2409 
 15.9697 
 15.6989 
 15.4295 
 15.1625 
 14.8989 
 14.6394 
 20.0000 
 20.0000 
 20.0000 
 20.0000 
 20.0000 
 20.0000 
 20.0000 
 20.0000 
 20.0000 
 20.0000 
 20.0000 
 20.0000 
 20.0000 
 20.0000 
 0.0000 
 0.0000 
 0.0000 
 0.0000 
 0.0000 
 0.0000 
 0.0000 
 0.0000 
 0.0000 
 0.0000 
 0.0000 
 0.0000 
 0.0000 
 0.0000 
 10.0000 
 10.0000 
 10.0000 
 10.0000 
 10.0000 
 10.0000 
 10.0000 
 10.0000 
 10.0000 
 10.0000 
 10.0000 
 10.0000 
 10.0000 
 10.0000 
 10.0000 
 14.4933 
 14.7500 
 15.0114 
 15.2766 
 15.5447 
 15.8149 
 16.0859 
 16.3570 
 16.6268 
 16.8942 
 17.1582 
 17.4173 
 17.6705 
 17.9166 
 18.1541 
 18.3821 
 18.5991 
 18.8042 
 18.9962 
 19.1740 
 19.3366 
 19.4831 
 19.6126 
 19.7245 
 19.8180 
 19.8926 
 19.9479 
 19.9835 
 19.9992 
 19.9949 
 19.9707 
 19.9266 
 19.8630 
 19.7802 
 19.6788 
 19.5592 
 19.4223 
 19.2688 
 19.0996 
 18.9156 
 18.7179 
 18.5075 
 18.2856 
 18.0534 
 17.8121 
 17.5628 
 17.3069 
 17.0456 
 16.7800 
 16.5114 
 16.2409 
 15.9697 
 15.6989 
 15.4295 
 15.1625 
 14.8989 
 14.6394 
 20.0000 
 20.0000 
 20.0000 
 20.0000 
 20.0000 
 20.0000 
 20.0000 
 20.0000 
 20.0000 
 20.0000 
 20.0000 
 20.0000 
 20.0000 
 20.0000 
 0.0000 
 0.0000 
 0.0000 
 0.0000 
 0.0000 
 0.0000 
 0.0000 
 0.0000 
 0.0000 
 0.0000 
 0.0000 
 0.0000 
 0.0000 
 0.0000 
 10.0000 
 10.0000 
 10.0000 
 10.0000 
 10.0000 
 10.0000 
 10.0000 
 10.0000 
 10.0000 
 10.0000 
 10.0000 
 10.0000 
 10.0000 
 10.0000 
 10.0000 
 14.4933 
 14.7500 
 15.0114 
 15.2766 
 15.5447 
 15.8149 
 16.0859 
 16.3570 
 16.6268 
 16.8942 
 17.1582 
 17.4173 
 17.6705 
 17.9166 
 18.1541 
 18.3821 
 18.5991 
 18.8042 
 18.9962 
 19.1740 
 19.3366 
 19.4831 
 19.6126 
 19.7245 
 19.8180 
 19.8926 
 19.9479 
 19.9835 
 19.9992 
 19.9949 
 19.9707 
 19.9266 
 19.8630 
 19.7802 
 19.6788 
 19.5592 
 19.4223 
 19.2688 
 19.0996 
 18.9156 
 18.7179 
 18.5075 
 18.2856 
 18.0534 
 17.8121 
 17.5628 
 17.3069 
 17.0456 
 16.7800 
 16.5114 
 16.2409 
 15.9697 
 15.6989 
 15.4295 
 15.1625 
 14.8989 
 14.6394 
 20.0000 
 20.0000 
 20.0000 
 20.0000 
 20.0000 
 20.0000 
 20.0000 
 20.0000 
 20.0000 
 20.0000 
 20.0000 
 20.0000 
 20.0000 
 20.0000 
 0.0000 
 0.0000 
 0.0000 
 0.0000 
 0.0000 
 0.0000 
 0.0000 
 0.0000 
 0.0000 
 0.0000 
 0.0000 
 0.0000 
 0.0000 
 0.0000 
 10.0000 
 10.0000 
 10.0000 
 10.0000 
 10.0000 
 10.0000 
 10.0000 
 10.0000 
 10.0000 
 10.0000 
 10.0000 
 10.0000 
 10.0000 
 10.0000 
 10.0000 
 14.4933 
 14.7500 
 15.0114 
 15.2766 
 15.5447 
 15.8149 
 16.0859 
 16.3570 
 16.6268 
 16.8942 
 17.1582 
 17.4173 
 17.6705 
 17.9166 
 18.1541 
 18.3821 
 18.5991 
 18.8042 
 18.9962 
 19.1740 
 19.3366 
 19.4831 
 19.6126 
 19.7245 
 19.8180 
 19.8926 
 19.9479 
 19.9835 
 19.9992 
 19.9949 
 19.9707 
 19.9266 
 19.8630 
 19.7802 
 19.6788 
 19.5592 
 19.4223 
 19.2688 
 19.0996 
 18.9156 
 18.7179 
 18.5075 
 18.2856 
 18.0534 
 17.8121 
 17.5628 
 17.3069 
 17.0456 
 16.7800 
 16.5114 
 16.2409 
 15.9697 
 15.6989 
 15.4295 
 15.1625 
 14.8989 
 14.6394 
 20.0000 
 20.0000 
 20.0000 
 20.0000 
 20.0000 
 20.0000 
 20.0000 
 20.0000 
 20.0000 
 20.0000 
 20.0000 
 20.0000 
 20.0000 
 20.0000 
 0.0000 
 0.0000 
 0.0000 
 0.0000 
 0.0000 
 0.0000 
 0.0000 
 0.0000 
 0.0000 
 0.0000 
 0.0000 
 0.0000 
 0.0000 
 0.0000 
 10.0000 
 10.0000 
 10.0000 
 10.0000 
 10.0000 
 10.0000 
 10.0000 
 10.0000 
 10.0000 
 10.0000 
 10.0000 
 10.0000 
 10.0000 
 10.0000 
 10.0000 
 14.4933 
 14.7500 
 15.0114 
 15.2766 
 15.5447 
 15.8149 
 16.0859 
 16.3570 
 16.6268 
 16.8942 
 17.1582 
 17.4173 
 17.6705 
 17.9166 
 18.1541 
 18.3821 
 18.5991 
 18.8042 
 18.9962 
 19.1740 
 19.3366 
 19.4831 
 19.6126 
 19.7245 
 19.8180 
 19.8926 
 19.9479 
 19.9835 
 19.9992 
 19.9949 
 19.9707 
 19.9266 
 19.8630 
 19.7802 
 19.6788 
 19.5592 
 19.4223 
 19.2688 
 19.0996 
 18.9156 
 18.7179 
 18.5075 
 18.2856 
 18.0534 
 17.8121 
 17.5628 
 17.3069 
 17.0456 
 16.7800 
 16.5114 
 16.2409 
 15.9697 
 15.6989 
 15.4295 
 15.1625 
 14.8989 
 14.6394 
 20.0000 
 20.0000 
 20.0000 
 20.0000 
 20.0000 
 20.0000 
 20.0000 
 20.0000 
 20.0000 
 20.0000 
 20.0000 
 20.0000 
 20.0000 
 20.0000 
 0.0000 
 0.0000 
 0.0000 
 0.0000 
 0.0000 
 0.0000 
 0.0000 
 0.0000 
 0.0000 
 0.0000 
 0.0000 
 0.0000 
 0.0000 
 0.0000 
 10.0000 
 10.0000 
 10.0000 
 10.0000 
 10.0000 
 10.0000 
 10.0000 
 10.0000 
 10.0000 
 10.0000 
 10.0000 
 10.0000 
 10.0000 
 10.0000 
 10.0000 
 14.4933 
 14.7500 
 15.0114 
 15.2766 
 15.5447 
 15.8149 
 16.0859 
 16.3570 
 16.6268 
 16.8942 
 17.1582 
 17.4173 
 17.6705 
 17.9166 
 18.1541 
 18.3821 
 18.5991 
 18.8042 
 18.9962 
 19.1740 
 19.3366 
 19.4831 
 19.6126 
 19.7245 
 19.8180 
 19.8926 
 19.9479 
 19.9835 
 19.9992 
 19.9949 
 19.9707 
 19.9266 
 19.8630 
 19.7802 
 19.6788 
 19.5592 
 19.4223 
 19.2688 
 19.0996 
 18.9156 
 18.7179 
 18.5075 
 18.2856 
 18.0534 
 17.8121 
 17.5628 
 17.3069 
 17.0456 
 16.7800 
 16.5114 
 16.2409 
 15.9697 
 15.6989 
 15.4295 
 15.1625 
 14.8989 
 14.6394 
 20.0000 
 20.0000 
 20.0000 
 20.0000 
 20.0000 
 20.0000 
 20.0000 
 20.0000 
 20.0000 
 20.0000 
 20.0000 
 20.0000 
 20.0000 
 20.0000 
 0.0000 
 0.0000 
 0.0000 
 0.0000 
 0.0000 
 0.0000 
 0.0000 
 0.0000 
 0.0000 
 0.0000 
 0.0000 
 0.0000 
 0.0000 
 0.0000 
 10.0000 
 10.0000 
 10.0000 
 10.0000 
 10.0000 
 10.0000 
 10.0000 
 10.0000 
 10.0000 
 10.0000 
 10.0000 
 10.0000 
 10.0000 
 10.0000 
 10.0000 
 14.4933 
 14.7500 
 15.0114 
 15.2766 
 15.5447 
 15.8149 
 16.0859 
 16.3570 
 16.6268 
 16.8942 
 17.1582 
 17.4173 
 17.6705 
 17.9166 
 18.1541 
 18.3821 
 18.5991 
 18.8042 
 18.9962 
 19.1740 
 19.3366 
 19.4831 
 19.6126 
 19.7245 
 19.8180 
 19.8926 
 19.9479 
 19.9835 
 19.9992 
 19.9949 
 19.9707 
 19.9266 
 19.8630 
 19.7802 
 19.6788 
 19.5592 
 19.4223 
 19.2688 
 19.0996 
 18.9156 
 18.7179 
 18.5075 
 18.2856 
 18.0534 
 17.8121 
 17.5628 
 17.3069 
 17.0456 
 16.7800 
 16.5114 
 16.2409 
 15.9697 
 15.6989 
 15.4295 
 15.1625 
 14.8989 
 14.6394 
 20.0000 
 20.0000 
 20.0000 
 20.0000 
 20.0000 
 20.0000 
 20.0000 
 20.0000 
 20.0000 
 20.0000 
 20.0000 
 20.0000 
 20.0000 
 20.0000 
 0.0000 
 0.0000 
 0.0000 
 0.0000 
 0.0000 
 0.0000 
 0.0000 
 0.0000 
 0.0000 
 0.0000 
 0.0000 
 0.0000 
 0.0000 
 0.0000 
 10.0000 
 10.0000 
 10.0000 
 10.0000 
 10.0000 
 10.0000 
 10.0000 
 10.0000 
 10.0000 
 10.0000 
 10.0000 
 10.0000 
 10.0000 
 10.0000 
 10.0000 
 14.4933 
 14.7500 
 15.0114 
 15.2766 
 15.5447 
 15.8149 
 16.0859 
 16.3570 
 16.6268 
 16.8942 
 17.1582 
 17.4173 
 17.6705 
 17.9166 
 18.1541 
 18.3821 
 18.5991 
 18.8042 
 18.9962 
 19.1740 
 19.3366 
 19.4831 
 19.6126 
 19.7245 
 19.8180 
 19.8926 
 19.9479 
 19.9835 
 19.9992 
 19.9949 
 19.9707 
 19.9266 
 19.8630 
 19.7802 
 19.6788 
 19.5592 
 19.4223 
 19.2688 
 19.0996 
 18.9156 
 18.7179 
 18.5075 
 18.2856 
 18.0534 
 17.8121 
 17.5628 
 17.3069 
 17.0456 
 16.7800 
 16.5114 
 16.2409 
 15.9697 
 15.6989 
 15.4295 
 15.1625 
 14.8989 
 14.6394 
 20.0000 
 20.0000 
 20.0000 
 20.0000 
 20.0000 
 20.0000 
 20.0000 
 20.0000 
 20.0000 
 20.0000 
 20.0000 
 20.0000 
 20.0000 
 20.0000 
 0.0000 
 0.0000 
 0.0000 
 0.0000 
 0.0000 
 0.0000 
 0.0000 
 0.0000 
 0.0000 
 0.0000 
 0.0000 
 0.0000 
 0.0000 
 0.0000 
 10.0000 
 10.0000 
 10.0000 
 10.0000 
 10.0000 
 10.0000 
 10.0000 
 10.0000 
 10.0000 
 10.0000 
 10.0000 
 10.0000 
 10.0000 
 10.0000 
 10.0000 
 14.4933 
 14.7500 
 15.0114 
 15.2766 
 15.5447 
 15.8149 
 16.0859 
 16.3570 
 16.6268 
 16.8942 
 17.1582 
 17.4173 
 17.6705 
 17.9166 
 18.1541 
 18.3821 
 18.5991 
 18.8042 
 18.9962 
 19.1740 
 19.3366 
 19.4831 
 19.6126 
 19.7245 
 19.8180 
 19.8926 
 19.9479 
 19.9835 
 19.9992 
 19.9949 
 19.9707 
 19.9266 
 19.8630 
 19.7802 
 19.6788 
 19.5592 
 19.4223 
 19.2688 
 19.0996 
 18.9156 
 18.7179 
 18.5075 
 18.2856 
 18.0534 
 17.8121 
 17.5628 
 17.3069 
 17.0456 
 16.7800 
 16.5114 
 16.2409 
 15.9697 
 15.6989 
 15.4295 
 15.1625 
 14.8989 
 14.6394 
 20.0000 
 20.0000 
 20.0000 
 20.0000 
 20.0000 
 20.0000 
 20.0000 
 20.0000 
 20.0000 
 20.0000 
 20.0000 
 20.0000 
 20.0000 
 20.0000 
 0.0000 
 0.0000 
 0.0000 
 0.0000 
 0.0000 
 0.0000 
 0.0000 
 0.0000 
 0.0000 
 0.0000 
 0.0000 
 0.0000 
 0.0000 
 0.0000 
 10.0000 
 10.0000 
 10.0000 
 10.0000 
 10.0000 
 10.0000 
 10.0000 
 10.0000 
 10.0000 
 10.0000 
 10.0000 
 10.0000 
 10.0000 
 10.0000 
 10.0000 
 5.5067 
 5.2500 
 4.9886 
 4.7234 
 4.4553 
 4.1851 
 3.9141 
 3.6430 
 3.3732 
 3.1058 
 2.8418 
 2.5827 
 2.3295 
 2.0834 
 1.8459 
 1.6179 
 1.4009 
 1.1958 
 1.0038 
 0.8260 
 0.6634 
 0.5169 
 0.3874 
 0.2755 
 0.1820 
 0.1074 
 0.0521 
 0.0165 
 0.0008 
 0.0051 
 0.0293 
 0.0734 
 0.1370 
 0.2198 
 0.3212 
 0.4408 
 0.5777 
 0.7312 
 0.9004 
 1.0844 
 1.2821 
 1.4925 
 1.7144 
 1.9466 
 2.1879 
 2.4372 
 2.6931 
 2.9544 
 3.2200 
 3.4886 
 3.7591 
 4.0303 
 4.3011 
 4.5705 
 4.8375 
 5.1011 
 5.3606 
 0.0000 
 0.0000 
 0.0000 
 0.0000 
 0.0000 
 0.0000 
 0.0000 
 0.0000 
 0.0000 
 0.0000 
 0.0000 
 0.0000 
 0.0000 
 0.0000 
 20.0000 
 20.0000 
 20.0000 
 20.0000 
 20.0000 
 20.0000 
 20.0000 
 20.0000 
 20.0000 
 20.0000 
 20.0000 
 20.0000 
 20.0000 
 20.0000 
 10.0000 
 10.0000 
 10.0000 
 10.0000 
 10.0000 
 10.0000 
 10.0000 
 10.0000 
 10.0000 
 10.0000 
 10.0000 
 10.0000 
 10.0000 
 10.0000 
 10.0000 
 5.5067 
 5.2500 
 4.9886 
 4.7234 
 4.4553 
 4.1851 
 3.9141 
 3.6430 
 3.3732 
 3.1058 
 2.8418 
 2.5827 
 2.3295 
 2.0834 
 1.8459 
 1.6179 
 1.4009 
 1.1958 
 1.0038 
 0.8260 
 0.6634 
 0.5169 
 0.3874 
 0.2755 
 0.1820 
 0.1074 
 0.0521 
 0.0165 
 0.0008 
 0.0051 
 0.0293 
 0.0734 
 0.1370 
 0.2198 
 0.3212 
 0.4408 
 0.5777 
 0.7312 
 0.9004 
 1.0844 
 1.2821 
 1.4925 
 1.7144 
 1.9466 
 2.1879 
 2.4372 
 2.6931 
 2.9544 
 3.2200 
 3.4886 
 3.7591 
 4.0303 
 4.3011 
 4.5705 
 4.8375 
 5.1011 
 5.3606 
 0.0000 
 0.0000 
 0.0000 
 0.0000 
 0.0000 
 0.0000 
 0.0000 
 0.0000 
 0.0000 
 0.0000 
 0.0000 
 0.0000 
 0.0000 
 0.0000 
 20.0000 
 20.0000 
 20.0000 
 20.0000 
 20.0000 
 20.0000 
 20.0000 
 20.0000 
 20.0000 
 20.0000 
 20.0000 
 20.0000 
 20.0000 
 20.0000 
 10.0000 
 10.0000 
 10.0000 
 10.0000 
 10.0000 
 10.0000 
 10.0000 
 10.0000 
 10.0000 
 10.0000 
 10.0000 
 10.0000 
 10.0000 
 10.0000 
 10.0000 
 5.5067 
 5.2500 
 4.9886 
 4.7234 
 4.4553 
 4.1851 
 3.9141 
 3.6430 
 3.3732 
 3.1058 
 2.8418 
 2.5827 
 2.3295 
 2.0834 
 1.8459 
 1.6179 
 1.4009 
 1.1958 
 1.0038 
 0.8260 
 0.6634 
 0.5169 
 0.3874 
 0.2755 
 0.1820 
 0.1074 
 0.0521 
 0.0165 
 0.0008 
 0.0051 
 0.0293 
 0.0734 
 0.1370 
 0.2198 
 0.3212 
 0.4408 
 0.5777 
 0.7312 
 0.9004 
 1.0844 
 1.2821 
 1.4925 
 1.7144 
 1.9466 
 2.1879 
 2.4372 
 2.6931 
 2.9544 
 3.2200 
 3.4886 
 3.7591 
 4.0303 
 4.3011 
 4.5705 
 4.8375 
 5.1011 
 5.3606 
 0.0000 
 0.0000 
 0.0000 
 0.0000 
 0.0000 
 0.0000 
 0.0000 
 0.0000 
 0.0000 
 0.0000 
 0.0000 
 0.0000 
 0.0000 
 0.0000 
 20.0000 
 20.0000 
 20.0000 
 20.0000 
 20.0000 
 20.0000 
 20.0000 
 20.0000 
 20.0000 
 20.0000 
 20.0000 
 20.0000 
 20.0000 
 20.0000 
 10.0000 
 10.0000 
 10.0000 
 10.0000 
 10.0000 
 10.0000 
 10.0000 
 10.0000 
 10.0000 
 10.0000 
 10.0000 
 10.0000 
 10.0000 
 10.0000 
 10.0000 
 5.5067 
 5.2500 
 4.9886 
 4.7234 
 4.4553 
 4.1851 
 3.9141 
 3.6430 
 3.3732 
 3.1058 
 2.8418 
 2.5827 
 2.3295 
 2.0834 
 1.8459 
 1.6179 
 1.4009 
 1.1958 
 1.0038 
 0.8260 
 0.6634 
 0.5169 
 0.3874 
 0.2755 
 0.1820 
 0.1074 
 0.0521 
 0.0165 
 0.0008 
 0.0051 
 0.0293 
 0.0734 
 0.1370 
 0.2198 
 0.3212 
 0.4408 
 0.5777 
 0.7312 
 0.9004 
 1.0844 
 1.2821 
 1.4925 
 1.7144 
 1.9466 
 2.1879 
 2.4372 
 2.6931 
 2.9544 
 3.2200 
 3.4886 
 3.7591 
 4.0303 
 4.3011 
 4.5705 
 4.8375 
 5.1011 
 5.3606 
 0.0000 
 0.0000 
 0.0000 
 0.0000 
 0.0000 
 0.0000 
 0.0000 
 0.0000 
 0.0000 
 0.0000 
 0.0000 
 0.0000 
 0.0000 
 0.0000 
 20.0000 
 20.0000 
 20.0000 
 20.0000 
 20.0000 
 20.0000 
 20.0000 
 20.0000 
 20.0000 
 20.0000 
 20.0000 
 20.0000 
 20.0000 
 20.0000 
 10.0000 
 10.0000 
 10.0000 
 10.0000 
 10.0000 
 10.0000 
 10.0000 
 10.0000 
 10.0000 
 10.0000 
 10.0000 
 10.0000 
 10.0000 
 10.0000 
 10.0000 
 5.5067 
 5.2500 
 4.9886 
 4.7234 
 4.4553 
 4.1851 
 3.9141 
 3.6430 
 3.3732 
 3.1058 
 2.8418 
 2.5827 
 2.3295 
 2.0834 
 1.8459 
 1.6179 
 1.4009 
 1.1958 
 1.0038 
 0.8260 
 0.6634 
 0.5169 
 0.3874 
 0.2755 
 0.1820 
 0.1074 
 0.0521 
 0.0165 
 0.0008 
 0.0051 
 0.0293 
 0.0734 
 0.1370 
 0.2198 
 0.3212 
 0.4408 
 0.5777 
 0.7312 
 0.9004 
 1.0844 
 1.2821 
 1.4925 
 1.7144 
 1.9466 
 2.1879 
 2.4372 
 2.6931 
 2.9544 
 3.2200 
 3.4886 
 3.7591 
 4.0303 
 4.3011 
 4.5705 
 4.8375 
 5.1011 
 5.3606 
 0.0000 
 0.0000 
 0.0000 
 0.0000 
 0.0000 
 0.0000 
 0.0000 
 0.0000 
 0.0000 
 0.0000 
 0.0000 
 0.0000 
 0.0000 
 0.0000 
 20.0000 
 20.0000 
 20.0000 
 20.0000 
 20.0000 
 20.0000 
 20.0000 
 20.0000 
 20.0000 
 20.0000 
 20.0000 
 20.0000 
 20.0000 
 20.0000 
 10.0000 
 10.0000 
 10.0000 
 10.0000 
 10.0000 
 10.0000 
 10.0000 
 10.0000 
 10.0000 
 10.0000 
 10.0000 
 10.0000 
 10.0000 
 10.0000 
 10.0000 
 5.5067 
 5.2500 
 4.9886 
 4.7234 
 4.4553 
 4.1851 
 3.9141 
 3.6430 
 3.3732 
 3.1058 
 2.8418 
 2.5827 
 2.3295 
 2.0834 
 1.8459 
 1.6179 
 1.4009 
 1.1958 
 1.0038 
 0.8260 
 0.6634 
 0.5169 
 0.3874 
 0.2755 
 0.1820 
 0.1074 
 0.0521 
 0.0165 
 0.0008 
 0.0051 
 0.0293 
 0.0734 
 0.1370 
 0.2198 
 0.3212 
 0.4408 
 0.5777 
 0.7312 
 0.9004 
 1.0844 
 1.2821 
 1.4925 
 1.7144 
 1.9466 
 2.1879 
 2.4372 
 2.6931 
 2.9544 
 3.2200 
 3.4886 
 3.7591 
 4.0303 
 4.3011 
 4.5705 
 4.8375 
 5.1011 
 5.3606 
 0.0000 
 0.0000 
 0.0000 
 0.0000 
 0.0000 
 0.0000 
 0.0000 
 0.0000 
 0.0000 
 0.0000 
 0.0000 
 0.0000 
 0.0000 
 0.0000 
 20.0000 
 20.0000 
 20.0000 
 20.0000 
 20.0000 
 20.0000 
 20.0000 
 20.0000 
 20.0000 
 20.0000 
 20.0000 
 20.0000 
 20.0000 
 20.0000 
 10.0000 
 10.0000 
 10.0000 
 10.0000 
 10.0000 
 10.0000 
 10.0000 
 10.0000 
 10.0000 
 10.0000 
 10.0000 
 10.0000 
 10.0000 
 10.0000 
 10.0000 
 5.5067 
 5.2500 
 4.9886 
 4.7234 
 4.4553 
 4.1851 
 3.9141 
 3.6430 
 3.3732 
 3.1058 
 2.8418 
 2.5827 
 2.3295 
 2.0834 
 1.8459 
 1.6179 
 1.4009 
 1.1958 
 1.0038 
 0.8260 
 0.6634 
 0.5169 
 0.3874 
 0.2755 
 0.1820 
 0.1074 
 0.0521 
 0.0165 
 0.0008 
 0.0051 
 0.0293 
 0.0734 
 0.1370 
 0.2198 
 0.3212 
 0.4408 
 0.5777 
 0.7312 
 0.9004 
 1.0844 
 1.2821 
 1.4925 
 1.7144 
 1.9466 
 2.1879 
 2.4372 
 2.6931 
 2.9544 
 3.2200 
 3.4886 
 3.7591 
 4.0303 
 4.3011 
 4.5705 
 4.8375 
 5.1011 
 5.3606 
 0.0000 
 0.0000 
 0.0000 
 0.0000 
 0.0000 
 0.0000 
 0.0000 
 0.0000 
 0.0000 
 0.0000 
 0.0000 
 0.0000 
 0.0000 
 0.0000 
 20.0000 
 20.0000 
 20.0000 
 20.0000 
 20.0000 
 20.0000 
 20.0000 
 20.0000 
 20.0000 
 20.0000 
 20.0000 
 20.0000 
 20.0000 
 20.0000 
 10.0000 
 10.0000 
 10.0000 
 10.0000 
 10.0000 
 10.0000 
 10.0000 
 10.0000 
 10.0000 
 10.0000 
 10.0000 
 10.0000 
 10.0000 
 10.0000 
 10.0000 
 5.5067 
 5.2500 
 4.9886 
 4.7234 
 4.4553 
 4.1851 
 3.9141 
 3.6430 
 3.3732 
 3.1058 
 2.8418 
 2.5827 
 2.3295 
 2.0834 
 1.8459 
 1.6179 
 1.4009 
 1.1958 
 1.0038 
 0.8260 
 0.6634 
 0.5169 
 0.3874 
 0.2755 
 0.1820 
 0.1074 
 0.0521 
 0.0165 
 0.0008 
 0.0051 
 0.0293 
 0.0734 
 0.1370 
 0.2198 
 0.3212 
 0.4408 
 0.5777 
 0.7312 
 0.9004 
 1.0844 
 1.2821 
 1.4925 
 1.7144 
 1.9466 
 2.1879 
 2.4372 
 2.6931 
 2.9544 
 3.2200 
 3.4886 
 3.7591 
 4.0303 
 4.3011 
 4.5705 
 4.8375 
 5.1011 
 5.3606 
 0.0000 
 0.0000 
 0.0000 
 0.0000 
 0.0000 
 0.0000 
 0.0000 
 0.0000 
 0.0000 
 0.0000 
 0.0000 
 0.0000 
 0.0000 
 0.0000 
 20.0000 
 20.0000 
 20.0000 
 20.0000 
 20.0000 
 20.0000 
 20.0000 
 20.0000 
 20.0000 
 20.0000 
 20.0000 
 20.0000 
 20.0000 
 20.0000 
 10.0000 
 10.0000 
 10.0000 
 10.0000 
 10.0000 
 10.0000 
 10.0000 
 10.0000 
 10.0000 
 10.0000 
 10.0000 
 10.0000 
 10.0000 
 10.0000 
 10.0000 
 5.5067 
 5.2500 
 4.9886 
 4.7234 
 4.4553 
 4.1851 
 3.9141 
 3.6430 
 3.3732 
 3.1058 
 2.8418 
 2.5827 
 2.3295 
 2.0834 
 1.8459 
 1.6179 
 1.4009 
 1.1958 
 1.0038 
 0.8260 
 0.6634 
 0.5169 
 0.3874 
 0.2755 
 0.1820 
 0.1074 
 0.0521 
 0.0165 
 0.0008 
 0.0051 
 0.0293 
 0.0734 
 0.1370 
 0.2198 
 0.3212 
 0.4408 
 0.5777 
 0.7312 
 0.9004 
 1.0844 
 1.2821 
 1.4925 
 1.7144 
 1.9466 
 2.1879 
 2.4372 
 2.6931 
 2.9544 
 3.2200 
 3.4886 
 3.7591 
 4.0303 
 4.3011 
 4.5705 
 4.8375 
 5.1011 
 5.3606 
 0.0000 
 0.0000 
 0.0000 
 0.0000 
 0.0000 
 0.0000 
 0.0000 
 0.0000 
 0.0000 
 0.0000 
 0.0000 
 0.0000 
 0.0000 
 0.0000 
 20.0000 
 20.0000 
 20.0000 
 20.0000 
 20.0000 
 20.0000 
 20.0000 
 20.0000 
 20.0000 
 20.0000 
 20.0000 
 20.0000 
 20.0000 
 20.0000 
 10.0000 
 10.0000 
 10.0000 
 10.0000 
 10.0000 
 10.0000 
 10.0000 
 10.0000 
 10.0000 
 10.0000 
 10.0000 
 10.0000 
 10.0000 
 10.0000 
 10.0000 
 5.5067 
 5.2500 
 4.9886 
 4.7234 
 4.4553 
 4.1851 
 3.9141 
 3.6430 
 3.3732 
 3.1058 
 2.8418 
 2.5827 
 2.3295 
 2.0834 
 1.8459 
 1.6179 
 1.4009 
 1.1958 
 1.0038 
 0.8260 
 0.6634 
 0.5169 
 0.3874 
 0.2755 
 0.1820 
 0.1074 
 0.0521 
 0.0165 
 0.0008 
 0.0051 
 0.0293 
 0.0734 
 0.1370 
 0.2198 
 0.3212 
 0.4408 
 0.5777 
 0.7312 
 0.9004 
 1.0844 
 1.2821 
 1.4925 
 1.7144 
 1.9466 
 2.1879 
 2.4372 
 2.6931 
 2.9544 
 3.2200 
 3.4886 
 3.7591 
 4.0303 
 4.3011 
 4.5705 
 4.8375 
 5.1011 
 5.3606 
 0.0000 
 0.0000 
 0.0000 
 0.0000 
 0.0000 
 0.0000 
 0.0000 
 0.0000 
 0.0000 
 0.0000 
 0.0000 
 0.0000 
 0.0000 
 0.0000 
 20.0000 
 20.0000 
 20.0000 
 20.0000 
 20.0000 
 20.0000 
 20.0000 
 20.0000 
 20.0000 
 20.0000 
 20.0000 
 20.0000 
 20.0000 
 20.0000 
 10.0000 
 10.0000 
 10.0000 
 10.0000 
 10.0000 
 10.0000 
 10.0000 
 10.0000 
 10.0000 
 10.0000 
 10.0000 
 10.0000 
 10.0000 
 10.0000 
 10.0000 
 5.5067 
 5.2500 
 4.9886 
 4.7234 
 4.4553 
 4.1851 
 3.9141 
 3.6430 
 3.3732 
 3.1058 
 2.8418 
 2.5827 
 2.3295 
 2.0834 
 1.8459 
 1.6179 
 1.4009 
 1.1958 
 1.0038 
 0.8260 
 0.6634 
 0.5169 
 0.3874 
 0.2755 
 0.1820 
 0.1074 
 0.0521 
 0.0165 
 0.0008 
 0.0051 
 0.0293 
 0.0734 
 0.1370 
 0.2198 
 0.3212 
 0.4408 
 0.5777 
 0.7312 
 0.9004 
 1.0844 
 1.2821 
 1.4925 
 1.7144 
 1.9466 
 2.1879 
 2.4372 
 2.6931 
 2.9544 
 3.2200 
 3.4886 
 3.7591 
 4.0303 
 4.3011 
 4.5705 
 4.8375 
 5.1011 
 5.3606 
 0.0000 
 0.0000 
 0.0000 
 0.0000 
 0.0000 
 0.0000 
 0.0000 
 0.0000 
 0.0000 
 0.0000 
 0.0000 
 0.0000 
 0.0000 
 0.0000 
 20.0000 
 20.0000 
 20.0000 
 20.0000 
 20.0000 
 20.0000 
 20.0000 
 20.0000 
 20.0000 
 20.0000 
 20.0000 
 20.0000 
 20.0000 
 20.0000 
 10.0000 
 10.0000 
 10.0000 
 10.0000 
 10.0000 
 10.0000 
 10.0000 
 10.0000 
 10.0000 
 10.0000 
 10.0000 
 10.0000 
 10.0000 
 10.0000 
 10.0000 
 5.5067 
 5.2500 
 4.9886 
 4.7234 
 4.4553 
 4.1851 
 3.9141 
 3.6430 
 3.3732 
 3.1058 
 2.8418 
 2.5827 
 2.3295 
 2.0834 
 1.8459 
 1.6179 
 1.4009 
 1.1958 
 1.0038 
 0.8260 
 0.6634 
 0.5169 
 0.3874 
 0.2755 
 0.1820 
 0.1074 
 0.0521 
 0.0165 
 0.0008 
 0.0051 
 0.0293 
 0.0734 
 0.1370 
 0.2198 
 0.3212 
 0.4408 
 0.5777 
 0.7312 
 0.9004 
 1.0844 
 1.2821 
 1.4925 
 1.7144 
 1.9466 
 2.1879 
 2.4372 
 2.6931 
 2.9544 
 3.2200 
 3.4886 
 3.7591 
 4.0303 
 4.3011 
 4.5705 
 4.8375 
 5.1011 
 5.3606 
 0.0000 
 0.0000 
 0.0000 
 0.0000 
 0.0000 
 0.0000 
 0.0000 
 0.0000 
 0.0000 
 0.0000 
 0.0000 
 0.0000 
 0.0000 
 0.0000 
 20.0000 
 20.0000 
 20.0000 
 20.0000 
 20.0000 
 20.0000 
 20.0000 
 20.0000 
 20.0000 
 20.0000 
 20.0000 
 20.0000 
 20.0000 
 20.0000 
 10.0000 
 10.0000 
 10.0000 
 10.0000 
 10.0000 
 10.0000 
 10.0000 
 10.0000 
 10.0000 
 10.0000 
 10.0000 
 10.0000 
 10.0000 
 10.0000 
 10.0000 
 5.5067 
 5.2500 
 4.9886 
 4.7234 
 4.4553 
 4.1851 
 3.9141 
 3.6430 
 3.3732 
 3.1058 
 2.8418 
 2.5827 
 2.3295 
 2.0834 
 1.8459 
 1.6179 
 1.4009 
 1.1958 
 1.0038 
 0.8260 
 0.6634 
 0.5169 
 0.3874 
 0.2755 
 0.1820 
 0.1074 
 0.0521 
 0.0165 
 0.0008 
 0.0051 
 0.0293 
 0.0734 
 0.1370 
 0.2198 
 0.3212 
 0.4408 
 0.5777 
 0.7312 
 0.9004 
 1.0844 
 1.2821 
 1.4925 
 1.7144 
 1.9466 
 2.1879 
 2.4372 
 2.6931 
 2.9544 
 3.2200 
 3.4886 
 3.7591 
 4.0303 
 4.3011 
 4.5705 
 4.8375 
 5.1011 
 5.3606 
 0.0000 
 0.0000 
 0.0000 
 0.0000 
 0.0000 
 0.0000 
 0.0000 
 0.0000 
 0.0000 
 0.0000 
 0.0000 
 0.0000 
 0.0000 
 0.0000 
 20.0000 
 20.0000 
 20.0000 
 20.0000 
 20.0000 
 20.0000 
 20.0000 
 20.0000 
 20.0000 
 20.0000 
 20.0000 
 20.0000 
 20.0000 
 20.0000 
 10.0000 
 10.0000 
 10.0000 
 10.0000 
 10.0000 
 10.0000 
 10.0000 
 10.0000 
 10.0000 
 10.0000 
 10.0000 
 10.0000 
 10.0000 
 10.0000 
 10.0000 
 5.5067 
 5.2500 
 4.9886 
 4.7234 
 4.4553 
 4.1851 
 3.9141 
 3.6430 
 3.3732 
 3.1058 
 2.8418 
 2.5827 
 2.3295 
 2.0834 
 1.8459 
 1.6179 
 1.4009 
 1.1958 
 1.0038 
 0.8260 
 0.6634 
 0.5169 
 0.3874 
 0.2755 
 0.1820 
 0.1074 
 0.0521 
 0.0165 
 0.0008 
 0.0051 
 0.0293 
 0.0734 
 0.1370 
 0.2198 
 0.3212 
 0.4408 
 0.5777 
 0.7312 
 0.9004 
 1.0844 
 1.2821 
 1.4925 
 1.7144 
 1.9466 
 2.1879 
 2.4372 
 2.6931 
 2.9544 
 3.2200 
 3.4886 
 3.7591 
 4.0303 
 4.3011 
 4.5705 
 4.8375 
 5.1011 
 5.3606 
 0.0000 
 0.0000 
 0.0000 
 0.0000 
 0.0000 
 0.0000 
 0.0000 
 0.0000 
 0.0000 
 0.0000 
 0.0000 
 0.0000 
 0.0000 
 0.0000 
 20.0000 
 20.0000 
 20.0000 
 20.0000 
 20.0000 
 20.0000 
 20.0000 
 20.0000 
 20.0000 
 20.0000 
 20.0000 
 20.0000 
 20.0000 
 20.0000 
 10.0000 
 10.0000 
 10.0000 
 10.0000 
 10.0000 
 10.0000 
 10.0000 
 10.0000 
 10.0000 
 10.0000 
 10.0000 
 10.0000 
 10.0000 
 10.0000 
 10.0000 
 10.0000 
 10.0000 
 10.0000 
 10.0000 
 10.0000 
 10.0000 
 10.0000 
 10.0000 
 10.0000 
 10.0000 
 10.0000 
 10.0000 
 10.0000 
 10.0000 
 10.0000 
 10.0000 
 10.0000 
 10.0000 
 10.0000 
 10.0000 
 10.0000 
 10.0000 
 10.0000 
 10.0000 
 10.0000 
 10.0000 
 10.0000 
 10.0000 
 10.0000 
 10.0000 
 10.0000 
 10.0000 
 10.0000 
 10.0000 
 10.0000 
 10.0000 
 10.0000 
 10.0000 
 10.0000 
 10.0000 
 10.0000 
 10.0000 
 10.0000 
 10.0000 
 10.0000 
 10.0000 
 10.0000 
 10.0000 
 10.0000 
 10.0000 
 10.0000 
 10.0000 
 10.0000 
 10.0000 
 10.0000 
 10.0000 
 10.0000 
 10.0000 
 10.0000 
 10.0000 
 10.0000 
 10.0000 
 10.0000 
 10.0000 
 10.0000 
 10.0000 
 10.0000 
 10.0000 
 10.0000 
 10.0000 
 10.0000 
 10.0000 
 10.0000 
 10.0000 
 10.0000 
 10.0000 
 10.0000 
 10.0000 
 10.0000 
 10.0000 
 10.0000 
 10.0000 
 10.0000 
 10.0000 
 10.0000 
 10.0000 
 10.0000 
 10.0000 
 10.0000 
 10.0000 
 10.0000 
 10.0000 
 10.0000 
 10.0000 
 10.0000 
 10.0000 
 10.0000 
 10.0000 
 10.0000 
 10.0000 
 10.0000 
 10.0000 
 10.0000 
 10.0000 
 10.0000 
 10.0000 
 10.0000 
 10.0000 
 10.0000 
 10.0000 
 10.0000 
 10.0000 
 10.0000 
 10.0000 
 10.0000 
 10.0000 
 10.0000 
 10.0000 
 10.0000 
 10.0000 
 10.0000 
 10.0000 
 10.0000 
 10.0000 
 10.0000 
 10.0000 
 10.0000 
 10.0000 
 10.0000 
 10.0000 
 10.0000 
 10.0000 
 10.0000 
 10.0000 
 10.0000 
 10.0000 
 10.0000 
 10.0000 
 10.0000 
 10.0000 
 10.0000 
 10.0000 
 10.0000 
 10.0000 
 10.0000 
 10.0000 
 10.0000 
 10.0000 
 10.0000 
 10.0000 
 10.0000 
 10.0000 
 10.0000 
 10.0000 
 10.0000 
 10.0000 
 10.0000 
 10.0000 
 10.0000 
 10.0000 
 10.0000 
 10.0000 
 10.0000 
 10.0000 
 10.0000 
 10.0000 
 10.0000 
 10.0000 
 10.0000 
 10.0000 
 10.0000 
 10.0000 
 10.0000 
 10.0000 
 10.0000 
 10.0000 
 10.0000 
 10.0000 
 10.0000 
 10.0000 
 10.0000 
 10.0000 
 10.0000 
 10.0000 
 10.0000 
 10.0000 
 10.0000 
 10.0000 
 10.0000 
 10.0000 
 10.0000 
 10.0000 
 10.0000 
 10.0000 
 10.0000 
 10.0000 
 10.0000 
 10.0000 
 10.0000 
 10.0000 
 10.0000 
 10.0000 
 10.0000 
 10.0000 
 10.0000 
 10.0000 
 10.0000 
 10.0000 
 10.0000 
 10.0000 
 10.0000 
 10.0000 
 10.0000 
 10.0000 
 10.0000 
 10.0000 
 10.0000 
 10.0000 
 10.0000 
 10.0000 
 10.0000 
 10.0000 
 10.0000 
 10.0000 
 10.0000 
 10.0000 
 10.0000 
 10.0000 
 10.0000 
 10.0000 
 10.0000 
 10.0000 
 10.0000 
 10.0000 
 10.0000 
 10.0000 
 10.0000 
 10.0000 
 10.0000 
 10.0000 
 10.0000 
 10.0000 
 10.0000 
 10.0000 
 10.0000 
 10.0000 
 10.0000 
 10.0000 
 10.0000 
 10.0000 
 10.0000 
 10.0000 
 10.0000 
 10.0000 
 10.0000 
 10.0000 
 10.0000 
 10.0000 
 10.0000 
 10.0000 
 10.0000 
 10.0000 
 10.0000 
 10.0000 
 10.0000 
 10.0000 
 10.0000 
 10.0000 
 10.0000 
 10.0000 
 10.0000 
 10.0000 
 10.0000 
 10.0000 
 10.0000 
 10.0000 
 10.0000 
 10.0000 
 10.0000 
 10.0000 
 10.0000 
 10.0000 
 10.0000 
 10.0000 
 10.0000 
 10.0000 
 10.0000 
 10.0000 
 10.0000 
 10.0000 
 10.0000 
 10.0000 
 10.0000 
 10.0000 
 10.0000 
 10.0000 
 10.0000 
 10.0000 
 10.0000 
 10.0000 
 10.0000 
 10.0000 
 10.0000 
 10.0000 
 10.0000 
 10.0000 
 10.0000 
 10.0000 
 10.0000 
 10.0000 
 10.0000 
 10.0000 
 10.0000 
 10.0000 
 10.0000 
 10.0000 
 10.0000 
 10.0000 
 10.0000 
 10.0000 
 10.0000 
 10.0000 
 10.0000 
 10.0000 
 10.0000 
 10.0000 
 10.0000 
 10.0000 
 10.0000 
 10.0000 
 10.0000 
 10.0000 
 10.0000 
 10.0000 
 10.0000 
 10.0000 
 10.0000 
 10.0000 
 10.0000 
 10.0000 
 10.0000 
 10.0000 
 10.0000 
 10.0000 
 10.0000 
 10.0000 
 10.0000 
 10.0000 
 10.0000 
 10.0000 
 10.0000 
 10.0000 
 10.0000 
 10.0000 
 10.0000 
 10.0000 
 10.0000 
 10.0000 
 10.0000 
 10.0000 
 10.0000 
 10.0000 
 10.0000 
 10.0000 
 10.0000 
 10.0000 
 10.0000 
 10.0000 
 10.0000 
 10.0000 
 10.0000 
 10.0000 
 10.0000 
 10.0000 
 10.0000 
 10.0000 
 10.0000 
 10.0000 
 10.0000 
 10.0000 
 10.0000 
 10.0000 
 10.0000 
 10.0000 
 10.0000 
 10.0000 
 10.0000 
 10.0000 
 10.0000 
 10.0000 
 10.0000 
 10.0000 
 10.0000 
 10.0000 
 10.0000 
 10.0000 
 10.0000 
 10.0000 
 10.0000 
 10.0000 
 10.0000 
 10.0000 
 10.0000 
 10.0000 
 10.0000 
 10.0000 
 10.0000 
 10.0000 
 10.0000 
 10.0000 
 10.0000 
 10.0000 
 10.0000 
 10.0000 
 10.0000 
 10.0000 
 10.0000 
 10.0000 
 10.0000 
 10.0000 
 10.0000 
 10.0000 
 10.0000 
 10.0000 
 10.0000 
 10.0000 
 10.0000 
 10.0000 
 10.0000 
 10.0000 
 10.0000 
 10.0000 
 10.0000 
 10.0000 
 10.0000 
 10.0000 
 10.0000 
 10.0000 
 10.0000 
 10.0000 
 10.0000 
 10.0000 
 10.0000 
 10.0000 
 10.0000 
 10.0000 
 10.0000 
 10.0000 
 10.0000 
 10.0000 
 10.0000 
 10.0000 
 10.0000 
 10.0000 
 10.0000 
 10.0000 
 10.0000 
 10.0000 
 10.0000 
 10.0000 
 10.0000 
 10.0000 
 10.0000 
 10.0000 
 10.0000 
 10.0000 
 10.0000 
 10.0000 
 10.0000 
 10.0000 
 10.0000 
 10.0000 
 10.0000 
 10.0000 
 10.0000 
 10.0000 
 10.0000 
 10.0000 
 10.0000 
 10.0000 
 10.0000 
 10.0000 
 10.0000 
 10.0000 
 10.0000 
 10.0000 
 10.0000 
 10.0000 
 10.0000 
 10.0000 
 10.0000 
 10.0000 
 10.0000 
 10.0000 
 10.0000 
 10.0000 
 10.0000 
 10.0000 
 10.0000 
 10.0000 
 10.0000 
 10.0000 
 10.0000 
 10.0000 
 10.0000 
 10.0000 
 10.0000 
 10.0000 
 10.0000 
 10.0000 
 10.0000 
 10.0000 
 10.0000 
 10.0000 
 10.0000 
 10.0000 
 10.0000 
 10.0000 
 10.0000 
 10.0000 
 10.0000 
 10.0000 
 10.0000 
 10.0000 
 10.0000 
 10.0000 
 10.0000 
 10.0000 
 10.0000 
 10.0000 
 10.0000 
 10.0000 
 10.0000 
 10.0000 
 10.0000 
 10.0000 
 10.0000 
 10.0000 
 10.0000 
 10.0000 
 10.0000 
 10.0000 
 10.0000 
 10.0000 
 10.0000 
 10.0000 
 10.0000 
 10.0000 
 10.0000 
 10.0000 
 10.0000 
 10.0000 
 10.0000 
 10.0000 
 10.0000 
 10.0000 
 10.0000 
 10.0000 
 10.0000 
 10.0000 
 10.0000 
 10.0000 
 10.0000 
 10.0000 
 10.0000 
 10.0000 
 10.0000 
 10.0000 
 10.0000 
 10.0000 
 10.0000 
 10.0000 
 10.0000 
 10.0000 
 10.0000 
 10.0000 
 10.0000 
 10.0000 
 10.0000 
 10.0000 
 10.0000 
 10.0000 
 10.0000 
 10.0000 
 10.0000 
 10.0000 
 10.0000 
 10.0000 
 10.0000 
 10.0000 
 10.0000 
 10.0000 
 10.0000 
 10.0000 
 10.0000 
 10.0000 
 10.0000 
 10.0000 
 10.0000 
 10.0000 
 10.0000 
 10.0000 
 10.0000 
 10.0000 
 10.0000 
 10.0000 
 10.0000 
 10.0000 
 10.0000 
 10.0000 
 10.0000 
 10.0000 
 10.0000 
 10.0000 
 10.0000 
 10.0000 
 10.0000 
 10.0000 
 10.0000 
 10.0000 
 10.0000 
 10.0000 
 10.0000 
 10.0000 
 10.0000 
 10.0000 
 10.0000 
 10.0000 
 10.0000 
 10.0000 
 10.0000 
 10.0000 
 10.0000 
 10.0000 
 10.0000 
 10.0000 
 10.0000 
 10.0000 
 10.0000 
 10.0000 
 10.0000 
 10.0000 
 10.0000 
 10.0000 
 10.0000 
 10.0000 
 10.0000 
 10.0000 
 10.0000 
 10.0000 
 10.0000 
 10.0000 
 10.0000 
 10.0000 
 10.0000 
 10.0000 
 10.0000 
 10.0000 
 10.0000 
 10.0000 
 10.0000 
 10.0000 
 10.0000 
 10.0000 
 10.0000 
 10.0000 
 10.0000 
 10.0000 
 10.0000 
 10.0000 
 10.0000 
 10.0000 
 10.0000 
 10.0000 
 10.0000 
 10.0000 
 10.0000 
 10.0000 
 10.0000 
 10.0000 
 10.0000 
 10.0000 
 10.0000 
 10.0000 
 10.0000 
 10.0000 
 10.0000 
 10.0000 
 10.0000 
 10.0000 
 10.0000 
 10.0000 
 10.0000 
 10.0000 
 10.0000 
 10.0000 
 10.0000 
 10.0000 
 10.0000 
 10.0000 
 10.0000 
 10.0000 
 10.0000 
 10.0000 
 10.0000 
 10.0000 
 10.0000 
 10.0000 
 10.0000 
 10.0000 
 10.0000 
 10.0000 
 10.0000 
 10.0000 
 10.0000 
 10.0000 
 10.0000 
 10.0000 
 10.0000 
 10.0000 
 10.0000 
 10.0000 
 10.0000 
 10.0000 
 10.0000 
 10.0000 
 10.0000 
 10.0000 
 10.0000 
 10.0000 
 10.0000 
 10.0000 
 10.0000 
 10.0000 
 10.0000 
 10.0000 
 10.0000 
 10.0000 
 10.0000 
 10.0000 
 10.0000 
 10.0000 
 10.0000 
 10.0000 
 10.0000 
 10.0000 
 10.0000 
 10.0000 
 10.0000 
 10.0000 
 10.0000 
 10.0000 
 10.0000 
 10.0000 
 10.0000 
 10.0000 
 10.0000 
 10.0000 
 10.0000 
 10.0000 
 10.0000 
 10.0000 
 10.0000 
 10.0000 
 10.0000 
 10.0000 
 10.0000 
 10.0000 
 10.0000 
 10.0000 
 10.0000 
 10.0000 
 10.0000 
 10.0000 
 10.0000 
 10.0000 
 10.0000 
 10.0000 
 10.0000 
 10.0000 
 10.0000 
 10.0000 
 10.0000 
 10.0000 
 10.0000 
 10.0000 
 10.0000 
 10.0000 
 10.0000 
 10.0000 
 10.0000 
 10.0000 
 10.0000 
 10.0000 
 10.0000 
 10.0000 
 10.0000 
 10.0000 
 10.0000 
 10.0000 
 10.0000 
 10.0000 
 10.0000 
 10.0000 
 10.0000 
 10.0000 
 10.0000 
 10.0000 
 10.0000 
 10.0000 
 10.0000 
 10.0000 
 10.0000 
 10.0000 
 10.0000 
 10.0000 
 10.0000 
 10.0000 
 10.0000 
 10.0000 
 10.0000 
 10.0000 
 10.0000 
 10.0000 
 10.0000 
 10.0000 
 10.0000 
 10.0000 
 10.0000 
 10.0000 
 10.0000 
 10.0000 
 10.0000 
 10.0000 
 10.0000 
 10.0000 
 10.0000 
 10.0000 
 10.0000 
 10.0000 
 10.0000 
 10.0000 
 10.0000 
 10.0000 
 10.0000 
 10.0000 
 10.0000 
 10.0000 
 10.0000 
 10.0000 
 10.0000 
 10.0000 
 10.0000 
 10.0000 
 10.0000 
 10.0000 
 10.0000 
 10.0000 
 10.0000 
 10.0000 
 10.0000 
 10.0000 
 10.0000 
 10.0000 
 10.0000 
 10.0000 
 10.0000 
 10.0000 
 10.0000 
 10.0000 
 10.0000 
 10.0000 
 10.0000 
 10.0000 
 10.0000 
 10.0000 
 10.0000 
 10.0000 
 10.0000 
 10.0000 
 10.0000 
 10.0000 
 10.0000 
 10.0000 
 10.0000 
 10.0000 
 10.0000 
 10.0000 
 10.0000 
 10.0000 
 10.0000 
 10.0000 
 10.0000 
 10.0000 
 10.0000 
 10.0000 
 10.0000 
 10.0000 
 10.0000 
 10.0000 
 10.0000 
 10.0000 
 10.0000 
 10.0000 
 10.0000 
 10.0000 
 10.0000 
 10.0000 
 10.0000 
 10.0000 
 10.0000 
 10.0000 
 10.0000 
 10.0000 
 10.0000 
 10.0000 
 10.0000 
 10.0000 
 10.0000 
 10.0000 
 10.0000 
 10.0000 
 10.0000 
 10.0000 
 10.0000 
 10.0000 
 10.0000 
 10.0000 
 10.0000 
 10.0000 
 10.0000 
 10.0000 
 10.0000 
 10.0000 
 10.0000 
 10.0000 
 10.0000 
 10.0000 
 10.0000 
 10.0000 
 10.0000 
 10.0000 
 10.0000 
 10.0000 
 10.0000 
 10.0000 
 10.0000 
 10.0000 
 10.0000 
 10.0000 
 10.0000 
 10.0000 
 10.0000 
 10.0000 
 10.0000 
 10.0000 
 10.0000 
 10.0000 
 10.0000 
 10.0000 
 10.0000 
 10.0000 
 10.0000 
 10.0000 
 10.0000 
 10.0000 
 10.0000 
 10.0000 
 10.0000 
 10.0000 
 10.0000 
 10.0000 
 10.0000 
 10.0000 
 10.0000 
 10.0000 
 10.0000 
 10.0000 
 10.0000 
 10.0000 
 10.0000 
 10.0000 
 10.0000 
 10.0000 
 10.0000 
 10.0000 
 10.0000 
 10.0000 
 10.0000 
 10.0000 
 10.0000 
 10.0000 
 10.0000 
 10.0000 
 10.0000 
 10.0000 
 10.0000 
 10.0000 
 10.0000 
 10.0000 
 10.0000 
 10.0000 
 10.0000 
 10.0000 
 10.0000 
 10.0000 
 10.0000 
 10.0000 
 10.0000 
 10.0000 
 10.0000 
 10.0000 
 10.0000 
 10.0000 
 10.0000 
 10.0000 
 10.0000 
 10.0000 
 10.0000 
 10.0000 
 10.0000 
 10.0000 
 10.0000 
 10.0000 
 10.0000 
 10.0000 
 10.0000 
 10.0000 
 10.0000 
 10.0000 
 10.0000 
 10.0000 
 10.0000 
 10.0000 
 10.0000 
 10.0000 
 10.0000 
 10.0000 
 10.0000 
 10.0000 
 10.0000 
 10.0000 
 10.0000 
 10.0000 
 10.0000 
 10.0000 
 10.0000 
 10.0000 
 10.0000 
 10.0000 
 10.0000 
 10.0000 
 10.0000 
 10.0000 
 10.0000 
 10.0000 
 10.0000 
 10.0000 
 10.0000 
 10.0000 
 10.0000 
 10.0000 
 10.0000 
 10.0000 
 10.0000 
 10.0000 
 10.0000 
 10.0000 
 10.0000 
 10.0000 
 10.0000 
 10.0000 
 10.0000 
 10.0000 
 10.0000 
 10.0000 
 10.0000 
 10.0000 
 10.0000 
 10.0000 
 10.0000 
 10.0000 
 10.0000 
 10.0000 
 10.0000 
 10.0000 
 10.0000 
 10.0000 
 10.0000 
 10.0000 
 10.0000 
 10.0000 
 10.0000 
 10.0000 
 10.0000 
 10.0000 
 10.0000 
 10.0000 
 10.0000 
 10.0000 
 10.0000 
 10.0000 
 10.0000 
 10.0000 
 10.0000 
 10.0000 
 10.0000 
 10.0000 
 10.0000 
 10.0000 
 10.0000 
 10.0000 
 10.0000 
 10.0000 
 10.0000 
 10.0000 
 10.0000 
 10.0000 
 10.0000 
 10.0000 
 10.0000 
 10.0000 
 10.0000 
 10.0000 
 10.0000 
 10.0000 
 10.0000 
 10.0000 
 10.0000 
 10.0000 
 10.0000 
 10.0000 
 10.0000 
 10.0000 
 10.0000 
 10.0000 
 10.0000 
 10.0000 
 10.0000 
 10.0000 
 10.0000 
 10.0000 
 10.0000 
 10.0000 
 10.0000 
 10.0000 
 10.0000 
 10.0000 
 10.0000 
 10.0000 
 10.0000 
 10.0000 
 10.0000 
 10.0000 
 10.0000 
 10.0000 
 10.0000 
 10.0000 
 10.0000 
 10.0000 
 10.0000 
 10.0000 
 10.0000 
 10.0000 
 10.0000 
 10.0000 
 10.0000 
 10.0000 
 10.0000 
 10.0000 
 10.0000 
 10.0000 
 10.0000 
 10.0000 
 10.0000 
 10.0000 
 10.0000 
 10.0000 
 10.0000 
 10.0000 
 10.0000 
 10.0000 
 10.0000 
 10.0000 
 10.0000 
 10.0000 
 10.0000 
 10.0000 
 10.0000 
 10.0000 
 10.0000 
 10.0000 
 10.0000 
 10.0000 
 10.0000 
 10.0000 
 10.0000 
 10.0000 
 10.0000 
 10.0000 
 10.0000 
 10.0000 
 10.0000 
 10.0000 
 10.0000 
 10.0000 
 10.0000 
 10.0000 
 10.0000 
 10.0000 
 10.0000 
 10.0000 
 10.0000 
 10.0000 
 10.0000 
 10.0000 
 10.0000 
 10.0000 
 10.0000 
 10.0000 
 10.0000 
 10.0000 
 10.0000 
 10.0000 
 10.0000 
 10.0000 
 10.0000 
 10.0000 
 10.0000 
 10.0000 
 10.0000 
 10.0000 
 10.0000 
 10.0000 
 10.0000 
 10.0000 
 10.0000 
 10.0000 
 10.0000 
 10.0000 
 10.0000 
 10.0000 
 10.0000 
 10.0000 
 10.0000 
 10.0000 
 10.0000 
 10.0000 
 10.0000 
 10.0000 
 10.0000 
 10.0000 
 10.0000 
 10.0000 
 10.0000 
 10.0000 
 10.0000 
 10.0000 
 10.0000 
 10.0000 
 10.0000 
 10.0000 
 10.0000 
 10.0000 
 10.0000 
 10.0000 
 10.0000 
 10.0000 
 10.0000 
 10.0000 
 10.0000 
 10.0000 
 10.0000 
 10.0000 
 10.0000 
 10.0000 
 10.0000 
 10.0000 
 10.0000 
 10.0000 
 10.0000 
 10.0000 
 10.0000 
 10.0000 
 10.0000 
 10.0000 
 10.0000 
 10.0000 
 10.0000 
 10.0000 
 10.0000 
 10.0000 
 10.0000 
 10.0000 
 10.0000 
 10.0000 
 10.0000 
 10.0000 
 10.0000 
 10.0000 
 10.0000 
 10.0000 
 10.0000 
 10.0000 
 10.0000 
 10.0000 
 10.0000 
 10.0000 
 10.0000 
 10.0000 
 10.0000 
 10.0000 
 10.0000 
 10.0000 
 10.0000 
 10.0000 
 10.0000 
 10.0000 
 10.0000 
 10.0000 
 10.0000 
 10.0000 
 10.0000 
 10.0000 
 10.0000 
 10.0000 
 10.0000 
 10.0000 
 10.0000 
 10.0000 
 10.0000 
 10.0000 
 10.0000 
 10.0000 
 10.0000 
 10.0000 
 10.0000 
 10.0000 
 10.0000 
 10.0000 
 10.0000 
 10.0000 
 10.0000 
 10.0000 
 10.0000 
 10.0000 
 10.0000 
 10.0000 
 10.0000 
 10.0000 
 10.0000 
 10.0000 
 10.0000 
 10.0000 
 10.0000 
 10.0000 
 10.0000 
 10.0000 
 10.0000 
 10.0000 
 10.0000 
 10.0000 
 10.0000 
 10.0000 
 10.0000 
 10.0000 
 10.0000 
 10.0000 
 10.0000 
 10.0000 
 10.0000 
 10.0000 
 10.0000 
 10.0000 
 10.0000 
 10.0000 
 10.0000 
 10.0000 
 10.0000 
 10.0000 
 10.0000 
 10.0000 
 10.0000 
 10.0000 
 10.0000 
 10.0000 
 10.0000 
 10.0000 
 10.0000 
 10.0000 
 10.0000 
 10.0000 
 10.0000 
 10.0000 
 10.0000 
 10.0000 
 10.0000 
 10.0000 
 10.0000 
 10.0000 
 10.0000 
 10.0000 
 10.0000 
 10.0000 
 10.0000 
 10.0000 
 10.0000 
 10.0000 
 10.0000 
 10.0000 
 10.0000 
 10.0000 
 10.0000 
 10.0000 
 10.0000 
 10.0000 
 10.0000 
 10.0000 
 10.0000 
 10.0000 
 10.0000 
 10.0000 
 10.0000 
 10.0000 
 10.0000 
 10.0000 
 10.0000 
 10.0000 
 10.0000 
 10.0000 
 10.0000 
 10.0000 
 10.0000 
 10.0000 
 10.0000 
 10.0000 
 10.0000 
 10.0000 
 10.0000 
 10.0000 
 10.0000 
 10.0000 
 10.0000 
 10.0000 
 10.0000 
 10.0000 
 10.0000 
 10.0000 
 10.0000 
 10.0000 
 10.0000 
 10.0000 
 10.0000 
 10.0000 
 10.0000 
 10.0000 
 10.0000 
 10.0000 
 10.0000 
 10.0000 
 10.0000 
 10.0000 
 10.0000 
 10.0000 
 10.0000 
 10.0000 
 10.0000 
 10.0000 
 10.0000 
 10.0000 
 10.0000 
 10.0000 
 10.0000 
 10.0000 
 10.0000 
 10.0000 
 10.0000 
 10.0000 
 10.0000 
 10.0000 
 10.0000 
 10.0000 
 10.0000 
 10.0000 
 10.0000 
 10.0000 
 10.0000 
 10.0000 
 10.0000 
 10.0000 
 10.0000 
 10.0000 
 10.0000 
 10.0000 
 10.0000 
 10.0000 
 10.0000 
 10.0000 
 10.0000 
 10.0000 
