 14.55569216 
 5.97704635 
 13.69880939 
 6.41412141 
 1.81554128 
 0.20353175 
 8.43799152 
 14.50017395 
 11.67541570 
 18.89237621 
 16.67164213 
 14.72892982 
 14.52919125 
 17.10432876 
 13.80568945 
 5.12963145 
 10.06771707 
 14.82654509 
 9.38386170 
 9.90941297 
 7.70417022 
 11.80050782 
 11.50236222 
 11.96816778 
 18.45953481 
 2.75663497 
 5.01575147 
 7.54496439 
 6.63983240 
 3.00299941 
 18.98291375 
 6.17526198 
 9.60298985 
 5.59767249 
 10.98687745 
 18.43356600 
 15.80986525 
 12.77656119 
 3.96420503 
 15.36990985 
 10.34521752 
 6.53662544 
 15.12212399 
 2.50694272 
 4.58458847 
 7.42239117 
 16.15566231 
 8.70732458 
 18.52007028 
 18.62728758 
 17.14983222 
 0.88945271 
 1.25585808 
 8.08100594 
 1.62702550 
 12.38360257 
 15.34459485 
 17.51502851 
 11.11656288 
 14.01978970 
 5.38971134 
 14.03036872 
 18.74094805 
 0.69181615 
 3.51647500 
 12.15706602 
 10.65515754 
 4.20739588 
 16.23657684 
 2.51973826 
 7.65763370 
 7.61349489 
 8.46722084 
 1.96654409 
 17.04693558 
 2.53258435 
 1.79047569 
 17.12089145 
 2.62802168 
 8.43815980 
 11.89903946 
 17.32171828 
 16.14850200 
 18.15028515 
 11.54632390 
 6.82426890 
 13.07886140 
 5.51499794 
 0.25566210 
 2.68165077 
 2.56622773 
 15.95799648 
 16.36330071 
 5.01388117 
 15.34083898 
 5.96508511 
 9.47660866 
 1.73559824 
 9.50551122 
 16.12295238 
 16.99787070 
 4.84209520 
 4.14198996 
 2.89806493 
 14.43290234 
 6.60204360 
 10.01875207 
 11.92761004 
 3.87465182 
 7.07373141 
 5.29085192 
 16.13467761 
 5.04250741 
 3.83512213 
 2.03010436 
 3.17039141 
 19.41671079 
 6.88955712 
 0.03933750 
 18.50137659 
 15.54791312 
 18.11121483 
 1.04016999 
 1.83702123 
 9.52951207 
 12.76594612 
 2.46348788 
 9.18142283 
 17.25451618 
 13.51696185 
 12.99517306 
 18.93465871 
 15.63447378 
 17.19084135 
 1.86941810 
 10.91958439 
 9.25574557 
 10.27329418 
 9.73811663 
 9.23921517 
 17.43763067 
 19.18513863 
 1.08776007 
 16.85425974 
 6.39819906 
 10.85771110 
 19.32549344 
 6.29769731 
 2.05705747 
 14.80967843 
 15.40035598 
 11.08610652 
 3.89335431 
 19.63406814 
 6.94820285 
 14.04764157 
 17.80049236 
 1.70613402 
 6.33740407 
 17.31513338 
 18.10864857 
 14.14751336 
 9.89593311 
 13.33538761 
 19.95423370 
 7.30993287 
 3.21911241 
 16.38602258 
 18.15165776 
 0.41229403 
 7.78260058 
 10.94136528 
 17.85422001 
 5.73750443 
 14.49690125 
 14.28203735 
 16.17410871 
 17.52764811 
 13.49696138 
 19.62297719 
 10.93174131 
 11.09416378 
 19.19228533 
 19.66336944 
 4.65333496 
 15.52473746 
 17.76164276 
 17.55535991 
 11.60866605 
 13.90394500 
 17.44045878 
 4.76977936 
 17.23847517 
 6.71305812 
 17.79428740 
 6.30272002 
 13.46914655 
 10.83832252 
 1.54284090 
 2.12619506 
 6.43078977 
 2.92340824 
 19.64754586 
 2.85364505 
 14.15347145 
 7.84329175 
 4.68652838 
 17.93337916 
 5.51079968 
 5.12827023 
 2.25264749 
 13.51325391 
 13.24015458 
 15.11345877 
 1.43918054 
 5.26626737 
 14.90141674 
 19.98496536 
 17.62893501 
 5.87547893 
 1.72909161 
 2.76613496 
 19.83426252 
 16.34973480 
 6.42740435 
 6.90105537 
 9.72442961 
 0.26075159 
 13.19517966 
 12.25801295 
 0.29733560 
 9.97446000 
 4.54074914 
 6.64526596 
 19.99668445 
 18.39141639 
 0.70933968 
 1.90389226 
 18.35817192 
 15.63197981 
 18.80422558 
 10.36534358 
 18.72001127 
 8.52357452 
 3.79244425 
 16.96732179 
 12.94453306 
 0.74534605 
 8.74555860 
 10.79079116 
 13.56227471 
 16.69144229 
 1.56976236 
 11.25986445 
 0.11592479 
 14.95089690 
 13.71905369 
 6.99790140 
 1.52540605 
 2.60755647 
 18.99287015 
 12.18506463 
 10.57840366 
 2.12244943 
 2.84142576 
 15.38124587 
 10.07145141 
 0.92159698 
 14.01982786 
 18.59419835 
 14.95134614 
 9.10731953 
 1.32419175 
 6.09996191 
 10.44175587 
 17.05685479 
 18.77904464 
 8.39329500 
 15.23354285 
 7.48468287 
 10.15892139 
 4.67193145 
 7.68001855 
 17.44895883 
 10.49889469 
 16.87654758 
 1.91046282 
 19.48562188 
 0.27650422 
 14.56117449 
 2.89873392 
 0.99470837 
 0.27813840 
 15.64107536 
 8.99579540 
 2.97142709 
 3.45688681 
 17.51119906 
 7.86515864 
 12.73560787 
 15.03777369 
 11.74761660 
 19.48433793 
 13.62415364 
 12.86999171 
 15.72547831 
 2.64273000 
 1.92475595 
 12.74155138 
 16.61484324 
 12.33040015 
 13.80747969 
 16.13828430 
 10.82751878 
 16.67250839 
 19.82741118 
 2.58374962 
 15.27709589 
 2.36118614 
 0.76949505 
 1.02593374 
 11.89307717 
 14.38405165 
 1.12665804 
 4.25063134 
 2.46202343 
 3.47702706 
 11.69332464 
 4.95657503 
 17.60515406 
 2.61332839 
 6.12636246 
 18.41354731 
 13.66181434 
 7.24079511 
 5.49162913 
 12.33762282 
 9.73000476 
 11.13395909 
 0.03674084 
 10.13307442 
 13.71653919 
 3.28799168 
 11.75828136 
 1.22689423 
 12.51901367 
 13.63578400 
 19.79543581 
 18.89854626 
 9.46095201 
 0.79857827 
 12.58489285 
 19.51226799 
 7.92623385 
 14.00252832 
 8.91327068 
 18.36703150 
 10.08749264 
 14.09320419 
 6.95854054 
 11.88920328 
 19.10572586 
 10.97714586 
 2.88562221 
 16.15200654 
 8.62441831 
 5.60352791 
 19.61119174 
 14.22570222 
 18.18085392 
 15.80691118 
 3.05845202 
 12.05991687 
 10.43974543 
 14.82697014 
 5.14174320 
 14.13345438 
 12.07181771 
 16.31841449 
 11.96766086 
 5.31234045 
 0.02250705 
 16.42806693 
 7.42996192 
 3.96663323 
 11.50800154 
 14.59513365 
 5.49955757 
 7.52360519 
 4.39158527 
 5.93651773 
 8.65937374 
 16.29727204 
 3.98482518 
 2.96128784 
 7.11617867 
 16.67844045 
 12.71818755 
 7.12255780 
 5.95882399 
 7.62534159 
 18.02926600 
 10.41957488 
 4.05997496 
 2.24488877 
 18.70762200 
 6.47966355 
 16.80921357 
 14.66335062 
 18.90058335 
 8.62393568 
 0.95340615 
 7.91818246 
 6.40095603 
 18.27680131 
 0.67178840 
 11.06165425 
 11.19446423 
 8.60428994 
 6.25569137 
 6.61087385 
 4.60205865 
 7.40881967 
 8.29979358 
 3.15362698 
 13.98932766 
 15.36733533 
 9.16235426 
 15.72879694 
 19.26622075 
 3.53444335 
 7.71573157 
 8.49612124 
 10.61370345 
 16.93079923 
 9.99660499 
 8.92089129 
 16.04432873 
 19.82326881 
 4.52616984 
 16.76649247 
 8.77396713 
 2.20622546 
 7.19485867 
 4.13173589 
 7.53355765 
 3.38334632 
 8.14764469 
 19.34010949 
 18.22955614 
 6.73982806 
 13.51211101 
 11.04845876 
 18.63448798 
 11.46878447 
 6.78462589 
 15.08566240 
 14.75612593 
 16.90996435 
 5.29893897 
 15.39532423 
 11.22209154 
 15.61746304 
 8.05837738 
 15.63551698 
 15.78947310 
 13.92651084 
 14.47491878 
 18.96748940 
 9.61195727 
 11.09956597 
 2.18591890 
 15.30134509 
 14.67820753 
 4.99031113 
 11.79843580 
 0.34345907 
 14.21764157 
 5.17672408 
 17.73452159 
 16.65130797 
 6.51269220 
 0.11739064 
 18.11524895 
 9.76386955 
 14.12300659 
 5.49056046 
 8.17117814 
 15.33230546 
 0.16844503 
 14.30293482 
 10.14216014 
 2.64423078 
 14.04155842 
 11.31466228 
 9.18028703 
 15.70143459 
 14.22407701 
 12.15314882 
 15.83809448 
 19.21718298 
 12.44550467 
 12.09477390 
 9.97537429 
 10.09184107 
 19.68679919 
 8.89780582 
 18.81250220 
 4.73830421 
 18.05024503 
 11.10454463 
 6.41515508 
 19.05075011 
 12.29065230 
 2.57763213 
 10.92036142 
 9.54226882 
 6.11979842 
 11.99012784 
 8.88281331 
 14.26056539 
 1.09272520 
 16.49548124 
 11.08084944 
 12.44575842 
 10.05054810 
 10.18689656 
 6.98004981 
 5.92448449 
 11.03000735 
 16.48401112 
 5.02322694 
 12.23877792 
 6.41539684 
 17.54158495 
 14.72518242 
 19.10125029 
 4.83156383 
 1.05407116 
 9.29362144 
 9.31956803 
 17.15113251 
 3.20231259 
 4.18664134 
 15.71793296 
 5.90409280 
 12.21417194 
 8.38980390 
 1.04602348 
 16.75348261 
 19.55241004 
 1.81612831 
 18.07495690 
 8.72650346 
 15.16616181 
 13.22861066 
 6.75136660 
 15.65908401 
 12.51007899 
 5.74931735 
 12.76048978 
 12.64860932 
 18.38147589 
 12.08277134 
 13.37232323 
 12.66443757 
 3.29796695 
 5.71578972 
 17.59307397 
 14.57785157 
 10.02631440 
 11.86368766 
 0.66844502 
 3.50861463 
 9.46379867 
 12.21844377 
 14.59842789 
 16.30025046 
 8.96117312 
 0.51371159 
 17.78877420 
 14.25305131 
 8.02712405 
 10.93306392 
 14.49409183 
 2.02914877 
 5.04074728 
 9.01290579 
 12.94998968 
 7.91548830 
 17.81465549 
 5.11552262 
 13.79809621 
 5.28283411 
 0.73345536 
 14.18008054 
 12.43248362 
 9.80586769 
 2.43462642 
 16.07802472 
 6.02990442 
 19.61597658 
 9.52008940 
 1.29344994 
 10.81646666 
 2.22183904 
 10.74676913 
 13.47490154 
 16.46308045 
 13.11666422 
 0.56536314 
 10.76733889 
 3.03028195 
 5.76130593 
 17.16333697 
 14.63785843 
 7.06551286 
 10.25982400 
 9.35856026 
 11.37499369 
 5.67953745 
 4.35710053 
 7.70652655 
 15.33687699 
 12.68657184 
 11.95208274 
 0.67709520 
 17.46501838 
 2.88521614 
 15.15117944 
 13.44553227 
 14.12497525 
 12.44479914 
 15.44464368 
 3.84404944 
 16.96435022 
 7.88560429 
 10.75989569 
 9.15494810 
 0.39776809 
 1.51306304 
 4.23684280 
 19.11846354 
 5.86269633 
 16.51183180 
 16.90912261 
 7.19825565 
 1.41748853 
 1.80151187 
 9.28790631 
 18.91150870 
 9.50974734 
 16.04368584 
 3.68738806 
 14.12355016 
 2.09028640 
 13.33110072 
 16.76259745 
 0.95724883 
 15.76304575 
 0.65210664 
 2.38427111 
 7.47824388 
 12.40192277 
 3.54118335 
 1.18899573 
 15.36194729 
 9.24877952 
 2.01864111 
 12.00883376 
 2.92788368 
 14.79663284 
 8.64604218 
 3.54568019 
 1.68693551 
 8.80900885 
 12.05192549 
 2.46926807 
 17.18537892 
 3.75808620 
 5.26619050 
 14.80433785 
 10.56853138 
 10.52574129 
 12.96072231 
 16.18493760 
 4.88325306 
 12.64483810 
 15.72427910 
 12.95026057 
 9.84423080 
 12.86681488 
 10.53506912 
 7.48336007 
 17.37200319 
 11.80622186 
 12.45297053 
 18.45545652 
 0.68708471 
 17.40301663 
 10.19407234 
 11.84914624 
 3.20533308 
 11.91939444 
 3.71416156 
 8.78166472 
 6.64824855 
 14.79405887 
 4.83769202 
 19.26418948 
 3.43431331 
 15.44379694 
 10.26866711 
 18.49701795 
 0.11141857 
 18.09872843 
 18.26052992 
 9.06090548 
 3.58516748 
 7.47763784 
 0.57139345 
 12.69882644 
 6.50529136 
 13.55998647 
 17.44821549 
 15.63214851 
 15.05603574 
 4.72619129 
 17.28867691 
 2.67595471 
 1.55214508 
 15.62225224 
 3.55219023 
 4.56871555 
 2.98230552 
 7.50869021 
 14.96129042 
 19.67776134 
 18.77395538 
 10.81018748 
 16.31315120 
 13.47026932 
 18.05665477 
 15.03897582 
 14.97270618 
 17.25511800 
 9.79677315 
 1.84505820 
 5.57393745 
 6.78086117 
 9.42716861 
 14.70823986 
 16.34550244 
 18.06428807 
 11.62858526 
 3.42752417 
 11.00833592 
 7.44418176 
 5.22660110 
 11.46960216 
 12.97782094 
 14.09123485 
 9.65858769 
 10.43727206 
 7.91540332 
 13.15964835 
 19.15866928 
 13.38578447 
 17.87053073 
 14.54385625 
 4.71796308 
 18.82115851 
 8.64624715 
 2.68035800 
 13.39009069 
 16.25062039 
 17.38227125 
 15.90092531 
 18.49311749 
 16.03338392 
 4.51939184 
 8.45636852 
 15.75044509 
 0.01935887 
 12.23396558 
 8.02468914 
 17.41683673 
 1.75190841 
 0.83872798 
 11.82821152 
 9.34471708 
 17.91242865 
 4.11953796 
 17.84116984 
 13.82512982 
 7.30451104 
 16.57519305 
 15.37388958 
 13.38651738 
 15.07778358 
 11.98748273 
 19.21986276 
 10.35210259 
 2.29479104 
 4.66631542 
 18.15951297 
 4.15508649 
 16.85579039 
 3.83447416 
 10.42088168 
 3.89444323 
 13.17801203 
 16.34520107 
 16.48826778 
 15.81794061 
 0.57064376 
 11.77691897 
 6.77412312 
 19.49472578 
 9.82097033 
 14.70968527 
 13.77842684 
 15.12110152 
 5.24055270 
 10.34198976 
 4.50852164 
 14.70696801 
 4.06382736 
 8.18807530 
 6.93741893 
 0.38977503 
 12.85166724 
 13.89774805 
 16.89843382 
 5.02835514 
 7.88445453 
 18.92656717 
 3.98413811 
 15.48295411 
 0.68673380 
 10.59453490 
 10.46672001 
 14.88151038 
 2.34157584 
 15.88682383 
 17.89022461 
 19.65026571 
 10.08104034 
 9.52774373 
 3.76716107 
 17.66927021 
 3.47796403 
 14.63488355 
 14.05925608 
 14.80417477 
 0.37933830 
 10.80670972 
 2.01183559 
 14.60420894 
 3.78767535 
 14.12649058 
 16.11878852 
 11.87497646 
 15.30879325 
 8.57243303 
 18.50880788 
 5.07156097 
 4.83963048 
 2.36655689 
 2.52369024 
 2.63441887 
 6.09981258 
 14.23516104 
 18.27650051 
 2.17739747 
 8.31583144 
 2.17300607 
 0.05674595 
 3.70494584 
 10.59359910 
 6.35901140 
 15.28702031 
 18.90665827 
 4.04657657 
 1.55534569 
 2.70064238 
 18.34159788 
 13.09084171 
 5.31198231 
 5.13877853 
 19.54618704 
 1.95355364 
 3.14501783 
 1.18515374 
 4.00338447 
 18.86112009 
 7.28483617 
 3.20316872 
 0.85420257 
 12.67684405 
 3.17901364 
 4.14047533 
 10.16024173 
 16.14472771 
 16.36291880 
 19.65839737 
 3.04377444 
 15.70894882 
 6.39114125 
 11.20047583 
 11.57636018 
 16.34176999 
 10.08111817 
 6.65086331 
 19.81515205 
 5.40623977 
 9.26000213 
 3.68141389 
 16.99998637 
 14.79390177 
 14.22995977 
 10.59150672 
 8.99667015 
 7.33549246 
 7.60027457 
 13.75444001 
 15.79018331 
 11.56661335 
 11.89080706 
 1.88180065 
 9.21083360 
 4.86105151 
 19.40240629 
 6.79335482 
 13.50882967 
 18.60447902 
 6.26906323 
 5.34410892 
 13.45977718 
 10.65273137 
 11.99559479 
 0.26627317 
 11.28928664 
 6.54488469 
 10.69494440 
 19.86861689 
 19.29876394 
 17.86206045 
 10.90756308 
 3.41094365 
 0.14078066 
 16.80557235 
 0.64666187 
 6.18788202 
 17.06993288 
 5.24813406 
 10.25152221 
 17.12352015 
 19.05908895 
 3.47501542 
 7.97410346 
 19.85341449 
 13.41157067 
 12.82795709 
 4.17242840 
 0.34698997 
 18.03954288 
 8.16949061 
 2.09627750 
 15.26898576 
 2.69864174 
 0.97200954 
 13.50958963 
 4.64192213 
 8.93842401 
 10.23817573 
 6.03926342 
 17.88369856 
 5.33389323 
 3.15018557 
 6.38298870 
 5.30311792 
 17.31280038 
 18.97283568 
 9.30777327 
 10.42374201 
 3.27463185 
 7.58398249 
 7.95151714 
 13.53015149 
 12.59779511 
 10.14762592 
 9.73950771 
 15.13554182 
 1.44115341 
 16.41199803 
 19.94489037 
 19.87806780 
 1.44754075 
 1.05411911 
