 0.318626 
 -0.978634 
 0.678704 
 -0.681079 
 0.379534 
 0.611167 
 0.254031 
 -0.941422 
 0.126066 
 0.962373 
 -0.904143 
 0.032839 
 0.983470 
 0.825042 
 -0.919346 
 0.985296 
 -0.848694 
 -0.076017 
 -0.942451 
 0.599662 
 0.575677 
 0.907336 
 0.188700 
 -0.812796 
 0.752734 
 0.868077 
 0.500453 
 0.478000 
 0.222709 
 -0.962402 
 1.000777 
 0.391251 
 -0.800232 
 0.507803 
 -0.139893 
 -0.030011 
 0.587103 
 0.359284 
 -0.899539 
 0.391289 
 -0.628740 
 -0.973928 
 0.903364 
 -0.574170 
 0.494994 
 0.515258 
 -0.956815 
 0.978595 
 -0.842433 
 0.535881 
 0.814142 
 0.534121 
 1.116470 
 -0.898300 
 -0.444759 
 0.670234 
 0.163129 
 0.569304 
 0.269029 
 0.174233 
 0.004875 
 -0.231476 
 -0.806933 
 0.721631 
 -0.800081 
 0.349108 
 -0.410242 
 0.822126 
 0.879832 
 0.980568 
 0.740392 
 0.742258 
 0.462678 
 0.250988 
 0.906593 
 -0.878583 
 1.002553 
 0.732745 
 0.331503 
 0.091990 
 -0.832629 
 0.437208 
 0.829350 
 0.425418 
 0.894251 
 -0.923123 
 0.220809 
 0.444053 
 0.654233 
 0.762250 
 0.349038 
 0.562243 
 0.812324 
 0.373891 
 0.403828 
 0.428878 
 -0.828433 
 0.082443 
 -0.815870 
 0.385660 
 0.902764 
 1.121429 
 -0.183564 
 0.969334 
 0.461530 
 1.190865 
 0.510274 
 1.109691 
 -0.778775 
 -0.797686 
 -0.835440 
 -0.352391 
 0.958330 
 0.391167 
 1.140273 
 -0.930731 
 -0.361201 
 0.568290 
 0.186190 
 0.017898 
 0.813085 
 0.439123 
 0.445825 
 -0.742549 
 0.524537 
 -0.843078 
 0.406951 
 0.710281 
 0.227971 
 -0.616575 
 0.771840 
 -0.288163 
 0.274079 
 0.693149 
 0.501934 
 0.639395 
 -0.978085 
 0.351457 
 0.528689 
 0.177065 
 0.125764 
 -0.850291 
 0.990470 
 0.493303 
 -0.826199 
 0.367914 
 0.676930 
 0.348240 
 -0.153360 
 0.728239 
 0.885901 
 0.159795 
 0.937627 
 1.154627 
 1.107776 
 -0.802870 
 0.304741 
 1.114681 
 -0.966903 
 0.365345 
 -0.928495 
 -0.962876 
 0.619149 
 -0.694328 
 0.679863 
 -0.066373 
 -0.966539 
 0.538133 
 0.784017 
 -0.925331 
 -0.962006 
 0.047340 
 0.125606 
 -0.940934 
 0.245296 
 0.210326 
 0.299052 
 0.417837 
 0.216494 
 0.767980 
 0.449793 
 0.302805 
 0.135205 
 0.272843 
 0.089793 
 0.351060 
 -0.713079 
 0.345145 
 0.017271 
 0.201897 
 0.150224 
 0.524689 
 0.439931 
 0.324397 
 0.694764 
 0.826323 
 0.602201 
 0.525795 
 1.199687 
 0.380899 
 -0.834033 
 0.486122 
 0.394538 
 0.242926 
 0.892522 
 0.210381 
 -0.654008 
 -0.930907 
 0.163298 
 0.374086 
 -0.691301 
 0.711888 
 -0.974573 
 0.604815 
 0.440246 
 0.383232 
 0.455943 
 0.433903 
 0.294571 
 -0.719841 
 -0.023080 
 -0.831936 
 0.280607 
 0.115245 
 0.075299 
 1.088308 
 0.414063 
 0.840100 
 0.644301 
 0.245715 
 0.048430 
 0.988030 
 0.875518 
 0.331740 
 1.004578 
 0.171361 
 0.861018 
 0.692201 
 0.821930 
 0.703107 
 0.389341 
 -0.749463 
 -0.474832 
 -0.418970 
 -0.020499 
 0.496062 
 0.799955 
 0.974750 
 1.194147 
 0.866819 
 0.952915 
 0.425295 
 0.150249 
 1.143992 
 0.232513 
 0.547462 
 0.323257 
 0.306648 
 0.764884 
 0.705932 
 1.091916 
 0.856387 
 0.133019 
 0.975106 
 0.291352 
 0.442259 
 -0.932973 
 0.206582 
 0.328389 
 0.939850 
 0.167368 
 0.258248 
 -0.385791 
 0.606668 
 0.686337 
 -0.911016 
 0.324660 
 -0.834412 
 0.201583 
 -0.901701 
 0.448278 
 -0.888034 
 0.649496 
 0.267407 
 -0.846142 
 1.108381 
 -0.951694 
 0.257084 
 0.035331 
 0.547426 
 0.939112 
 0.161807 
 0.644205 
 0.943669 
 0.222501 
 -0.840876 
 -0.820140 
 0.700216 
 0.596414 
 0.459906 
 0.354546 
 0.543656 
 0.903987 
 -0.649504 
 0.408629 
 0.565158 
 -0.937660 
 0.611946 
 0.797718 
 0.478044 
 0.599349 
 0.696279 
 0.341681 
 0.436634 
 -0.085989 
 0.954271 
 0.633460 
 -0.834397 
 0.238349 
 -0.805369 
 -0.398129 
 0.646107 
 -0.950587 
 1.050097 
 0.321761 
 0.718465 
 0.575261 
 0.731276 
 -0.881489 
 0.248579 
 0.383689 
 -0.319732 
 0.796430 
 0.892536 
 -0.839809 
 0.906691 
 0.956375 
 0.481912 
 -0.957002 
 0.895904 
 -0.789557 
 -0.202354 
 0.135243 
 -0.958122 
 0.242524 
 0.336559 
 0.268620 
 0.455197 
 0.034465 
 -0.814557 
 -0.813574 
 1.001413 
 0.383957 
 0.432546 
 0.195666 
 0.579104 
 -0.204487 
 0.902430 
 -0.959890 
 -0.961976 
 -0.805264 
 -0.203379 
 0.654260 
 0.088973 
 0.528420 
 0.362585 
 0.360136 
 0.448964 
 0.157450 
 -0.435465 
 0.513638 
 0.477423 
 0.662663 
 0.727805 
 -0.909270 
 0.377924 
 0.104803 
 -0.918746 
 0.607038 
 1.087801 
 0.115056 
 0.304904 
 -0.039484 
 0.021171 
 0.547466 
 0.885592 
 0.454117 
 0.433114 
 -0.867988 
 0.474429 
 -0.269335 
 0.053520 
 0.834102 
 -0.818584 
 -0.828486 
 0.664760 
 0.297713 
 -0.957238 
 1.072193 
 0.282003 
 -0.616733 
 0.989267 
 0.874352 
 -0.867076 
 0.907724 
 0.737489 
 0.684159 
 0.135942 
 -0.883947 
 -0.820263 
 0.237264 
 0.415044 
 0.824872 
 0.364327 
 1.174458 
 0.385750 
 -0.966831 
 0.275991 
 0.926788 
 0.649675 
 0.104892 
 0.388432 
 0.870673 
 0.143308 
 0.038039 
 0.194421 
 -0.176517 
 -0.871004 
 0.204884 
 0.886875 
 0.652187 
 -0.812813 
 1.190857 
 1.169026 
 0.278215 
 -0.735890 
 0.776870 
 0.193277 
 0.376780 
 0.527806 
 0.377514 
 0.372345 
 0.749355 
 0.231446 
 1.166230 
 -0.626138 
 -0.761902 
 0.077104 
 0.578431 
 0.105049 
 0.431972 
 0.860040 
 0.440349 
 -0.945579 
 0.039324 
 0.539506 
 -0.966411 
 0.662916 
 -0.915595 
 0.450459 
 -0.250970 
 0.195376 
 0.765572 
 0.368969 
 -0.817106 
 0.131758 
 0.241227 
 1.163244 
 0.923193 
 -0.873088 
 0.052813 
 0.442653 
 0.454296 
 -0.770473 
 1.185631 
 0.953328 
 0.274170 
 -0.165568 
 0.203735 
 -0.778365 
 0.191310 
 0.355973 
 0.870693 
 -0.250533 
 -0.818692 
 -0.940412 
 0.242626 
 0.785531 
 -0.156250 
 0.309245 
 0.607046 
 0.168960 
 -0.864090 
 0.688321 
 0.797988 
 0.348551 
 -0.968743 
 0.870946 
 0.734005 
 0.067779 
 0.027786 
 -0.949662 
 0.576514 
 0.117430 
 0.875566 
 -0.802466 
 0.522110 
 0.370340 
 0.399431 
 0.676048 
 0.368383 
 0.371975 
 -0.931485 
 0.351574 
 0.101393 
 0.656144 
 0.726741 
 0.385465 
 0.189976 
 1.144030 
 0.389365 
 1.051042 
 0.779549 
 0.629120 
 -0.934203 
 0.938668 
 0.575759 
 0.078762 
 -0.984181 
 0.546113 
 -0.160004 
 0.485763 
 0.183729 
 -0.807552 
 -0.945623 
 0.484843 
 0.500575 
 0.969916 
 -0.706189 
 0.977927 
 0.034280 
 -0.789953 
 0.283374 
 -0.939200 
 0.614759 
 0.438497 
 -0.917538 
 -0.025057 
 0.603084 
 -0.124874 
 0.651169 
 -0.981211 
 0.372301 
 -0.749774 
 -0.972631 
 0.179650 
 -0.338959 
 0.205476 
 0.040637 
 0.313840 
 0.116793 
 -0.860143 
 -0.814857 
 0.182852 
 0.951631 
 -0.591719 
 0.255728 
 0.669858 
 -0.951806 
 0.406712 
 0.071882 
 0.751393 
 0.550384 
 0.226085 
 1.149736 
 -0.893906 
 -0.151178 
 -0.828662 
 -0.943726 
 0.183816 
 0.890496 
 0.092366 
 0.160871 
 -0.616814 
 0.524131 
 -0.963426 
 0.278210 
 -0.877689 
 -0.641213 
 0.388495 
 0.389792 
 0.634229 
 0.477144 
 0.057039 
 -0.951225 
 -0.746924 
 0.829507 
 0.673072 
 0.377248 
 0.903748 
 0.815651 
 -0.752918 
 0.665559 
 -0.909129 
 0.441376 
 1.184417 
 0.458371 
 0.874504 
 -0.564996 
 0.205212 
 0.743671 
 0.525051 
 0.829737 
 0.353429 
 0.686823 
 -0.972618 
 0.855750 
 0.979237 
 0.138973 
 -0.914542 
 0.204932 
 -0.244973 
 0.120125 
 1.030710 
 0.024601 
 0.896316 
 0.734111 
 -0.969133 
 0.945508 
 -0.499838 
 0.797600 
 -0.860811 
 -0.778793 
 0.426771 
 1.031200 
 -0.606328 
 0.351168 
 0.665955 
 0.472709 
 0.961433 
 0.911490 
 0.981274 
 0.462494 
 0.389245 
 0.744226 
 1.038830 
 -0.204331 
 -0.690071 
 0.165618 
 0.649288 
 0.628660 
 0.872491 
 0.506818 
 0.537654 
 0.545962 
 0.900786 
 0.508870 
 -0.615226 
 -0.959044 
 -0.010183 
 0.449121 
 0.235605 
 0.280751 
 0.559981 
 -0.968770 
 0.064419 
 0.514945 
 0.657413 
 -0.838880 
 0.255944 
 0.199608 
 -0.287400 
 0.790009 
 0.677898 
 0.782107 
 -0.964809 
 0.389329 
 0.454708 
 0.383451 
 0.199457 
 0.111177 
 -0.442940 
 0.573635 
 0.580895 
 0.331411 
 0.769133 
 0.025107 
 -0.969565 
 0.927503 
 0.782455 
 1.185596 
 -0.871467 
 0.690628 
 -0.574753 
 0.250495 
 0.662722 
 0.385750 
 0.847575 
 0.688046 
 0.370136 
 0.205451 
 0.451560 
 0.696324 
 0.426519 
 -0.804467 
 0.480461 
 0.471726 
 1.144372 
 0.582799 
 0.711329 
 -0.149476 
 0.395865 
 0.407173 
 0.859322 
 -0.074800 
 0.342104 
 0.619804 
 0.414408 
 0.949977 
 0.667182 
 1.110266 
 -0.789876 
 0.208674 
 0.898707 
 0.033546 
 0.386618 
 1.047800 
 -0.880368 
 0.844012 
 -0.799820 
 0.658880 
 0.870246 
 -0.837465 
 0.181794 
 0.153900 
 0.102551 
 -0.967488 
 0.270708 
 0.891540 
 0.191888 
 0.982131 
 0.970487 
 0.212268 
 0.756104 
 0.846501 
 0.883061 
 1.167586 
 0.469776 
 0.983878 
 0.078009 
 0.114007 
 -0.894308 
 0.354370 
 0.151386 
 0.722502 
 0.287713 
 0.831399 
 0.397081 
 -0.890773 
 -0.045149 
 0.273072 
 0.381630 
 0.749787 
 0.105279 
 0.099652 
 0.332163 
 -0.853885 
 0.950498 
 0.374315 
 1.093652 
 0.288127 
 0.923886 
 -0.127683 
 0.933517 
 0.145250 
 0.468785 
 0.845447 
 0.553726 
 0.474388 
 0.567874 
 0.449927 
 0.164165 
 0.794320 
 0.767184 
 0.418387 
 0.298118 
 0.876072 
 0.884162 
 0.589102 
 0.275708 
 0.597724 
 -0.183787 
 0.936225 
 -0.687209 
 0.917359 
 0.399562 
 0.424392 
 -0.141382 
 0.022834 
 0.898136 
 0.217371 
 0.482339 
 0.115169 
 0.004303 
 0.735901 
 0.315122 
 -0.973250 
 0.964645 
 0.736619 
 0.498963 
 0.123428 
 1.180019 
 0.200357 
 0.114467 
 0.389545 
 0.361024 
 0.383424 
 0.085496 
 -0.082864 
 0.210982 
 0.382421 
 0.253002 
 0.420528 
 0.630933 
 0.837502 
 0.880344 
 0.444080 
 0.613527 
 0.515445 
 0.813326 
 0.882202 
 0.427676 
 0.138028 
 0.083810 
 0.292121 
 -0.003402 
 -0.838430 
 0.484739 
 0.506072 
 0.758844 
 0.889320 
 0.762343 
 0.004978 
 0.278115 
 0.924965 
 0.502775 
 -0.777684 
 0.775190 
 1.179829 
 0.118370 
 0.410286 
 0.761004 
 0.583119 
 0.765245 
 0.131817 
 0.604211 
 0.412975 
 0.914457 
 -0.772398 
 0.083306 
 0.065600 
 0.379933 
 0.684866 
 0.393256 
 0.401047 
 0.377616 
 0.793356 
 0.305671 
 0.033154 
 0.543198 
 -0.449548 
 0.262563 
 0.978821 
 0.867593 
 0.852762 
 0.881852 
 0.905118 
 0.195483 
 -0.931225 
 0.426737 
 0.347291 
 0.501336 
 -0.420913 
 0.915929 
 0.671064 
 0.975348 
 0.290914 
 0.062951 
 0.367648 
 -0.827173 
 -0.930502 
 -0.965539 
 0.242095 
 -0.634511 
 0.326149 
 0.752769 
 1.192055 
 0.401097 
 0.845943 
 0.237812 
 0.949172 
 0.206273 
 0.829237 
 0.548620 
 0.465559 
 -0.927617 
 0.940933 
 -0.784638 
 0.035329 
 0.255699 
 0.006132 
 0.081961 
 0.679528 
 0.139921 
 0.816572 
 0.851847 
 0.307018 
 0.580728 
 0.241282 
 -0.722425 
 0.014393 
 0.896713 
 0.530289 
 0.314700 
 -0.676140 
 0.564947 
 0.704887 
 0.423681 
 -0.877319 
 -0.950877 
 0.095202 
 0.474555 
 0.020132 
 -0.585866 
 0.359609 
 0.674005 
 0.834834 
 0.061335 
 0.356749 
 -0.780329 
 -0.846256 
 0.666520 
 1.189321 
 0.867756 
 -0.118264 
 0.613025 
 0.719351 
 0.543021 
 0.387033 
 -0.979723 
 0.493014 
 0.109398 
 0.415387 
 -0.375092 
 -0.171829 
 0.434008 
 0.397645 
 -0.943890 
 0.437094 
 0.233957 
 -0.880909 
 0.413004 
 -0.959632 
 0.403265 
 0.265492 
 -0.142519 
 0.141982 
 -0.974082 
 0.667850 
 0.326224 
 -0.965764 
 0.297104 
 0.168417 
 -0.326637 
 0.913956 
 -0.809216 
 0.447361 
 0.580690 
 0.214665 
 0.463718 
 -0.154569 
 0.042671 
 0.232597 
 -0.886144 
 -0.135302 
 0.624631 
 0.610669 
 0.266019 
 -0.237256 
 0.702595 
 1.194126 
 -0.963104 
 0.404358 
 -0.901290 
 0.864269 
 0.336142 
 -0.806887 
 -0.964175 
 0.516231 
 0.089680 
