 14.4933 
 14.5185 
 14.5438 
 14.5691 
 14.5945 
 14.6199 
 14.6453 
 14.6709 
 14.6964 
 14.7220 
 14.7477 
 14.7734 
 14.7991 
 14.8249 
 14.8508 
 14.8767 
 14.9026 
 14.9285 
 14.9545 
 14.9806 
 15.0067 
 15.0328 
 15.0589 
 15.0851 
 15.1113 
 15.1376 
 15.1639 
 15.1902 
 15.2166 
 15.2430 
 15.2694 
 15.2958 
 15.3223 
 15.3488 
 15.3754 
 15.4019 
 15.4285 
 15.4551 
 15.4817 
 15.5084 
 15.5350 
 15.5617 
 15.5884 
 15.6152 
 15.6419 
 15.6687 
 15.6954 
 15.7222 
 15.7490 
 15.7758 
 15.8027 
 15.8295 
 15.8563 
 15.8832 
 15.9100 
 15.9369 
 15.9638 
 15.9907 
 16.0175 
 16.0444 
 16.0713 
 16.0982 
 16.1250 
 16.1519 
 16.1788 
 16.2057 
 16.2325 
 16.2594 
 16.2862 
 16.3131 
 16.3399 
 16.3667 
 16.3935 
 16.4203 
 16.4471 
 16.4738 
 16.5006 
 16.5273 
 16.5540 
 16.5807 
 16.6074 
 16.6340 
 16.6607 
 16.6873 
 16.7138 
 16.7404 
 16.7669 
 16.7934 
 16.8198 
 16.8463 
 16.8727 
 16.8990 
 16.9253 
 16.9516 
 16.9779 
 17.0041 
 17.0303 
 17.0564 
 17.0825 
 17.1085 
 17.1346 
 17.1605 
 17.1864 
 17.2123 
 17.2381 
 17.2639 
 17.2896 
 17.3152 
 17.3408 
 17.3664 
 17.3919 
 17.4173 
 17.4427 
 17.4680 
 17.4933 
 17.5185 
 17.5436 
 17.5687 
 17.5937 
 17.6186 
 17.6435 
 17.6683 
 17.6930 
 17.7177 
 17.7423 
 17.7668 
 17.7912 
 17.8156 
 17.8398 
 17.8640 
 17.8882 
 17.9122 
 17.9361 
 17.9600 
 17.9838 
 18.0075 
 18.0311 
 18.0546 
 18.0781 
 18.1014 
 18.1247 
 18.1478 
 18.1709 
 18.1939 
 18.2167 
 18.2395 
 18.2622 
 18.2848 
 18.3072 
 18.3296 
 18.3519 
 18.3740 
 18.3961 
 18.4180 
 18.4399 
 18.4616 
 18.4832 
 18.5047 
 18.5261 
 18.5474 
 18.5686 
 18.5896 
 18.6105 
 18.6314 
 18.6520 
 18.6726 
 18.6931 
 18.7134 
 18.7336 
 18.7537 
 18.7736 
 18.7935 
 18.8132 
 18.8327 
 18.8522 
 18.8715 
 18.8906 
 18.9097 
 18.9286 
 18.9474 
 18.9660 
 18.9845 
 19.0028 
 19.0211 
 19.0391 
 19.0571 
 19.0749 
 19.0925 
 19.1100 
 19.1274 
 19.1446 
 19.1616 
 19.1786 
 19.1953 
 19.2119 
 19.2284 
 19.2447 
 19.2609 
 19.2769 
 19.2927 
 19.3084 
 19.3240 
 19.3394 
 19.3546 
 19.3696 
 19.3845 
 19.3993 
 19.4139 
 19.4283 
 19.4425 
 19.4566 
 19.4706 
 19.4843 
 19.4979 
 19.5113 
 19.5246 
 19.5377 
 19.5506 
 19.5634 
 19.5759 
 19.5883 
 19.6006 
 19.6126 
 19.6245 
 19.6362 
 19.6478 
 19.6591 
 19.6703 
 19.6813 
 19.6922 
 19.7028 
 19.7133 
 19.7236 
 19.7337 
 19.7436 
 19.7534 
 19.7629 
 19.7723 
 19.7815 
 19.7906 
 19.7994 
 19.8080 
 19.8165 
 19.8248 
 19.8329 
 19.8408 
 19.8485 
 19.8560 
 19.8634 
 19.8705 
 19.8775 
 19.8843 
 19.8909 
 19.8973 
 19.9035 
 19.9095 
 19.9153 
 19.9210 
 19.9264 
 19.9316 
 19.9367 
 19.9416 
 19.9462 
 19.9507 
 19.9550 
 19.9591 
 19.9630 
 19.9667 
 19.9702 
 19.9735 
 19.9767 
 19.9796 
 19.9823 
 19.9848 
 19.9872 
 19.9893 
 19.9913 
 19.9930 
 19.9946 
 19.9959 
 19.9971 
 19.9981 
 19.9988 
 19.9994 
 19.9998 
 20.0000 
 20.0000 
 19.9998 
 19.9994 
 19.9987 
 19.9979 
 19.9970 
 19.9958 
 19.9944 
 19.9928 
 19.9910 
 19.9890 
 19.9869 
 19.9845 
 19.9819 
 19.9792 
 19.9762 
 19.9731 
 19.9697 
 19.9662 
 19.9625 
 19.9585 
 19.9544 
 19.9501 
 19.9456 
 19.9409 
 19.9360 
 19.9309 
 19.9256 
 19.9202 
 19.9145 
 19.9086 
 19.9026 
 19.8964 
 19.8899 
 19.8833 
 19.8765 
 19.8695 
 19.8623 
 19.8550 
 19.8474 
 19.8397 
 19.8317 
 19.8236 
 19.8153 
 19.8068 
 19.7981 
 19.7893 
 19.7802 
 19.7710 
 19.7616 
 19.7520 
 19.7422 
 19.7323 
 19.7221 
 19.7118 
 19.7013 
 19.6906 
 19.6798 
 19.6687 
 19.6575 
 19.6461 
 19.6346 
 19.6228 
 19.6109 
 19.5988 
 19.5866 
 19.5742 
 19.5615 
 19.5488 
 19.5358 
 19.5227 
 19.5094 
 19.4960 
 19.4824 
 19.4686 
 19.4546 
 19.4405 
 19.4262 
 19.4118 
 19.3972 
 19.3824 
 19.3675 
 19.3524 
 19.3372 
 19.3218 
 19.3062 
 19.2905 
 19.2746 
 19.2586 
 19.2424 
 19.2261 
 19.2096 
 19.1929 
 19.1762 
 19.1592 
 19.1421 
 19.1249 
 19.1075 
 19.0900 
 19.0723 
 19.0545 
 19.0366 
 19.0185 
 19.0002 
 18.9818 
 18.9633 
 18.9447 
 18.9259 
 18.9070 
 18.8879 
 18.8687 
 18.8494 
 18.8299 
 18.8103 
 18.7906 
 18.7708 
 18.7508 
 18.7307 
 18.7105 
 18.6902 
 18.6697 
 18.6491 
 18.6284 
 18.6076 
 18.5866 
 18.5655 
 18.5444 
 18.5231 
 18.5017 
 18.4801 
 18.4585 
 18.4367 
 18.4149 
 18.3929 
 18.3709 
 18.3487 
 18.3264 
 18.3040 
 18.2815 
 18.2589 
 18.2363 
 18.2135 
 18.1906 
 18.1676 
 18.1445 
 18.1214 
 18.0981 
 18.0747 
 18.0513 
 18.0277 
 18.0041 
 17.9804 
 17.9566 
 17.9327 
 17.9088 
 17.8847 
 17.8606 
 17.8364 
 17.8121 
 17.7877 
 17.7633 
 17.7388 
 17.7142 
 17.6895 
 17.6648 
 17.6399 
 17.6151 
 17.5901 
 17.5651 
 17.5400 
 17.5149 
 17.4897 
 17.4644 
 17.4391 
 17.4137 
 17.3883 
 17.3628 
 17.3372 
 17.3116 
 17.2859 
 17.2602 
 17.2344 
 17.2086 
 17.1827 
 17.1568 
 17.1308 
 17.1048 
 17.0788 
 17.0527 
 17.0265 
 17.0004 
 16.9741 
 16.9479 
 16.9216 
 16.8953 
 16.8689 
 16.8425 
 16.8161 
 16.7896 
 16.7631 
 16.7366 
 16.7100 
 16.6835 
 16.6569 
 16.6302 
 16.6036 
 16.5769 
 16.5502 
 16.5235 
 16.4968 
 16.4700 
 16.4433 
 16.4165 
 16.3897 
 16.3629 
 16.3361 
 16.3092 
 16.2824 
 16.2555 
 16.2287 
 16.2018 
 16.1750 
 16.1481 
 16.1212 
 16.0943 
 16.0674 
 16.0406 
 16.0137 
 15.9868 
 15.9599 
 15.9331 
 15.9062 
 15.8794 
 15.8525 
 15.8257 
 15.7988 
 15.7720 
 15.7452 
 15.7184 
 15.6916 
 15.6648 
 15.6381 
 15.6113 
 15.5846 
 15.5579 
 15.5312 
 15.5046 
 15.4779 
 15.4513 
 15.4247 
 15.3981 
 15.3716 
 15.3450 
 15.3185 
 15.2921 
 15.2656 
 15.2392 
 15.2128 
 15.1865 
 15.1601 
 15.1339 
 15.1076 
 15.0814 
 15.0552 
 15.0290 
 15.0029 
 14.9769 
 14.9508 
 14.9248 
 14.8989 
 14.8730 
 14.8471 
 14.8213 
 14.7955 
 14.7697 
 14.7440 
 14.7184 
 14.6928 
 14.6672 
 14.6417 
 14.6162 
 14.5908 
 14.5655 
 14.5402 
 14.5149 
 20.0000 
 20.0000 
 20.0000 
 20.0000 
 20.0000 
 20.0000 
 20.0000 
 20.0000 
 20.0000 
 20.0000 
 20.0000 
 20.0000 
 20.0000 
 20.0000 
 20.0000 
 20.0000 
 20.0000 
 20.0000 
 20.0000 
 20.0000 
 20.0000 
 20.0000 
 20.0000 
 20.0000 
 20.0000 
 20.0000 
 20.0000 
 20.0000 
 20.0000 
 20.0000 
 20.0000 
 20.0000 
 20.0000 
 20.0000 
 20.0000 
 20.0000 
 20.0000 
 20.0000 
 20.0000 
 20.0000 
 20.0000 
 20.0000 
 20.0000 
 20.0000 
 20.0000 
 20.0000 
 20.0000 
 20.0000 
 20.0000 
 20.0000 
 20.0000 
 20.0000 
 20.0000 
 20.0000 
 20.0000 
 20.0000 
 20.0000 
 20.0000 
 20.0000 
 20.0000 
 20.0000 
 20.0000 
 20.0000 
 20.0000 
 20.0000 
 20.0000 
 20.0000 
 20.0000 
 20.0000 
 20.0000 
 20.0000 
 20.0000 
 20.0000 
 20.0000 
 20.0000 
 20.0000 
 20.0000 
 20.0000 
 20.0000 
 20.0000 
 20.0000 
 20.0000 
 20.0000 
 20.0000 
 20.0000 
 20.0000 
 20.0000 
 20.0000 
 20.0000 
 20.0000 
 20.0000 
 20.0000 
 20.0000 
 20.0000 
 20.0000 
 20.0000 
 20.0000 
 20.0000 
 20.0000 
 20.0000 
 20.0000 
 20.0000 
 20.0000 
 20.0000 
 20.0000 
 20.0000 
 20.0000 
 20.0000 
 20.0000 
 20.0000 
 20.0000 
 20.0000 
 20.0000 
 20.0000 
 20.0000 
 20.0000 
 20.0000 
 20.0000 
 20.0000 
 20.0000 
 20.0000 
 20.0000 
 20.0000 
 20.0000 
 20.0000 
 20.0000 
 20.0000 
 20.0000 
 20.0000 
 20.0000 
 20.0000 
 20.0000 
 20.0000 
 20.0000 
 20.0000 
 20.0000 
 20.0000 
 20.0000 
 20.0000 
 20.0000 
 20.0000 
 20.0000 
 20.0000 
 0.0000 
 0.0000 
 0.0000 
 0.0000 
 0.0000 
 0.0000 
 0.0000 
 0.0000 
 0.0000 
 0.0000 
 0.0000 
 0.0000 
 0.0000 
 0.0000 
 0.0000 
 0.0000 
 0.0000 
 0.0000 
 0.0000 
 0.0000 
 0.0000 
 0.0000 
 0.0000 
 0.0000 
 0.0000 
 0.0000 
 0.0000 
 0.0000 
 0.0000 
 0.0000 
 0.0000 
 0.0000 
 0.0000 
 0.0000 
 0.0000 
 0.0000 
 0.0000 
 0.0000 
 0.0000 
 0.0000 
 0.0000 
 0.0000 
 0.0000 
 0.0000 
 0.0000 
 0.0000 
 0.0000 
 0.0000 
 0.0000 
 0.0000 
 0.0000 
 0.0000 
 0.0000 
 0.0000 
 0.0000 
 0.0000 
 0.0000 
 0.0000 
 0.0000 
 0.0000 
 0.0000 
 0.0000 
 0.0000 
 0.0000 
 0.0000 
 0.0000 
 0.0000 
 0.0000 
 0.0000 
 0.0000 
 0.0000 
 0.0000 
 0.0000 
 0.0000 
 0.0000 
 0.0000 
 0.0000 
 0.0000 
 0.0000 
 0.0000 
 0.0000 
 0.0000 
 0.0000 
 0.0000 
 0.0000 
 0.0000 
 0.0000 
 0.0000 
 0.0000 
 0.0000 
 0.0000 
 0.0000 
 0.0000 
 0.0000 
 0.0000 
 0.0000 
 0.0000 
 0.0000 
 0.0000 
 0.0000 
 0.0000 
 0.0000 
 0.0000 
 0.0000 
 0.0000 
 0.0000 
 0.0000 
 0.0000 
 0.0000 
 0.0000 
 0.0000 
 0.0000 
 0.0000 
 0.0000 
 0.0000 
 0.0000 
 0.0000 
 0.0000 
 0.0000 
 0.0000 
 0.0000 
 0.0000 
 0.0000 
 0.0000 
 0.0000 
 0.0000 
 0.0000 
 0.0000 
 0.0000 
 0.0000 
 0.0000 
 0.0000 
 0.0000 
 0.0000 
 0.0000 
 0.0000 
 0.0000 
 0.0000 
 0.0000 
 0.0000 
 0.0000 
 0.0000 
 0.0000 
 10.0000 
 10.0000 
 10.0000 
 10.0000 
 10.0000 
 10.0000 
 10.0000 
 10.0000 
 10.0000 
 10.0000 
 10.0000 
 10.0000 
 10.0000 
 10.0000 
 10.0000 
 10.0000 
 10.0000 
 10.0000 
 10.0000 
 10.0000 
 10.0000 
 10.0000 
 10.0000 
 10.0000 
 10.0000 
 10.0000 
 10.0000 
 10.0000 
 10.0000 
 10.0000 
 10.0000 
 10.0000 
 10.0000 
 10.0000 
 10.0000 
 10.0000 
 10.0000 
 10.0000 
 10.0000 
 10.0000 
 10.0000 
 10.0000 
 10.0000 
 10.0000 
 10.0000 
 10.0000 
 10.0000 
 10.0000 
 10.0000 
 10.0000 
 10.0000 
 10.0000 
 10.0000 
 10.0000 
 10.0000 
 10.0000 
 10.0000 
 10.0000 
 10.0000 
 10.0000 
 10.0000 
 10.0000 
 10.0000 
 10.0000 
 10.0000 
 10.0000 
 10.0000 
 10.0000 
 10.0000 
 10.0000 
 10.0000 
 10.0000 
 10.0000 
 10.0000 
 10.0000 
 10.0000 
 10.0000 
 10.0000 
 10.0000 
 10.0000 
 10.0000 
 10.0000 
 10.0000 
 10.0000 
 10.0000 
 10.0000 
 10.0000 
 10.0000 
 10.0000 
 10.0000 
 10.0000 
 10.0000 
 10.0000 
 10.0000 
 10.0000 
 10.0000 
 10.0000 
 10.0000 
 10.0000 
 10.0000 
 10.0000 
 10.0000 
 10.0000 
 10.0000 
 10.0000 
 10.0000 
 10.0000 
 10.0000 
 10.0000 
 10.0000 
 10.0000 
 10.0000 
 10.0000 
 10.0000 
 10.0000 
 10.0000 
 10.0000 
 10.0000 
 10.0000 
 10.0000 
 10.0000 
 10.0000 
 10.0000 
 10.0000 
 10.0000 
 10.0000 
 10.0000 
 10.0000 
 10.0000 
 10.0000 
 10.0000 
 10.0000 
 10.0000 
 10.0000 
 10.0000 
 10.0000 
 10.0000 
 10.0000 
 10.0000 
 10.0000 
 10.0000 
 10.0000 
 10.0000 
